{"/Users/david/040/Sjobergska_RoD/src/App.test.tsx": {"path":"/Users/david/040/Sjobergska_RoD/src/App.test.tsx","statementMap":{"0":{"start":{"line":1,"column":0},"end":{"line":1,"column":26}},"1":{"start":{"line":2,"column":0},"end":{"line":2,"column":56}},"2":{"start":{"line":3,"column":0},"end":{"line":3,"column":24}},"3":{"start":{"line":5,"column":0},"end":{"line":9,"column":3}},"4":{"start":{"line":6,"column":2},"end":{"line":6,"column":18}},"5":{"start":{"line":7,"column":25},"end":{"line":7,"column":69}},"6":{"start":{"line":8,"column":2},"end":{"line":8,"column":45}}},"fnMap":{"0":{"name":"(anonymous_1)","decl":{"start":{"line":5,"column":52},"end":{"line":5,"column":null}},"loc":{"start":{"line":5,"column":52},"end":{"line":9,"column":1}}}},"branchMap":{},"s":{"0":0,"1":0,"2":0,"3":0,"4":0,"5":0,"6":0},"f":{"0":0},"b":{}}
,"/Users/david/040/Sjobergska_RoD/src/App.tsx": {"path":"/Users/david/040/Sjobergska_RoD/src/App.tsx","statementMap":{"0":{"start":{"line":1,"column":0},"end":{"line":1,"column":67}},"1":{"start":{"line":2,"column":0},"end":{"line":2,"column":74}},"2":{"start":{"line":3,"column":0},"end":{"line":3,"column":19}},"3":{"start":{"line":4,"column":0},"end":{"line":4,"column":71}},"4":{"start":{"line":5,"column":0},"end":{"line":5,"column":46}},"5":{"start":{"line":6,"column":0},"end":{"line":6,"column":56}},"6":{"start":{"line":7,"column":0},"end":{"line":7,"column":66}},"7":{"start":{"line":8,"column":0},"end":{"line":8,"column":76}},"8":{"start":{"line":9,"column":0},"end":{"line":9,"column":51}},"9":{"start":{"line":10,"column":0},"end":{"line":10,"column":42}},"10":{"start":{"line":13,"column":29},"end":{"line":13,"column":84}},"11":{"start":{"line":13,"column":40},"end":{"line":13,"column":83}},"12":{"start":{"line":14,"column":27},"end":{"line":14,"column":80}},"13":{"start":{"line":14,"column":38},"end":{"line":14,"column":79}},"14":{"start":{"line":15,"column":26},"end":{"line":15,"column":78}},"15":{"start":{"line":15,"column":37},"end":{"line":15,"column":77}},"16":{"start":{"line":18,"column":24},"end":{"line":18,"column":null}},"17":{"start":{"line":18,"column":30},"end":{"line":23,"column":2}},"18":{"start":{"line":26,"column":29},"end":{"line":47,"column":1}},"19":{"start":{"line":27,"column":24},"end":{"line":27,"column":35}},"20":{"start":{"line":28,"column":48},"end":{"line":28,"column":63}},"21":{"start":{"line":28,"column":24},"end":{"line":28,"column":26}},"22":{"start":{"line":28,"column":44},"end":{"line":28,"column":48}},"23":{"start":{"line":30,"column":2},"end":{"line":36,"column":9}},"24":{"start":{"line":31,"column":39},"end":{"line":33,"column":7}},"25":{"start":{"line":32,"column":6},"end":{"line":32,"column":36}},"26":{"start":{"line":35,"column":4},"end":{"line":35,"column":44}},"27":{"start":{"line":35,"column":17},"end":{"line":35,"column":44}},"28":{"start":{"line":38,"column":2},"end":{"line":46,"column":4}},"29":{"start":{"line":50,"column":2},"end":{"line":62,"column":4}},"30":{"start":{"line":65,"column":0},"end":{"line":65,"column":19}}},"fnMap":{"0":{"name":"(anonymous_9)","decl":{"start":{"line":13,"column":34},"end":{"line":13,"column":40}},"loc":{"start":{"line":13,"column":34},"end":{"line":13,"column":47}}},"1":{"name":"(anonymous_10)","decl":{"start":{"line":13,"column":40},"end":{"line":13,"column":47}},"loc":{"start":{"line":13,"column":40},"end":{"line":13,"column":83}}},"2":{"name":"(anonymous_11)","decl":{"start":{"line":14,"column":32},"end":{"line":14,"column":38}},"loc":{"start":{"line":14,"column":32},"end":{"line":14,"column":45}}},"3":{"name":"(anonymous_12)","decl":{"start":{"line":14,"column":38},"end":{"line":14,"column":45}},"loc":{"start":{"line":14,"column":38},"end":{"line":14,"column":79}}},"4":{"name":"(anonymous_13)","decl":{"start":{"line":15,"column":31},"end":{"line":15,"column":37}},"loc":{"start":{"line":15,"column":31},"end":{"line":15,"column":44}}},"5":{"name":"(anonymous_14)","decl":{"start":{"line":15,"column":37},"end":{"line":15,"column":44}},"loc":{"start":{"line":15,"column":37},"end":{"line":15,"column":77}}},"6":{"name":"(anonymous_15)","decl":{"start":{"line":18,"column":24},"end":{"line":18,"column":30}},"loc":{"start":{"line":18,"column":24},"end":{"line":18,"column":null}}},"7":{"name":"(anonymous_16)","decl":{"start":{"line":26,"column":29},"end":{"line":26,"column":null}},"loc":{"start":{"line":26,"column":29},"end":{"line":47,"column":1}}},"8":{"name":"(anonymous_17)","decl":{"start":{"line":30,"column":12},"end":{"line":30,"column":null}},"loc":{"start":{"line":30,"column":12},"end":{"line":36,"column":3}}},"9":{"name":"(anonymous_18)","decl":{"start":{"line":31,"column":71},"end":{"line":31,"column":72}},"loc":{"start":{"line":31,"column":86},"end":{"line":33,"column":5}}},"10":{"name":"(anonymous_19)","decl":{"start":{"line":35,"column":11},"end":{"line":35,"column":17}},"loc":{"start":{"line":35,"column":11},"end":{"line":35,"column":29}}},"11":{"name":"App","decl":{"start":{"line":49,"column":9},"end":{"line":49,"column":12}},"loc":{"start":{"line":49,"column":12},"end":{"line":63,"column":1}}}},"branchMap":{},"s":{"0":0,"1":0,"2":0,"3":0,"4":0,"5":0,"6":0,"7":0,"8":0,"9":0,"10":0,"11":0,"12":0,"13":0,"14":0,"15":0,"16":0,"17":0,"18":0,"19":0,"20":0,"21":0,"22":0,"23":0,"24":0,"25":0,"26":0,"27":0,"28":0,"29":0,"30":0},"f":{"0":0,"1":0,"2":0,"3":0,"4":0,"5":0,"6":0,"7":0,"8":0,"9":0,"10":0,"11":0},"b":{}}
,"/Users/david/040/Sjobergska_RoD/src/main.tsx": {"path":"/Users/david/040/Sjobergska_RoD/src/main.tsx","statementMap":{"0":{"start":{"line":1,"column":0},"end":{"line":1,"column":26}},"1":{"start":{"line":2,"column":0},"end":{"line":2,"column":40}},"2":{"start":{"line":3,"column":0},"end":{"line":3,"column":24}},"3":{"start":{"line":4,"column":0},"end":{"line":4,"column":21}},"4":{"start":{"line":5,"column":0},"end":{"line":5,"column":48}},"5":{"start":{"line":8,"column":0},"end":{"line":23,"column":null}},"6":{"start":{"line":10,"column":2},"end":{"line":22,"column":5}},"7":{"start":{"line":12,"column":26},"end":{"line":12,"column":38}},"8":{"start":{"line":13,"column":4},"end":{"line":21,"column":6}},"9":{"start":{"line":14,"column":6},"end":{"line":19,"column":null}},"10":{"start":{"line":18,"column":8},"end":{"line":18,"column":66}},"11":{"start":{"line":20,"column":6},"end":{"line":20,"column":54}},"12":{"start":{"line":25,"column":0},"end":{"line":29,"column":2}},"13":{"start":{"line":32,"column":0},"end":{"line":60,"column":3}},"14":{"start":{"line":34,"column":2},"end":{"line":34,"column":22}},"15":{"start":{"line":37,"column":27},"end":{"line":37,"column":73}},"16":{"start":{"line":38,"column":23},"end":{"line":38,"column":60}},"17":{"start":{"line":40,"column":2},"end":{"line":59,"column":null}},"18":{"start":{"line":42,"column":4},"end":{"line":58,"column":7}},"19":{"start":{"line":57,"column":6},"end":{"line":57,"column":57}}},"fnMap":{"0":{"name":"(anonymous_1)","decl":{"start":{"line":10,"column":34},"end":{"line":10,"column":null}},"loc":{"start":{"line":10,"column":34},"end":{"line":22,"column":3}}},"1":{"name":"(anonymous_2)","decl":{"start":{"line":13,"column":19},"end":{"line":13,"column":28}},"loc":{"start":{"line":13,"column":39},"end":{"line":21,"column":5}}},"2":{"name":"(anonymous_3)","decl":{"start":{"line":32,"column":16},"end":{"line":32,"column":17}},"loc":{"start":{"line":32,"column":23},"end":{"line":60,"column":1}}},"3":{"name":"(anonymous_4)","decl":{"start":{"line":55,"column":13},"end":{"line":55,"column":14}},"loc":{"start":{"line":55,"column":19},"end":{"line":58,"column":5}}}},"branchMap":{"0":{"loc":{"start":{"line":8,"column":0},"end":{"line":23,"column":null}},"type":"if","locations":[{"start":{"line":8,"column":0},"end":{"line":23,"column":null}}]},"1":{"loc":{"start":{"line":14,"column":6},"end":{"line":19,"column":null}},"type":"if","locations":[{"start":{"line":14,"column":6},"end":{"line":19,"column":null}}]},"2":{"loc":{"start":{"line":14,"column":10},"end":{"line":16,"column":null}},"type":"binary-expr","locations":[{"start":{"line":14,"column":10},"end":{"line":14,"column":35}},{"start":{"line":15,"column":8},"end":{"line":15,"column":42}},{"start":{"line":16,"column":8},"end":{"line":16,"column":34}}]},"3":{"loc":{"start":{"line":40,"column":2},"end":{"line":59,"column":null}},"type":"if","locations":[{"start":{"line":40,"column":2},"end":{"line":59,"column":null}}]},"4":{"loc":{"start":{"line":40,"column":6},"end":{"line":40,"column":38}},"type":"binary-expr","locations":[{"start":{"line":40,"column":6},"end":{"line":40,"column":18}},{"start":{"line":40,"column":22},"end":{"line":40,"column":38}}]}},"s":{"0":0,"1":0,"2":0,"3":0,"4":0,"5":0,"6":0,"7":0,"8":0,"9":0,"10":0,"11":0,"12":0,"13":0,"14":0,"15":0,"16":0,"17":0,"18":0,"19":0},"f":{"0":0,"1":0,"2":0,"3":0},"b":{"0":[0],"1":[0],"2":[0,0,0],"3":[0],"4":[0,0]}}
,"/Users/david/040/Sjobergska_RoD/src/components/CalendarWidget.test.tsx": {"path":"/Users/david/040/Sjobergska_RoD/src/components/CalendarWidget.test.tsx","statementMap":{"0":{"start":{"line":1,"column":0},"end":{"line":1,"column":26}},"1":{"start":{"line":2,"column":0},"end":{"line":2,"column":67}},"2":{"start":{"line":3,"column":0},"end":{"line":3,"column":46}},"3":{"start":{"line":5,"column":0},"end":{"line":43,"column":3}},"4":{"start":{"line":6,"column":27},"end":{"line":6,"column":36}},"5":{"start":{"line":8,"column":2},"end":{"line":10,"column":5}},"6":{"start":{"line":9,"column":4},"end":{"line":9,"column":25}},"7":{"start":{"line":12,"column":2},"end":{"line":15,"column":5}},"8":{"start":{"line":13,"column":4},"end":{"line":13,"column":89}},"9":{"start":{"line":14,"column":4},"end":{"line":14,"column":62}},"10":{"start":{"line":17,"column":2},"end":{"line":21,"column":5}},"11":{"start":{"line":18,"column":4},"end":{"line":18,"column":89}},"12":{"start":{"line":19,"column":24},"end":{"line":19,"column":46}},"13":{"start":{"line":20,"column":4},"end":{"line":20,"column":72}},"14":{"start":{"line":23,"column":2},"end":{"line":28,"column":5}},"15":{"start":{"line":24,"column":4},"end":{"line":24,"column":89}},"16":{"start":{"line":25,"column":23},"end":{"line":25,"column":64}},"17":{"start":{"line":26,"column":4},"end":{"line":26,"column":32}},"18":{"start":{"line":27,"column":4},"end":{"line":27,"column":66}},"19":{"start":{"line":30,"column":2},"end":{"line":35,"column":5}},"20":{"start":{"line":31,"column":4},"end":{"line":31,"column":89}},"21":{"start":{"line":32,"column":23},"end":{"line":32,"column":59}},"22":{"start":{"line":33,"column":4},"end":{"line":33,"column":32}},"23":{"start":{"line":34,"column":4},"end":{"line":34,"column":63}},"24":{"start":{"line":37,"column":2},"end":{"line":42,"column":5}},"25":{"start":{"line":38,"column":4},"end":{"line":38,"column":89}},"26":{"start":{"line":39,"column":22},"end":{"line":39,"column":44}},"27":{"start":{"line":40,"column":4},"end":{"line":40,"column":31}},"28":{"start":{"line":41,"column":4},"end":{"line":41,"column":70}}},"fnMap":{"0":{"name":"(anonymous_1)","decl":{"start":{"line":5,"column":27},"end":{"line":5,"column":null}},"loc":{"start":{"line":5,"column":27},"end":{"line":43,"column":1}}},"1":{"name":"(anonymous_2)","decl":{"start":{"line":8,"column":13},"end":{"line":8,"column":null}},"loc":{"start":{"line":8,"column":13},"end":{"line":10,"column":3}}},"2":{"name":"(anonymous_3)","decl":{"start":{"line":12,"column":38},"end":{"line":12,"column":null}},"loc":{"start":{"line":12,"column":38},"end":{"line":15,"column":3}}},"3":{"name":"(anonymous_4)","decl":{"start":{"line":17,"column":31},"end":{"line":17,"column":null}},"loc":{"start":{"line":17,"column":31},"end":{"line":21,"column":3}}},"4":{"name":"(anonymous_5)","decl":{"start":{"line":23,"column":68},"end":{"line":23,"column":null}},"loc":{"start":{"line":23,"column":68},"end":{"line":28,"column":3}}},"5":{"name":"(anonymous_6)","decl":{"start":{"line":30,"column":61},"end":{"line":30,"column":null}},"loc":{"start":{"line":30,"column":61},"end":{"line":35,"column":3}}},"6":{"name":"(anonymous_7)","decl":{"start":{"line":37,"column":52},"end":{"line":37,"column":null}},"loc":{"start":{"line":37,"column":52},"end":{"line":42,"column":3}}}},"branchMap":{},"s":{"0":0,"1":0,"2":0,"3":0,"4":0,"5":0,"6":0,"7":0,"8":0,"9":0,"10":0,"11":0,"12":0,"13":0,"14":0,"15":0,"16":0,"17":0,"18":0,"19":0,"20":0,"21":0,"22":0,"23":0,"24":0,"25":0,"26":0,"27":0,"28":0},"f":{"0":0,"1":0,"2":0,"3":0,"4":0,"5":0,"6":0},"b":{}}
,"/Users/david/040/Sjobergska_RoD/src/components/CalendarWidget.tsx": {"path":"/Users/david/040/Sjobergska_RoD/src/components/CalendarWidget.tsx","statementMap":{"0":{"start":{"line":1,"column":0},"end":{"line":1,"column":51}},"1":{"start":{"line":2,"column":0},"end":{"line":2,"column":112}},"2":{"start":{"line":3,"column":0},"end":{"line":3,"column":37}},"3":{"start":{"line":10,"column":54},"end":{"line":172,"column":1}},"4":{"start":{"line":10,"column":69},"end":{"line":10,"column":71}},"5":{"start":{"line":10,"column":83},"end":{"line":10,"column":85}},"6":{"start":{"line":11,"column":42},"end":{"line":11,"column":74}},"7":{"start":{"line":11,"column":21},"end":{"line":11,"column":23}},"8":{"start":{"line":11,"column":38},"end":{"line":11,"column":42}},"9":{"start":{"line":12,"column":26},"end":{"line":12,"column":48}},"10":{"start":{"line":14,"column":23},"end":{"line":16,"column":3}},"11":{"start":{"line":15,"column":4},"end":{"line":15,"column":45}},"12":{"start":{"line":18,"column":20},"end":{"line":20,"column":3}},"13":{"start":{"line":19,"column":4},"end":{"line":19,"column":48}},"14":{"start":{"line":22,"column":20},"end":{"line":24,"column":3}},"15":{"start":{"line":23,"column":4},"end":{"line":23,"column":48}},"16":{"start":{"line":26,"column":20},"end":{"line":30,"column":3}},"17":{"start":{"line":27,"column":18},"end":{"line":27,"column":28}},"18":{"start":{"line":28,"column":4},"end":{"line":28,"column":27}},"19":{"start":{"line":29,"column":4},"end":{"line":29,"column":24}},"20":{"start":{"line":32,"column":23},"end":{"line":74,"column":3}},"21":{"start":{"line":33,"column":4},"end":{"line":73,"column":6}},"22":{"start":{"line":76,"column":21},"end":{"line":87,"column":3}},"23":{"start":{"line":77,"column":21},"end":{"line":77,"column":70}},"24":{"start":{"line":78,"column":4},"end":{"line":86,"column":6}},"25":{"start":{"line":80,"column":31},"end":{"line":84,"column":10}},"26":{"start":{"line":89,"column":22},"end":{"line":163,"column":3}},"27":{"start":{"line":90,"column":23},"end":{"line":90,"column":49}},"28":{"start":{"line":91,"column":21},"end":{"line":91,"column":43}},"29":{"start":{"line":92,"column":22},"end":{"line":92,"column":32}},"30":{"start":{"line":93,"column":20},"end":{"line":93,"column":28}},"31":{"start":{"line":95,"column":23},"end":{"line":95,"column":26}},"32":{"start":{"line":96,"column":17},"end":{"line":96,"column":19}},"33":{"start":{"line":98,"column":15},"end":{"line":101,"column":6}},"34":{"start":{"line":103,"column":24},"end":{"line":107,"column":7}},"35":{"start":{"line":103,"column":42},"end":{"line":107,"column":7}},"36":{"start":{"line":110,"column":27},"end":{"line":110,"column":51}},"37":{"start":{"line":111,"column":4},"end":{"line":125,"column":null}},"38":{"start":{"line":112,"column":23},"end":{"line":115,"column":35}},"39":{"start":{"line":117,"column":6},"end":{"line":124,"column":8}},"40":{"start":{"line":118,"column":33},"end":{"line":122,"column":11}},"41":{"start":{"line":128,"column":27},"end":{"line":128,"column":49}},"42":{"start":{"line":129,"column":4},"end":{"line":143,"column":null}},"43":{"start":{"line":130,"column":23},"end":{"line":133,"column":36}},"44":{"start":{"line":135,"column":6},"end":{"line":142,"column":8}},"45":{"start":{"line":137,"column":33},"end":{"line":141,"column":11}},"46":{"start":{"line":145,"column":4},"end":{"line":162,"column":6}},"47":{"start":{"line":147,"column":43},"end":{"line":160,"column":10}},"48":{"start":{"line":150,"column":27},"end":{"line":150,"column":null}},"49":{"start":{"line":165,"column":2},"end":{"line":171,"column":4}},"50":{"start":{"line":174,"column":0},"end":{"line":174,"column":30}}},"fnMap":{"0":{"name":"(anonymous_9)","decl":{"start":{"line":10,"column":54},"end":{"line":10,"column":55}},"loc":{"start":{"line":10,"column":85},"end":{"line":172,"column":1}}},"1":{"name":"(anonymous_10)","decl":{"start":{"line":14,"column":23},"end":{"line":14,"column":24}},"loc":{"start":{"line":14,"column":34},"end":{"line":16,"column":3}}},"2":{"name":"(anonymous_11)","decl":{"start":{"line":18,"column":20},"end":{"line":18,"column":null}},"loc":{"start":{"line":18,"column":20},"end":{"line":20,"column":3}}},"3":{"name":"(anonymous_12)","decl":{"start":{"line":22,"column":20},"end":{"line":22,"column":null}},"loc":{"start":{"line":22,"column":20},"end":{"line":24,"column":3}}},"4":{"name":"(anonymous_13)","decl":{"start":{"line":26,"column":20},"end":{"line":26,"column":null}},"loc":{"start":{"line":26,"column":20},"end":{"line":30,"column":3}}},"5":{"name":"(anonymous_14)","decl":{"start":{"line":32,"column":23},"end":{"line":32,"column":null}},"loc":{"start":{"line":32,"column":23},"end":{"line":74,"column":3}}},"6":{"name":"(anonymous_15)","decl":{"start":{"line":76,"column":21},"end":{"line":76,"column":null}},"loc":{"start":{"line":76,"column":21},"end":{"line":87,"column":3}}},"7":{"name":"(anonymous_16)","decl":{"start":{"line":80,"column":22},"end":{"line":80,"column":23}},"loc":{"start":{"line":80,"column":26},"end":{"line":80,"column":null}}},"8":{"name":"(anonymous_17)","decl":{"start":{"line":89,"column":22},"end":{"line":89,"column":null}},"loc":{"start":{"line":89,"column":22},"end":{"line":163,"column":3}}},"9":{"name":"(anonymous_18)","decl":{"start":{"line":103,"column":33},"end":{"line":103,"column":34}},"loc":{"start":{"line":103,"column":37},"end":{"line":103,"column":43}}},"10":{"name":"(anonymous_19)","decl":{"start":{"line":118,"column":24},"end":{"line":118,"column":25}},"loc":{"start":{"line":118,"column":28},"end":{"line":118,"column":34}}},"11":{"name":"(anonymous_20)","decl":{"start":{"line":137,"column":24},"end":{"line":137,"column":25}},"loc":{"start":{"line":137,"column":28},"end":{"line":137,"column":34}}},"12":{"name":"(anonymous_21)","decl":{"start":{"line":147,"column":27},"end":{"line":147,"column":28}},"loc":{"start":{"line":147,"column":38},"end":{"line":147,"column":null}}},"13":{"name":"(anonymous_22)","decl":{"start":{"line":150,"column":21},"end":{"line":150,"column":27}},"loc":{"start":{"line":150,"column":21},"end":{"line":150,"column":39}}}},"branchMap":{"0":{"loc":{"start":{"line":110,"column":27},"end":{"line":110,"column":51}},"type":"binary-expr","locations":[{"start":{"line":110,"column":27},"end":{"line":110,"column":46}},{"start":{"line":110,"column":50},"end":{"line":110,"column":51}}]},"1":{"loc":{"start":{"line":111,"column":4},"end":{"line":125,"column":null}},"type":"if","locations":[{"start":{"line":111,"column":4},"end":{"line":125,"column":null}}]},"2":{"loc":{"start":{"line":128,"column":27},"end":{"line":128,"column":49}},"type":"binary-expr","locations":[{"start":{"line":128,"column":27},"end":{"line":128,"column":44}},{"start":{"line":128,"column":48},"end":{"line":128,"column":49}}]},"3":{"loc":{"start":{"line":129,"column":4},"end":{"line":143,"column":null}},"type":"if","locations":[{"start":{"line":129,"column":4},"end":{"line":143,"column":null}}]},"4":{"loc":{"start":{"line":153,"column":16},"end":{"line":153,"column":108}},"type":"cond-expr","locations":[{"start":{"line":153,"column":37},"end":{"line":153,"column":71}},{"start":{"line":153,"column":74},"end":{"line":153,"column":108}}]},"5":{"loc":{"start":{"line":154,"column":16},"end":{"line":154,"column":87}},"type":"cond-expr","locations":[{"start":{"line":154,"column":55},"end":{"line":154,"column":82}},{"start":{"line":154,"column":85},"end":{"line":154,"column":87}}]},"6":{"loc":{"start":{"line":155,"column":16},"end":{"line":155,"column":103}},"type":"cond-expr","locations":[{"start":{"line":155,"column":56},"end":{"line":155,"column":98}},{"start":{"line":155,"column":101},"end":{"line":155,"column":103}}]}},"s":{"0":0,"1":0,"2":0,"3":0,"4":0,"5":0,"6":0,"7":0,"8":0,"9":0,"10":0,"11":0,"12":0,"13":0,"14":0,"15":0,"16":0,"17":0,"18":0,"19":0,"20":0,"21":0,"22":0,"23":0,"24":0,"25":0,"26":0,"27":0,"28":0,"29":0,"30":0,"31":0,"32":0,"33":0,"34":0,"35":0,"36":0,"37":0,"38":0,"39":0,"40":0,"41":0,"42":0,"43":0,"44":0,"45":0,"46":0,"47":0,"48":0,"49":0,"50":0},"f":{"0":0,"1":0,"2":0,"3":0,"4":0,"5":0,"6":0,"7":0,"8":0,"9":0,"10":0,"11":0,"12":0,"13":0},"b":{"0":[0,0],"1":[0],"2":[0,0],"3":[0],"4":[0,0],"5":[0,0],"6":[0,0]}}
,"/Users/david/040/Sjobergska_RoD/src/components/ColorCodingLegend.test.tsx": {"path":"/Users/david/040/Sjobergska_RoD/src/components/ColorCodingLegend.test.tsx","statementMap":{"0":{"start":{"line":1,"column":0},"end":{"line":1,"column":26}},"1":{"start":{"line":2,"column":0},"end":{"line":2,"column":56}},"2":{"start":{"line":3,"column":0},"end":{"line":3,"column":52}},"3":{"start":{"line":5,"column":0},"end":{"line":34,"column":3}},"4":{"start":{"line":6,"column":2},"end":{"line":23,"column":5}},"5":{"start":{"line":7,"column":4},"end":{"line":7,"column":34}},"6":{"start":{"line":10,"column":4},"end":{"line":10,"column":57}},"7":{"start":{"line":11,"column":4},"end":{"line":11,"column":65}},"8":{"start":{"line":12,"column":4},"end":{"line":12,"column":61}},"9":{"start":{"line":13,"column":4},"end":{"line":13,"column":60}},"10":{"start":{"line":14,"column":4},"end":{"line":14,"column":64}},"11":{"start":{"line":17,"column":18},"end":{"line":17,"column":49}},"12":{"start":{"line":18,"column":4},"end":{"line":18,"column":70}},"13":{"start":{"line":19,"column":4},"end":{"line":19,"column":71}},"14":{"start":{"line":20,"column":4},"end":{"line":20,"column":72}},"15":{"start":{"line":21,"column":4},"end":{"line":21,"column":71}},"16":{"start":{"line":22,"column":4},"end":{"line":22,"column":69}},"17":{"start":{"line":25,"column":2},"end":{"line":28,"column":5}},"18":{"start":{"line":26,"column":4},"end":{"line":26,"column":34}},"19":{"start":{"line":27,"column":4},"end":{"line":27,"column":66}},"20":{"start":{"line":30,"column":2},"end":{"line":33,"column":5}},"21":{"start":{"line":31,"column":4},"end":{"line":31,"column":34}},"22":{"start":{"line":32,"column":4},"end":{"line":32,"column":66}}},"fnMap":{"0":{"name":"(anonymous_1)","decl":{"start":{"line":5,"column":30},"end":{"line":5,"column":null}},"loc":{"start":{"line":5,"column":30},"end":{"line":34,"column":1}}},"1":{"name":"(anonymous_2)","decl":{"start":{"line":6,"column":52},"end":{"line":6,"column":null}},"loc":{"start":{"line":6,"column":52},"end":{"line":23,"column":3}}},"2":{"name":"(anonymous_3)","decl":{"start":{"line":25,"column":30},"end":{"line":25,"column":null}},"loc":{"start":{"line":25,"column":30},"end":{"line":28,"column":3}}},"3":{"name":"(anonymous_4)","decl":{"start":{"line":30,"column":43},"end":{"line":30,"column":null}},"loc":{"start":{"line":30,"column":43},"end":{"line":33,"column":3}}}},"branchMap":{},"s":{"0":0,"1":0,"2":0,"3":0,"4":0,"5":0,"6":0,"7":0,"8":0,"9":0,"10":0,"11":0,"12":0,"13":0,"14":0,"15":0,"16":0,"17":0,"18":0,"19":0,"20":0,"21":0,"22":0},"f":{"0":0,"1":0,"2":0,"3":0},"b":{}}
,"/Users/david/040/Sjobergska_RoD/src/components/ColorCodingLegend.tsx": {"path":"/Users/david/040/Sjobergska_RoD/src/components/ColorCodingLegend.tsx","statementMap":{"0":{"start":{"line":1,"column":0},"end":{"line":1,"column":26}},"1":{"start":{"line":3,"column":36},"end":{"line":28,"column":1}},"2":{"start":{"line":5,"column":23},"end":{"line":11,"column":4}},"3":{"start":{"line":13,"column":2},"end":{"line":27,"column":4}},"4":{"start":{"line":19,"column":36},"end":{"line":24,"column":10}},"5":{"start":{"line":30,"column":0},"end":{"line":30,"column":33}}},"fnMap":{"0":{"name":"(anonymous_3)","decl":{"start":{"line":3,"column":36},"end":{"line":3,"column":null}},"loc":{"start":{"line":3,"column":36},"end":{"line":28,"column":1}}},"1":{"name":"(anonymous_4)","decl":{"start":{"line":19,"column":26},"end":{"line":19,"column":27}},"loc":{"start":{"line":19,"column":31},"end":{"line":19,"column":null}}}},"branchMap":{},"s":{"0":0,"1":0,"2":0,"3":0,"4":0,"5":0},"f":{"0":0,"1":0},"b":{}}
,"/Users/david/040/Sjobergska_RoD/src/components/ConferenceRoomBooking.test.tsx": {"path":"/Users/david/040/Sjobergska_RoD/src/components/ConferenceRoomBooking.test.tsx","statementMap":{"0":{"start":{"line":13,"column":0},"end":{"line":25,"column":4}},"1":{"start":{"line":13,"column":30},"end":{"line":25,"column":3}},"2":{"start":{"line":1,"column":0},"end":{"line":1,"column":26}},"3":{"start":{"line":2,"column":0},"end":{"line":2,"column":76}},"4":{"start":{"line":3,"column":0},"end":{"line":3,"column":40}},"5":{"start":{"line":4,"column":0},"end":{"line":4,"column":55}},"6":{"start":{"line":5,"column":0},"end":{"line":5,"column":60}},"7":{"start":{"line":6,"column":0},"end":{"line":6,"column":57}},"8":{"start":{"line":7,"column":0},"end":{"line":7,"column":57}},"9":{"start":{"line":8,"column":0},"end":{"line":8,"column":77}},"10":{"start":{"line":9,"column":0},"end":{"line":9,"column":51}},"11":{"start":{"line":27,"column":0},"end":{"line":153,"column":3}},"12":{"start":{"line":28,"column":20},"end":{"line":31,"column":4}},"13":{"start":{"line":33,"column":34},"end":{"line":33,"column":36}},"14":{"start":{"line":35,"column":26},"end":{"line":47,"column":3}},"15":{"start":{"line":36,"column":4},"end":{"line":46,"column":6}},"16":{"start":{"line":49,"column":2},"end":{"line":55,"column":5}},"17":{"start":{"line":50,"column":4},"end":{"line":50,"column":25}},"18":{"start":{"line":52,"column":5},"end":{"line":52,"column":64}},"19":{"start":{"line":53,"column":5},"end":{"line":53,"column":78}},"20":{"start":{"line":54,"column":5},"end":{"line":54,"column":73}},"21":{"start":{"line":57,"column":2},"end":{"line":60,"column":5}},"22":{"start":{"line":58,"column":4},"end":{"line":58,"column":22}},"23":{"start":{"line":59,"column":4},"end":{"line":59,"column":60}},"24":{"start":{"line":62,"column":2},"end":{"line":80,"column":5}},"25":{"start":{"line":62,"column":47},"end":{"line":80,"column":4}},"26":{"start":{"line":63,"column":4},"end":{"line":63,"column":22}},"27":{"start":{"line":66,"column":4},"end":{"line":68,"column":7}},"28":{"start":{"line":67,"column":6},"end":{"line":67,"column":49}},"29":{"start":{"line":71,"column":4},"end":{"line":73,"column":7}},"30":{"start":{"line":72,"column":6},"end":{"line":72,"column":68}},"31":{"start":{"line":76,"column":10},"end":{"line":76,"column":56}},"32":{"start":{"line":77,"column":4},"end":{"line":77,"column":41}},"33":{"start":{"line":78,"column":4},"end":{"line":78,"column":55}},"34":{"start":{"line":79,"column":4},"end":{"line":79,"column":55}},"35":{"start":{"line":82,"column":2},"end":{"line":96,"column":5}},"36":{"start":{"line":82,"column":59},"end":{"line":96,"column":4}},"37":{"start":{"line":84,"column":5},"end":{"line":84,"column":81}},"38":{"start":{"line":86,"column":4},"end":{"line":86,"column":22}},"39":{"start":{"line":89,"column":4},"end":{"line":91,"column":7}},"40":{"start":{"line":90,"column":6},"end":{"line":90,"column":49}},"41":{"start":{"line":94,"column":10},"end":{"line":94,"column":68}},"42":{"start":{"line":95,"column":4},"end":{"line":95,"column":45}},"43":{"start":{"line":98,"column":2},"end":{"line":117,"column":5}},"44":{"start":{"line":98,"column":61},"end":{"line":117,"column":4}},"45":{"start":{"line":99,"column":4},"end":{"line":99,"column":22}},"46":{"start":{"line":102,"column":4},"end":{"line":104,"column":7}},"47":{"start":{"line":103,"column":6},"end":{"line":103,"column":49}},"48":{"start":{"line":107,"column":4},"end":{"line":109,"column":7}},"49":{"start":{"line":108,"column":6},"end":{"line":108,"column":68}},"50":{"start":{"line":112,"column":10},"end":{"line":112,"column":56}},"51":{"start":{"line":113,"column":4},"end":{"line":113,"column":30}},"52":{"start":{"line":116,"column":4},"end":{"line":116,"column":64}},"53":{"start":{"line":119,"column":2},"end":{"line":152,"column":5}},"54":{"start":{"line":119,"column":59},"end":{"line":152,"column":4}},"55":{"start":{"line":121,"column":10},"end":{"line":129,"column":7}},"56":{"start":{"line":131,"column":5},"end":{"line":131,"column":87}},"57":{"start":{"line":132,"column":5},"end":{"line":132,"column":82}},"58":{"start":{"line":134,"column":4},"end":{"line":134,"column":22}},"59":{"start":{"line":137,"column":4},"end":{"line":139,"column":7}},"60":{"start":{"line":138,"column":6},"end":{"line":138,"column":49}},"61":{"start":{"line":142,"column":4},"end":{"line":144,"column":7}},"62":{"start":{"line":143,"column":6},"end":{"line":143,"column":68}},"63":{"start":{"line":147,"column":10},"end":{"line":147,"column":69}},"64":{"start":{"line":148,"column":4},"end":{"line":148,"column":34}},"65":{"start":{"line":151,"column":4},"end":{"line":151,"column":79}}},"fnMap":{"0":{"name":"(anonymous_16)","decl":{"start":{"line":13,"column":24},"end":{"line":13,"column":30}},"loc":{"start":{"line":13,"column":24},"end":{"line":13,"column":31}}},"1":{"name":"(anonymous_17)","decl":{"start":{"line":27,"column":34},"end":{"line":27,"column":null}},"loc":{"start":{"line":27,"column":34},"end":{"line":153,"column":1}}},"2":{"name":"(anonymous_18)","decl":{"start":{"line":35,"column":26},"end":{"line":35,"column":null}},"loc":{"start":{"line":35,"column":26},"end":{"line":47,"column":3}}},"3":{"name":"(anonymous_19)","decl":{"start":{"line":49,"column":13},"end":{"line":49,"column":null}},"loc":{"start":{"line":49,"column":13},"end":{"line":55,"column":3}}},"4":{"name":"(anonymous_20)","decl":{"start":{"line":57,"column":54},"end":{"line":57,"column":null}},"loc":{"start":{"line":57,"column":54},"end":{"line":60,"column":3}}},"5":{"name":"(anonymous_21)","decl":{"start":{"line":62,"column":47},"end":{"line":62,"column":null}},"loc":{"start":{"line":62,"column":47},"end":{"line":80,"column":4}}},"6":{"name":"(anonymous_24)","decl":{"start":{"line":66,"column":18},"end":{"line":66,"column":null}},"loc":{"start":{"line":66,"column":18},"end":{"line":68,"column":5}}},"7":{"name":"(anonymous_25)","decl":{"start":{"line":71,"column":18},"end":{"line":71,"column":null}},"loc":{"start":{"line":71,"column":18},"end":{"line":73,"column":5}}},"8":{"name":"(anonymous_26)","decl":{"start":{"line":82,"column":59},"end":{"line":82,"column":null}},"loc":{"start":{"line":82,"column":59},"end":{"line":96,"column":4}}},"9":{"name":"(anonymous_29)","decl":{"start":{"line":89,"column":18},"end":{"line":89,"column":null}},"loc":{"start":{"line":89,"column":18},"end":{"line":91,"column":5}}},"10":{"name":"(anonymous_30)","decl":{"start":{"line":98,"column":61},"end":{"line":98,"column":null}},"loc":{"start":{"line":98,"column":61},"end":{"line":117,"column":4}}},"11":{"name":"(anonymous_33)","decl":{"start":{"line":102,"column":18},"end":{"line":102,"column":null}},"loc":{"start":{"line":102,"column":18},"end":{"line":104,"column":5}}},"12":{"name":"(anonymous_34)","decl":{"start":{"line":107,"column":18},"end":{"line":107,"column":null}},"loc":{"start":{"line":107,"column":18},"end":{"line":109,"column":5}}},"13":{"name":"(anonymous_35)","decl":{"start":{"line":119,"column":59},"end":{"line":119,"column":null}},"loc":{"start":{"line":119,"column":59},"end":{"line":152,"column":4}}},"14":{"name":"(anonymous_38)","decl":{"start":{"line":137,"column":18},"end":{"line":137,"column":null}},"loc":{"start":{"line":137,"column":18},"end":{"line":139,"column":5}}},"15":{"name":"(anonymous_39)","decl":{"start":{"line":142,"column":18},"end":{"line":142,"column":null}},"loc":{"start":{"line":142,"column":18},"end":{"line":144,"column":5}}}},"branchMap":{},"s":{"0":0,"1":0,"2":0,"3":0,"4":0,"5":0,"6":0,"7":0,"8":0,"9":0,"10":0,"11":0,"12":0,"13":0,"14":0,"15":0,"16":0,"17":0,"18":0,"19":0,"20":0,"21":0,"22":0,"23":0,"24":0,"25":0,"26":0,"27":0,"28":0,"29":0,"30":0,"31":0,"32":0,"33":0,"34":0,"35":0,"36":0,"37":0,"38":0,"39":0,"40":0,"41":0,"42":0,"43":0,"44":0,"45":0,"46":0,"47":0,"48":0,"49":0,"50":0,"51":0,"52":0,"53":0,"54":0,"55":0,"56":0,"57":0,"58":0,"59":0,"60":0,"61":0,"62":0,"63":0,"64":0,"65":0},"f":{"0":0,"1":0,"2":0,"3":0,"4":0,"5":0,"6":0,"7":0,"8":0,"9":0,"10":0,"11":0,"12":0,"13":0,"14":0,"15":0},"b":{}}
,"/Users/david/040/Sjobergska_RoD/src/components/ConferenceRoomBooking.tsx": {"path":"/Users/david/040/Sjobergska_RoD/src/components/ConferenceRoomBooking.tsx","statementMap":{"0":{"start":{"line":1,"column":0},"end":{"line":1,"column":72}},"1":{"start":{"line":2,"column":0},"end":{"line":2,"column":40}},"2":{"start":{"line":3,"column":0},"end":{"line":3,"column":55}},"3":{"start":{"line":4,"column":0},"end":{"line":4,"column":51}},"4":{"start":{"line":6,"column":0},"end":{"line":6,"column":52}},"5":{"start":{"line":9,"column":0},"end":{"line":9,"column":52}},"6":{"start":{"line":13,"column":0},"end":{"line":13,"column":50}},"7":{"start":{"line":15,"column":0},"end":{"line":15,"column":58}},"8":{"start":{"line":16,"column":0},"end":{"line":16,"column":62}},"9":{"start":{"line":17,"column":0},"end":{"line":17,"column":54}},"10":{"start":{"line":22,"column":0},"end":{"line":22,"column":40}},"11":{"start":{"line":38,"column":26},"end":{"line":44,"column":2}},"12":{"start":{"line":47,"column":28},"end":{"line":52,"column":1}},"13":{"start":{"line":48,"column":2},"end":{"line":50,"column":null}},"14":{"start":{"line":49,"column":4},"end":{"line":49,"column":25}},"15":{"start":{"line":51,"column":2},"end":{"line":51,"column":40}},"16":{"start":{"line":54,"column":40},"end":{"line":1376,"column":1}},"17":{"start":{"line":56,"column":24},"end":{"line":56,"column":35}},"18":{"start":{"line":59,"column":28},"end":{"line":59,"column":48}},"19":{"start":{"line":59,"column":14},"end":{"line":59,"column":16}},"20":{"start":{"line":59,"column":24},"end":{"line":59,"column":28}},"21":{"start":{"line":60,"column":34},"end":{"line":60,"column":57}},"22":{"start":{"line":60,"column":17},"end":{"line":60,"column":19}},"23":{"start":{"line":60,"column":30},"end":{"line":60,"column":34}},"24":{"start":{"line":61,"column":32},"end":{"line":61,"column":55}},"25":{"start":{"line":61,"column":16},"end":{"line":61,"column":18}},"26":{"start":{"line":61,"column":28},"end":{"line":61,"column":32}},"27":{"start":{"line":62,"column":28},"end":{"line":62,"column":57}},"28":{"start":{"line":62,"column":14},"end":{"line":62,"column":16}},"29":{"start":{"line":62,"column":24},"end":{"line":62,"column":28}},"30":{"start":{"line":65,"column":42},"end":{"line":65,"column":62}},"31":{"start":{"line":65,"column":21},"end":{"line":65,"column":23}},"32":{"start":{"line":65,"column":38},"end":{"line":65,"column":42}},"33":{"start":{"line":66,"column":40},"end":{"line":66,"column":60}},"34":{"start":{"line":66,"column":20},"end":{"line":66,"column":22}},"35":{"start":{"line":66,"column":36},"end":{"line":66,"column":40}},"36":{"start":{"line":67,"column":36},"end":{"line":67,"column":56}},"37":{"start":{"line":67,"column":18},"end":{"line":67,"column":20}},"38":{"start":{"line":67,"column":32},"end":{"line":67,"column":36}},"39":{"start":{"line":68,"column":32},"end":{"line":68,"column":52}},"40":{"start":{"line":68,"column":16},"end":{"line":68,"column":18}},"41":{"start":{"line":68,"column":28},"end":{"line":68,"column":32}},"42":{"start":{"line":69,"column":30},"end":{"line":69,"column":50}},"43":{"start":{"line":69,"column":15},"end":{"line":69,"column":17}},"44":{"start":{"line":69,"column":26},"end":{"line":69,"column":30}},"45":{"start":{"line":70,"column":32},"end":{"line":70,"column":52}},"46":{"start":{"line":70,"column":16},"end":{"line":70,"column":18}},"47":{"start":{"line":70,"column":28},"end":{"line":70,"column":32}},"48":{"start":{"line":72,"column":40},"end":{"line":73,"column":null}},"49":{"start":{"line":72,"column":20},"end":{"line":72,"column":22}},"50":{"start":{"line":72,"column":36},"end":{"line":72,"column":40}},"51":{"start":{"line":75,"column":42},"end":{"line":75,"column":70}},"52":{"start":{"line":75,"column":21},"end":{"line":75,"column":23}},"53":{"start":{"line":75,"column":38},"end":{"line":75,"column":42}},"54":{"start":{"line":76,"column":42},"end":{"line":76,"column":98}},"55":{"start":{"line":76,"column":21},"end":{"line":76,"column":23}},"56":{"start":{"line":76,"column":38},"end":{"line":76,"column":42}},"57":{"start":{"line":77,"column":42},"end":{"line":77,"column":62}},"58":{"start":{"line":77,"column":21},"end":{"line":77,"column":23}},"59":{"start":{"line":77,"column":38},"end":{"line":77,"column":42}},"60":{"start":{"line":78,"column":36},"end":{"line":78,"column":82}},"61":{"start":{"line":78,"column":18},"end":{"line":78,"column":20}},"62":{"start":{"line":78,"column":32},"end":{"line":78,"column":36}},"63":{"start":{"line":79,"column":50},"end":{"line":79,"column":79}},"64":{"start":{"line":79,"column":25},"end":{"line":79,"column":27}},"65":{"start":{"line":79,"column":46},"end":{"line":79,"column":50}},"66":{"start":{"line":82,"column":62},"end":{"line":82,"column":86}},"67":{"start":{"line":82,"column":31},"end":{"line":82,"column":33}},"68":{"start":{"line":82,"column":58},"end":{"line":82,"column":62}},"69":{"start":{"line":83,"column":48},"end":{"line":83,"column":78}},"70":{"start":{"line":83,"column":24},"end":{"line":83,"column":26}},"71":{"start":{"line":83,"column":44},"end":{"line":83,"column":48}},"72":{"start":{"line":86,"column":34},"end":{"line":86,"column":76}},"73":{"start":{"line":86,"column":17},"end":{"line":86,"column":19}},"74":{"start":{"line":86,"column":30},"end":{"line":86,"column":34}},"75":{"start":{"line":89,"column":50},"end":{"line":89,"column":73}},"76":{"start":{"line":89,"column":25},"end":{"line":89,"column":27}},"77":{"start":{"line":89,"column":46},"end":{"line":89,"column":50}},"78":{"start":{"line":90,"column":44},"end":{"line":96,"column":4}},"79":{"start":{"line":90,"column":22},"end":{"line":90,"column":24}},"80":{"start":{"line":90,"column":40},"end":{"line":90,"column":44}},"81":{"start":{"line":99,"column":52},"end":{"line":99,"column":76}},"82":{"start":{"line":99,"column":26},"end":{"line":99,"column":28}},"83":{"start":{"line":99,"column":48},"end":{"line":99,"column":52}},"84":{"start":{"line":100,"column":58},"end":{"line":100,"column":77}},"85":{"start":{"line":100,"column":29},"end":{"line":100,"column":31}},"86":{"start":{"line":100,"column":54},"end":{"line":100,"column":58}},"87":{"start":{"line":103,"column":34},"end":{"line":112,"column":4}},"88":{"start":{"line":103,"column":17},"end":{"line":103,"column":19}},"89":{"start":{"line":103,"column":30},"end":{"line":103,"column":34}},"90":{"start":{"line":115,"column":18},"end":{"line":115,"column":46}},"91":{"start":{"line":116,"column":44},"end":{"line":116,"column":97}},"92":{"start":{"line":116,"column":22},"end":{"line":116,"column":24}},"93":{"start":{"line":116,"column":40},"end":{"line":116,"column":44}},"94":{"start":{"line":119,"column":2},"end":{"line":126,"column":9}},"95":{"start":{"line":120,"column":25},"end":{"line":122,"column":5}},"96":{"start":{"line":121,"column":6},"end":{"line":121,"column":43}},"97":{"start":{"line":124,"column":4},"end":{"line":124,"column":52}},"98":{"start":{"line":125,"column":4},"end":{"line":125,"column":68}},"99":{"start":{"line":125,"column":17},"end":{"line":125,"column":68}},"100":{"start":{"line":129,"column":2},"end":{"line":151,"column":18}},"101":{"start":{"line":132,"column":8},"end":{"line":132,"column":25}},"102":{"start":{"line":135,"column":26},"end":{"line":135,"column":null}},"103":{"start":{"line":135,"column":14},"end":{"line":135,"column":null}},"104":{"start":{"line":136,"column":8},"end":{"line":136,"column":28}},"105":{"start":{"line":139,"column":8},"end":{"line":139,"column":32}},"106":{"start":{"line":141,"column":8},"end":{"line":141,"column":26}},"107":{"start":{"line":143,"column":8},"end":{"line":143,"column":56}},"108":{"start":{"line":144,"column":8},"end":{"line":144,"column":76}},"109":{"start":{"line":145,"column":8},"end":{"line":145,"column":65}},"110":{"start":{"line":146,"column":8},"end":{"line":146,"column":26}},"111":{"start":{"line":150,"column":4},"end":{"line":150,"column":15}},"112":{"start":{"line":154,"column":2},"end":{"line":174,"column":21}},"113":{"start":{"line":157,"column":8},"end":{"line":157,"column":34}},"114":{"start":{"line":157,"column":27},"end":{"line":157,"column":34}},"115":{"start":{"line":159,"column":29},"end":{"line":159,"column":null}},"116":{"start":{"line":159,"column":14},"end":{"line":159,"column":null}},"117":{"start":{"line":160,"column":14},"end":{"line":160,"column":66}},"118":{"start":{"line":162,"column":8},"end":{"line":166,"column":11}},"119":{"start":{"line":164,"column":37},"end":{"line":164,"column":86}},"120":{"start":{"line":164,"column":62},"end":{"line":164,"column":86}},"121":{"start":{"line":165,"column":10},"end":{"line":165,"column":60}},"122":{"start":{"line":168,"column":8},"end":{"line":168,"column":87}},"123":{"start":{"line":169,"column":8},"end":{"line":169,"column":70}},"124":{"start":{"line":173,"column":4},"end":{"line":173,"column":26}},"125":{"start":{"line":177,"column":2},"end":{"line":208,"column":18}},"126":{"start":{"line":180,"column":14},"end":{"line":180,"column":44}},"127":{"start":{"line":181,"column":8},"end":{"line":181,"column":47}},"128":{"start":{"line":183,"column":29},"end":{"line":186,"column":null}},"129":{"start":{"line":183,"column":14},"end":{"line":186,"column":null}},"130":{"start":{"line":188,"column":14},"end":{"line":188,"column":66}},"131":{"start":{"line":190,"column":8},"end":{"line":200,"column":11}},"132":{"start":{"line":192,"column":32},"end":{"line":197,"column":12}},"133":{"start":{"line":193,"column":32},"end":{"line":193,"column":48}},"134":{"start":{"line":194,"column":30},"end":{"line":194,"column":49}},"135":{"start":{"line":195,"column":32},"end":{"line":195,"column":49}},"136":{"start":{"line":196,"column":12},"end":{"line":196,"column":72}},"137":{"start":{"line":199,"column":10},"end":{"line":199,"column":55}},"138":{"start":{"line":202,"column":8},"end":{"line":202,"column":90}},"139":{"start":{"line":203,"column":8},"end":{"line":203,"column":59}},"140":{"start":{"line":207,"column":4},"end":{"line":207,"column":26}},"141":{"start":{"line":211,"column":2},"end":{"line":214,"column":9}},"142":{"start":{"line":212,"column":18},"end":{"line":212,"column":56}},"143":{"start":{"line":213,"column":4},"end":{"line":213,"column":26}},"144":{"start":{"line":217,"column":20},"end":{"line":217,"column":63}},"145":{"start":{"line":217,"column":57},"end":{"line":217,"column":63}},"146":{"start":{"line":220,"column":19},"end":{"line":220,"column":41}},"147":{"start":{"line":223,"column":26},"end":{"line":229,"column":3}},"148":{"start":{"line":224,"column":4},"end":{"line":224,"column":16}},"149":{"start":{"line":225,"column":4},"end":{"line":225,"column":33}},"150":{"start":{"line":226,"column":4},"end":{"line":226,"column":27}},"151":{"start":{"line":227,"column":18},"end":{"line":227,"column":56}},"152":{"start":{"line":228,"column":4},"end":{"line":228,"column":26}},"153":{"start":{"line":232,"column":28},"end":{"line":255,"column":3}},"154":{"start":{"line":233,"column":20},"end":{"line":233,"column":51}},"155":{"start":{"line":233,"column":39},"end":{"line":233,"column":51}},"156":{"start":{"line":234,"column":4},"end":{"line":254,"column":null}},"157":{"start":{"line":235,"column":6},"end":{"line":235,"column":49}},"158":{"start":{"line":236,"column":6},"end":{"line":236,"column":35}},"159":{"start":{"line":237,"column":6},"end":{"line":237,"column":38}},"160":{"start":{"line":238,"column":6},"end":{"line":238,"column":34}},"161":{"start":{"line":239,"column":6},"end":{"line":239,"column":32}},"162":{"start":{"line":240,"column":6},"end":{"line":240,"column":40}},"163":{"start":{"line":241,"column":6},"end":{"line":241,"column":38}},"164":{"start":{"line":242,"column":6},"end":{"line":251,"column":9}},"165":{"start":{"line":252,"column":6},"end":{"line":252,"column":35}},"166":{"start":{"line":253,"column":6},"end":{"line":253,"column":29}},"167":{"start":{"line":258,"column":26},"end":{"line":265,"column":3}},"168":{"start":{"line":259,"column":4},"end":{"line":259,"column":39}},"169":{"start":{"line":260,"column":4},"end":{"line":260,"column":53}},"170":{"start":{"line":261,"column":4},"end":{"line":261,"column":59}},"171":{"start":{"line":262,"column":4},"end":{"line":262,"column":63}},"172":{"start":{"line":263,"column":4},"end":{"line":263,"column":33}},"173":{"start":{"line":264,"column":4},"end":{"line":264,"column":27}},"174":{"start":{"line":268,"column":31},"end":{"line":284,"column":3}},"175":{"start":{"line":270,"column":17},"end":{"line":270,"column":48}},"176":{"start":{"line":271,"column":22},"end":{"line":271,"column":67}},"177":{"start":{"line":272,"column":20},"end":{"line":272,"column":63}},"178":{"start":{"line":275,"column":4},"end":{"line":275,"column":39}},"179":{"start":{"line":276,"column":4},"end":{"line":276,"column":25}},"180":{"start":{"line":277,"column":4},"end":{"line":277,"column":28}},"181":{"start":{"line":278,"column":4},"end":{"line":278,"column":24}},"182":{"start":{"line":279,"column":4},"end":{"line":279,"column":33}},"183":{"start":{"line":280,"column":4},"end":{"line":280,"column":27}},"184":{"start":{"line":283,"column":4},"end":{"line":283,"column":68}},"185":{"start":{"line":287,"column":31},"end":{"line":304,"column":3}},"186":{"start":{"line":288,"column":4},"end":{"line":303,"column":7}},"187":{"start":{"line":290,"column":19},"end":{"line":290,"column":60}},"188":{"start":{"line":290,"column":35},"end":{"line":290,"column":60}},"189":{"start":{"line":292,"column":6},"end":{"line":302,"column":8}},"190":{"start":{"line":307,"column":30},"end":{"line":317,"column":3}},"191":{"start":{"line":308,"column":4},"end":{"line":316,"column":6}},"192":{"start":{"line":320,"column":26},"end":{"line":328,"column":4}},"193":{"start":{"line":322,"column":27},"end":{"line":322,"column":null}},"194":{"start":{"line":322,"column":12},"end":{"line":322,"column":null}},"195":{"start":{"line":323,"column":6},"end":{"line":323,"column":54}},"196":{"start":{"line":325,"column":6},"end":{"line":325,"column":64}},"197":{"start":{"line":326,"column":6},"end":{"line":326,"column":51}},"198":{"start":{"line":332,"column":14},"end":{"line":332,"column":28}},"199":{"start":{"line":333,"column":16},"end":{"line":333,"column":26}},"200":{"start":{"line":334,"column":17},"end":{"line":334,"column":57}},"201":{"start":{"line":335,"column":19},"end":{"line":335,"column":44}},"202":{"start":{"line":336,"column":4},"end":{"line":336,"column":46}},"203":{"start":{"line":341,"column":4},"end":{"line":341,"column":25}},"204":{"start":{"line":341,"column":15},"end":{"line":341,"column":25}},"205":{"start":{"line":343,"column":29},"end":{"line":343,"column":44}},"206":{"start":{"line":343,"column":16},"end":{"line":343,"column":18}},"207":{"start":{"line":343,"column":25},"end":{"line":343,"column":29}},"208":{"start":{"line":346,"column":4},"end":{"line":346,"column":43}},"209":{"start":{"line":351,"column":25},"end":{"line":351,"column":27}},"210":{"start":{"line":352,"column":23},"end":{"line":352,"column":42}},"211":{"start":{"line":354,"column":4},"end":{"line":357,"column":null}},"212":{"start":{"line":354,"column":17},"end":{"line":354,"column":18}},"213":{"start":{"line":355,"column":6},"end":{"line":355,"column":38}},"214":{"start":{"line":356,"column":6},"end":{"line":356,"column":51}},"215":{"start":{"line":359,"column":4},"end":{"line":359,"column":16}},"216":{"start":{"line":364,"column":48},"end":{"line":364,"column":100}},"217":{"start":{"line":365,"column":4},"end":{"line":365,"column":53}},"218":{"start":{"line":370,"column":20},"end":{"line":370,"column":52}},"219":{"start":{"line":371,"column":4},"end":{"line":378,"column":7}},"220":{"start":{"line":372,"column":6},"end":{"line":372,"column":78}},"221":{"start":{"line":372,"column":65},"end":{"line":372,"column":78}},"222":{"start":{"line":374,"column":24},"end":{"line":374,"column":65}},"223":{"start":{"line":375,"column":22},"end":{"line":375,"column":61}},"224":{"start":{"line":377,"column":6},"end":{"line":377,"column":49}},"225":{"start":{"line":383,"column":20},"end":{"line":383,"column":52}},"226":{"start":{"line":384,"column":4},"end":{"line":391,"column":15}},"227":{"start":{"line":385,"column":6},"end":{"line":385,"column":78}},"228":{"start":{"line":385,"column":65},"end":{"line":385,"column":78}},"229":{"start":{"line":387,"column":24},"end":{"line":387,"column":65}},"230":{"start":{"line":388,"column":22},"end":{"line":388,"column":61}},"231":{"start":{"line":390,"column":6},"end":{"line":390,"column":49}},"232":{"start":{"line":396,"column":21},"end":{"line":396,"column":40}},"233":{"start":{"line":397,"column":4},"end":{"line":397,"column":45}},"234":{"start":{"line":398,"column":4},"end":{"line":398,"column":55}},"235":{"start":{"line":403,"column":21},"end":{"line":403,"column":40}},"236":{"start":{"line":404,"column":4},"end":{"line":404,"column":45}},"237":{"start":{"line":405,"column":4},"end":{"line":405,"column":55}},"238":{"start":{"line":410,"column":4},"end":{"line":410,"column":47}},"239":{"start":{"line":414,"column":30},"end":{"line":515,"column":4}},"240":{"start":{"line":414,"column":55},"end":{"line":515,"column":4}},"241":{"start":{"line":415,"column":4},"end":{"line":415,"column":23}},"242":{"start":{"line":418,"column":4},"end":{"line":421,"column":null}},"243":{"start":{"line":419,"column":6},"end":{"line":419,"column":65}},"244":{"start":{"line":420,"column":6},"end":{"line":420,"column":13}},"245":{"start":{"line":424,"column":4},"end":{"line":427,"column":null}},"246":{"start":{"line":425,"column":6},"end":{"line":425,"column":63}},"247":{"start":{"line":426,"column":6},"end":{"line":426,"column":13}},"248":{"start":{"line":430,"column":12},"end":{"line":430,"column":44}},"249":{"start":{"line":433,"column":25},"end":{"line":439,"column":null}},"250":{"start":{"line":433,"column":12},"end":{"line":439,"column":null}},"251":{"start":{"line":441,"column":6},"end":{"line":444,"column":null}},"252":{"start":{"line":442,"column":8},"end":{"line":442,"column":68}},"253":{"start":{"line":443,"column":8},"end":{"line":443,"column":15}},"254":{"start":{"line":447,"column":12},"end":{"line":447,"column":69}},"255":{"start":{"line":447,"column":49},"end":{"line":447,"column":68}},"256":{"start":{"line":449,"column":6},"end":{"line":452,"column":null}},"257":{"start":{"line":450,"column":8},"end":{"line":450,"column":50}},"258":{"start":{"line":451,"column":8},"end":{"line":451,"column":15}},"259":{"start":{"line":455,"column":12},"end":{"line":462,"column":8}},"260":{"start":{"line":466,"column":10},"end":{"line":466,"column":26}},"261":{"start":{"line":468,"column":25},"end":{"line":468,"column":81}},"262":{"start":{"line":468,"column":8},"end":{"line":468,"column":81}},"263":{"start":{"line":471,"column":8},"end":{"line":487,"column":10}},"264":{"start":{"line":472,"column":10},"end":{"line":486,"column":null}},"265":{"start":{"line":473,"column":12},"end":{"line":485,"column":null}},"266":{"start":{"line":490,"column":25},"end":{"line":490,"column":63}},"267":{"start":{"line":490,"column":8},"end":{"line":490,"column":63}},"268":{"start":{"line":493,"column":14},"end":{"line":503,"column":10}},"269":{"start":{"line":505,"column":8},"end":{"line":505,"column":67}},"270":{"start":{"line":505,"column":36},"end":{"line":505,"column":65}},"271":{"start":{"line":509,"column":6},"end":{"line":509,"column":18}},"272":{"start":{"line":510,"column":6},"end":{"line":510,"column":38}},"273":{"start":{"line":512,"column":6},"end":{"line":512,"column":45}},"274":{"start":{"line":513,"column":6},"end":{"line":513,"column":76}},"275":{"start":{"line":518,"column":20},"end":{"line":526,"column":3}},"276":{"start":{"line":519,"column":4},"end":{"line":519,"column":24}},"277":{"start":{"line":520,"column":4},"end":{"line":520,"column":21}},"278":{"start":{"line":521,"column":4},"end":{"line":521,"column":19}},"279":{"start":{"line":522,"column":4},"end":{"line":522,"column":19}},"280":{"start":{"line":523,"column":4},"end":{"line":523,"column":18}},"281":{"start":{"line":524,"column":4},"end":{"line":524,"column":24}},"282":{"start":{"line":525,"column":4},"end":{"line":525,"column":30}},"283":{"start":{"line":529,"column":30},"end":{"line":554,"column":4}},"284":{"start":{"line":529,"column":47},"end":{"line":554,"column":4}},"285":{"start":{"line":531,"column":6},"end":{"line":531,"column":35}},"286":{"start":{"line":534,"column":10},"end":{"line":534,"column":22}},"287":{"start":{"line":535,"column":29},"end":{"line":535,"column":null}},"288":{"start":{"line":535,"column":14},"end":{"line":535,"column":null}},"289":{"start":{"line":536,"column":14},"end":{"line":536,"column":66}},"290":{"start":{"line":537,"column":8},"end":{"line":540,"column":11}},"291":{"start":{"line":538,"column":37},"end":{"line":538,"column":86}},"292":{"start":{"line":538,"column":62},"end":{"line":538,"column":86}},"293":{"start":{"line":539,"column":10},"end":{"line":539,"column":60}},"294":{"start":{"line":543,"column":6},"end":{"line":543,"column":39}},"295":{"start":{"line":544,"column":6},"end":{"line":544,"column":31}},"296":{"start":{"line":547,"column":6},"end":{"line":549,"column":null}},"297":{"start":{"line":548,"column":8},"end":{"line":548,"column":40}},"298":{"start":{"line":551,"column":6},"end":{"line":551,"column":73}},"299":{"start":{"line":552,"column":6},"end":{"line":552,"column":68}},"300":{"start":{"line":557,"column":31},"end":{"line":560,"column":3}},"301":{"start":{"line":558,"column":4},"end":{"line":558,"column":32}},"302":{"start":{"line":559,"column":4},"end":{"line":559,"column":36}},"303":{"start":{"line":563,"column":31},"end":{"line":563,"column":88}},"304":{"start":{"line":563,"column":58},"end":{"line":563,"column":88}},"305":{"start":{"line":566,"column":25},"end":{"line":569,"column":5}},"306":{"start":{"line":566,"column":43},"end":{"line":569,"column":5}},"307":{"start":{"line":568,"column":53},"end":{"line":568,"column":80}},"308":{"start":{"line":572,"column":28},"end":{"line":575,"column":3}},"309":{"start":{"line":573,"column":4},"end":{"line":573,"column":25}},"310":{"start":{"line":574,"column":4},"end":{"line":574,"column":53}},"311":{"start":{"line":578,"column":29},"end":{"line":639,"column":23}},"312":{"start":{"line":579,"column":4},"end":{"line":579,"column":30}},"313":{"start":{"line":582,"column":16},"end":{"line":582,"column":32}},"314":{"start":{"line":585,"column":4},"end":{"line":598,"column":null}},"315":{"start":{"line":586,"column":6},"end":{"line":597,"column":null}},"316":{"start":{"line":588,"column":8},"end":{"line":593,"column":11}},"317":{"start":{"line":589,"column":30},"end":{"line":589,"column":52}},"318":{"start":{"line":590,"column":28},"end":{"line":590,"column":61}},"319":{"start":{"line":591,"column":26},"end":{"line":591,"column":57}},"320":{"start":{"line":592,"column":10},"end":{"line":592,"column":68}},"321":{"start":{"line":596,"column":8},"end":{"line":596,"column":88}},"322":{"start":{"line":596,"column":46},"end":{"line":596,"column":87}},"323":{"start":{"line":601,"column":4},"end":{"line":605,"column":null}},"324":{"start":{"line":602,"column":6},"end":{"line":604,"column":8}},"325":{"start":{"line":603,"column":8},"end":{"line":603,"column":null}},"326":{"start":{"line":608,"column":4},"end":{"line":613,"column":null}},"327":{"start":{"line":609,"column":6},"end":{"line":612,"column":9}},"328":{"start":{"line":610,"column":21},"end":{"line":610,"column":61}},"329":{"start":{"line":610,"column":37},"end":{"line":610,"column":61}},"330":{"start":{"line":611,"column":8},"end":{"line":611,"column":60}},"331":{"start":{"line":616,"column":4},"end":{"line":626,"column":null}},"332":{"start":{"line":617,"column":6},"end":{"line":625,"column":9}},"333":{"start":{"line":618,"column":21},"end":{"line":618,"column":61}},"334":{"start":{"line":618,"column":37},"end":{"line":618,"column":61}},"335":{"start":{"line":619,"column":8},"end":{"line":619,"column":32}},"336":{"start":{"line":619,"column":19},"end":{"line":619,"column":32}},"337":{"start":{"line":622,"column":8},"end":{"line":624,"column":10}},"338":{"start":{"line":623,"column":10},"end":{"line":623,"column":null}},"339":{"start":{"line":629,"column":4},"end":{"line":636,"column":null}},"340":{"start":{"line":630,"column":20},"end":{"line":630,"column":53}},"341":{"start":{"line":631,"column":6},"end":{"line":635,"column":8}},"342":{"start":{"line":632,"column":8},"end":{"line":634,"column":null}},"343":{"start":{"line":638,"column":4},"end":{"line":638,"column":34}},"344":{"start":{"line":642,"column":2},"end":{"line":647,"column":51}},"345":{"start":{"line":643,"column":4},"end":{"line":646,"column":7}},"346":{"start":{"line":650,"column":34},"end":{"line":662,"column":3}},"347":{"start":{"line":651,"column":4},"end":{"line":658,"column":7}},"348":{"start":{"line":659,"column":4},"end":{"line":659,"column":31}},"349":{"start":{"line":660,"column":4},"end":{"line":660,"column":33}},"350":{"start":{"line":661,"column":4},"end":{"line":661,"column":40}},"351":{"start":{"line":665,"column":40},"end":{"line":728,"column":4}},"352":{"start":{"line":665,"column":71},"end":{"line":728,"column":4}},"353":{"start":{"line":667,"column":6},"end":{"line":667,"column":23}},"354":{"start":{"line":668,"column":10},"end":{"line":668,"column":27}},"355":{"start":{"line":672,"column":27},"end":{"line":677,"column":null}},"356":{"start":{"line":672,"column":14},"end":{"line":677,"column":null}},"357":{"start":{"line":679,"column":12},"end":{"line":679,"column":13}},"358":{"start":{"line":681,"column":16},"end":{"line":688,"column":12}},"359":{"start":{"line":691,"column":33},"end":{"line":691,"column":null}},"360":{"start":{"line":691,"column":16},"end":{"line":691,"column":null}},"361":{"start":{"line":692,"column":10},"end":{"line":692,"column":25}},"362":{"start":{"line":695,"column":16},"end":{"line":695,"column":85}},"363":{"start":{"line":695,"column":53},"end":{"line":695,"column":84}},"364":{"start":{"line":698,"column":10},"end":{"line":712,"column":null}},"365":{"start":{"line":699,"column":18},"end":{"line":709,"column":14}},"366":{"start":{"line":711,"column":12},"end":{"line":711,"column":71}},"367":{"start":{"line":711,"column":40},"end":{"line":711,"column":69}},"368":{"start":{"line":670,"column":49},"end":{"line":670,"column":null}},"369":{"start":{"line":670,"column":32},"end":{"line":670,"column":null}},"370":{"start":{"line":670,"column":17},"end":{"line":670,"column":32}},"371":{"start":{"line":716,"column":6},"end":{"line":716,"column":24}},"372":{"start":{"line":717,"column":6},"end":{"line":717,"column":77}},"373":{"start":{"line":720,"column":6},"end":{"line":720,"column":34}},"374":{"start":{"line":721,"column":6},"end":{"line":721,"column":38}},"375":{"start":{"line":724,"column":6},"end":{"line":724,"column":72}},"376":{"start":{"line":725,"column":6},"end":{"line":725,"column":83}},"377":{"start":{"line":726,"column":6},"end":{"line":726,"column":24}},"378":{"start":{"line":731,"column":29},"end":{"line":788,"column":3}},"379":{"start":{"line":732,"column":32},"end":{"line":734,"column":53}},"380":{"start":{"line":733,"column":37},"end":{"line":733,"column":61}},"381":{"start":{"line":734,"column":29},"end":{"line":734,"column":53}},"382":{"start":{"line":736,"column":4},"end":{"line":742,"column":null}},"383":{"start":{"line":737,"column":6},"end":{"line":741,"column":8}},"384":{"start":{"line":745,"column":27},"end":{"line":746,"column":null}},"385":{"start":{"line":746,"column":6},"end":{"line":746,"column":null}},"386":{"start":{"line":749,"column":4},"end":{"line":787,"column":6}},"387":{"start":{"line":751,"column":39},"end":{"line":785,"column":10}},"388":{"start":{"line":756,"column":27},"end":{"line":756,"column":null}},"389":{"start":{"line":774,"column":20},"end":{"line":774,"column":40}},"390":{"start":{"line":775,"column":20},"end":{"line":775,"column":48}},"391":{"start":{"line":776,"column":20},"end":{"line":776,"column":52}},"392":{"start":{"line":791,"column":28},"end":{"line":847,"column":3}},"393":{"start":{"line":792,"column":4},"end":{"line":794,"column":null}},"394":{"start":{"line":793,"column":6},"end":{"line":793,"column":13}},"395":{"start":{"line":796,"column":4},"end":{"line":796,"column":23}},"396":{"start":{"line":798,"column":23},"end":{"line":798,"column":35}},"397":{"start":{"line":799,"column":22},"end":{"line":799,"column":23}},"398":{"start":{"line":800,"column":23},"end":{"line":800,"column":24}},"399":{"start":{"line":802,"column":45},"end":{"line":802,"column":59}},"400":{"start":{"line":804,"column":4},"end":{"line":835,"column":null}},"401":{"start":{"line":806,"column":8},"end":{"line":806,"column":47}},"402":{"start":{"line":807,"column":8},"end":{"line":807,"column":14}},"403":{"start":{"line":809,"column":8},"end":{"line":809,"column":60}},"404":{"start":{"line":810,"column":8},"end":{"line":810,"column":14}},"405":{"start":{"line":812,"column":8},"end":{"line":812,"column":45}},"406":{"start":{"line":813,"column":8},"end":{"line":813,"column":14}},"407":{"start":{"line":815,"column":8},"end":{"line":815,"column":57}},"408":{"start":{"line":816,"column":8},"end":{"line":816,"column":14}},"409":{"start":{"line":818,"column":8},"end":{"line":824,"column":null}},"410":{"start":{"line":819,"column":10},"end":{"line":819,"column":24}},"411":{"start":{"line":820,"column":10},"end":{"line":820,"column":23}},"412":{"start":{"line":821,"column":10},"end":{"line":821,"column":24}},"413":{"start":{"line":823,"column":10},"end":{"line":823,"column":23}},"414":{"start":{"line":825,"column":8},"end":{"line":825,"column":14}},"415":{"start":{"line":827,"column":8},"end":{"line":833,"column":null}},"416":{"start":{"line":828,"column":10},"end":{"line":828,"column":37}},"417":{"start":{"line":829,"column":10},"end":{"line":829,"column":35}},"418":{"start":{"line":830,"column":10},"end":{"line":830,"column":37}},"419":{"start":{"line":832,"column":10},"end":{"line":832,"column":35}},"420":{"start":{"line":834,"column":8},"end":{"line":834,"column":14}},"421":{"start":{"line":837,"column":4},"end":{"line":837,"column":57}},"422":{"start":{"line":840,"column":17},"end":{"line":840,"column":32}},"423":{"start":{"line":841,"column":4},"end":{"line":846,"column":null}},"424":{"start":{"line":842,"column":25},"end":{"line":842,"column":141}},"425":{"start":{"line":843,"column":6},"end":{"line":845,"column":null}},"426":{"start":{"line":844,"column":8},"end":{"line":844,"column":27}},"427":{"start":{"line":850,"column":2},"end":{"line":856,"column":null}},"428":{"start":{"line":851,"column":4},"end":{"line":855,"column":6}},"429":{"start":{"line":859,"column":2},"end":{"line":874,"column":null}},"430":{"start":{"line":860,"column":4},"end":{"line":873,"column":6}},"431":{"start":{"line":866,"column":27},"end":{"line":866,"column":null}},"432":{"start":{"line":876,"column":2},"end":{"line":1375,"column":4}},"433":{"start":{"line":883,"column":12},"end":{"line":883,"column":30}},"434":{"start":{"line":891,"column":25},"end":{"line":891,"column":null}},"435":{"start":{"line":904,"column":25},"end":{"line":904,"column":null}},"436":{"start":{"line":970,"column":42},"end":{"line":983,"column":18}},"437":{"start":{"line":986,"column":33},"end":{"line":1038,"column":16}},"438":{"start":{"line":998,"column":51},"end":{"line":1036,"column":20}},"439":{"start":{"line":1005,"column":41},"end":{"line":1005,"column":73}},"440":{"start":{"line":1006,"column":44},"end":{"line":1006,"column":96}},"441":{"start":{"line":1007,"column":44},"end":{"line":1007,"column":108}},"442":{"start":{"line":1010,"column":24},"end":{"line":1015,"column":null}},"443":{"start":{"line":1011,"column":46},"end":{"line":1011,"column":84}},"444":{"start":{"line":1012,"column":26},"end":{"line":1014,"column":null}},"445":{"start":{"line":1013,"column":28},"end":{"line":1013,"column":40}},"446":{"start":{"line":1017,"column":24},"end":{"line":1033,"column":26}},"447":{"start":{"line":1067,"column":41},"end":{"line":1067,"column":43}},"448":{"start":{"line":1067,"column":51},"end":{"line":1067,"column":53}},"449":{"start":{"line":1067,"column":58},"end":{"line":1153,"column":16}},"450":{"start":{"line":1082,"column":61},"end":{"line":1086,"column":24}},"451":{"start":{"line":1093,"column":40},"end":{"line":1093,"column":79}},"452":{"start":{"line":1094,"column":40},"end":{"line":1140,"column":24}},"453":{"start":{"line":1111,"column":34},"end":{"line":1111,"column":54}},"454":{"start":{"line":1112,"column":34},"end":{"line":1112,"column":64}},"455":{"start":{"line":1125,"column":34},"end":{"line":1125,"column":54}},"456":{"start":{"line":1126,"column":34},"end":{"line":1126,"column":64}},"457":{"start":{"line":1198,"column":35},"end":{"line":1198,"column":null}},"458":{"start":{"line":1203,"column":37},"end":{"line":1207,"column":20}},"459":{"start":{"line":1216,"column":35},"end":{"line":1216,"column":null}},"460":{"start":{"line":1229,"column":35},"end":{"line":1229,"column":null}},"461":{"start":{"line":1240,"column":35},"end":{"line":1240,"column":null}},"462":{"start":{"line":1252,"column":33},"end":{"line":1252,"column":null}},"463":{"start":{"line":1264,"column":33},"end":{"line":1264,"column":null}},"464":{"start":{"line":1274,"column":33},"end":{"line":1284,"column":null}},"465":{"start":{"line":1277,"column":46},"end":{"line":1277,"column":78}},"466":{"start":{"line":1283,"column":52},"end":{"line":1283,"column":78}},"467":{"start":{"line":1297,"column":31},"end":{"line":1297,"column":null}},"468":{"start":{"line":1341,"column":31},"end":{"line":1341,"column":null}},"469":{"start":{"line":1347,"column":31},"end":{"line":1347,"column":null}},"470":{"start":{"line":1369,"column":27},"end":{"line":1369,"column":93}},"471":{"start":{"line":1370,"column":12},"end":{"line":1370,"column":39}},"472":{"start":{"line":1370,"column":24},"end":{"line":1370,"column":39}},"473":{"start":{"line":1378,"column":0},"end":{"line":1378,"column":37}}},"fnMap":{"0":{"name":"(anonymous_23)","decl":{"start":{"line":47,"column":28},"end":{"line":47,"column":29}},"loc":{"start":{"line":47,"column":54},"end":{"line":52,"column":1}}},"1":{"name":"(anonymous_24)","decl":{"start":{"line":54,"column":40},"end":{"line":54,"column":null}},"loc":{"start":{"line":54,"column":40},"end":{"line":1376,"column":1}}},"2":{"name":"(anonymous_25)","decl":{"start":{"line":119,"column":12},"end":{"line":119,"column":null}},"loc":{"start":{"line":119,"column":12},"end":{"line":126,"column":3}}},"3":{"name":"(anonymous_26)","decl":{"start":{"line":120,"column":25},"end":{"line":120,"column":null}},"loc":{"start":{"line":120,"column":25},"end":{"line":122,"column":5}}},"4":{"name":"(anonymous_27)","decl":{"start":{"line":125,"column":11},"end":{"line":125,"column":17}},"loc":{"start":{"line":125,"column":11},"end":{"line":125,"column":23}}},"5":{"name":"(anonymous_28)","decl":{"start":{"line":129,"column":12},"end":{"line":129,"column":null}},"loc":{"start":{"line":129,"column":12},"end":{"line":151,"column":3}}},"6":{"name":"loadData","decl":{"start":{"line":130,"column":19},"end":{"line":130,"column":27}},"loc":{"start":{"line":130,"column":27},"end":{"line":148,"column":null}}},"7":{"name":"(anonymous_32)","decl":{"start":{"line":154,"column":12},"end":{"line":154,"column":null}},"loc":{"start":{"line":154,"column":12},"end":{"line":174,"column":3}}},"8":{"name":"loadBookingsForDate","decl":{"start":{"line":155,"column":19},"end":{"line":155,"column":38}},"loc":{"start":{"line":155,"column":38},"end":{"line":171,"column":null}}},"9":{"name":"(anonymous_36)","decl":{"start":{"line":162,"column":20},"end":{"line":162,"column":32}},"loc":{"start":{"line":162,"column":32},"end":{"line":166,"column":9}}},"10":{"name":"(anonymous_37)","decl":{"start":{"line":164,"column":57},"end":{"line":164,"column":58}},"loc":{"start":{"line":164,"column":58},"end":{"line":164,"column":63}}},"11":{"name":"(anonymous_38)","decl":{"start":{"line":177,"column":12},"end":{"line":177,"column":null}},"loc":{"start":{"line":177,"column":12},"end":{"line":208,"column":3}}},"12":{"name":"loadBookingsForWeek","decl":{"start":{"line":178,"column":19},"end":{"line":178,"column":38}},"loc":{"start":{"line":178,"column":38},"end":{"line":205,"column":null}}},"13":{"name":"(anonymous_42)","decl":{"start":{"line":190,"column":20},"end":{"line":190,"column":32}},"loc":{"start":{"line":190,"column":32},"end":{"line":200,"column":9}}},"14":{"name":"(anonymous_43)","decl":{"start":{"line":192,"column":52},"end":{"line":192,"column":53}},"loc":{"start":{"line":192,"column":53},"end":{"line":197,"column":11}}},"15":{"name":"(anonymous_44)","decl":{"start":{"line":211,"column":12},"end":{"line":211,"column":null}},"loc":{"start":{"line":211,"column":12},"end":{"line":214,"column":3}}},"16":{"name":"(anonymous_45)","decl":{"start":{"line":217,"column":47},"end":{"line":217,"column":48}},"loc":{"start":{"line":217,"column":52},"end":{"line":217,"column":58}}},"17":{"name":"(anonymous_46)","decl":{"start":{"line":223,"column":26},"end":{"line":223,"column":null}},"loc":{"start":{"line":223,"column":26},"end":{"line":229,"column":3}}},"18":{"name":"(anonymous_47)","decl":{"start":{"line":232,"column":28},"end":{"line":232,"column":29}},"loc":{"start":{"line":232,"column":39},"end":{"line":255,"column":3}}},"19":{"name":"(anonymous_48)","decl":{"start":{"line":233,"column":34},"end":{"line":233,"column":35}},"loc":{"start":{"line":233,"column":35},"end":{"line":233,"column":40}}},"20":{"name":"(anonymous_49)","decl":{"start":{"line":258,"column":26},"end":{"line":258,"column":27}},"loc":{"start":{"line":258,"column":67},"end":{"line":265,"column":3}}},"21":{"name":"(anonymous_50)","decl":{"start":{"line":268,"column":31},"end":{"line":268,"column":32}},"loc":{"start":{"line":268,"column":93},"end":{"line":284,"column":3}}},"22":{"name":"(anonymous_51)","decl":{"start":{"line":287,"column":31},"end":{"line":287,"column":32}},"loc":{"start":{"line":287,"column":55},"end":{"line":304,"column":3}}},"23":{"name":"(anonymous_52)","decl":{"start":{"line":288,"column":26},"end":{"line":288,"column":33}},"loc":{"start":{"line":288,"column":33},"end":{"line":303,"column":5}}},"24":{"name":"(anonymous_53)","decl":{"start":{"line":290,"column":30},"end":{"line":290,"column":31}},"loc":{"start":{"line":290,"column":31},"end":{"line":290,"column":36}}},"25":{"name":"(anonymous_54)","decl":{"start":{"line":307,"column":30},"end":{"line":307,"column":31}},"loc":{"start":{"line":307,"column":56},"end":{"line":317,"column":3}}},"26":{"name":"(anonymous_55)","decl":{"start":{"line":320,"column":26},"end":{"line":320,"column":null}},"loc":{"start":{"line":320,"column":26},"end":{"line":328,"column":4}}},"27":{"name":"getWeekStartDate","decl":{"start":{"line":331,"column":11},"end":{"line":331,"column":27}},"loc":{"start":{"line":331,"column":38},"end":{"line":337,"column":3}}},"28":{"name":"formatTime","decl":{"start":{"line":340,"column":11},"end":{"line":340,"column":21}},"loc":{"start":{"line":340,"column":34},"end":{"line":347,"column":3}}},"29":{"name":"getWeekDays","decl":{"start":{"line":350,"column":11},"end":{"line":350,"column":22}},"loc":{"start":{"line":350,"column":40},"end":{"line":360,"column":3}}},"30":{"name":"formatDateHeader","decl":{"start":{"line":363,"column":11},"end":{"line":363,"column":27}},"loc":{"start":{"line":363,"column":38},"end":{"line":366,"column":3}}},"31":{"name":"hasBookingAt","decl":{"start":{"line":369,"column":11},"end":{"line":369,"column":23}},"loc":{"start":{"line":369,"column":64},"end":{"line":379,"column":3}}},"32":{"name":"(anonymous_63)","decl":{"start":{"line":371,"column":25},"end":{"line":371,"column":32}},"loc":{"start":{"line":371,"column":32},"end":{"line":378,"column":5}}},"33":{"name":"getBookingInfo","decl":{"start":{"line":382,"column":11},"end":{"line":382,"column":25}},"loc":{"start":{"line":382,"column":66},"end":{"line":392,"column":3}}},"34":{"name":"(anonymous_65)","decl":{"start":{"line":384,"column":25},"end":{"line":384,"column":32}},"loc":{"start":{"line":384,"column":32},"end":{"line":391,"column":5}}},"35":{"name":"handlePrevWeek","decl":{"start":{"line":395,"column":11},"end":{"line":395,"column":25}},"loc":{"start":{"line":395,"column":25},"end":{"line":399,"column":3}}},"36":{"name":"handleNextWeek","decl":{"start":{"line":402,"column":11},"end":{"line":402,"column":25}},"loc":{"start":{"line":402,"column":25},"end":{"line":406,"column":3}}},"37":{"name":"handleCurrentWeek","decl":{"start":{"line":409,"column":11},"end":{"line":409,"column":28}},"loc":{"start":{"line":409,"column":28},"end":{"line":411,"column":3}}},"38":{"name":"(anonymous_69)","decl":{"start":{"line":414,"column":30},"end":{"line":414,"column":37}},"loc":{"start":{"line":414,"column":55},"end":{"line":515,"column":4}}},"39":{"name":"(anonymous_70)","decl":{"start":{"line":414,"column":65},"end":{"line":414,"column":null}},"loc":{"start":{"line":414,"column":65},"end":{"line":515,"column":4}}},"40":{"name":"(anonymous_72)","decl":{"start":{"line":447,"column":41},"end":{"line":447,"column":45}},"loc":{"start":{"line":447,"column":45},"end":{"line":447,"column":53}}},"41":{"name":"(anonymous_73)","decl":{"start":{"line":471,"column":20},"end":{"line":471,"column":32}},"loc":{"start":{"line":471,"column":32},"end":{"line":472,"column":22}}},"42":{"name":"(anonymous_74)","decl":{"start":{"line":472,"column":27},"end":{"line":472,"column":34}},"loc":{"start":{"line":472,"column":34},"end":{"line":473,"column":19}}},"43":{"name":"(anonymous_75)","decl":{"start":{"line":505,"column":20},"end":{"line":505,"column":32}},"loc":{"start":{"line":505,"column":32},"end":{"line":505,"column":40}}},"44":{"name":"(anonymous_76)","decl":{"start":{"line":518,"column":20},"end":{"line":518,"column":null}},"loc":{"start":{"line":518,"column":20},"end":{"line":526,"column":3}}},"45":{"name":"(anonymous_77)","decl":{"start":{"line":529,"column":30},"end":{"line":529,"column":37}},"loc":{"start":{"line":529,"column":47},"end":{"line":554,"column":4}}},"46":{"name":"(anonymous_78)","decl":{"start":{"line":529,"column":57},"end":{"line":529,"column":null}},"loc":{"start":{"line":529,"column":57},"end":{"line":554,"column":4}}},"47":{"name":"(anonymous_80)","decl":{"start":{"line":537,"column":20},"end":{"line":537,"column":32}},"loc":{"start":{"line":537,"column":32},"end":{"line":540,"column":9}}},"48":{"name":"(anonymous_81)","decl":{"start":{"line":538,"column":57},"end":{"line":538,"column":58}},"loc":{"start":{"line":538,"column":58},"end":{"line":538,"column":63}}},"49":{"name":"(anonymous_82)","decl":{"start":{"line":557,"column":31},"end":{"line":557,"column":32}},"loc":{"start":{"line":557,"column":48},"end":{"line":560,"column":3}}},"50":{"name":"(anonymous_83)","decl":{"start":{"line":563,"column":47},"end":{"line":563,"column":54}},"loc":{"start":{"line":563,"column":54},"end":{"line":563,"column":65}}},"51":{"name":"(anonymous_84)","decl":{"start":{"line":566,"column":35},"end":{"line":566,"column":39}},"loc":{"start":{"line":566,"column":39},"end":{"line":566,"column":44}}},"52":{"name":"(anonymous_85)","decl":{"start":{"line":568,"column":42},"end":{"line":568,"column":49}},"loc":{"start":{"line":568,"column":49},"end":{"line":568,"column":60}}},"53":{"name":"(anonymous_86)","decl":{"start":{"line":572,"column":28},"end":{"line":572,"column":29}},"loc":{"start":{"line":572,"column":41},"end":{"line":575,"column":3}}},"54":{"name":"(anonymous_87)","decl":{"start":{"line":578,"column":41},"end":{"line":578,"column":42}},"loc":{"start":{"line":578,"column":54},"end":{"line":639,"column":3}}},"55":{"name":"(anonymous_88)","decl":{"start":{"line":588,"column":35},"end":{"line":588,"column":42}},"loc":{"start":{"line":588,"column":42},"end":{"line":593,"column":9}}},"56":{"name":"(anonymous_89)","decl":{"start":{"line":596,"column":35},"end":{"line":596,"column":42}},"loc":{"start":{"line":596,"column":42},"end":{"line":596,"column":53}}},"57":{"name":"(anonymous_90)","decl":{"start":{"line":602,"column":33},"end":{"line":602,"column":40}},"loc":{"start":{"line":602,"column":40},"end":{"line":603,"column":15}}},"58":{"name":"(anonymous_91)","decl":{"start":{"line":609,"column":33},"end":{"line":609,"column":40}},"loc":{"start":{"line":609,"column":40},"end":{"line":612,"column":7}}},"59":{"name":"(anonymous_92)","decl":{"start":{"line":610,"column":32},"end":{"line":610,"column":33}},"loc":{"start":{"line":610,"column":33},"end":{"line":610,"column":38}}},"60":{"name":"(anonymous_93)","decl":{"start":{"line":617,"column":33},"end":{"line":617,"column":40}},"loc":{"start":{"line":617,"column":40},"end":{"line":625,"column":7}}},"61":{"name":"(anonymous_94)","decl":{"start":{"line":618,"column":32},"end":{"line":618,"column":33}},"loc":{"start":{"line":618,"column":33},"end":{"line":618,"column":38}}},"62":{"name":"(anonymous_95)","decl":{"start":{"line":622,"column":46},"end":{"line":622,"column":47}},"loc":{"start":{"line":622,"column":62},"end":{"line":623,"column":14}}},"63":{"name":"(anonymous_96)","decl":{"start":{"line":631,"column":33},"end":{"line":631,"column":40}},"loc":{"start":{"line":631,"column":40},"end":{"line":632,"column":15}}},"64":{"name":"(anonymous_97)","decl":{"start":{"line":642,"column":12},"end":{"line":642,"column":null}},"loc":{"start":{"line":642,"column":12},"end":{"line":647,"column":3}}},"65":{"name":"(anonymous_98)","decl":{"start":{"line":650,"column":34},"end":{"line":650,"column":null}},"loc":{"start":{"line":650,"column":34},"end":{"line":662,"column":3}}},"66":{"name":"(anonymous_99)","decl":{"start":{"line":665,"column":40},"end":{"line":665,"column":47}},"loc":{"start":{"line":665,"column":71},"end":{"line":728,"column":4}}},"67":{"name":"(anonymous_100)","decl":{"start":{"line":665,"column":71},"end":{"line":665,"column":null}},"loc":{"start":{"line":665,"column":71},"end":{"line":728,"column":4}}},"68":{"name":"(anonymous_104)","decl":{"start":{"line":695,"column":45},"end":{"line":695,"column":49}},"loc":{"start":{"line":695,"column":49},"end":{"line":695,"column":57}}},"69":{"name":"(anonymous_105)","decl":{"start":{"line":711,"column":24},"end":{"line":711,"column":36}},"loc":{"start":{"line":711,"column":36},"end":{"line":711,"column":44}}},"70":{"name":"(anonymous_106)","decl":{"start":{"line":731,"column":29},"end":{"line":731,"column":null}},"loc":{"start":{"line":731,"column":29},"end":{"line":788,"column":3}}},"71":{"name":"(anonymous_107)","decl":{"start":{"line":733,"column":32},"end":{"line":733,"column":33}},"loc":{"start":{"line":733,"column":33},"end":{"line":733,"column":38}}},"72":{"name":"(anonymous_108)","decl":{"start":{"line":734,"column":24},"end":{"line":734,"column":25}},"loc":{"start":{"line":734,"column":25},"end":{"line":734,"column":30}}},"73":{"name":"(anonymous_109)","decl":{"start":{"line":745,"column":57},"end":{"line":745,"column":58}},"loc":{"start":{"line":745,"column":62},"end":{"line":746,"column":7}}},"74":{"name":"(anonymous_110)","decl":{"start":{"line":751,"column":28},"end":{"line":751,"column":35}},"loc":{"start":{"line":751,"column":35},"end":{"line":751,"column":null}}},"75":{"name":"(anonymous_111)","decl":{"start":{"line":756,"column":21},"end":{"line":756,"column":27}},"loc":{"start":{"line":756,"column":21},"end":{"line":756,"column":42}}},"76":{"name":"(anonymous_112)","decl":{"start":{"line":773,"column":27},"end":{"line":773,"column":28}},"loc":{"start":{"line":773,"column":29},"end":{"line":777,"column":19}}},"77":{"name":"(anonymous_113)","decl":{"start":{"line":791,"column":28},"end":{"line":791,"column":29}},"loc":{"start":{"line":791,"colum
[...]
column":null}},"type":"if","locations":[{"start":{"line":55,"column":4},"end":{"line":58,"column":null}}]},"4":{"loc":{"start":{"line":66,"column":6},"end":{"line":70,"column":null}},"type":"if","locations":[{"start":{"line":66,"column":6},"end":{"line":70,"column":null}},{"start":{"line":68,"column":13},"end":{"line":70,"column":null}}]},"5":{"loc":{"start":{"line":73,"column":4},"end":{"line":77,"column":null}},"type":"if","locations":[{"start":{"line":73,"column":4},"end":{"line":77,"column":null}}]},"6":{"loc":{"start":{"line":91,"column":6},"end":{"line":93,"column":null}},"type":"if","locations":[{"start":{"line":91,"column":6},"end":{"line":93,"column":null}}]},"7":{"loc":{"start":{"line":105,"column":10},"end":{"line":107,"column":null}},"type":"if","locations":[{"start":{"line":105,"column":10},"end":{"line":107,"column":null}}]},"8":{"loc":{"start":{"line":105,"column":14},"end":{"line":105,"column":68}},"type":"binary-expr","locations":[{"start":{"line":105,"column":14},"end":{"line":105,"column":39}},{"start":{"line":105,"column":43},"end":{"line":105,"column":68}}]},"9":{"loc":{"start":{"line":112,"column":4},"end":{"line":116,"column":null}},"type":"if","locations":[{"start":{"line":112,"column":4},"end":{"line":116,"column":null}}]},"10":{"loc":{"start":{"line":127,"column":6},"end":{"line":133,"column":null}},"type":"if","locations":[{"start":{"line":127,"column":6},"end":{"line":133,"column":null}}]},"11":{"loc":{"start":{"line":136,"column":6},"end":{"line":142,"column":null}},"type":"if","locations":[{"start":{"line":136,"column":6},"end":{"line":142,"column":null}}]},"12":{"loc":{"start":{"line":136,"column":10},"end":{"line":136,"column":57}},"type":"binary-expr","locations":[{"start":{"line":136,"column":10},"end":{"line":136,"column":25}},{"start":{"line":136,"column":29},"end":{"line":136,"column":57}}]},"13":{"loc":{"start":{"line":145,"column":6},"end":{"line":151,"column":null}},"type":"if","locations":[{"start":{"line":145,"column":6},"end":{"line":151,"column":null}}]},"14":{"loc":{"start":{"line":154,"column":6},"end":{"line":160,"column":null}},"type":"if","locations":[{"start":{"line":154,"column":6},"end":{"line":160,"column":null}}]},"15":{"loc":{"start":{"line":154,"column":10},"end":{"line":154,"column":94}},"type":"binary-expr","locations":[{"start":{"line":154,"column":10},"end":{"line":154,"column":51}},{"start":{"line":154,"column":55},"end":{"line":154,"column":94}}]},"16":{"loc":{"start":{"line":163,"column":4},"end":{"line":167,"column":null}},"type":"if","locations":[{"start":{"line":163,"column":4},"end":{"line":167,"column":null}}]},"17":{"loc":{"start":{"line":181,"column":0},"end":{"line":186,"column":null}},"type":"if","locations":[{"start":{"line":181,"column":0},"end":{"line":186,"column":null}}]},"18":{"loc":{"start":{"line":183,"column":42},"end":{"line":183,"column":83}},"type":"cond-expr","locations":[{"start":{"line":183,"column":52},"end":{"line":183,"column":64}},{"start":{"line":183,"column":67},"end":{"line":183,"column":83}}]},"19":{"loc":{"start":{"line":184,"column":17},"end":{"line":184,"column":32}},"type":"cond-expr","locations":[{"start":{"line":184,"column":27},"end":{"line":184,"column":28}},{"start":{"line":184,"column":31},"end":{"line":184,"column":32}}]}},"s":{"0":0,"1":0,"2":0,"3":0,"4":0,"5":0,"6":0,"7":0,"8":0,"9":0,"10":0,"11":0,"12":0,"13":0,"14":0,"15":0,"16":0,"17":0,"18":0,"19":0,"20":0,"21":0,"22":0,"23":0,"24":0,"25":0,"26":0,"27":0,"28":0,"29":0,"30":0,"31":0,"32":0,"33":0,"34":0,"35":0,"36":0,"37":0,"38":0,"39":0,"40":0,"41":0,"42":0,"43":0,"44":0,"45":0,"46":0,"47":0,"48":0,"49":0,"50":0,"51":0,"52":0,"53":0,"54":0,"55":0,"56":0,"57":0,"58":0,"59":0,"60":0,"61":0,"62":0,"63":0,"64":0,"65":0,"66":0,"67":0,"68":0,"69":0,"70":0,"71":0,"72":0,"73":0,"74":0,"75":0,"76":0,"77":0,"78":0,"79":0,"80":0,"81":0,"82":0,"83":0,"84":0,"85":0,"86":0,"87":0,"88":0},"f":{"0":0,"1":0,"2":0,"3":0},"b":{"0":[0],"1":[0],"2":[0],"3":[0],"4":[0,0],"5":[0],"6":[0],"7":[0],"8":[0,0],"9":[0],"10":[0],"11":[0],"12":[0,0],"13":[0],"14":[0],"15":[0,0],"16":[0],"17":[0],"18":[0,0],"19":[0,0]}}
,"/Users/david/040/Sjobergska_RoD/src/scripts/testDatabaseConnection.ts": {"path":"/Users/david/040/Sjobergska_RoD/src/scripts/testDatabaseConnection.ts","statementMap":{"0":{"start":{"line":1,"column":0},"end":{"line":1,"column":43}},"1":{"start":{"line":7,"column":2},"end":{"line":7,"column":57}},"2":{"start":{"line":11,"column":4},"end":{"line":11,"column":58}},"3":{"start":{"line":13,"column":53},"end":{"line":13,"column":null}},"4":{"start":{"line":13,"column":10},"end":{"line":13,"column":53}},"5":{"start":{"line":15,"column":4},"end":{"line":18,"column":null}},"6":{"start":{"line":16,"column":6},"end":{"line":16,"column":81}},"7":{"start":{"line":17,"column":6},"end":{"line":17,"column":19}},"8":{"start":{"line":20,"column":4},"end":{"line":20,"column":49}},"9":{"start":{"line":23,"column":4},"end":{"line":23,"column":60}},"10":{"start":{"line":26,"column":51},"end":{"line":29,"column":null}},"11":{"start":{"line":26,"column":10},"end":{"line":26,"column":51}},"12":{"start":{"line":31,"column":4},"end":{"line":34,"column":null}},"13":{"start":{"line":32,"column":6},"end":{"line":32,"column":85}},"14":{"start":{"line":33,"column":6},"end":{"line":33,"column":19}},"15":{"start":{"line":36,"column":4},"end":{"line":36,"column":63}},"16":{"start":{"line":39,"column":57},"end":{"line":42,"column":null}},"17":{"start":{"line":39,"column":10},"end":{"line":39,"column":57}},"18":{"start":{"line":44,"column":4},"end":{"line":47,"column":null}},"19":{"start":{"line":45,"column":6},"end":{"line":45,"column":91}},"20":{"start":{"line":46,"column":6},"end":{"line":46,"column":19}},"21":{"start":{"line":49,"column":4},"end":{"line":49,"column":66}},"22":{"start":{"line":52,"column":4},"end":{"line":52,"column":63}},"23":{"start":{"line":54,"column":53},"end":{"line":58,"column":null}},"24":{"start":{"line":54,"column":10},"end":{"line":54,"column":53}},"25":{"start":{"line":60,"column":4},"end":{"line":63,"column":null}},"26":{"start":{"line":61,"column":6},"end":{"line":61,"column":90}},"27":{"start":{"line":62,"column":6},"end":{"line":62,"column":19}},"28":{"start":{"line":65,"column":4},"end":{"line":65,"column":41}},"29":{"start":{"line":66,"column":4},"end":{"line":66,"column":28}},"30":{"start":{"line":68,"column":4},"end":{"line":68,"column":44}},"31":{"start":{"line":69,"column":4},"end":{"line":69,"column":16}},"32":{"start":{"line":72,"column":4},"end":{"line":72,"column":55}},"33":{"start":{"line":73,"column":4},"end":{"line":73,"column":17}},"34":{"start":{"line":6,"column":0},"end":{"line":6,"column":22}},"35":{"start":{"line":78,"column":0},"end":{"line":83,"column":null}},"36":{"start":{"line":79,"column":2},"end":{"line":82,"column":5}},"37":{"start":{"line":80,"column":4},"end":{"line":80,"column":95}},"38":{"start":{"line":81,"column":4},"end":{"line":81,"column":34}}},"fnMap":{"0":{"name":"testDatabaseConnection","decl":{"start":{"line":6,"column":22},"end":{"line":6,"column":44}},"loc":{"start":{"line":6,"column":44},"end":{"line":75,"column":null}}},"1":{"name":"(anonymous_16)","decl":{"start":{"line":79,"column":32},"end":{"line":79,"column":33}},"loc":{"start":{"line":79,"column":40},"end":{"line":82,"column":3}}}},"branchMap":{"0":{"loc":{"start":{"line":15,"column":4},"end":{"line":18,"column":null}},"type":"if","locations":[{"start":{"line":15,"column":4},"end":{"line":18,"column":null}}]},"1":{"loc":{"start":{"line":31,"column":4},"end":{"line":34,"column":null}},"type":"if","locations":[{"start":{"line":31,"column":4},"end":{"line":34,"column":null}}]},"2":{"loc":{"start":{"line":44,"column":4},"end":{"line":47,"column":null}},"type":"if","locations":[{"start":{"line":44,"column":4},"end":{"line":47,"column":null}}]},"3":{"loc":{"start":{"line":60,"column":4},"end":{"line":63,"column":null}},"type":"if","locations":[{"start":{"line":60,"column":4},"end":{"line":63,"column":null}}]},"4":{"loc":{"start":{"line":78,"column":0},"end":{"line":83,"column":null}},"type":"if","locations":[{"start":{"line":78,"column":0},"end":{"line":83,"column":null}}]},"5":{"loc":{"start":{"line":80,"column":42},"end":{"line":80,"column":83}},"type":"cond-expr","locations":[{"start":{"line":80,"column":52},"end":{"line":80,"column":64}},{"start":{"line":80,"column":67},"end":{"line":80,"column":83}}]},"6":{"loc":{"start":{"line":81,"column":17},"end":{"line":81,"column":32}},"type":"cond-expr","locations":[{"start":{"line":81,"column":27},"end":{"line":81,"column":28}},{"start":{"line":81,"column":31},"end":{"line":81,"column":32}}]}},"s":{"0":0,"1":0,"2":0,"3":0,"4":0,"5":0,"6":0,"7":0,"8":0,"9":0,"10":0,"11":0,"12":0,"13":0,"14":0,"15":0,"16":0,"17":0,"18":0,"19":0,"20":0,"21":0,"22":0,"23":0,"24":0,"25":0,"26":0,"27":0,"28":0,"29":0,"30":0,"31":0,"32":0,"33":0,"34":0,"35":0,"36":0,"37":0,"38":0},"f":{"0":0,"1":0},"b":{"0":[0],"1":[0],"2":[0],"3":[0],"4":[0],"5":[0,0],"6":[0,0]}}
,"/Users/david/040/Sjobergska_RoD/src/utils/dateUtils.test.ts": {"path":"/Users/david/040/Sjobergska_RoD/src/utils/dateUtils.test.ts","statementMap":{"0":{"start":{"line":1,"column":0},"end":{"line":1,"column":91}},"1":{"start":{"line":3,"column":0},"end":{"line":78,"column":3}},"2":{"start":{"line":4,"column":2},"end":{"line":14,"column":5}},"3":{"start":{"line":5,"column":4},"end":{"line":8,"column":7}},"4":{"start":{"line":6,"column":6},"end":{"line":6,"column":48}},"5":{"start":{"line":7,"column":6},"end":{"line":7,"column":48}},"6":{"start":{"line":10,"column":4},"end":{"line":13,"column":7}},"7":{"start":{"line":11,"column":6},"end":{"line":11,"column":38}},"8":{"start":{"line":12,"column":6},"end":{"line":12,"column":52}},"9":{"start":{"line":16,"column":2},"end":{"line":26,"column":5}},"10":{"start":{"line":17,"column":4},"end":{"line":20,"column":7}},"11":{"start":{"line":18,"column":6},"end":{"line":18,"column":48}},"12":{"start":{"line":19,"column":6},"end":{"line":19,"column":49}},"13":{"start":{"line":22,"column":4},"end":{"line":25,"column":7}},"14":{"start":{"line":23,"column":6},"end":{"line":23,"column":48}},"15":{"start":{"line":24,"column":6},"end":{"line":24,"column":48}},"16":{"start":{"line":28,"column":2},"end":{"line":43,"column":5}},"17":{"start":{"line":29,"column":4},"end":{"line":32,"column":7}},"18":{"start":{"line":30,"column":6},"end":{"line":30,"column":57}},"19":{"start":{"line":31,"column":6},"end":{"line":31,"column":57}},"20":{"start":{"line":34,"column":4},"end":{"line":37,"column":7}},"21":{"start":{"line":35,"column":6},"end":{"line":35,"column":57}},"22":{"start":{"line":36,"column":6},"end":{"line":36,"column":57}},"23":{"start":{"line":39,"column":4},"end":{"line":42,"column":7}},"24":{"start":{"line":40,"column":6},"end":{"line":40,"column":57}},"25":{"start":{"line":41,"column":6},"end":{"line":41,"column":57}},"26":{"start":{"line":45,"column":2},"end":{"line":77,"column":5}},"27":{"start":{"line":46,"column":4},"end":{"line":50,"column":7}},"28":{"start":{"line":48,"column":6},"end":{"line":48,"column":27}},"29":{"start":{"line":49,"column":6},"end":{"line":49,"column":54}},"30":{"start":{"line":52,"column":4},"end":{"line":54,"column":7}},"31":{"start":{"line":53,"column":6},"end":{"line":53,"column":27}},"32":{"start":{"line":56,"column":4},"end":{"line":60,"column":7}},"33":{"start":{"line":57,"column":20},"end":{"line":57,"column":40}},"34":{"start":{"line":58,"column":6},"end":{"line":58,"column":54}},"35":{"start":{"line":59,"column":6},"end":{"line":59,"column":54}},"36":{"start":{"line":62,"column":4},"end":{"line":66,"column":7}},"37":{"start":{"line":63,"column":20},"end":{"line":63,"column":40}},"38":{"start":{"line":64,"column":6},"end":{"line":64,"column":55}},"39":{"start":{"line":65,"column":6},"end":{"line":65,"column":55}},"40":{"start":{"line":68,"column":4},"end":{"line":71,"column":7}},"41":{"start":{"line":69,"column":24},"end":{"line":69,"column":46}},"42":{"start":{"line":70,"column":6},"end":{"line":70,"column":58}},"43":{"start":{"line":73,"column":4},"end":{"line":76,"column":7}},"44":{"start":{"line":74,"column":23},"end":{"line":74,"column":43}},"45":{"start":{"line":75,"column":6},"end":{"line":75,"column":58}}},"fnMap":{"0":{"name":"(anonymous_0)","decl":{"start":{"line":3,"column":22},"end":{"line":3,"column":null}},"loc":{"start":{"line":3,"column":22},"end":{"line":78,"column":1}}},"1":{"name":"(anonymous_1)","decl":{"start":{"line":4,"column":25},"end":{"line":4,"column":null}},"loc":{"start":{"line":4,"column":25},"end":{"line":14,"column":3}}},"2":{"name":"(anonymous_2)","decl":{"start":{"line":5,"column":67},"end":{"line":5,"column":null}},"loc":{"start":{"line":5,"column":67},"end":{"line":8,"column":5}}},"3":{"name":"(anonymous_3)","decl":{"start":{"line":10,"column":36},"end":{"line":10,"column":null}},"loc":{"start":{"line":10,"column":36},"end":{"line":13,"column":5}}},"4":{"name":"(anonymous_4)","decl":{"start":{"line":16,"column":31},"end":{"line":16,"column":null}},"loc":{"start":{"line":16,"column":31},"end":{"line":26,"column":3}}},"5":{"name":"(anonymous_5)","decl":{"start":{"line":17,"column":44},"end":{"line":17,"column":null}},"loc":{"start":{"line":17,"column":44},"end":{"line":20,"column":5}}},"6":{"name":"(anonymous_6)","decl":{"start":{"line":22,"column":48},"end":{"line":22,"column":null}},"loc":{"start":{"line":22,"column":48},"end":{"line":25,"column":5}}},"7":{"name":"(anonymous_7)","decl":{"start":{"line":28,"column":31},"end":{"line":28,"column":null}},"loc":{"start":{"line":28,"column":31},"end":{"line":43,"column":3}}},"8":{"name":"(anonymous_8)","decl":{"start":{"line":29,"column":38},"end":{"line":29,"column":null}},"loc":{"start":{"line":29,"column":38},"end":{"line":32,"column":5}}},"9":{"name":"(anonymous_9)","decl":{"start":{"line":34,"column":44},"end":{"line":34,"column":null}},"loc":{"start":{"line":34,"column":44},"end":{"line":37,"column":5}}},"10":{"name":"(anonymous_10)","decl":{"start":{"line":39,"column":51},"end":{"line":39,"column":null}},"loc":{"start":{"line":39,"column":51},"end":{"line":42,"column":5}}},"11":{"name":"(anonymous_11)","decl":{"start":{"line":45,"column":27},"end":{"line":45,"column":null}},"loc":{"start":{"line":45,"column":27},"end":{"line":77,"column":3}}},"12":{"name":"(anonymous_12)","decl":{"start":{"line":46,"column":15},"end":{"line":46,"column":null}},"loc":{"start":{"line":46,"column":15},"end":{"line":50,"column":5}}},"13":{"name":"(anonymous_13)","decl":{"start":{"line":52,"column":14},"end":{"line":52,"column":null}},"loc":{"start":{"line":52,"column":14},"end":{"line":54,"column":5}}},"14":{"name":"(anonymous_14)","decl":{"start":{"line":56,"column":55},"end":{"line":56,"column":null}},"loc":{"start":{"line":56,"column":55},"end":{"line":60,"column":5}}},"15":{"name":"(anonymous_15)","decl":{"start":{"line":62,"column":52},"end":{"line":62,"column":null}},"loc":{"start":{"line":62,"column":52},"end":{"line":66,"column":5}}},"16":{"name":"(anonymous_16)","decl":{"start":{"line":68,"column":49},"end":{"line":68,"column":null}},"loc":{"start":{"line":68,"column":49},"end":{"line":71,"column":5}}},"17":{"name":"(anonymous_17)","decl":{"start":{"line":73,"column":49},"end":{"line":73,"column":null}},"loc":{"start":{"line":73,"column":49},"end":{"line":76,"column":5}}}},"branchMap":{},"s":{"0":0,"1":0,"2":0,"3":0,"4":0,"5":0,"6":0,"7":0,"8":0,"9":0,"10":0,"11":0,"12":0,"13":0,"14":0,"15":0,"16":0,"17":0,"18":0,"19":0,"20":0,"21":0,"22":0,"23":0,"24":0,"25":0,"26":0,"27":0,"28":0,"29":0,"30":0,"31":0,"32":0,"33":0,"34":0,"35":0,"36":0,"37":0,"38":0,"39":0,"40":0,"41":0,"42":0,"43":0,"44":0,"45":0},"f":{"0":0,"1":0,"2":0,"3":0,"4":0,"5":0,"6":0,"7":0,"8":0,"9":0,"10":0,"11":0,"12":0,"13":0,"14":0,"15":0,"16":0,"17":0},"b":{}}
,"/Users/david/040/Sjobergska_RoD/src/utils/dateUtils.ts": {"path":"/Users/david/040/Sjobergska_RoD/src/utils/dateUtils.ts","statementMap":{"0":{"start":{"line":6,"column":26},"end":{"line":11,"column":1}},"1":{"start":{"line":7,"column":2},"end":{"line":7,"column":48}},"2":{"start":{"line":7,"column":36},"end":{"line":7,"column":48}},"3":{"start":{"line":10,"column":2},"end":{"line":10,"column":14}},"4":{"start":{"line":6,"column":13},"end":{"line":6,"column":26}},"5":{"start":{"line":18,"column":32},"end":{"line":20,"column":1}},"6":{"start":{"line":19,"column":2},"end":{"line":19,"column":50}},"7":{"start":{"line":18,"column":13},"end":{"line":18,"column":32}},"8":{"start":{"line":28,"column":32},"end":{"line":46,"column":1}},"9":{"start":{"line":29,"column":27},"end":{"line":29,"column":59}},"10":{"start":{"line":29,"column":14},"end":{"line":29,"column":16}},"11":{"start":{"line":29,"column":23},"end":{"line":29,"column":27}},"12":{"start":{"line":30,"column":17},"end":{"line":30,"column":50}},"13":{"start":{"line":31,"column":19},"end":{"line":31,"column":65}},"14":{"start":{"line":34,"column":2},"end":{"line":37,"column":null}},"15":{"start":{"line":35,"column":4},"end":{"line":35,"column":18}},"16":{"start":{"line":36,"column":4},"end":{"line":36,"column":21}},"17":{"start":{"line":40,"column":2},"end":{"line":43,"column":null}},"18":{"start":{"line":41,"column":4},"end":{"line":41,"column":18}},"19":{"start":{"line":42,"column":4},"end":{"line":42,"column":19}},"20":{"start":{"line":45,"column":2},"end":{"line":45,"column":93}},"21":{"start":{"line":28,"column":13},"end":{"line":28,"column":32}},"22":{"start":{"line":54,"column":28},"end":{"line":66,"column":1}},"23":{"start":{"line":55,"column":14},"end":{"line":55,"column":24}},"24":{"start":{"line":56,"column":27},"end":{"line":56,"column":54}},"25":{"start":{"line":56,"column":14},"end":{"line":56,"column":16}},"26":{"start":{"line":56,"column":23},"end":{"line":56,"column":27}},"27":{"start":{"line":57,"column":22},"end":{"line":62,"column":null}},"28":{"start":{"line":65,"column":2},"end":{"line":65,"column":27}},"29":{"start":{"line":54,"column":13},"end":{"line":54,"column":28}}},"fnMap":{"0":{"name":"(anonymous_0)","decl":{"start":{"line":6,"column":26},"end":{"line":6,"column":27}},"loc":{"start":{"line":6,"column":39},"end":{"line":11,"column":1}}},"1":{"name":"(anonymous_1)","decl":{"start":{"line":18,"column":32},"end":{"line":18,"column":33}},"loc":{"start":{"line":18,"column":45},"end":{"line":20,"column":1}}},"2":{"name":"(anonymous_2)","decl":{"start":{"line":28,"column":32},"end":{"line":28,"column":33}},"loc":{"start":{"line":28,"column":73},"end":{"line":46,"column":1}}},"3":{"name":"(anonymous_3)","decl":{"start":{"line":54,"column":28},"end":{"line":54,"column":29}},"loc":{"start":{"line":54,"column":53},"end":{"line":66,"column":1}}}},"branchMap":{"0":{"loc":{"start":{"line":7,"column":2},"end":{"line":7,"column":48}},"type":"if","locations":[{"start":{"line":7,"column":2},"end":{"line":7,"column":48}}]},"1":{"loc":{"start":{"line":7,"column":6},"end":{"line":7,"column":34}},"type":"binary-expr","locations":[{"start":{"line":7,"column":6},"end":{"line":7,"column":11}},{"start":{"line":7,"column":15},"end":{"line":7,"column":34}}]},"2":{"loc":{"start":{"line":34,"column":2},"end":{"line":37,"column":null}},"type":"if","locations":[{"start":{"line":34,"column":2},"end":{"line":37,"column":null}}]},"3":{"loc":{"start":{"line":40,"column":2},"end":{"line":43,"column":null}},"type":"if","locations":[{"start":{"line":40,"column":2},"end":{"line":43,"column":null}}]},"4":{"loc":{"start":{"line":40,"column":6},"end":{"line":40,"column":58}},"type":"binary-expr","locations":[{"start":{"line":40,"column":6},"end":{"line":40,"column":19}},{"start":{"line":40,"column":24},"end":{"line":40,"column":39}},{"start":{"line":40,"column":43},"end":{"line":40,"column":57}}]}},"s":{"0":0,"1":0,"2":0,"3":0,"4":0,"5":0,"6":0,"7":0,"8":0,"9":0,"10":0,"11":0,"12":0,"13":0,"14":0,"15":0,"16":0,"17":0,"18":0,"19":0,"20":0,"21":0,"22":0,"23":0,"24":0,"25":0,"26":0,"27":0,"28":0,"29":0},"f":{"0":0,"1":0,"2":0,"3":0},"b":{"0":[0],"1":[0,0],"2":[0],"3":[0],"4":[0,0,0]}}
}
