{"/Users/david/040/Sjobergska_RoD/src/App.tsx": {"path":"/Users/david/040/Sjobergska_RoD/src/App.tsx","statementMap":{"0":{"start":{"line":1,"column":0},"end":{"line":1,"column":44}},"1":{"start":{"line":2,"column":0},"end":{"line":2,"column":19}},"2":{"start":{"line":3,"column":0},"end":{"line":3,"column":71}},"3":{"start":{"line":4,"column":0},"end":{"line":4,"column":56}},"4":{"start":{"line":5,"column":0},"end":{"line":5,"column":66}},"5":{"start":{"line":6,"column":0},"end":{"line":6,"column":76}},"6":{"start":{"line":7,"column":0},"end":{"line":7,"column":51}},"7":{"start":{"line":8,"column":0},"end":{"line":8,"column":42}},"8":{"start":{"line":11,"column":0},"end":{"line":11,"column":9}},"9":{"start":{"line":12,"column":40},"end":{"line":12,"column":64}},"10":{"start":{"line":12,"column":20},"end":{"line":12,"column":22}},"11":{"start":{"line":12,"column":36},"end":{"line":12,"column":40}},"12":{"start":{"line":13,"column":36},"end":{"line":13,"column":65}},"13":{"start":{"line":13,"column":18},"end":{"line":13,"column":20}},"14":{"start":{"line":13,"column":32},"end":{"line":13,"column":36}},"15":{"start":{"line":14,"column":36},"end":{"line":14,"column":59}},"16":{"start":{"line":14,"column":18},"end":{"line":14,"column":20}},"17":{"start":{"line":14,"column":32},"end":{"line":14,"column":36}},"18":{"start":{"line":15,"column":42},"end":{"line":15,"column":61}},"19":{"start":{"line":15,"column":21},"end":{"line":15,"column":23}},"20":{"start":{"line":15,"column":38},"end":{"line":15,"column":42}},"21":{"start":{"line":16,"column":36},"end":{"line":16,"column":56}},"22":{"start":{"line":16,"column":18},"end":{"line":16,"column":20}},"23":{"start":{"line":16,"column":32},"end":{"line":16,"column":36}},"24":{"start":{"line":17,"column":44},"end":{"line":17,"column":68}},"25":{"start":{"line":17,"column":22},"end":{"line":17,"column":24}},"26":{"start":{"line":17,"column":40},"end":{"line":17,"column":44}},"27":{"start":{"line":18,"column":24},"end":{"line":18,"column":35}},"28":{"start":{"line":21,"column":2},"end":{"line":23,"column":9}},"29":{"start":{"line":22,"column":4},"end":{"line":22,"column":30}},"30":{"start":{"line":28,"column":6},"end":{"line":28,"column":25}},"31":{"start":{"line":29,"column":6},"end":{"line":29,"column":56}},"32":{"start":{"line":32,"column":30},"end":{"line":32,"column":null}},"33":{"start":{"line":32,"column":12},"end":{"line":32,"column":30}},"34":{"start":{"line":34,"column":6},"end":{"line":66,"column":null}},"35":{"start":{"line":35,"column":8},"end":{"line":35,"column":66}},"36":{"start":{"line":36,"column":8},"end":{"line":36,"column":31}},"37":{"start":{"line":39,"column":8},"end":{"line":61,"column":null}},"38":{"start":{"line":40,"column":10},"end":{"line":48,"column":12}},"39":{"start":{"line":49,"column":15},"end":{"line":61,"column":null}},"40":{"start":{"line":50,"column":10},"end":{"line":58,"column":12}},"41":{"start":{"line":60,"column":10},"end":{"line":60,"column":98}},"42":{"start":{"line":63,"column":8},"end":{"line":63,"column":64}},"43":{"start":{"line":64,"column":8},"end":{"line":64,"column":29}},"44":{"start":{"line":65,"column":8},"end":{"line":65,"column":30}},"45":{"start":{"line":68,"column":6},"end":{"line":68,"column":72}},"46":{"start":{"line":69,"column":6},"end":{"line":69,"column":27}},"47":{"start":{"line":70,"column":6},"end":{"line":70,"column":77}},"48":{"start":{"line":72,"column":6},"end":{"line":72,"column":26}},"49":{"start":{"line":77,"column":32},"end":{"line":79,"column":3}},"50":{"start":{"line":78,"column":4},"end":{"line":78,"column":54}},"51":{"start":{"line":82,"column":27},"end":{"line":159,"column":4}},"52":{"start":{"line":83,"column":4},"end":{"line":158,"column":null}},"53":{"start":{"line":85,"column":6},"end":{"line":88,"column":null}},"54":{"start":{"line":86,"column":8},"end":{"line":86,"column":41}},"55":{"start":{"line":87,"column":8},"end":{"line":87,"column":15}},"56":{"start":{"line":91,"column":12},"end":{"line":152,"column":8}},"57":{"start":{"line":154,"column":6},"end":{"line":154,"column":34}},"58":{"start":{"line":155,"column":6},"end":{"line":155,"column":29}},"59":{"start":{"line":157,"column":6},"end":{"line":157,"column":62}},"60":{"start":{"line":161,"column":2},"end":{"line":234,"column":4}},"61":{"start":{"line":172,"column":31},"end":{"line":172,"column":null}},"62":{"start":{"line":200,"column":22},"end":{"line":200,"column":63}},"63":{"start":{"line":201,"column":22},"end":{"line":201,"column":87}},"64":{"start":{"line":238,"column":2},"end":{"line":246,"column":4}},"65":{"start":{"line":249,"column":0},"end":{"line":249,"column":19}}},"fnMap":{"0":{"name":"AppContent","decl":{"start":{"line":11,"column":9},"end":{"line":11,"column":19}},"loc":{"start":{"line":11,"column":19},"end":{"line":235,"column":1}}},"1":{"name":"(anonymous_17)","decl":{"start":{"line":21,"column":12},"end":{"line":21,"column":null}},"loc":{"start":{"line":21,"column":12},"end":{"line":23,"column":3}}},"2":{"name":"checkSupabaseConnection","decl":{"start":{"line":26,"column":17},"end":{"line":26,"column":40}},"loc":{"start":{"line":26,"column":40},"end":{"line":74,"column":null}}},"3":{"name":"(anonymous_21)","decl":{"start":{"line":77,"column":32},"end":{"line":77,"column":null}},"loc":{"start":{"line":77,"column":32},"end":{"line":79,"column":3}}},"4":{"name":"(anonymous_22)","decl":{"start":{"line":82,"column":27},"end":{"line":82,"column":null}},"loc":{"start":{"line":82,"column":27},"end":{"line":159,"column":4}}},"5":{"name":"(anonymous_25)","decl":{"start":{"line":172,"column":25},"end":{"line":172,"column":31}},"loc":{"start":{"line":172,"column":25},"end":{"line":172,"column":54}}},"6":{"name":"(anonymous_26)","decl":{"start":{"line":199,"column":29},"end":{"line":199,"column":null}},"loc":{"start":{"line":199,"column":29},"end":{"line":202,"column":21}}},"7":{"name":"App","decl":{"start":{"line":237,"column":9},"end":{"line":237,"column":12}},"loc":{"start":{"line":237,"column":12},"end":{"line":247,"column":1}}}},"branchMap":{"0":{"loc":{"start":{"line":34,"column":6},"end":{"line":66,"column":null}},"type":"if","locations":[{"start":{"line":34,"column":6},"end":{"line":66,"column":null}},{"start":{"line":62,"column":13},"end":{"line":66,"column":null}}]},"1":{"loc":{"start":{"line":39,"column":8},"end":{"line":61,"column":null}},"type":"if","locations":[{"start":{"line":39,"column":8},"end":{"line":61,"column":null}},{"start":{"line":49,"column":15},"end":{"line":61,"column":null}}]},"2":{"loc":{"start":{"line":39,"column":12},"end":{"line":39,"column":78}},"type":"binary-expr","locations":[{"start":{"line":39,"column":12},"end":{"line":39,"column":34}},{"start":{"line":39,"column":38},"end":{"line":39,"column":78}}]},"3":{"loc":{"start":{"line":49,"column":15},"end":{"line":61,"column":null}},"type":"if","locations":[{"start":{"line":49,"column":15},"end":{"line":61,"column":null}},{"start":{"line":59,"column":15},"end":{"line":61,"column":null}}]},"4":{"loc":{"start":{"line":49,"column":19},"end":{"line":49,"column":91}},"type":"binary-expr","locations":[{"start":{"line":49,"column":19},"end":{"line":49,"column":44}},{"start":{"line":49,"column":48},"end":{"line":49,"column":91}}]},"5":{"loc":{"start":{"line":60,"column":66},"end":{"line":60,"column":94}},"type":"binary-expr","locations":[{"start":{"line":60,"column":66},"end":{"line":60,"column":79}},{"start":{"line":60,"column":83},"end":{"line":60,"column":94}}]},"6":{"loc":{"start":{"line":70,"column":47},"end":{"line":70,"column":73}},"type":"binary-expr","locations":[{"start":{"line":70,"column":47},"end":{"line":70,"column":58}},{"start":{"line":70,"column":62},"end":{"line":70,"column":73}}]},"7":{"loc":{"start":{"line":85,"column":6},"end":{"line":88,"column":null}},"type":"if","locations":[{"start":{"line":85,"column":6},"end":{"line":88,"column":null}}]},"8":{"loc":{"start":{"line":163,"column":7},"end":{"line":230,"column":null}},"type":"cond-expr","locations":[{"start":{"line":164,"column":8},"end":{"line":217,"column":null}},{"start":{"line":219,"column":10},"end":{"line":230,"column":null}}]},"9":{"loc":{"start":{"line":187,"column":17},"end":{"line":187,"column":70}},"type":"cond-expr","locations":[{"start":{"line":187,"column":33},"end":{"line":187,"column":50}},{"start":{"line":187,"column":53},"end":{"line":187,"column":70}}]},"10":{"loc":{"start":{"line":191,"column":13},"end":{"line":208,"column":null}},"type":"binary-expr","locations":[{"start":{"line":191,"column":13},"end":{"line":191,"column":26}},{"start":{"line":192,"column":14},"end":{"line":207,"column":null}}]},"11":{"loc":{"start":{"line":211,"column":13},"end":{"line":215,"column":null}},"type":"binary-expr","locations":[{"start":{"line":211,"column":13},"end":{"line":211,"column":25}},{"start":{"line":211,"column":29},"end":{"line":211,"column":43}},{"start":{"line":212,"column":14},"end":{"line":214,"column":null}}]},"12":{"loc":{"start":{"line":219,"column":10},"end":{"line":230,"column":null}},"type":"cond-expr","locations":[{"start":{"line":220,"column":8},"end":{"line":227,"column":null}},{"start":{"line":230,"column":8},"end":{"line":230,"column":33}}]}},"s":{"0":0,"1":0,"2":0,"3":0,"4":0,"5":0,"6":0,"7":0,"8":0,"9":0,"10":0,"11":0,"12":0,"13":0,"14":0,"15":0,"16":0,"17":0,"18":0,"19":0,"20":0,"21":0,"22":0,"23":0,"24":0,"25":0,"26":0,"27":0,"28":0,"29":0,"30":0,"31":0,"32":0,"33":0,"34":0,"35":0,"36":0,"37":0,"38":0,"39":0,"40":0,"41":0,"42":0,"43":0,"44":0,"45":0,"46":0,"47":0,"48":0,"49":0,"50":0,"51":0,"52":0,"53":0,"54":0,"55":0,"56":0,"57":0,"58":0,"59":0,"60":0,"61":0,"62":0,"63":0,"64":0,"65":0},"f":{"0":0,"1":0,"2":0,"3":0,"4":0,"5":0,"6":0,"7":0},"b":{"0":[0,0],"1":[0,0],"2":[0,0],"3":[0,0],"4":[0,0],"5":[0,0],"6":[0,0],"7":[0],"8":[0,0],"9":[0,0],"10":[0,0],"11":[0,0,0],"12":[0,0]}}
,"/Users/david/040/Sjobergska_RoD/src/index.tsx": {"path":"/Users/david/040/Sjobergska_RoD/src/index.tsx","statementMap":{"0":{"start":{"line":1,"column":0},"end":{"line":1,"column":26}},"1":{"start":{"line":2,"column":0},"end":{"line":2,"column":40}},"2":{"start":{"line":3,"column":0},"end":{"line":3,"column":21}},"3":{"start":{"line":4,"column":0},"end":{"line":4,"column":24}},"4":{"start":{"line":5,"column":0},"end":{"line":5,"column":48}},"5":{"start":{"line":7,"column":13},"end":{"line":8,"column":null}},"6":{"start":{"line":10,"column":0},"end":{"line":14,"column":2}},"7":{"start":{"line":19,"column":0},"end":{"line":19,"column":18}}},"fnMap":{},"branchMap":{},"s":{"0":0,"1":0,"2":0,"3":0,"4":0,"5":0,"6":0,"7":0},"f":{},"b":{}}
,"/Users/david/040/Sjobergska_RoD/src/reportWebVitals.ts": {"path":"/Users/david/040/Sjobergska_RoD/src/reportWebVitals.ts","statementMap":{"0":{"start":{"line":3,"column":24},"end":{"line":13,"column":1}},"1":{"start":{"line":4,"column":2},"end":{"line":12,"column":null}},"2":{"start":{"line":5,"column":4},"end":{"line":11,"column":7}},"3":{"start":{"line":5,"column":4},"end":{"line":5,"column":25}},"4":{"start":{"line":5,"column":39},"end":{"line":5,"column":41}},"5":{"start":{"line":5,"column":47},"end":{"line":5,"column":49}},"6":{"start":{"line":5,"column":55},"end":{"line":5,"column":57}},"7":{"start":{"line":5,"column":63},"end":{"line":5,"column":65}},"8":{"start":{"line":5,"column":72},"end":{"line":5,"column":74}},"9":{"start":{"line":6,"column":6},"end":{"line":6,"column":26}},"10":{"start":{"line":7,"column":6},"end":{"line":7,"column":26}},"11":{"start":{"line":8,"column":6},"end":{"line":8,"column":26}},"12":{"start":{"line":9,"column":6},"end":{"line":9,"column":26}},"13":{"start":{"line":10,"column":6},"end":{"line":10,"column":27}},"14":{"start":{"line":15,"column":0},"end":{"line":15,"column":31}}},"fnMap":{"0":{"name":"(anonymous_6)","decl":{"start":{"line":3,"column":24},"end":{"line":3,"column":25}},"loc":{"start":{"line":3,"column":52},"end":{"line":13,"column":1}}},"1":{"name":"(anonymous_7)","decl":{"start":{"line":5,"column":4},"end":{"line":5,"column":11}},"loc":{"start":{"line":5,"column":4},"end":{"line":5,"column":25}}},"2":{"name":"(anonymous_8)","decl":{"start":{"line":5,"column":30},"end":{"line":5,"column":31}},"loc":{"start":{"line":5,"column":74},"end":{"line":11,"column":5}}}},"branchMap":{"0":{"loc":{"start":{"line":4,"column":2},"end":{"line":12,"column":null}},"type":"if","locations":[{"start":{"line":4,"column":2},"end":{"line":12,"column":null}}]},"1":{"loc":{"start":{"line":4,"column":6},"end":{"line":4,"column":52}},"type":"binary-expr","locations":[{"start":{"line":4,"column":6},"end":{"line":4,"column":17}},{"start":{"line":4,"column":21},"end":{"line":4,"column":52}}]}},"s":{"0":0,"1":0,"2":0,"3":0,"4":0,"5":0,"6":0,"7":0,"8":0,"9":0,"10":0,"11":0,"12":0,"13":0,"14":0},"f":{"0":0,"1":0,"2":0},"b":{"0":[0],"1":[0,0]}}
,"/Users/david/040/Sjobergska_RoD/src/components/CalendarWidget.tsx": {"path":"/Users/david/040/Sjobergska_RoD/src/components/CalendarWidget.tsx","statementMap":{"0":{"start":{"line":1,"column":0},"end":{"line":1,"column":51}},"1":{"start":{"line":8,"column":54},"end":{"line":177,"column":1}},"2":{"start":{"line":8,"column":69},"end":{"line":8,"column":71}},"3":{"start":{"line":8,"column":83},"end":{"line":8,"column":85}},"4":{"start":{"line":9,"column":42},"end":{"line":9,"column":80}},"5":{"start":{"line":9,"column":21},"end":{"line":9,"column":23}},"6":{"start":{"line":9,"column":38},"end":{"line":9,"column":42}},"7":{"start":{"line":10,"column":42},"end":{"line":10,"column":135}},"8":{"start":{"line":10,"column":21},"end":{"line":10,"column":23}},"9":{"start":{"line":10,"column":38},"end":{"line":10,"column":42}},"10":{"start":{"line":12,"column":2},"end":{"line":14,"column":35}},"11":{"start":{"line":13,"column":4},"end":{"line":13,"column":35}},"12":{"start":{"line":17,"column":27},"end":{"line":75,"column":3}},"13":{"start":{"line":18,"column":17},"end":{"line":18,"column":35}},"14":{"start":{"line":19,"column":18},"end":{"line":19,"column":33}},"15":{"start":{"line":22,"column":28},"end":{"line":22,"column":52}},"16":{"start":{"line":24,"column":27},"end":{"line":24,"column":55}},"17":{"start":{"line":27,"column":23},"end":{"line":27,"column":47}},"18":{"start":{"line":29,"column":4},"end":{"line":29,"column":61}},"19":{"start":{"line":32,"column":17},"end":{"line":32,"column":19}},"20":{"start":{"line":35,"column":22},"end":{"line":35,"column":46}},"21":{"start":{"line":36,"column":26},"end":{"line":36,"column":45}},"22":{"start":{"line":38,"column":4},"end":{"line":47,"column":null}},"23":{"start":{"line":38,"column":17},"end":{"line":38,"column":33}},"24":{"start":{"line":39,"column":18},"end":{"line":39,"column":35}},"25":{"start":{"line":40,"column":19},"end":{"line":40,"column":49}},"26":{"start":{"line":41,"column":6},"end":{"line":46,"column":9}},"27":{"start":{"line":50,"column":4},"end":{"line":58,"column":null}},"28":{"start":{"line":50,"column":17},"end":{"line":50,"column":18}},"29":{"start":{"line":51,"column":19},"end":{"line":51,"column":43}},"30":{"start":{"line":52,"column":6},"end":{"line":57,"column":9}},"31":{"start":{"line":61,"column":28},"end":{"line":61,"column":30}},"32":{"start":{"line":62,"column":26},"end":{"line":62,"column":55}},"33":{"start":{"line":64,"column":4},"end":{"line":72,"column":null}},"34":{"start":{"line":64,"column":17},"end":{"line":64,"column":18}},"35":{"start":{"line":65,"column":19},"end":{"line":65,"column":47}},"36":{"start":{"line":66,"column":6},"end":{"line":71,"column":9}},"37":{"start":{"line":74,"column":4},"end":{"line":74,"column":26}},"38":{"start":{"line":78,"column":21},"end":{"line":80,"column":3}},"39":{"start":{"line":79,"column":4},"end":{"line":79,"column":44}},"40":{"start":{"line":83,"column":18},"end":{"line":90,"column":3}},"41":{"start":{"line":84,"column":18},"end":{"line":84,"column":28}},"42":{"start":{"line":85,"column":4},"end":{"line":89,"column":6}},"43":{"start":{"line":93,"column":24},"end":{"line":95,"column":3}},"44":{"start":{"line":94,"column":4},"end":{"line":94,"column":90}},"45":{"start":{"line":98,"column":24},"end":{"line":100,"column":3}},"46":{"start":{"line":99,"column":4},"end":{"line":99,"column":90}},"47":{"start":{"line":103,"column":20},"end":{"line":107,"column":3}},"48":{"start":{"line":104,"column":18},"end":{"line":104,"column":28}},"49":{"start":{"line":105,"column":4},"end":{"line":105,"column":72}},"50":{"start":{"line":106,"column":4},"end":{"line":106,"column":36}},"51":{"start":{"line":110,"column":26},"end":{"line":112,"column":3}},"52":{"start":{"line":111,"column":4},"end":{"line":111,"column":93}},"53":{"start":{"line":114,"column":19},"end":{"line":114,"column":68}},"54":{"start":{"line":116,"column":2},"end":{"line":176,"column":4}},"55":{"start":{"line":151,"column":29},"end":{"line":155,"column":10}},"56":{"start":{"line":159,"column":42},"end":{"line":173,"column":10}},"57":{"start":{"line":162,"column":27},"end":{"line":162,"column":null}},"58":{"start":{"line":179,"column":0},"end":{"line":179,"column":30}}},"fnMap":{"0":{"name":"(anonymous_8)","decl":{"start":{"line":8,"column":54},"end":{"line":8,"column":55}},"loc":{"start":{"line":8,"column":85},"end":{"line":177,"column":1}}},"1":{"name":"(anonymous_9)","decl":{"start":{"line":12,"column":12},"end":{"line":12,"column":null}},"loc":{"start":{"line":12,"column":12},"end":{"line":14,"column":3}}},"2":{"name":"(anonymous_10)","decl":{"start":{"line":17,"column":27},"end":{"line":17,"column":28}},"loc":{"start":{"line":17,"column":38},"end":{"line":75,"column":3}}},"3":{"name":"(anonymous_11)","decl":{"start":{"line":78,"column":21},"end":{"line":78,"column":22}},"loc":{"start":{"line":78,"column":32},"end":{"line":80,"column":3}}},"4":{"name":"(anonymous_12)","decl":{"start":{"line":83,"column":18},"end":{"line":83,"column":19}},"loc":{"start":{"line":83,"column":29},"end":{"line":90,"column":3}}},"5":{"name":"(anonymous_13)","decl":{"start":{"line":93,"column":24},"end":{"line":93,"column":null}},"loc":{"start":{"line":93,"column":24},"end":{"line":95,"column":3}}},"6":{"name":"(anonymous_14)","decl":{"start":{"line":98,"column":24},"end":{"line":98,"column":null}},"loc":{"start":{"line":98,"column":24},"end":{"line":100,"column":3}}},"7":{"name":"(anonymous_15)","decl":{"start":{"line":103,"column":20},"end":{"line":103,"column":null}},"loc":{"start":{"line":103,"column":20},"end":{"line":107,"column":3}}},"8":{"name":"(anonymous_16)","decl":{"start":{"line":110,"column":26},"end":{"line":110,"column":27}},"loc":{"start":{"line":110,"column":37},"end":{"line":112,"column":3}}},"9":{"name":"(anonymous_17)","decl":{"start":{"line":151,"column":22},"end":{"line":151,"column":25}},"loc":{"start":{"line":151,"column":25},"end":{"line":151,"column":null}}},"10":{"name":"(anonymous_18)","decl":{"start":{"line":159,"column":26},"end":{"line":159,"column":27}},"loc":{"start":{"line":159,"column":37},"end":{"line":159,"column":null}}},"11":{"name":"(anonymous_19)","decl":{"start":{"line":162,"column":21},"end":{"line":162,"column":27}},"loc":{"start":{"line":162,"column":21},"end":{"line":162,"column":39}}}},"branchMap":{"0":{"loc":{"start":{"line":29,"column":19},"end":{"line":29,"column":60}},"type":"cond-expr","locations":[{"start":{"line":29,"column":40},"end":{"line":29,"column":41}},{"start":{"line":29,"column":44},"end":{"line":29,"column":60}}]},"1":{"loc":{"start":{"line":86,"column":6},"end":{"line":88,"column":48}},"type":"binary-expr","locations":[{"start":{"line":86,"column":6},"end":{"line":86,"column":40}},{"start":{"line":87,"column":6},"end":{"line":87,"column":42}},{"start":{"line":88,"column":6},"end":{"line":88,"column":48}}]},"2":{"loc":{"start":{"line":165,"column":16},"end":{"line":165,"column":108}},"type":"cond-expr","locations":[{"start":{"line":165,"column":37},"end":{"line":165,"column":71}},{"start":{"line":165,"column":74},"end":{"line":165,"column":108}}]},"3":{"loc":{"start":{"line":166,"column":16},"end":{"line":166,"column":76}},"type":"cond-expr","locations":[{"start":{"line":166,"column":44},"end":{"line":166,"column":71}},{"start":{"line":166,"column":74},"end":{"line":166,"column":76}}]},"4":{"loc":{"start":{"line":167,"column":16},"end":{"line":167,"column":115}},"type":"cond-expr","locations":[{"start":{"line":167,"column":59},"end":{"line":167,"column":110}},{"start":{"line":167,"column":113},"end":{"line":167,"column":115}}]},"5":{"loc":{"start":{"line":167,"column":16},"end":{"line":167,"column":56}},"type":"binary-expr","locations":[{"start":{"line":167,"column":16},"end":{"line":167,"column":27}},{"start":{"line":167,"column":31},"end":{"line":167,"column":56}}]},"6":{"loc":{"start":{"line":168,"column":16},"end":{"line":168,"column":107}},"type":"cond-expr","locations":[{"start":{"line":168,"column":60},"end":{"line":168,"column":102}},{"start":{"line":168,"column":105},"end":{"line":168,"column":107}}]},"7":{"loc":{"start":{"line":168,"column":16},"end":{"line":168,"column":57}},"type":"binary-expr","locations":[{"start":{"line":168,"column":16},"end":{"line":168,"column":28}},{"start":{"line":168,"column":32},"end":{"line":168,"column":57}}]}},"s":{"0":0,"1":0,"2":0,"3":0,"4":0,"5":0,"6":0,"7":0,"8":0,"9":0,"10":0,"11":0,"12":0,"13":0,"14":0,"15":0,"16":0,"17":0,"18":0,"19":0,"20":0,"21":0,"22":0,"23":0,"24":0,"25":0,"26":0,"27":0,"28":0,"29":0,"30":0,"31":0,"32":0,"33":0,"34":0,"35":0,"36":0,"37":0,"38":0,"39":0,"40":0,"41":0,"42":0,"43":0,"44":0,"45":0,"46":0,"47":0,"48":0,"49":0,"50":0,"51":0,"52":0,"53":0,"54":0,"55":0,"56":0,"57":0,"58":0},"f":{"0":0,"1":0,"2":0,"3":0,"4":0,"5":0,"6":0,"7":0,"8":0,"9":0,"10":0,"11":0},"b":{"0":[0,0],"1":[0,0,0],"2":[0,0],"3":[0,0],"4":[0,0],"5":[0,0],"6":[0,0],"7":[0,0]}}
,"/Users/david/040/Sjobergska_RoD/src/components/ColorCodingLegend.tsx": {"path":"/Users/david/040/Sjobergska_RoD/src/components/ColorCodingLegend.tsx","statementMap":{"0":{"start":{"line":1,"column":0},"end":{"line":1,"column":26}},"1":{"start":{"line":7,"column":60},"end":{"line":30,"column":1}},"2":{"start":{"line":7,"column":63},"end":{"line":7,"column":72}},"3":{"start":{"line":7,"column":72},"end":{"line":7,"column":79}},"4":{"start":{"line":9,"column":23},"end":{"line":15,"column":4}},"5":{"start":{"line":17,"column":2},"end":{"line":29,"column":4}},"6":{"start":{"line":21,"column":34},"end":{"line":26,"column":10}},"7":{"start":{"line":32,"column":0},"end":{"line":32,"column":33}}},"fnMap":{"0":{"name":"(anonymous_3)","decl":{"start":{"line":7,"column":60},"end":{"line":7,"column":61}},"loc":{"start":{"line":7,"column":79},"end":{"line":30,"column":1}}},"1":{"name":"(anonymous_4)","decl":{"start":{"line":21,"column":26},"end":{"line":21,"column":30}},"loc":{"start":{"line":21,"column":30},"end":{"line":21,"column":null}}}},"branchMap":{"0":{"loc":{"start":{"line":7,"column":72},"end":{"line":7,"column":79}},"type":"cond-expr","locations":[{"start":{"line":7,"column":75},"end":{"line":7,"column":77}},{"start":{"line":7,"column":77},"end":{"line":7,"column":79}}]}},"s":{"0":0,"1":0,"2":0,"3":0,"4":0,"5":0,"6":0,"7":0},"f":{"0":0,"1":0},"b":{"0":[0,0]}}
,"/Users/david/040/Sjobergska_RoD/src/components/ConferenceRoomBooking.tsx": {"path":"/Users/david/040/Sjobergska_RoD/src/components/ConferenceRoomBooking.tsx","statementMap":{"0":{"start":{"line":1,"column":0},"end":{"line":1,"column":72}},"1":{"start":{"line":2,"column":0},"end":{"line":2,"column":40}},"2":{"start":{"line":3,"column":0},"end":{"line":3,"column":55}},"3":{"start":{"line":4,"column":0},"end":{"line":4,"column":51}},"4":{"start":{"line":6,"column":0},"end":{"line":6,"column":52}},"5":{"start":{"line":9,"column":0},"end":{"line":9,"column":52}},"6":{"start":{"line":13,"column":0},"end":{"line":13,"column":50}},"7":{"start":{"line":15,"column":0},"end":{"line":15,"column":58}},"8":{"start":{"line":16,"column":0},"end":{"line":16,"column":62}},"9":{"start":{"line":17,"column":0},"end":{"line":17,"column":54}},"10":{"start":{"line":22,"column":0},"end":{"line":22,"column":40}},"11":{"start":{"line":38,"column":26},"end":{"line":44,"column":2}},"12":{"start":{"line":47,"column":28},"end":{"line":52,"column":1}},"13":{"start":{"line":48,"column":2},"end":{"line":50,"column":null}},"14":{"start":{"line":49,"column":4},"end":{"line":49,"column":25}},"15":{"start":{"line":51,"column":2},"end":{"line":51,"column":40}},"16":{"start":{"line":54,"column":40},"end":{"line":1355,"column":1}},"17":{"start":{"line":56,"column":24},"end":{"line":56,"column":35}},"18":{"start":{"line":59,"column":28},"end":{"line":59,"column":48}},"19":{"start":{"line":59,"column":14},"end":{"line":59,"column":16}},"20":{"start":{"line":59,"column":24},"end":{"line":59,"column":28}},"21":{"start":{"line":60,"column":34},"end":{"line":60,"column":57}},"22":{"start":{"line":60,"column":17},"end":{"line":60,"column":19}},"23":{"start":{"line":60,"column":30},"end":{"line":60,"column":34}},"24":{"start":{"line":61,"column":32},"end":{"line":61,"column":55}},"25":{"start":{"line":61,"column":16},"end":{"line":61,"column":18}},"26":{"start":{"line":61,"column":28},"end":{"line":61,"column":32}},"27":{"start":{"line":62,"column":28},"end":{"line":62,"column":57}},"28":{"start":{"line":62,"column":14},"end":{"line":62,"column":16}},"29":{"start":{"line":62,"column":24},"end":{"line":62,"column":28}},"30":{"start":{"line":65,"column":42},"end":{"line":65,"column":62}},"31":{"start":{"line":65,"column":21},"end":{"line":65,"column":23}},"32":{"start":{"line":65,"column":38},"end":{"line":65,"column":42}},"33":{"start":{"line":66,"column":40},"end":{"line":66,"column":60}},"34":{"start":{"line":66,"column":20},"end":{"line":66,"column":22}},"35":{"start":{"line":66,"column":36},"end":{"line":66,"column":40}},"36":{"start":{"line":67,"column":36},"end":{"line":67,"column":56}},"37":{"start":{"line":67,"column":18},"end":{"line":67,"column":20}},"38":{"start":{"line":67,"column":32},"end":{"line":67,"column":36}},"39":{"start":{"line":68,"column":32},"end":{"line":68,"column":52}},"40":{"start":{"line":68,"column":16},"end":{"line":68,"column":18}},"41":{"start":{"line":68,"column":28},"end":{"line":68,"column":32}},"42":{"start":{"line":69,"column":30},"end":{"line":69,"column":50}},"43":{"start":{"line":69,"column":15},"end":{"line":69,"column":17}},"44":{"start":{"line":69,"column":26},"end":{"line":69,"column":30}},"45":{"start":{"line":70,"column":32},"end":{"line":70,"column":52}},"46":{"start":{"line":70,"column":16},"end":{"line":70,"column":18}},"47":{"start":{"line":70,"column":28},"end":{"line":70,"column":32}},"48":{"start":{"line":72,"column":40},"end":{"line":73,"column":null}},"49":{"start":{"line":72,"column":20},"end":{"line":72,"column":22}},"50":{"start":{"line":72,"column":36},"end":{"line":72,"column":40}},"51":{"start":{"line":75,"column":42},"end":{"line":75,"column":70}},"52":{"start":{"line":75,"column":21},"end":{"line":75,"column":23}},"53":{"start":{"line":75,"column":38},"end":{"line":75,"column":42}},"54":{"start":{"line":76,"column":42},"end":{"line":76,"column":98}},"55":{"start":{"line":76,"column":21},"end":{"line":76,"column":23}},"56":{"start":{"line":76,"column":38},"end":{"line":76,"column":42}},"57":{"start":{"line":77,"column":42},"end":{"line":77,"column":62}},"58":{"start":{"line":77,"column":21},"end":{"line":77,"column":23}},"59":{"start":{"line":77,"column":38},"end":{"line":77,"column":42}},"60":{"start":{"line":78,"column":36},"end":{"line":78,"column":82}},"61":{"start":{"line":78,"column":18},"end":{"line":78,"column":20}},"62":{"start":{"line":78,"column":32},"end":{"line":78,"column":36}},"63":{"start":{"line":79,"column":50},"end":{"line":79,"column":79}},"64":{"start":{"line":79,"column":25},"end":{"line":79,"column":27}},"65":{"start":{"line":79,"column":46},"end":{"line":79,"column":50}},"66":{"start":{"line":82,"column":62},"end":{"line":82,"column":86}},"67":{"start":{"line":82,"column":31},"end":{"line":82,"column":33}},"68":{"start":{"line":82,"column":58},"end":{"line":82,"column":62}},"69":{"start":{"line":83,"column":48},"end":{"line":83,"column":78}},"70":{"start":{"line":83,"column":24},"end":{"line":83,"column":26}},"71":{"start":{"line":83,"column":44},"end":{"line":83,"column":48}},"72":{"start":{"line":86,"column":34},"end":{"line":86,"column":76}},"73":{"start":{"line":86,"column":17},"end":{"line":86,"column":19}},"74":{"start":{"line":86,"column":30},"end":{"line":86,"column":34}},"75":{"start":{"line":89,"column":50},"end":{"line":89,"column":73}},"76":{"start":{"line":89,"column":25},"end":{"line":89,"column":27}},"77":{"start":{"line":89,"column":46},"end":{"line":89,"column":50}},"78":{"start":{"line":90,"column":44},"end":{"line":96,"column":4}},"79":{"start":{"line":90,"column":22},"end":{"line":90,"column":24}},"80":{"start":{"line":90,"column":40},"end":{"line":90,"column":44}},"81":{"start":{"line":99,"column":52},"end":{"line":99,"column":76}},"82":{"start":{"line":99,"column":26},"end":{"line":99,"column":28}},"83":{"start":{"line":99,"column":48},"end":{"line":99,"column":52}},"84":{"start":{"line":100,"column":58},"end":{"line":100,"column":77}},"85":{"start":{"line":100,"column":29},"end":{"line":100,"column":31}},"86":{"start":{"line":100,"column":54},"end":{"line":100,"column":58}},"87":{"start":{"line":103,"column":34},"end":{"line":112,"column":4}},"88":{"start":{"line":103,"column":17},"end":{"line":103,"column":19}},"89":{"start":{"line":103,"column":30},"end":{"line":103,"column":34}},"90":{"start":{"line":115,"column":18},"end":{"line":115,"column":46}},"91":{"start":{"line":116,"column":44},"end":{"line":116,"column":97}},"92":{"start":{"line":116,"column":22},"end":{"line":116,"column":24}},"93":{"start":{"line":116,"column":40},"end":{"line":116,"column":44}},"94":{"start":{"line":119,"column":2},"end":{"line":126,"column":9}},"95":{"start":{"line":120,"column":25},"end":{"line":122,"column":5}},"96":{"start":{"line":121,"column":6},"end":{"line":121,"column":43}},"97":{"start":{"line":124,"column":4},"end":{"line":124,"column":52}},"98":{"start":{"line":125,"column":4},"end":{"line":125,"column":68}},"99":{"start":{"line":125,"column":17},"end":{"line":125,"column":68}},"100":{"start":{"line":129,"column":2},"end":{"line":151,"column":18}},"101":{"start":{"line":132,"column":8},"end":{"line":132,"column":25}},"102":{"start":{"line":135,"column":26},"end":{"line":135,"column":null}},"103":{"start":{"line":135,"column":14},"end":{"line":135,"column":null}},"104":{"start":{"line":136,"column":8},"end":{"line":136,"column":28}},"105":{"start":{"line":139,"column":8},"end":{"line":139,"column":32}},"106":{"start":{"line":141,"column":8},"end":{"line":141,"column":26}},"107":{"start":{"line":143,"column":8},"end":{"line":143,"column":56}},"108":{"start":{"line":144,"column":8},"end":{"line":144,"column":76}},"109":{"start":{"line":145,"column":8},"end":{"line":145,"column":65}},"110":{"start":{"line":146,"column":8},"end":{"line":146,"column":26}},"111":{"start":{"line":150,"column":4},"end":{"line":150,"column":15}},"112":{"start":{"line":154,"column":2},"end":{"line":174,"column":21}},"113":{"start":{"line":157,"column":8},"end":{"line":157,"column":34}},"114":{"start":{"line":157,"column":27},"end":{"line":157,"column":34}},"115":{"start":{"line":159,"column":29},"end":{"line":159,"column":null}},"116":{"start":{"line":159,"column":14},"end":{"line":159,"column":null}},"117":{"start":{"line":160,"column":14},"end":{"line":160,"column":66}},"118":{"start":{"line":162,"column":8},"end":{"line":166,"column":11}},"119":{"start":{"line":164,"column":37},"end":{"line":164,"column":86}},"120":{"start":{"line":164,"column":62},"end":{"line":164,"column":86}},"121":{"start":{"line":165,"column":10},"end":{"line":165,"column":60}},"122":{"start":{"line":168,"column":8},"end":{"line":168,"column":87}},"123":{"start":{"line":169,"column":8},"end":{"line":169,"column":70}},"124":{"start":{"line":173,"column":4},"end":{"line":173,"column":26}},"125":{"start":{"line":177,"column":2},"end":{"line":208,"column":18}},"126":{"start":{"line":180,"column":14},"end":{"line":180,"column":44}},"127":{"start":{"line":181,"column":8},"end":{"line":181,"column":47}},"128":{"start":{"line":183,"column":29},"end":{"line":186,"column":null}},"129":{"start":{"line":183,"column":14},"end":{"line":186,"column":null}},"130":{"start":{"line":188,"column":14},"end":{"line":188,"column":66}},"131":{"start":{"line":190,"column":8},"end":{"line":200,"column":11}},"132":{"start":{"line":192,"column":32},"end":{"line":197,"column":12}},"133":{"start":{"line":193,"column":32},"end":{"line":193,"column":48}},"134":{"start":{"line":194,"column":30},"end":{"line":194,"column":49}},"135":{"start":{"line":195,"column":32},"end":{"line":195,"column":49}},"136":{"start":{"line":196,"column":12},"end":{"line":196,"column":72}},"137":{"start":{"line":199,"column":10},"end":{"line":199,"column":55}},"138":{"start":{"line":202,"column":8},"end":{"line":202,"column":90}},"139":{"start":{"line":203,"column":8},"end":{"line":203,"column":59}},"140":{"start":{"line":207,"column":4},"end":{"line":207,"column":26}},"141":{"start":{"line":211,"column":2},"end":{"line":214,"column":9}},"142":{"start":{"line":212,"column":18},"end":{"line":212,"column":56}},"143":{"start":{"line":213,"column":4},"end":{"line":213,"column":26}},"144":{"start":{"line":217,"column":20},"end":{"line":217,"column":63}},"145":{"start":{"line":217,"column":57},"end":{"line":217,"column":63}},"146":{"start":{"line":220,"column":19},"end":{"line":220,"column":41}},"147":{"start":{"line":223,"column":26},"end":{"line":229,"column":3}},"148":{"start":{"line":224,"column":4},"end":{"line":224,"column":16}},"149":{"start":{"line":225,"column":4},"end":{"line":225,"column":33}},"150":{"start":{"line":226,"column":4},"end":{"line":226,"column":27}},"151":{"start":{"line":227,"column":18},"end":{"line":227,"column":56}},"152":{"start":{"line":228,"column":4},"end":{"line":228,"column":26}},"153":{"start":{"line":232,"column":28},"end":{"line":255,"column":3}},"154":{"start":{"line":233,"column":20},"end":{"line":233,"column":51}},"155":{"start":{"line":233,"column":39},"end":{"line":233,"column":51}},"156":{"start":{"line":234,"column":4},"end":{"line":254,"column":null}},"157":{"start":{"line":235,"column":6},"end":{"line":235,"column":49}},"158":{"start":{"line":236,"column":6},"end":{"line":236,"column":35}},"159":{"start":{"line":237,"column":6},"end":{"line":237,"column":38}},"160":{"start":{"line":238,"column":6},"end":{"line":238,"column":34}},"161":{"start":{"line":239,"column":6},"end":{"line":239,"column":32}},"162":{"start":{"line":240,"column":6},"end":{"line":240,"column":40}},"163":{"start":{"line":241,"column":6},"end":{"line":241,"column":38}},"164":{"start":{"line":242,"column":6},"end":{"line":251,"column":9}},"165":{"start":{"line":252,"column":6},"end":{"line":252,"column":35}},"166":{"start":{"line":253,"column":6},"end":{"line":253,"column":29}},"167":{"start":{"line":258,"column":26},"end":{"line":265,"column":3}},"168":{"start":{"line":259,"column":4},"end":{"line":259,"column":39}},"169":{"start":{"line":260,"column":4},"end":{"line":260,"column":53}},"170":{"start":{"line":261,"column":4},"end":{"line":261,"column":59}},"171":{"start":{"line":262,"column":4},"end":{"line":262,"column":63}},"172":{"start":{"line":263,"column":4},"end":{"line":263,"column":33}},"173":{"start":{"line":264,"column":4},"end":{"line":264,"column":27}},"174":{"start":{"line":268,"column":31},"end":{"line":284,"column":3}},"175":{"start":{"line":270,"column":17},"end":{"line":270,"column":48}},"176":{"start":{"line":271,"column":22},"end":{"line":271,"column":67}},"177":{"start":{"line":272,"column":20},"end":{"line":272,"column":63}},"178":{"start":{"line":275,"column":4},"end":{"line":275,"column":39}},"179":{"start":{"line":276,"column":4},"end":{"line":276,"column":25}},"180":{"start":{"line":277,"column":4},"end":{"line":277,"column":28}},"181":{"start":{"line":278,"column":4},"end":{"line":278,"column":24}},"182":{"start":{"line":279,"column":4},"end":{"line":279,"column":33}},"183":{"start":{"line":280,"column":4},"end":{"line":280,"column":27}},"184":{"start":{"line":283,"column":4},"end":{"line":283,"column":68}},"185":{"start":{"line":287,"column":31},"end":{"line":304,"column":3}},"186":{"start":{"line":288,"column":4},"end":{"line":303,"column":7}},"187":{"start":{"line":290,"column":19},"end":{"line":290,"column":60}},"188":{"start":{"line":290,"column":35},"end":{"line":290,"column":60}},"189":{"start":{"line":292,"column":6},"end":{"line":302,"column":8}},"190":{"start":{"line":307,"column":30},"end":{"line":317,"column":3}},"191":{"start":{"line":308,"column":4},"end":{"line":316,"column":6}},"192":{"start":{"line":320,"column":26},"end":{"line":328,"column":4}},"193":{"start":{"line":322,"column":27},"end":{"line":322,"column":null}},"194":{"start":{"line":322,"column":12},"end":{"line":322,"column":null}},"195":{"start":{"line":323,"column":6},"end":{"line":323,"column":54}},"196":{"start":{"line":325,"column":6},"end":{"line":325,"column":64}},"197":{"start":{"line":326,"column":6},"end":{"line":326,"column":51}},"198":{"start":{"line":332,"column":14},"end":{"line":332,"column":28}},"199":{"start":{"line":333,"column":16},"end":{"line":333,"column":26}},"200":{"start":{"line":334,"column":17},"end":{"line":334,"column":57}},"201":{"start":{"line":335,"column":19},"end":{"line":335,"column":44}},"202":{"start":{"line":336,"column":4},"end":{"line":336,"column":46}},"203":{"start":{"line":341,"column":4},"end":{"line":341,"column":25}},"204":{"start":{"line":341,"column":15},"end":{"line":341,"column":25}},"205":{"start":{"line":343,"column":29},"end":{"line":343,"column":44}},"206":{"start":{"line":343,"column":16},"end":{"line":343,"column":18}},"207":{"start":{"line":343,"column":25},"end":{"line":343,"column":29}},"208":{"start":{"line":346,"column":4},"end":{"line":346,"column":43}},"209":{"start":{"line":351,"column":25},"end":{"line":351,"column":27}},"210":{"start":{"line":352,"column":23},"end":{"line":352,"column":42}},"211":{"start":{"line":354,"column":4},"end":{"line":357,"column":null}},"212":{"start":{"line":354,"column":17},"end":{"line":354,"column":18}},"213":{"start":{"line":355,"column":6},"end":{"line":355,"column":38}},"214":{"start":{"line":356,"column":6},"end":{"line":356,"column":51}},"215":{"start":{"line":359,"column":4},"end":{"line":359,"column":16}},"216":{"start":{"line":364,"column":48},"end":{"line":364,"column":100}},"217":{"start":{"line":365,"column":4},"end":{"line":365,"column":53}},"218":{"start":{"line":370,"column":20},"end":{"line":370,"column":52}},"219":{"start":{"line":371,"column":4},"end":{"line":378,"column":7}},"220":{"start":{"line":372,"column":6},"end":{"line":372,"column":78}},"221":{"start":{"line":372,"column":65},"end":{"line":372,"column":78}},"222":{"start":{"line":374,"column":24},"end":{"line":374,"column":65}},"223":{"start":{"line":375,"column":22},"end":{"line":375,"column":61}},"224":{"start":{"line":377,"column":6},"end":{"line":377,"column":49}},"225":{"start":{"line":383,"column":20},"end":{"line":383,"column":52}},"226":{"start":{"line":384,"column":4},"end":{"line":391,"column":15}},"227":{"start":{"line":385,"column":6},"end":{"line":385,"column":78}},"228":{"start":{"line":385,"column":65},"end":{"line":385,"column":78}},"229":{"start":{"line":387,"column":24},"end":{"line":387,"column":65}},"230":{"start":{"line":388,"column":22},"end":{"line":388,"column":61}},"231":{"start":{"line":390,"column":6},"end":{"line":390,"column":49}},"232":{"start":{"line":396,"column":21},"end":{"line":396,"column":40}},"233":{"start":{"line":397,"column":4},"end":{"line":397,"column":45}},"234":{"start":{"line":398,"column":4},"end":{"line":398,"column":55}},"235":{"start":{"line":403,"column":21},"end":{"line":403,"column":40}},"236":{"start":{"line":404,"column":4},"end":{"line":404,"column":45}},"237":{"start":{"line":405,"column":4},"end":{"line":405,"column":55}},"238":{"start":{"line":410,"column":4},"end":{"line":410,"column":47}},"239":{"start":{"line":414,"column":30},"end":{"line":515,"column":4}},"240":{"start":{"line":414,"column":55},"end":{"line":515,"column":4}},"241":{"start":{"line":415,"column":4},"end":{"line":415,"column":23}},"242":{"start":{"line":418,"column":4},"end":{"line":421,"column":null}},"243":{"start":{"line":419,"column":6},"end":{"line":419,"column":65}},"244":{"start":{"line":420,"column":6},"end":{"line":420,"column":13}},"245":{"start":{"line":424,"column":4},"end":{"line":427,"column":null}},"246":{"start":{"line":425,"column":6},"end":{"line":425,"column":63}},"247":{"start":{"line":426,"column":6},"end":{"line":426,"column":13}},"248":{"start":{"line":430,"column":12},"end":{"line":430,"column":44}},"249":{"start":{"line":433,"column":25},"end":{"line":439,"column":null}},"250":{"start":{"line":433,"column":12},"end":{"line":439,"column":null}},"251":{"start":{"line":441,"column":6},"end":{"line":444,"column":null}},"252":{"start":{"line":442,"column":8},"end":{"line":442,"column":68}},"253":{"start":{"line":443,"column":8},"end":{"line":443,"column":15}},"254":{"start":{"line":447,"column":12},"end":{"line":447,"column":69}},"255":{"start":{"line":447,"column":49},"end":{"line":447,"column":68}},"256":{"start":{"line":449,"column":6},"end":{"line":452,"column":null}},"257":{"start":{"line":450,"column":8},"end":{"line":450,"column":50}},"258":{"start":{"line":451,"column":8},"end":{"line":451,"column":15}},"259":{"start":{"line":455,"column":12},"end":{"line":462,"column":8}},"260":{"start":{"line":466,"column":10},"end":{"line":466,"column":26}},"261":{"start":{"line":468,"column":25},"end":{"line":468,"column":81}},"262":{"start":{"line":468,"column":8},"end":{"line":468,"column":81}},"263":{"start":{"line":471,"column":8},"end":{"line":487,"column":10}},"264":{"start":{"line":472,"column":10},"end":{"line":486,"column":null}},"265":{"start":{"line":473,"column":12},"end":{"line":485,"column":null}},"266":{"start":{"line":490,"column":25},"end":{"line":490,"column":63}},"267":{"start":{"line":490,"column":8},"end":{"line":490,"column":63}},"268":{"start":{"line":493,"column":14},"end":{"line":503,"column":10}},"269":{"start":{"line":505,"column":8},"end":{"line":505,"column":67}},"270":{"start":{"line":505,"column":36},"end":{"line":505,"column":65}},"271":{"start":{"line":509,"column":6},"end":{"line":509,"column":18}},"272":{"start":{"line":510,"column":6},"end":{"line":510,"column":38}},"273":{"start":{"line":512,"column":6},"end":{"line":512,"column":45}},"274":{"start":{"line":513,"column":6},"end":{"line":513,"column":76}},"275":{"start":{"line":518,"column":20},"end":{"line":526,"column":3}},"276":{"start":{"line":519,"column":4},"end":{"line":519,"column":24}},"277":{"start":{"line":520,"column":4},"end":{"line":520,"column":21}},"278":{"start":{"line":521,"column":4},"end":{"line":521,"column":19}},"279":{"start":{"line":522,"column":4},"end":{"line":522,"column":19}},"280":{"start":{"line":523,"column":4},"end":{"line":523,"column":18}},"281":{"start":{"line":524,"column":4},"end":{"line":524,"column":24}},"282":{"start":{"line":525,"column":4},"end":{"line":525,"column":30}},"283":{"start":{"line":529,"column":30},"end":{"line":544,"column":4}},"284":{"start":{"line":529,"column":47},"end":{"line":544,"column":4}},"285":{"start":{"line":531,"column":6},"end":{"line":531,"column":35}},"286":{"start":{"line":532,"column":6},"end":{"line":532,"column":85}},"287":{"start":{"line":532,"column":34},"end":{"line":532,"column":84}},"288":{"start":{"line":532,"column":65},"end":{"line":532,"column":83}},"289":{"start":{"line":533,"column":6},"end":{"line":533,"column":39}},"290":{"start":{"line":534,"column":6},"end":{"line":534,"column":31}},"291":{"start":{"line":537,"column":6},"end":{"line":539,"column":null}},"292":{"start":{"line":538,"column":8},"end":{"line":538,"column":40}},"293":{"start":{"line":541,"column":6},"end":{"line":541,"column":73}},"294":{"start":{"line":542,"column":6},"end":{"line":542,"column":68}},"295":{"start":{"line":547,"column":31},"end":{"line":550,"column":3}},"296":{"start":{"line":548,"column":4},"end":{"line":548,"column":32}},"297":{"start":{"line":549,"column":4},"end":{"line":549,"column":36}},"298":{"start":{"line":553,"column":31},"end":{"line":553,"column":88}},"299":{"start":{"line":553,"column":58},"end":{"line":553,"column":88}},"300":{"start":{"line":556,"column":25},"end":{"line":559,"column":5}},"301":{"start":{"line":556,"column":43},"end":{"line":559,"column":5}},"302":{"start":{"line":558,"column":53},"end":{"line":558,"column":80}},"303":{"start":{"line":562,"column":28},"end":{"line":565,"column":3}},"304":{"start":{"line":563,"column":4},"end":{"line":563,"column":25}},"305":{"start":{"line":564,"column":4},"end":{"line":564,"column":53}},"306":{"start":{"line":568,"column":29},"end":{"line":629,"column":23}},"307":{"start":{"line":569,"column":4},"end":{"line":569,"column":30}},"308":{"start":{"line":572,"column":16},"end":{"line":572,"column":32}},"309":{"start":{"line":575,"column":4},"end":{"line":588,"column":null}},"310":{"start":{"line":576,"column":6},"end":{"line":587,"column":null}},"311":{"start":{"line":578,"column":8},"end":{"line":583,"column":11}},"312":{"start":{"line":579,"column":30},"end":{"line":579,"column":52}},"313":{"start":{"line":580,"column":28},"end":{"line":580,"column":61}},"314":{"start":{"line":581,"column":26},"end":{"line":581,"column":57}},"315":{"start":{"line":582,"column":10},"end":{"line":582,"column":68}},"316":{"start":{"line":586,"column":8},"end":{"line":586,"column":88}},"317":{"start":{"line":586,"column":46},"end":{"line":586,"column":87}},"318":{"start":{"line":591,"column":4},"end":{"line":595,"column":null}},"319":{"start":{"line":592,"column":6},"end":{"line":594,"column":8}},"320":{"start":{"line":593,"column":8},"end":{"line":593,"column":null}},"321":{"start":{"line":598,"column":4},"end":{"line":603,"column":null}},"322":{"start":{"line":599,"column":6},"end":{"line":602,"column":9}},"323":{"start":{"line":600,"column":21},"end":{"line":600,"column":61}},"324":{"start":{"line":600,"column":37},"end":{"line":600,"column":61}},"325":{"start":{"line":601,"column":8},"end":{"line":601,"column":60}},"326":{"start":{"line":606,"column":4},"end":{"line":616,"column":null}},"327":{"start":{"line":607,"column":6},"end":{"line":615,"column":9}},"328":{"start":{"line":608,"column":21},"end":{"line":608,"column":61}},"329":{"start":{"line":608,"column":37},"end":{"line":608,"column":61}},"330":{"start":{"line":609,"column":8},"end":{"line":609,"column":32}},"331":{"start":{"line":609,"column":19},"end":{"line":609,"column":32}},"332":{"start":{"line":612,"column":8},"end":{"line":614,"column":10}},"333":{"start":{"line":613,"column":10},"end":{"line":613,"column":null}},"334":{"start":{"line":619,"column":4},"end":{"line":626,"column":null}},"335":{"start":{"line":620,"column":20},"end":{"line":620,"column":53}},"336":{"start":{"line":621,"column":6},"end":{"line":625,"column":8}},"337":{"start":{"line":622,"column":8},"end":{"line":624,"column":null}},"338":{"start":{"line":628,"column":4},"end":{"line":628,"column":34}},"339":{"start":{"line":632,"column":2},"end":{"line":637,"column":51}},"340":{"start":{"line":633,"column":4},"end":{"line":636,"column":7}},"341":{"start":{"line":640,"column":34},"end":{"line":652,"column":3}},"342":{"start":{"line":641,"column":4},"end":{"line":648,"column":7}},"343":{"start":{"line":649,"column":4},"end":{"line":649,"column":31}},"344":{"start":{"line":650,"column":4},"end":{"line":650,"column":33}},"345":{"start":{"line":651,"column":4},"end":{"line":651,"column":40}},"346":{"start":{"line":655,"column":40},"end":{"line":718,"column":4}},"347":{"start":{"line":655,"column":71},"end":{"line":718,"column":4}},"348":{"start":{"line":657,"column":6},"end":{"line":657,"column":23}},"349":{"start":{"line":658,"column":10},"end":{"line":658,"column":27}},"350":{"start":{"line":662,"column":27},"end":{"line":667,"column":null}},"351":{"start":{"line":662,"column":14},"end":{"line":667,"column":null}},"352":{"start":{"line":669,"column":12},"end":{"line":669,"column":13}},"353":{"start":{"line":671,"column":16},"end":{"line":678,"column":12}},"354":{"start":{"line":681,"column":33},"end":{"line":681,"column":null}},"355":{"start":{"line":681,"column":16},"end":{"line":681,"column":null}},"356":{"start":{"line":682,"column":10},"end":{"line":682,"column":25}},"357":{"start":{"line":685,"column":16},"end":{"line":685,"column":85}},"358":{"start":{"line":685,"column":53},"end":{"line":685,"column":84}},"359":{"start":{"line":688,"column":10},"end":{"line":702,"column":null}},"360":{"start":{"line":689,"column":18},"end":{"line":699,"column":14}},"361":{"start":{"line":701,"column":12},"end":{"line":701,"column":71}},"362":{"start":{"line":701,"column":40},"end":{"line":701,"column":69}},"363":{"start":{"line":660,"column":49},"end":{"line":660,"column":null}},"364":{"start":{"line":660,"column":32},"end":{"line":660,"column":null}},"365":{"start":{"line":660,"column":17},"end":{"line":660,"column":32}},"366":{"start":{"line":706,"column":6},"end":{"line":706,"column":24}},"367":{"start":{"line":707,"column":6},"end":{"line":707,"column":77}},"368":{"start":{"line":710,"column":6},"end":{"line":710,"column":34}},"369":{"start":{"line":711,"column":6},"end":{"line":711,"column":38}},"370":{"start":{"line":714,"column":6},"end":{"line":714,"column":72}},"371":{"start":{"line":715,"column":6},"end":{"line":715,"column":83}},"372":{"start":{"line":716,"column":6},"end":{"line":716,"column":24}},"373":{"start":{"line":721,"column":29},"end":{"line":776,"column":3}},"374":{"start":{"line":722,"column":32},"end":{"line":724,"column":53}},"375":{"start":{"line":723,"column":37},"end":{"line":723,"column":61}},"376":{"start":{"line":724,"column":29},"end":{"line":724,"column":53}},"377":{"start":{"line":726,"column":4},"end":{"line":732,"column":null}},"378":{"start":{"line":727,"column":6},"end":{"line":731,"column":8}},"379":{"start":{"line":735,"column":27},"end":{"line":736,"column":null}},"380":{"start":{"line":736,"column":6},"end":{"line":736,"column":null}},"381":{"start":{"line":739,"column":4},"end":{"line":775,"column":6}},"382":{"start":{"line":741,"column":39},"end":{"line":773,"column":10}},"383":{"start":{"line":745,"column":27},"end":{"line":745,"column":null}},"384":{"start":{"line":762,"column":20},"end":{"line":762,"column":40}},"385":{"start":{"line":763,"column":20},"end":{"line":763,"column":48}},"386":{"start":{"line":764,"column":20},"end":{"line":764,"column":52}},"387":{"start":{"line":779,"column":28},"end":{"line":835,"column":3}},"388":{"start":{"line":780,"column":4},"end":{"line":782,"column":null}},"389":{"start":{"line":781,"column":6},"end":{"line":781,"column":13}},"390":{"start":{"line":784,"column":4},"end":{"line":784,"column":23}},"391":{"start":{"line":786,"column":23},"end":{"line":786,"column":35}},"392":{"start":{"line":787,"column":22},"end":{"line":787,"column":23}},"393":{"start":{"line":788,"column":23},"end":{"line":788,"column":24}},"394":{"start":{"line":790,"column":45},"end":{"line":790,"column":59}},"395":{"start":{"line":792,"column":4},"end":{"line":823,"column":null}},"396":{"start":{"line":794,"column":8},"end":{"line":794,"column":47}},"397":{"start":{"line":795,"column":8},"end":{"line":795,"column":14}},"398":{"start":{"line":797,"column":8},"end":{"line":797,"column":60}},"399":{"start":{"line":798,"column":8},"end":{"line":798,"column":14}},"400":{"start":{"line":800,"column":8},"end":{"line":800,"column":45}},"401":{"start":{"line":801,"column":8},"end":{"line":801,"column":14}},"402":{"start":{"line":803,"column":8},"end":{"line":803,"column":57}},"403":{"start":{"line":804,"column":8},"end":{"line":804,"column":14}},"404":{"start":{"line":806,"column":8},"end":{"line":812,"column":null}},"405":{"start":{"line":807,"column":10},"end":{"line":807,"column":24}},"406":{"start":{"line":808,"column":10},"end":{"line":808,"column":23}},"407":{"start":{"line":809,"column":10},"end":{"line":809,"column":24}},"408":{"start":{"line":811,"column":10},"end":{"line":811,"column":23}},"409":{"start":{"line":813,"column":8},"end":{"line":813,"column":14}},"410":{"start":{"line":815,"column":8},"end":{"line":821,"column":null}},"411":{"start":{"line":816,"column":10},"end":{"line":816,"column":37}},"412":{"start":{"line":817,"column":10},"end":{"line":817,"column":35}},"413":{"start":{"line":818,"column":10},"end":{"line":818,"column":37}},"414":{"start":{"line":820,"column":10},"end":{"line":820,"column":35}},"415":{"start":{"line":822,"column":8},"end":{"line":822,"column":14}},"416":{"start":{"line":825,"column":4},"end":{"line":825,"column":57}},"417":{"start":{"line":828,"column":17},"end":{"line":828,"column":32}},"418":{"start":{"line":829,"column":4},"end":{"line":834,"column":null}},"419":{"start":{"line":830,"column":25},"end":{"line":830,"column":141}},"420":{"start":{"line":831,"column":6},"end":{"line":833,"column":null}},"421":{"start":{"line":832,"column":8},"end":{"line":832,"column":27}},"422":{"start":{"line":838,"column":2},"end":{"line":844,"column":null}},"423":{"start":{"line":839,"column":4},"end":{"line":843,"column":6}},"424":{"start":{"line":847,"column":2},"end":{"line":862,"column":null}},"425":{"start":{"line":848,"column":4},"end":{"line":861,"column":6}},"426":{"start":{"line":854,"column":27},"end":{"line":854,"column":null}},"427":{"start":{"line":864,"column":2},"end":{"line":1354,"column":4}},"428":{"start":{"line":871,"column":12},"end":{"line":871,"column":30}},"429":{"start":{"line":879,"column":25},"end":{"line":879,"column":null}},"430":{"start":{"line":893,"column":25},"end":{"line":893,"column":null}},"431":{"start":{"line":959,"column":42},"end":{"line":972,"column":18}},"432":{"start":{"line":975,"column":33},"end":{"line":1026,"column":16}},"433":{"start":{"line":987,"column":51},"end":{"line":1024,"column":20}},"434":{"start":{"line":994,"column":41},"end":{"line":994,"column":73}},"435":{"start":{"line":995,"column":44},"end":{"line":995,"column":96}},"436":{"start":{"line":996,"column":44},"end":{"line":996,"column":108}},"437":{"start":{"line":999,"column":24},"end":{"line":1004,"column":null}},"438":{"start":{"line":1000,"column":46},"end":{"line":1000,"column":84}},"439":{"start":{"line":1001,"column":26},"end":{"line":1003,"column":null}},"440":{"start":{"line":1002,"column":28},"end":{"line":1002,"column":40}},"441":{"start":{"line":1006,"column":24},"end":{"line":1021,"column":26}},"442":{"start":{"line":1055,"column":41},"end":{"line":1055,"column":43}},"443":{"start":{"line":1055,"column":51},"end":{"line":1055,"column":53}},"444":{"start":{"line":1055,"column":58},"end":{"line":1132,"column":16}},"445":{"start":{"line":1070,"column":61},"end":{"line":1074,"column":24}},"446":{"start":{"line":1081,"column":40},"end":{"line":1081,"column":79}},"447":{"start":{"line":1082,"column":40},"end":{"line":1119,"column":24}},"448":{"start":{"line":1097,"column":47},"end":{"line":1097,"column":null}},"449":{"start":{"line":1107,"column":47},"end":{"line":1107,"column":null}},"450":{"start":{"line":1177,"column":35},"end":{"line":1177,"column":null}},"451":{"start":{"line":1182,"column":37},"end":{"line":1186,"column":20}},"452":{"start":{"line":1195,"column":35},"end":{"line":1195,"column":null}},"453":{"start":{"line":1208,"column":35},"end":{"line":1208,"column":null}},"454":{"start":{"line":1219,"column":35},"end":{"line":1219,"column":null}},"455":{"start":{"line":1231,"column":33},"end":{"line":1231,"column":null}},"456":{"start":{"line":1243,"column":33},"end":{"line":1243,"column":null}},"457":{"start":{"line":1253,"column":33},"end":{"line":1263,"column":null}},"458":{"start":{"line":1256,"column":46},"end":{"line":1256,"column":78}},"459":{"start":{"line":1262,"column":52},"end":{"line":1262,"column":78}},"460":{"start":{"line":1276,"column":31},"end":{"line":1276,"column":null}},"461":{"start":{"line":1320,"column":31},"end":{"line":1320,"column":null}},"462":{"start":{"line":1326,"column":31},"end":{"line":1326,"column":null}},"463":{"start":{"line":1348,"column":27},"end":{"line":1348,"column":93}},"464":{"start":{"line":1349,"column":12},"end":{"line":1349,"column":39}},"465":{"start":{"line":1349,"column":24},"end":{"line":1349,"column":39}},"466":{"start":{"line":1357,"column":0},"end":{"line":1357,"column":37}}},"fnMap":{"0":{"name":"(anonymous_23)","decl":{"start":{"line":47,"column":28},"end":{"line":47,"column":29}},"loc":{"start":{"line":47,"column":54},"end":{"line":52,"column":1}}},"1":{"name":"(anonymous_24)","decl":{"start":{"line":54,"column":40},"end":{"line":54,"column":null}},"loc":{"start":{"line":54,"column":40},"end":{"line":1355,"column":1}}},"2":{"name":"(anonymous_25)","decl":{"start":{"line":119,"column":12},"end":{"line":119,"column":null}},"loc":{"start":{"line":119,"column":12},"end":{"line":126,"column":3}}},"3":{"name":"(anonymous_26)","decl":{"start":{"line":120,"column":25},"end":{"line":120,"column":null}},"loc":{"start":{"line":120,"column":25},"end":{"line":122,"column":5}}},"4":{"name":"(anonymous_27)","decl":{"start":{"line":125,"column":11},"end":{"line":125,"column":17}},"loc":{"start":{"line":125,"column":11},"end":{"line":125,"column":23}}},"5":{"name":"(anonymous_28)","decl":{"start":{"line":129,"column":12},"end":{"line":129,"column":null}},"loc":{"start":{"line":129,"column":12},"end":{"line":151,"column":3}}},"6":{"name":"loadData","decl":{"start":{"line":130,"column":19},"end":{"line":130,"column":27}},"loc":{"start":{"line":130,"column":27},"end":{"line":148,"column":null}}},"7":{"name":"(anonymous_32)","decl":{"start":{"line":154,"column":12},"end":{"line":154,"column":null}},"loc":{"start":{"line":154,"column":12},"end":{"line":174,"column":3}}},"8":{"name":"loadBookingsForDate","decl":{"start":{"line":155,"column":19},"end":{"line":155,"column":38}},"loc":{"start":{"line":155,"column":38},"end":{"line":171,"column":null}}},"9":{"name":"(anonymous_36)","decl":{"start":{"line":162,"column":20},"end":{"line":162,"column":32}},"loc":{"start":{"line":162,"column":32},"end":{"line":166,"column":9}}},"10":{"name":"(anonymous_37)","decl":{"start":{"line":164,"column":57},"end":{"line":164,"column":58}},"loc":{"start":{"line":164,"column":58},"end":{"line":164,"column":63}}},"11":{"name":"(anonymous_38)","decl":{"start":{"line":177,"column":12},"end":{"line":177,"column":null}},"loc":{"start":{"line":177,"column":12},"end":{"line":208,"column":3}}},"12":{"name":"loadBookingsForWeek","decl":{"start":{"line":178,"column":19},"end":{"line":178,"column":38}},"loc":{"start":{"line":178,"column":38},"end":{"line":205,"column":null}}},"13":{"name":"(anonymous_42)","decl":{"start":{"line":190,"column":20},"end":{"line":190,"column":32}},"loc":{"start":{"line":190,"column":32},"end":{"line":200,"column":9}}},"14":{"name":"(anonymous_43)","decl":{"start":{"line":192,"column":52},"end":{"line":192,"column":53}},"loc":{"start":{"line":192,"column":53},"end":{"line":197,"column":11}}},"15":{"name":"(anonymous_44)","decl":{"start":{"line":211,"column":12},"end":{"line":211,"column":null}},"loc":{"start":{"line":211,"column":12},"end":{"line":214,"column":3}}},"16":{"name":"(anonymous_45)","decl":{"start":{"line":217,"column":47},"end":{"line":217,"column":48}},"loc":{"start":{"line":217,"column":52},"end":{"line":217,"column":58}}},"17":{"name":"(anonymous_46)","decl":{"start":{"line":223,"column":26},"end":{"line":223,"column":null}},"loc":{"start":{"line":223,"column":26},"end":{"line":229,"column":3}}},"18":{"name":"(anonymous_47)","decl":{"start":{"line":232,"column":28},"end":{"line":232,"column":29}},"loc":{"start":{"line":232,"column":39},"end":{"line":255,"column":3}}},"19":{"name":"(anonymous_48)","decl":{"start":{"line":233,"column":34},"end":{"line":233,"column":35}},"loc":{"start":{"line":233,"column":35},"end":{"line":233,"column":40}}},"20":{"name":"(anonymous_49)","decl":{"start":{"line":258,"column":26},"end":{"line":258,"column":27}},"loc":{"start":{"line":258,"column":67},"end":{"line":265,"column":3}}},"21":{"name":"(anonymous_50)","decl":{"start":{"line":268,"column":31},"end":{"line":268,"column":32}},"loc":{"start":{"line":268,"column":93},"end":{"line":284,"column":3}}},"22":{"name":"(anonymous_51)","decl":{"start":{"line":287,"column":31},"end":{"line":287,"column":32}},"loc":{"start":{"line":287,"column":55},"end":{"line":304,"column":3}}},"23":{"name":"(anonymous_52)","decl":{"start":{"line":288,"column":26},"end":{"line":288,"column":33}},"loc":{"start":{"line":288,"column":33},"end":{"line":303,"column":5}}},"24":{"name":"(anonymous_53)","decl":{"start":{"line":290,"column":30},"end":{"line":290,"column":31}},"loc":{"start":{"line":290,"column":31},"end":{"line":290,"column":36}}},"25":{"name":"(anonymous_54)","decl":{"start":{"line":307,"column":30},"end":{"line":307,"column":31}},"loc":{"start":{"line":307,"column":56},"end":{"line":317,"column":3}}},"26":{"name":"(anonymous_55)","decl":{"start":{"line":320,"column":26},"end":{"line":320,"column":null}},"loc":{"start":{"line":320,"column":26},"end":{"line":328,"column":4}}},"27":{"name":"getWeekStartDate","decl":{"start":{"line":331,"column":11},"end":{"line":331,"column":27}},"loc":{"start":{"line":331,"column":38},"end":{"line":337,"column":3}}},"28":{"name":"formatTime","decl":{"start":{"line":340,"column":11},"end":{"line":340,"column":21}},"loc":{"start":{"line":340,"column":34},"end":{"line":347,"column":3}}},"29":{"name":"getWeekDays","decl":{"start":{"line":350,"column":11},"end":{"line":350,"column":22}},"loc":{"start":{"line":350,"column":40},"end":{"line":360,"column":3}}},"30":{"name":"formatDateHeader","decl":{"start":{"line":363,"column":11},"end":{"line":363,"column":27}},"loc":{"start":{"line":363,"column":38},"end":{"line":366,"column":3}}},"31":{"name":"hasBookingAt","decl":{"start":{"line":369,"column":11},"end":{"line":369,"column":23}},"loc":{"start":{"line":369,"column":64},"end":{"line":379,"column":3}}},"32":{"name":"(anonymous_63)","decl":{"start":{"line":371,"column":25},"end":{"line":371,"column":32}},"loc":{"start":{"line":371,"column":32},"end":{"line":378,"column":5}}},"33":{"name":"getBookingInfo","decl":{"start":{"line":382,"column":11},"end":{"line":382,"column":25}},"loc":{"start":{"line":382,"column":66},"end":{"line":392,"column":3}}},"34":{"name":"(anonymous_65)","decl":{"start":{"line":384,"column":25},"end":{"line":384,"column":32}},"loc":{"start":{"line":384,"column":32},"end":{"line":391,"column":5}}},"35":{"name":"handlePrevWeek","decl":{"start":{"line":395,"column":11},"end":{"line":395,"column":25}},"loc":{"start":{"line":395,"column":25},"end":{"line":399,"column":3}}},"36":{"name":"handleNextWeek","decl":{"start":{"line":402,"column":11},"end":{"line":402,"column":25}},"loc":{"start":{"line":402,"column":25},"end":{"line":406,"column":3}}},"37":{"name":"handleCurrentWeek","decl":{"start":{"line":409,"column":11},"end":{"line":409,"column":28}},"loc":{"start":{"line":409,"column":28},"end":{"line":411,"column":3}}},"38":{"name":"(anonymous_69)","decl":{"start":{"line":414,"column":30},"end":{"line":414,"column":37}},"loc":{"start":{"line":414,"column":55},"end":{"line":515,"column":4}}},"39":{"name":"(anonymous_70)","decl":{"start":{"line":414,"column":65},"end":{"line":414,"column":null}},"loc":{"start":{"line":414,"column":65},"end":{"line":515,"column":4}}},"40":{"name":"(anonymous_72)","decl":{"start":{"line":447,"column":41},"end":{"line":447,"column":45}},"loc":{"start":{"line":447,"column":45},"end":{"line":447,"column":53}}},"41":{"name":"(anonymous_73)","decl":{"start":{"line":471,"column":20},"end":{"line":471,"column":32}},"loc":{"start":{"line":471,"column":32},"end":{"line":472,"column":22}}},"42":{"name":"(anonymous_74)","decl":{"start":{"line":472,"column":27},"end":{"line":472,"column":34}},"loc":{"start":{"line":472,"column":34},"end":{"line":473,"column":19}}},"43":{"name":"(anonymous_75)","decl":{"start":{"line":505,"column":20},"end":{"line":505,"column":32}},"loc":{"start":{"line":505,"column":32},"end":{"line":505,"column":40}}},"44":{"name":"(anonymous_76)","decl":{"start":{"line":518,"column":20},"end":{"line":518,"column":null}},"loc":{"start":{"line":518,"column":20},"end":{"line":526,"column":3}}},"45":{"name":"(anonymous_77)","decl":{"start":{"line":529,"column":30},"end":{"line":529,"column":37}},"loc":{"start":{"line":529,"column":47},"end":{"line":544,"column":4}}},"46":{"name":"(anonymous_78)","decl":{"start":{"line":529,"column":57},"end":{"line":529,"column":null}},"loc":{"start":{"line":529,"column":57},"end":{"line":544,"column":4}}},"47":{"name":"(anonymous_80)","decl":{"start":{"line":532,"column":18},"end":{"line":532,"column":30}},"loc":{"start":{"line":532,"column":30},"end":{"line":532,"column":46}}},"48":{"name":"(anonymous_81)","decl":{"start":{"line":532,"column":54},"end":{"line":532,"column":61}},"loc":{"start":{"line":532,"column":61},"end":{"line":532,"column":72}}},"49":{"name":"(anonymous_82)","decl":{"start":{"line":547,"column":31},"end":{"line":547,"column":32}},"loc":{"start":{"line":547,"column":48},"end":{"line":550,"column":3}}},"50":{"name":"(anonymous_83)","decl":{"start":{"line":553,"column":47},"end":{"line":553,"column":54}},"loc":{"start":{"line":553,"column":54},"end":{"line":553,"column":65}}},"51":{"name":"(anonymous_84)","decl":{"start":{"line":556,"column":35},"end":{"line":556,"column":39}},"loc":{"start":{"line":556,"column":39},"end":{"line":556,"column":44}}},"52":{"name":"(anonymous_85)","decl":{"start":{"line":558,"column":42},"end":{"line":558,"column":49}},"loc":{"start":{"line":558,"column":49},"end":{"line":558,"column":60}}},"53":{"name":"(anonymous_86)","decl":{"start":{"line":562,"column":28},"end":{"line":562,"column":29}},"loc":{"start":{"line":562,"column":41},"end":{"line":565,"column":3}}},"54":{"name":"(anonymous_87)","decl":{"start":{"line":568,"column":41},"end":{"line":568,"column":42}},"loc":{"start":{"line":568,"column":54},"end":{"line":629,"column":3}}},"55":{"name":"(anonymous_88)","decl":{"start":{"line":578,"column":35},"end":{"line":578,"column":42}},"loc":{"start":{"line":578,"column":42},"end":{"line":583,"column":9}}},"56":{"name":"(anonymous_89)","decl":{"start":{"line":586,"column":35},"end":{"line":586,"column":42}},"loc":{"start":{"line":586,"column":42},"end":{"line":586,"column":53}}},"57":{"name":"(anonymous_90)","decl":{"start":{"line":592,"column":33},"end":{"line":592,"column":40}},"loc":{"start":{"line":592,"column":40},"end":{"line":593,"column":15}}},"58":{"name":"(anonymous_91)","decl":{"start":{"line":599,"column":33},"end":{"line":599,"column":40}},"loc":{"start":{"line":599,"column":40},"end":{"line":602,"column":7}}},"59":{"name":"(anonymous_92)","decl":{"start":{"line":600,"column":32},"end":{"line":600,"column":33}},"loc":{"start":{"line":600,"column":33},"end":{"line":600,"column":38}}},"60":{"name":"(anonymous_93)","decl":{"start":{"line":607,"column":33},"end":{"line":607,"column":40}},"loc":{"start":{"line":607,"column":40},"end":{"line":615,"column":7}}},"61":{"name":"(anonymous_94)","decl":{"start":{"line":608,"column":32},"end":{"line":608,"column":33}},"loc":{"start":{"line":608,"column":33},"end":{"line":608,"column":38}}},"62":{"name":"(anonymous_95)","decl":{"start":{"line":612,"column":46},"end":{"line":612,"column":47}},"loc":{"start":{"line":612,"column":62},"end":{"line":613,"column":14}}},"63":{"name":"(anonymous_96)","decl":{"start":{"line":621,"column":33},"end":{"line":621,"column":40}},"loc":{"start":{"line":621,"column":40},"end":{"line":622,"column":15}}},"64":{"name":"(anonymous_97)","decl":{"start":{"line":632,"column":12},"end":{"line":632,"column":null}},"loc":{"start":{"line":632,"column":12},"end":{"line":637,"column":3}}},"65":{"name":"(anonymous_98)","decl":{"start":{"line":640,"column":34},"end":{"line":640,"column":null}},"loc":{"start":{"line":640,"column":34},"end":{"line":652,"column":3}}},"66":{"name":"(anonymous_99)","decl":{"start":{"line":655,"column":40},"end":{"line":655,"column":47}},"loc":{"start":{"line":655,"column":71},"end":{"line":718,"column":4}}},"67":{"name":"(anonymous_100)","decl":{"start":{"line":655,"column":71},"end":{"line":655,"column":null}},"loc":{"start":{"line":655,"column":71},"end":{"line":718,"column":4}}},"68":{"name":"(anonymous_104)","decl":{"start":{"line":685,"column":45},"end":{"line":685,"column":49}},"loc":{"start":{"line":685,"column":49},"end":{"line":685,"column":57}}},"69":{"name":"(anonymous_105)","decl":{"start":{"line":701,"column":24},"end":{"line":701,"column":36}},"loc":{"start":{"line":701,"column":36},"end":{"line":701,"column":44}}},"70":{"name":"(anonymous_106)","decl":{"start":{"line":721,"column":29},"end":{"line":721,"column":null}},"loc":{"start":{"line":721,"column":29},"end":{"line":776,"column":3}}},"71":{"name":"(anonymous_107)","decl":{"start":{"line":723,"column":32},"end":{"line":723,"column":33}},"loc":{"start":{"line":723,"column":33},"end":{"line":723,"column":38}}},"72":{"name":"(anonymous_108)","decl":{"start":{"line":724,"column":24},"end":{"line":724,"column":25}},"loc":{"start":{"line":724,"column":25},"end":{"line":724,"column":30}}},"73":{"name":"(anonymous_109)","decl":{"start":{"line":735,"column":57},"end":{"line":735,"column":58}},"loc":{"start":{"line":735,"column":62},"end":{"line":736,"column":7}}},"74":{"name":"(anonymous_110)","decl":{"start":{"line":741,"column":28},"end":{"line":741,"column":35}},"loc":{"start":{"line":741,"column":35},"end":{"line":741,"column":null}}},"75":{"name":"(anonymous_111)","decl":{"start":{"line":745,"column":21},"end":{"line":745,"column":27}},"loc":{"start":{"line":745,"column":21},"end":{"line":745,"column":44}}},"76":{"name":"(anonymous_112)","decl":{"start":{"line":761,"column":27},"end":{"line":761,"column":28}},"loc":{"start":{"line":761,"column":29},"end":{"line":765,"column":19}}},"77":{"name":"(anonymous_113)","decl":{"start":{"line":779,"column":28},"end":{"line":779,"column":29}},"loc":{"start":{"line":779,"column":51},"end":{"line":835,"column":3}}},"78":{"name":"(anonymous_114)","decl":{"start":{"line":854,"column":21},"end":{"line":854,"column":27}},"loc":{"start":{"line":854,"column":21},"end":{"line":854,"column":33}}},"79":{"name":"(anonymous_115)","decl":{"start":{"line":869,"column":46},"end":{"line":869,"column":null}},"loc":{"start":{"line":869,"column":46},"end":{"line":872,"column":11}}},"80":{"name":"(anonymous_116)","decl":{"start":{"line":879,"column":19},"end":{"line":879,"column":25}},"loc":{"start":{"line":879,"column":19},"end":{"line":879,"column":42}}},"81":{"name":"(anonymous_117)","decl":{"start":{"line":893,"column":19},"end":{"line":893,"column":25}},"loc":{"start":{"line":893,"column":19},"end":{"line":893,"column":42}}},"82":{"name":"(anonymous_118)","decl":{"start":{"line":959,"column":30},"end":{"line":959,"column":31}},"loc":{"start":{"line":959,"column":37},"end":{"line":959,"column":null}}},"83":{"name":"(anonymous_119)","decl":{"start":{"line":975,"column":25},"end":{"line":975,"column":29}},"loc":{"start":{"line":975,"column":29},"end":{"line":975,"column":null}}},"84":{"name":"(anonymous_120)","decl":{"start":{"line":987,"column":32},"end":{"line":987,"column":33}},"loc":{"start":{"line":987,"column":46},"end":{"line":987,"column":null}}},"85":{"name":"(anonymous_121)","decl":{"start":{"line":993,"column":37},"end":{"line":993,"column":41}},"loc":{"start":{"line":993,"column":41},"end":{"line":1022,"column":23}}},"86":{"name":"(anonymous_122)","decl":{"start":{"line":1055,"column":34},"end":{"line":1055,"column":35}},"loc":{"start":{"line":1055,"column":53},"end":{"line":1055,"column":null}}},"87":{"name":"(anonymous_123)","decl":{"start":{"line":1070,"column":41},"end":{"line":1070,"column":42}},"loc":{"start":{"line":1070,"column":56},"end":{"line":1070,"column":null}}},"88":{"name":"(anonymous_124)","decl":{"start":{"line":1081,"column":30},"end":{"line":1081,"column":31}},"loc":{"start":{"line":1081,"column":35},"end":{"line":1081,"column":41}}},"89":{"name":"(anonymous_125)","decl":{"start":{"line":1082,"column":29},"end":{"line":1082,"column":36}},"loc":{"start":{"line":1082,"column":36},"end":{"line":1082,"column":null}}},"90":{"name":"(anonymous_126)","decl":{"start":{"line":1097,"column":41},"end":{"line":1097,"column":47}},"loc":{"start":{"line":1097,"column":41},"end":{"line":1097,"column":64}}},"91":{"name":"(anonymous_127)","decl":{"start":{"line":1107,"column":41},"end":{"line":1107,"column":47}},"loc":{"start":{"line":1107,"column":41},"end":{"line":1107,"column":67}}},"92":{"name":"(anonymous_128)","decl":{"start":{"line":1177,"column":28},"end":{"line":1177,"column":29}},"loc":{"start":{"line":1177,"column":30},"end":{"line":1177,"column":50}}},"93":{"name":"(anonymous_129)","decl":{"start":{"line":1182,"column":29},"end":{"line":1182,"column":33}},"loc":{"start":{"line":1182,"column":33},"end":{"line":1182,"column":null}}},"94":{"name":"(anonymous_130)","decl":{"start":{"line":1195,"column":28},"end":{"line":1195,"column":29}},"loc":{"start":{"line":1195,"column":30},"end":{"line":1195,"column":49}}},"95":{"name":"(anonymous_131)","decl":{"start":{"line":1208,"column":28},"end":{"line":1208,"column":29}},"loc":{"start":{"line":1208,"column":30},"end":{"line":1208,"column":47}}},"96":{"name":"(anonymous_132)","decl":{"start":{"line":1219,"column":28},"end":{"line":1219,"column":29}},"loc":{"start":{"line":1219,"column":30},"end":{"line":1219,"column":45}}},"97":{"name":"(anonymous_133)","decl":{"start":{"line":1231,"column":26},"end":{"line":1231,"column":27}},"loc":{"start":{"line":1231,"column":28},"end":{"line":1231,"column":42}}},"98":{"name":"(anonymous_134)","decl":{"start":{"line":1243,"column":26},"end":{"line":1243,"column":27}},"loc":{"start":{"line":1243,"column":28},"end":{"line":1243,"column":43}}},"99":{"name":"(anonymous_135)","decl":{"start":{"line":1253,"column":27},"end":{"line":1253,"column":33}},"loc":{"start":{"line":1253,"column":27},"end":{"line":1263,"column":null}}},"100":{"name":"(anonymous_136)","decl":{"start":{"line":1256,"column":41},"end":{"line":1256,"column":42}},"loc":{"start":{"line":1256,"column":42},"end":{"line":1256,"column":47}}},"101":{"name":"(anonymous_137)","decl":{"start":{"line":1262,"column":47},"end":{"line":1262,"column":48}},"loc":{"start":{"line":1262,"column":48},"end":{"line":1262,"column":53}}},"102":{"name":"(anonymous_138)","decl":{"start":{"line":1276,"column":25},"end":{"line":1276,"column":31}},"loc":{"start":{"line":1276,"column":25},"end":{"line":1276,"column":48}}},"103":{"name":"(anonymous_139)","decl":{"start":{"line":1320,"column":25},"end":{"line":1320,"column":31}},"loc":{"start":{"line":1320,"column":25},"end":{"line":1320,"column":56}}},"104":{"name":"(anonymous_140)","decl":{"start":{"line":1326,"column":25},"end":{"line":1326,"column":31}},"loc":{"start":{"line":1326,"column":25},"end":{"line":1326,"column":50}}},"105":{"name":"(anonymous_141)","decl":{"start":{"line":1346,"column":30},"end":{"line":1346,"column":null}},"loc":{"start":{"line":1346,"column":30},"end":{"line":1350,"column":11}}}},"branchMap":{"0":{"loc":{"start":{"line":48,"column":2},"end":{"line":50,"column":null}},"type":"if","locations":[{"start":{"line":48,"column":2},"end":{"line":50,"column":null}}]},"1":{"loc":{"start":{"line":48,"column":6},"end":{"line":48,"column":53}},"type":"binary-expr","locations":[{"start":{"line":48,"column":6},"end":{"line":48,"column":18}},{"start":{"line":48,"column":22},"end":{"line":48,"column":53}}]},"2":{"loc":{"start":{"line":73,"column":4},"end":{"line":73,"column":60}},"type":"binary-expr","locations":[{"start":{"line":73,"column":4},"end":{"line":73,"column":46}},{"start":{"line":73,"column":50},"end":{"line":73,"column":60}}]},"3":{"loc":{"start":{"line":157,"column":8},"end":{"line":157,"column":34}},"type":"if","locations":[{"start":{"line":157,"column":8},"end":{"line":157,"column":34}}]},"4":{"loc":{"start":{"line":196,"column":19},"end":{"line":196,"column":71}},"type":"binary-expr","locations":[{"start":{"line":196,"column":19},"end":{"line":196,"column":42}},{"start":{"line":196,"column":46},"end":{"line":196,"column":71}}]},"5":{"loc":{"start":{"line":234,"column":4},"end":{"line":254,"column":null}},"type":"if","locations":[{"start":{"line":234,"column":4},"end":{"line":254,"column":null}}]},"6":{"loc":{"start":{"line":240,"column":17},"end":{"line":240,"column":38}},"type":"binary-expr","locations":[{"start":{"line":240,"column":17},"end":{"line":240,"column":32}},{"start":{"line":240,"column":36},"end":{"line":240,"column":38}}]},"7":{"loc":{"start":{"line":250,"column":21},"end":{"line":250,"column":53}},"type":"binary-expr","locations":[{"start":{"line":250,"column":21},"end":{"line":250,"column":40}},{"start":{"line":250,"column":44},"end":{"line":250,"column":53}}]},"8":{"loc":{"start":{"line":295,"column":18},"end":{"line":295,"column":48}},"type":"cond-expr","locations":[{"start":{"line":295,"column":25},"end":{"line":295,"column":34}},{"start":{"line":295,"column":37},"end":{"line":295,"column":48}}]},"9":{"loc":{"start":{"line":300,"column":17},"end":{"line":300,"column":38}},"type":"binary-expr","locations":[{"start":{"line":300,"column":17},"end":{"line":300,"column":32}},{"start":{"line":300,"column":36},"end":{"line":300,"column":38}}]},"10":{"loc":{"start":{"line":301,"column":21},"end":{"line":301,"column":54}},"type":"binary-expr","locations":[{"start":{"line":301,"column":21},"end":{"line":301,"column":41}},{"start":{"line":301,"column":45},"end":{"line":301,"column":54}}]},"11":{"loc":{"start":{"line":334,"column":38},"end":{"line":334,"column":56}},"type":"cond-expr","locations":[{"start":{"line":334,"column":50},"end":{"line":334,"column":52}},{"start":{"line":334,"column":55},"end":{"line":334,"column":56}}]},"12":{"loc":{"start":{"line":341,"column":4},"end":{"line":341,"column":25}},"type":"if","locations":[{"start":{"line":341,"column":4},"end":{"line":341,"column":25}}]},"13":{"loc":{"start":{"line":372,"column":6},"end":{"line":372,"column":78}},"type":"if","locations":[{"start":{"line":372,"column":6},"end":{"line":372,"column":78}}]},"14":{"loc":{"start":{"line":372,"column":10},"end":{"line":372,"column":63}},"type":"binary-expr","locations":[{"start":{"line":372,"column":10},"end":{"line":372,"column":35}},{"start":{"line":372,"column":39},"end":{"line":372,"column":63}}]},"15":{"loc":{"start":{"line":377,"column":13},"end":{"line":377,"column":48}},"type":"binary-expr","locations":[{"start":{"line":377,"column":13},"end":{"line":377,"column":30}},{"start":{"line":377,"column":34},"end":{"line":377,"column":48}}]},"16":{"loc":{"start":{"line":384,"column":11},"end":{"line":391,"column":14}},"type":"binary-expr","locations":[{"start":{"line":384,"column":11},"end":{"line":391,"column":6}},{"start":{"line":391,"column":10},"end":{"line":391,"column":14}}]},"17":{"loc":{"start":{"line":385,"column":6},"end":{"line":385,"column":78}},"type":"if","locations":[{"start":{"line":385,"column":6},"end":{"line":385,"column":78}}]},"18":{"loc":{"start":{"line":385,"column":10},"end":{"line":385,"column":63}},"type":"binary-expr","locations":[{"start":{"line":385,"column":10},"end":{"line":385,"column":35}},{"start":{"line":385,"column":39},"end":{"line":385,"column":63}}]},"19":{"loc":{"start":{"line":390,"column":13},"end":{"line":390,"column":48}},"type":"binary-expr","locations":[{"start":{"line":390,"column":13},"end":{"line":390,"column":30}},{"start":{"line":390,"column":34},"end":{"line":390,"column":48}}]},"20":{"loc":{"start":{"line":490,"column":25},"end":{"line":490,"column":63}},"type":"switch","locations":[{"start":{"line":490,"column":25},"end":{"line":490,"column":63}}]},"21":{"loc":{"start":{"line":418,"column":4},"end":{"line":421,"column":null
[...]
":{"start":{"line":101,"column":35},"end":{"line":124,"column":10}}},"6":{"name":"(anonymous_24)","decl":{"start":{"line":101,"column":35},"end":{"line":101,"column":null}},"loc":{"start":{"line":101,"column":35},"end":{"line":124,"column":10}}},"7":{"name":"(anonymous_26)","decl":{"start":{"line":146,"column":21},"end":{"line":146,"column":null}},"loc":{"start":{"line":146,"column":21},"end":{"line":159,"column":null}}}},"branchMap":{"0":{"loc":{"start":{"line":46,"column":10},"end":{"line":46,"column":69}},"type":"switch","locations":[{"start":{"line":46,"column":10},"end":{"line":46,"column":69}}]},"1":{"loc":{"start":{"line":17,"column":14},"end":{"line":17,"column":15}},"type":"if","locations":[{"start":{"line":17,"column":14},"end":{"line":17,"column":15}}]},"2":{"loc":{"start":{"line":21,"column":27},"end":{"line":21,"column":65}},"type":"binary-expr","locations":[{"start":{"line":21,"column":27},"end":{"line":21,"column":42}},{"start":{"line":21,"column":46},"end":{"line":21,"column":65}}]},"3":{"loc":{"start":{"line":62,"column":25},"end":{"line":62,"column":77}},"type":"cond-expr","locations":[{"start":{"line":62,"column":50},"end":{"line":62,"column":63}},{"start":{"line":62,"column":66},"end":{"line":62,"column":77}}]},"4":{"loc":{"start":{"line":88,"column":26},"end":{"line":88,"column":62}},"type":"binary-expr","locations":[{"start":{"line":88,"column":26},"end":{"line":88,"column":55}},{"start":{"line":88,"column":59},"end":{"line":88,"column":62}}]},"5":{"loc":{"start":{"line":88,"column":26},"end":{"line":88,"column":55}},"type":"cond-expr","locations":[{"start":{"line":88,"column":39},"end":{"line":88,"column":41}},{"start":{"line":88,"column":39},"end":{"line":88,"column":55}}]},"6":{"loc":{"start":{"line":88,"column":26},"end":{"line":88,"column":41}},"type":"binary-expr","locations":[{"start":{"line":88,"column":26},"end":{"line":88,"column":41}},{"start":{"line":88,"column":39},"end":{"line":88,"column":41}}]},"7":{"loc":{"start":{"line":89,"column":14},"end":{"line":89,"column":56}},"type":"binary-expr","locations":[{"start":{"line":89,"column":14},"end":{"line":89,"column":50}},{"start":{"line":89,"column":54},"end":{"line":89,"column":56}}]},"8":{"loc":{"start":{"line":89,"column":14},"end":{"line":89,"column":50}},"type":"cond-expr","locations":[{"start":{"line":89,"column":35},"end":{"line":89,"column":37}},{"start":{"line":89,"column":35},"end":{"line":89,"column":50}}]},"9":{"loc":{"start":{"line":89,"column":14},"end":{"line":89,"column":37}},"type":"binary-expr","locations":[{"start":{"line":89,"column":14},"end":{"line":89,"column":37}},{"start":{"line":89,"column":35},"end":{"line":89,"column":37}}]},"10":{"loc":{"start":{"line":89,"column":14},"end":{"line":89,"column":35}},"type":"cond-expr","locations":[{"start":{"line":89,"column":25},"end":{"line":89,"column":27}},{"start":{"line":89,"column":25},"end":{"line":89,"column":35}}]},"11":{"loc":{"start":{"line":89,"column":14},"end":{"line":89,"column":27}},"type":"binary-expr","locations":[{"start":{"line":89,"column":14},"end":{"line":89,"column":27}},{"start":{"line":89,"column":25},"end":{"line":89,"column":27}}]},"12":{"loc":{"start":{"line":90,"column":20},"end":{"line":90,"column":78}},"type":"binary-expr","locations":[{"start":{"line":90,"column":20},"end":{"line":90,"column":72}},{"start":{"line":90,"column":76},"end":{"line":90,"column":78}}]},"13":{"loc":{"start":{"line":90,"column":20},"end":{"line":90,"column":72}},"type":"cond-expr","locations":[{"start":{"line":90,"column":41},"end":{"line":90,"column":43}},{"start":{"line":90,"column":41},"end":{"line":90,"column":72}}]},"14":{"loc":{"start":{"line":90,"column":20},"end":{"line":90,"column":43}},"type":"binary-expr","locations":[{"start":{"line":90,"column":20},"end":{"line":90,"column":43}},{"start":{"line":90,"column":41},"end":{"line":90,"column":43}}]},"15":{"loc":{"start":{"line":90,"column":20},"end":{"line":90,"column":41}},"type":"cond-expr","locations":[{"start":{"line":90,"column":31},"end":{"line":90,"column":33}},{"start":{"line":90,"column":31},"end":{"line":90,"column":41}}]},"16":{"loc":{"start":{"line":90,"column":20},"end":{"line":90,"column":33}},"type":"binary-expr","locations":[{"start":{"line":90,"column":20},"end":{"line":90,"column":33}},{"start":{"line":90,"column":31},"end":{"line":90,"column":33}}]},"17":{"loc":{"start":{"line":91,"column":18},"end":{"line":91,"column":74}},"type":"binary-expr","locations":[{"start":{"line":91,"column":18},"end":{"line":91,"column":68}},{"start":{"line":91,"column":72},"end":{"line":91,"column":74}}]},"18":{"loc":{"start":{"line":91,"column":18},"end":{"line":91,"column":68}},"type":"cond-expr","locations":[{"start":{"line":91,"column":37},"end":{"line":91,"column":39}},{"start":{"line":91,"column":37},"end":{"line":91,"column":68}}]},"19":{"loc":{"start":{"line":91,"column":18},"end":{"line":91,"column":39}},"type":"binary-expr","locations":[{"start":{"line":91,"column":18},"end":{"line":91,"column":39}},{"start":{"line":91,"column":37},"end":{"line":91,"column":39}}]},"20":{"loc":{"start":{"line":91,"column":18},"end":{"line":91,"column":37}},"type":"cond-expr","locations":[{"start":{"line":91,"column":27},"end":{"line":91,"column":29}},{"start":{"line":91,"column":27},"end":{"line":91,"column":37}}]},"21":{"loc":{"start":{"line":91,"column":18},"end":{"line":91,"column":29}},"type":"binary-expr","locations":[{"start":{"line":91,"column":18},"end":{"line":91,"column":29}},{"start":{"line":91,"column":27},"end":{"line":91,"column":29}}]},"22":{"loc":{"start":{"line":92,"column":16},"end":{"line":92,"column":51}},"type":"binary-expr","locations":[{"start":{"line":92,"column":16},"end":{"line":92,"column":38}},{"start":{"line":92,"column":42},"end":{"line":92,"column":51}}]},"23":{"loc":{"start":{"line":92,"column":16},"end":{"line":92,"column":38}},"type":"cond-expr","locations":[{"start":{"line":92,"column":31},"end":{"line":92,"column":33}},{"start":{"line":92,"column":31},"end":{"line":92,"column":38}}]},"24":{"loc":{"start":{"line":92,"column":16},"end":{"line":92,"column":33}},"type":"binary-expr","locations":[{"start":{"line":92,"column":16},"end":{"line":92,"column":33}},{"start":{"line":92,"column":31},"end":{"line":92,"column":33}}]},"25":{"loc":{"start":{"line":93,"column":17},"end":{"line":93,"column":40}},"type":"binary-expr","locations":[{"start":{"line":93,"column":17},"end":{"line":93,"column":34}},{"start":{"line":93,"column":38},"end":{"line":93,"column":40}}]},"26":{"loc":{"start":{"line":102,"column":44},"end":{"line":106,"column":null}},"type":"switch","locations":[{"start":{"line":102,"column":44},"end":{"line":106,"column":null}},{"start":{"line":117,"column":41},"end":{"line":121,"column":null}}]},"27":{"loc":{"start":{"line":108,"column":14},"end":{"line":108,"column":29}},"type":"if","locations":[{"start":{"line":108,"column":14},"end":{"line":108,"column":29}}]},"28":{"loc":{"start":{"line":122,"column":32},"end":{"line":122,"column":46}},"type":"cond-expr","locations":[{"start":{"line":122,"column":42},"end":{"line":122,"column":44}},{"start":{"line":122,"column":32},"end":{"line":122,"column":46}}]},"29":{"loc":{"start":{"line":122,"column":32},"end":{"line":122,"column":44}},"type":"binary-expr","locations":[{"start":{"line":122,"column":32},"end":{"line":122,"column":44}},{"start":{"line":122,"column":32},"end":{"line":122,"column":44}}]},"30":{"loc":{"start":{"line":139,"column":25},"end":{"line":139,"column":77}},"type":"cond-expr","locations":[{"start":{"line":139,"column":50},"end":{"line":139,"column":63}},{"start":{"line":139,"column":66},"end":{"line":139,"column":77}}]},"31":{"loc":{"start":{"line":147,"column":28},"end":{"line":151,"column":null}},"type":"switch","locations":[{"start":{"line":147,"column":28},"end":{"line":151,"column":null}}]},"32":{"loc":{"start":{"line":153,"column":4},"end":{"line":156,"column":null}},"type":"if","locations":[{"start":{"line":153,"column":4},"end":{"line":156,"column":null}}]}},"s":{"0":0,"1":0,"2":0,"3":0,"4":0,"5":0,"6":0,"7":0,"8":0,"9":0,"10":0,"11":0,"12":0,"13":0,"14":0,"15":0,"16":0,"17":0,"18":0,"19":0,"20":0,"21":0,"22":0,"23":0,"24":0,"25":0,"26":0,"27":0,"28":0,"29":0,"30":0,"31":0,"32":0,"33":0,"34":0,"35":0,"36":0,"37":0,"38":0,"39":0,"40":0,"41":0,"42":0,"43":0,"44":0,"45":0,"46":0,"47":0},"f":{"0":0,"1":0,"2":0,"3":0,"4":0,"5":0,"6":0,"7":0},"b":{"0":[0],"1":[0],"2":[0,0],"3":[0,0],"4":[0,0],"5":[0,0],"6":[0,0],"7":[0,0],"8":[0,0],"9":[0,0],"10":[0,0],"11":[0,0],"12":[0,0],"13":[0,0],"14":[0,0],"15":[0,0],"16":[0,0],"17":[0,0],"18":[0,0],"19":[0,0],"20":[0,0],"21":[0,0],"22":[0,0],"23":[0,0],"24":[0,0],"25":[0,0],"26":[0,0],"27":[0],"28":[0,0],"29":[0,0],"30":[0,0],"31":[0],"32":[0]}}
,"/Users/david/040/Sjobergska_RoD/src/lib/initializeDatabase.ts": {"path":"/Users/david/040/Sjobergska_RoD/src/lib/initializeDatabase.ts","statementMap":{"0":{"start":{"line":1,"column":0},"end":{"line":1,"column":38}},"1":{"start":{"line":4,"column":34},"end":{"line":52,"column":2}},"2":{"start":{"line":5,"column":2},"end":{"line":5,"column":44}},"3":{"start":{"line":8,"column":45},"end":{"line":11,"column":null}},"4":{"start":{"line":8,"column":8},"end":{"line":8,"column":45}},"5":{"start":{"line":13,"column":6},"end":{"line":13,"column":16}},"6":{"start":{"line":14,"column":4},"end":{"line":14,"column":42}},"7":{"start":{"line":15,"column":4},"end":{"line":15,"column":45}},"8":{"start":{"line":19,"column":51},"end":{"line":22,"column":null}},"9":{"start":{"line":19,"column":8},"end":{"line":19,"column":51}},"10":{"start":{"line":24,"column":6},"end":{"line":24,"column":19}},"11":{"start":{"line":25,"column":4},"end":{"line":25,"column":46}},"12":{"start":{"line":26,"column":4},"end":{"line":26,"column":48}},"13":{"start":{"line":30,"column":6},"end":{"line":30,"column":11}},"14":{"start":{"line":31,"column":4},"end":{"line":31,"column":46}},"15":{"start":{"line":33,"column":10},"end":{"line":38,"column":6}},"16":{"start":{"line":40,"column":35},"end":{"line":40,"column":null}},"17":{"start":{"line":40,"column":23},"end":{"line":40,"column":null}},"18":{"start":{"line":40,"column":15},"end":{"line":40,"column":23}},"19":{"start":{"line":41,"column":24},"end":{"line":43,"column":null}},"20":{"start":{"line":41,"column":14},"end":{"line":41,"column":24}},"21":{"start":{"line":45,"column":6},"end":{"line":47,"column":null}},"22":{"start":{"line":46,"column":8},"end":{"line":46,"column":59}},"23":{"start":{"line":51,"column":2},"end":{"line":51,"column":47}},"24":{"start":{"line":4,"column":13},"end":{"line":4,"column":34}},"25":{"start":{"line":55,"column":38},"end":{"line":61,"column":2}},"26":{"start":{"line":57,"column":2},"end":{"line":57,"column":63}},"27":{"start":{"line":60,"column":2},"end":{"line":60,"column":66}},"28":{"start":{"line":55,"column":13},"end":{"line":55,"column":38}},"29":{"start":{"line":64,"column":36},"end":{"line":118,"column":2}},"30":{"start":{"line":66,"column":8},"end":{"line":85,"column":4}},"31":{"start":{"line":88,"column":8},"end":{"line":113,"column":4}},"32":{"start":{"line":116,"column":2},"end":{"line":116,"column":70}},"33":{"start":{"line":117,"column":2},"end":{"line":117,"column":73}},"34":{"start":{"line":64,"column":13},"end":{"line":64,"column":36}}},"fnMap":{"0":{"name":"(anonymous_13)","decl":{"start":{"line":4,"column":34},"end":{"line":4,"column":null}},"loc":{"start":{"line":4,"column":34},"end":{"line":52,"column":2}}},"1":{"name":"(anonymous_16)","decl":{"start":{"line":55,"column":38},"end":{"line":55,"column":null}},"loc":{"start":{"line":55,"column":38},"end":{"line":61,"column":2}}},"2":{"name":"(anonymous_19)","decl":{"start":{"line":64,"column":36},"end":{"line":64,"column":null}},"loc":{"start":{"line":64,"column":36},"end":{"line":118,"column":2}}}},"branchMap":{"0":{"loc":{"start":{"line":19,"column":51},"end":{"line":22,"column":null}},"type":"switch","locations":[{"start":{"line":19,"column":51},"end":{"line":22,"column":null}}]},"1":{"loc":{"start":{"line":13,"column":6},"end":{"line":13,"column":16}},"type":"if","locations":[{"start":{"line":13,"column":6},"end":{"line":13,"column":16}}]},"2":{"loc":{"start":{"line":13,"column":6},"end":{"line":13,"column":47}},"type":"binary-expr","locations":[{"start":{"line":13,"column":6},"end":{"line":13,"column":16}},{"start":{"line":13,"column":20},"end":{"line":13,"column":47}}]},"3":{"loc":{"start":{"line":24,"column":6},"end":{"line":24,"column":19}},"type":"if","locations":[{"start":{"line":24,"column":6},"end":{"line":24,"column":19}}]},"4":{"loc":{"start":{"line":24,"column":6},"end":{"line":24,"column":53}},"type":"binary-expr","locations":[{"start":{"line":24,"column":6},"end":{"line":24,"column":19}},{"start":{"line":24,"column":23},"end":{"line":24,"column":53}}]},"5":{"loc":{"start":{"line":30,"column":6},"end":{"line":30,"column":11}},"type":"if","locations":[{"start":{"line":30,"column":6},"end":{"line":30,"column":11}}]},"6":{"loc":{"start":{"line":30,"column":6},"end":{"line":30,"column":33}},"type":"binary-expr","locations":[{"start":{"line":30,"column":6},"end":{"line":30,"column":11}},{"start":{"line":30,"column":15},"end":{"line":30,"column":33}}]},"7":{"loc":{"start":{"line":40,"column":23},"end":{"line":40,"column":null}},"type":"if","locations":[{"start":{"line":40,"column":23},"end":{"line":40,"column":null}}]},"8":{"loc":{"start":{"line":45,"column":6},"end":{"line":47,"column":null}},"type":"if","locations":[{"start":{"line":45,"column":6},"end":{"line":47,"column":null}}]}},"s":{"0":0,"1":0,"2":0,"3":0,"4":0,"5":0,"6":0,"7":0,"8":0,"9":0,"10":0,"11":0,"12":0,"13":0,"14":0,"15":0,"16":0,"17":0,"18":0,"19":0,"20":0,"21":0,"22":0,"23":0,"24":0,"25":0,"26":0,"27":0,"28":0,"29":0,"30":0,"31":0,"32":0,"33":0,"34":0},"f":{"0":0,"1":0,"2":0},"b":{"0":[0],"1":[0],"2":[0,0],"3":[0],"4":[0,0],"5":[0],"6":[0,0],"7":[0],"8":[0]}}
,"/Users/david/040/Sjobergska_RoD/src/lib/supabase.ts": {"path":"/Users/david/040/Sjobergska_RoD/src/lib/supabase.ts","statementMap":{"0":{"start":{"line":1,"column":0},"end":{"line":1,"column":53}},"1":{"start":{"line":3,"column":20},"end":{"line":3,"column":62}},"2":{"start":{"line":4,"column":20},"end":{"line":4,"column":230}},"3":{"start":{"line":7,"column":0},"end":{"line":7,"column":62}},"4":{"start":{"line":8,"column":0},"end":{"line":8,"column":54}},"5":{"start":{"line":11,"column":13},"end":{"line":35,"column":3}},"6":{"start":{"line":18,"column":12},"end":{"line":18,"column":19}},"7":{"start":{"line":19,"column":6},"end":{"line":19,"column":54}},"8":{"start":{"line":20,"column":6},"end":{"line":32,"column":9}},"9":{"start":{"line":21,"column":8},"end":{"line":27,"column":null}},"10":{"start":{"line":22,"column":10},"end":{"line":26,"column":13}},"11":{"start":{"line":28,"column":8},"end":{"line":28,"column":24}},"12":{"start":{"line":30,"column":8},"end":{"line":30,"column":54}},"13":{"start":{"line":31,"column":8},"end":{"line":31,"column":20}}},"fnMap":{"0":{"name":"(anonymous_0)","decl":{"start":{"line":18,"column":11},"end":{"line":18,"column":12}},"loc":{"start":{"line":18,"column":11},"end":{"line":33,"column":5}}},"1":{"name":"(anonymous_1)","decl":{"start":{"line":20,"column":33},"end":{"line":20,"column":41}},"loc":{"start":{"line":20,"column":41},"end":{"line":29,"column":7}}},"2":{"name":"(anonymous_2)","decl":{"start":{"line":29,"column":15},"end":{"line":29,"column":20}},"loc":{"start":{"line":29,"column":20},"end":{"line":32,"column":7}}}},"branchMap":{"0":{"loc":{"start":{"line":21,"column":8},"end":{"line":27,"column":null}},"type":"if","locations":[{"start":{"line":21,"column":8},"end":{"line":27,"column":null}}]}},"s":{"0":0,"1":0,"2":0,"3":0,"4":0,"5":0,"6":0,"7":0,"8":0,"9":0,"10":0,"11":0,"12":0,"13":0},"f":{"0":0,"1":0,"2":0},"b":{"0":[0]}}
,"/Users/david/040/Sjobergska_RoD/src/utils/dateUtils.ts": {"path":"/Users/david/040/Sjobergska_RoD/src/utils/dateUtils.ts","statementMap":{"0":{"start":{"line":6,"column":26},"end":{"line":11,"column":1}},"1":{"start":{"line":7,"column":2},"end":{"line":7,"column":48}},"2":{"start":{"line":7,"column":36},"end":{"line":7,"column":48}},"3":{"start":{"line":10,"column":2},"end":{"line":10,"column":14}},"4":{"start":{"line":6,"column":13},"end":{"line":6,"column":26}},"5":{"start":{"line":18,"column":32},"end":{"line":20,"column":1}},"6":{"start":{"line":19,"column":2},"end":{"line":19,"column":50}},"7":{"start":{"line":18,"column":13},"end":{"line":18,"column":32}},"8":{"start":{"line":28,"column":32},"end":{"line":46,"column":1}},"9":{"start":{"line":29,"column":27},"end":{"line":29,"column":59}},"10":{"start":{"line":29,"column":14},"end":{"line":29,"column":16}},"11":{"start":{"line":29,"column":23},"end":{"line":29,"column":27}},"12":{"start":{"line":30,"column":17},"end":{"line":30,"column":50}},"13":{"start":{"line":31,"column":19},"end":{"line":31,"column":65}},"14":{"start":{"line":34,"column":2},"end":{"line":37,"column":null}},"15":{"start":{"line":35,"column":4},"end":{"line":35,"column":18}},"16":{"start":{"line":36,"column":4},"end":{"line":36,"column":21}},"17":{"start":{"line":40,"column":2},"end":{"line":43,"column":null}},"18":{"start":{"line":41,"column":4},"end":{"line":41,"column":18}},"19":{"start":{"line":42,"column":4},"end":{"line":42,"column":19}},"20":{"start":{"line":45,"column":2},"end":{"line":45,"column":93}},"21":{"start":{"line":28,"column":13},"end":{"line":28,"column":32}},"22":{"start":{"line":54,"column":28},"end":{"line":66,"column":1}},"23":{"start":{"line":55,"column":14},"end":{"line":55,"column":24}},"24":{"start":{"line":56,"column":27},"end":{"line":56,"column":54}},"25":{"start":{"line":56,"column":14},"end":{"line":56,"column":16}},"26":{"start":{"line":56,"column":23},"end":{"line":56,"column":27}},"27":{"start":{"line":57,"column":22},"end":{"line":62,"column":null}},"28":{"start":{"line":65,"column":2},"end":{"line":65,"column":27}},"29":{"start":{"line":54,"column":13},"end":{"line":54,"column":28}}},"fnMap":{"0":{"name":"(anonymous_0)","decl":{"start":{"line":6,"column":26},"end":{"line":6,"column":27}},"loc":{"start":{"line":6,"column":39},"end":{"line":11,"column":1}}},"1":{"name":"(anonymous_1)","decl":{"start":{"line":18,"column":32},"end":{"line":18,"column":33}},"loc":{"start":{"line":18,"column":45},"end":{"line":20,"column":1}}},"2":{"name":"(anonymous_2)","decl":{"start":{"line":28,"column":32},"end":{"line":28,"column":33}},"loc":{"start":{"line":28,"column":73},"end":{"line":46,"column":1}}},"3":{"name":"(anonymous_3)","decl":{"start":{"line":54,"column":28},"end":{"line":54,"column":29}},"loc":{"start":{"line":54,"column":53},"end":{"line":66,"column":1}}}},"branchMap":{"0":{"loc":{"start":{"line":7,"column":2},"end":{"line":7,"column":48}},"type":"if","locations":[{"start":{"line":7,"column":2},"end":{"line":7,"column":48}}]},"1":{"loc":{"start":{"line":7,"column":6},"end":{"line":7,"column":34}},"type":"binary-expr","locations":[{"start":{"line":7,"column":6},"end":{"line":7,"column":11}},{"start":{"line":7,"column":15},"end":{"line":7,"column":34}}]},"2":{"loc":{"start":{"line":34,"column":2},"end":{"line":37,"column":null}},"type":"if","locations":[{"start":{"line":34,"column":2},"end":{"line":37,"column":null}}]},"3":{"loc":{"start":{"line":40,"column":2},"end":{"line":43,"column":null}},"type":"if","locations":[{"start":{"line":40,"column":2},"end":{"line":43,"column":null}}]},"4":{"loc":{"start":{"line":40,"column":6},"end":{"line":40,"column":58}},"type":"binary-expr","locations":[{"start":{"line":40,"column":6},"end":{"line":40,"column":19}},{"start":{"line":40,"column":24},"end":{"line":40,"column":39}},{"start":{"line":40,"column":43},"end":{"line":40,"column":57}}]}},"s":{"0":0,"1":0,"2":0,"3":0,"4":0,"5":0,"6":0,"7":0,"8":0,"9":0,"10":0,"11":0,"12":0,"13":0,"14":0,"15":0,"16":0,"17":0,"18":0,"19":0,"20":0,"21":0,"22":0,"23":0,"24":0,"25":0,"26":0,"27":0,"28":0,"29":0},"f":{"0":0,"1":0,"2":0,"3":0},"b":{"0":[0],"1":[0,0],"2":[0],"3":[0],"4":[0,0,0]}}
}
