TN:
SF:src/App.tsx
FN:13,AppContent
FN:23,(anonymous_17)
FN:28,checkSupabaseConnection
FN:79,(anonymous_21)
FN:84,(anonymous_22)
FN:174,(anonymous_25)
FN:201,(anonymous_26)
FN:242,App
FNF:8
FNH:4
FNDA:1,AppContent
FNDA:1,(anonymous_17)
FNDA:1,checkSupabaseConnection
FNDA:0,(anonymous_21)
FNDA:0,(anonymous_22)
FNDA:0,(anonymous_25)
FNDA:0,(anonymous_26)
FNDA:1,App
DA:1,1
DA:2,1
DA:3,1
DA:4,1
DA:5,1
DA:6,1
DA:7,1
DA:8,1
DA:9,1
DA:10,1
DA:13,1
DA:14,1
DA:15,1
DA:16,1
DA:17,1
DA:18,1
DA:19,1
DA:20,1
DA:23,1
DA:24,1
DA:30,1
DA:31,1
DA:34,1
DA:36,1
DA:37,1
DA:38,1
DA:41,1
DA:42,0
DA:51,1
DA:52,0
DA:62,1
DA:65,0
DA:66,0
DA:67,0
DA:70,0
DA:71,0
DA:72,0
DA:74,1
DA:79,1
DA:80,0
DA:84,1
DA:85,0
DA:87,0
DA:88,0
DA:89,0
DA:93,0
DA:156,0
DA:157,0
DA:159,0
DA:163,1
DA:174,0
DA:202,0
DA:203,0
DA:243,1
DA:256,1
LF:55
LH:35
BRDA:36,0,0,1
BRDA:36,0,1,0
BRDA:41,1,0,0
BRDA:41,1,1,1
BRDA:41,2,0,1
BRDA:41,2,1,1
BRDA:51,3,0,0
BRDA:51,3,1,1
BRDA:51,4,0,1
BRDA:51,4,1,1
BRDA:62,5,0,1
BRDA:62,5,1,0
BRDA:72,6,0,0
BRDA:72,6,1,0
BRDA:87,7,0,0
BRDA:165,8,0,0
BRDA:165,8,1,1
BRDA:189,9,0,0
BRDA:189,9,1,0
BRDA:193,10,0,0
BRDA:193,10,1,0
BRDA:213,11,0,0
BRDA:213,11,1,0
BRDA:213,11,2,0
BRDA:221,12,0,1
BRDA:221,12,1,0
BRF:26
BRH:10
end_of_record
TN:
SF:src/main.tsx
FN:9,(anonymous_1)
FN:12,(anonymous_2)
FNF:2
FNH:0
FNDA:0,(anonymous_1)
FNDA:0,(anonymous_2)
DA:1,0
DA:2,0
DA:3,0
DA:4,0
DA:7,0
DA:9,0
DA:11,0
DA:12,0
DA:13,0
DA:17,0
DA:19,0
DA:24,0
LF:12
LH:0
BRDA:7,0,0,0
BRDA:13,1,0,0
BRDA:13,2,0,0
BRDA:13,2,1,0
BRDA:13,2,2,0
BRF:5
BRH:0
end_of_record
TN:
SF:src/react-app-env.d.ts
FNF:0
FNH:0
LF:0
LH:0
BRF:0
BRH:0
end_of_record
TN:
SF:src/components/CalendarWidget.tsx
FN:10,(anonymous_9)
FN:14,(anonymous_10)
FN:18,(anonymous_11)
FN:22,(anonymous_12)
FN:26,(anonymous_13)
FN:32,(anonymous_14)
FN:76,(anonymous_15)
FN:80,(anonymous_16)
FN:89,(anonymous_17)
FN:103,(anonymous_18)
FN:118,(anonymous_19)
FN:137,(anonymous_20)
FN:147,(anonymous_21)
FN:150,(anonymous_22)
FNF:14
FNH:13
FNDA:7,(anonymous_9)
FNDA:1,(anonymous_10)
FNDA:1,(anonymous_11)
FNDA:1,(anonymous_12)
FNDA:0,(anonymous_13)
FNDA:7,(anonymous_14)
FNDA:7,(anonymous_15)
FNDA:49,(anonymous_16)
FNDA:7,(anonymous_17)
FNDA:213,(anonymous_18)
FNDA:7,(anonymous_19)
FNDA:7,(anonymous_20)
FNDA:227,(anonymous_21)
FNDA:1,(anonymous_22)
DA:1,1
DA:2,1
DA:3,1
DA:10,7
DA:11,7
DA:12,7
DA:14,7
DA:15,1
DA:18,7
DA:19,1
DA:22,7
DA:23,1
DA:26,7
DA:27,0
DA:28,0
DA:29,0
DA:32,7
DA:33,7
DA:76,7
DA:77,7
DA:78,7
DA:80,49
DA:89,7
DA:90,7
DA:91,7
DA:92,7
DA:93,7
DA:95,7
DA:96,7
DA:98,7
DA:103,213
DA:110,7
DA:111,7
DA:112,7
DA:117,7
DA:118,7
DA:128,7
DA:129,7
DA:130,7
DA:135,7
DA:137,7
DA:145,7
DA:147,227
DA:150,1
DA:165,7
DA:174,1
LF:46
LH:43
BRDA:110,0,0,7
BRDA:110,0,1,0
BRDA:111,1,0,7
BRDA:128,2,0,7
BRDA:128,2,1,0
BRDA:129,3,0,7
BRDA:153,4,0,213
BRDA:153,4,1,14
BRDA:154,5,0,5
BRDA:154,5,1,222
BRDA:155,6,0,222
BRDA:155,6,1,5
BRF:12
BRH:10
end_of_record
TN:
SF:src/components/ColorCodingLegend.tsx
FN:3,(anonymous_3)
FN:19,(anonymous_4)
FNF:2
FNH:2
FNDA:3,(anonymous_3)
FNDA:15,(anonymous_4)
DA:1,1
DA:3,1
DA:5,3
DA:13,3
DA:19,15
DA:30,1
LF:6
LH:6
BRF:0
BRH:0
end_of_record
TN:
SF:src/components/ConferenceRoomBooking.tsx
FN:47,(anonymous_23)
FN:54,(anonymous_24)
FN:119,(anonymous_25)
FN:120,(anonymous_26)
FN:125,(anonymous_27)
FN:129,(anonymous_28)
FN:130,loadData
FN:154,(anonymous_32)
FN:155,loadBookingsForDate
FN:162,(anonymous_36)
FN:164,(anonymous_37)
FN:177,(anonymous_38)
FN:178,loadBookingsForWeek
FN:190,(anonymous_42)
FN:192,(anonymous_43)
FN:211,(anonymous_44)
FN:217,(anonymous_45)
FN:223,(anonymous_46)
FN:232,(anonymous_47)
FN:233,(anonymous_48)
FN:258,(anonymous_49)
FN:268,(anonymous_50)
FN:287,(anonymous_51)
FN:288,(anonymous_52)
FN:290,(anonymous_53)
FN:307,(anonymous_54)
FN:320,(anonymous_55)
FN:331,getWeekStartDate
FN:340,formatTime
FN:350,getWeekDays
FN:363,formatDateHeader
FN:369,hasBookingAt
FN:371,(anonymous_63)
FN:382,getBookingInfo
FN:384,(anonymous_65)
FN:395,handlePrevWeek
FN:402,handleNextWeek
FN:409,handleCurrentWeek
FN:414,(anonymous_69)
FN:414,(anonymous_70)
FN:447,(anonymous_72)
FN:471,(anonymous_73)
FN:472,(anonymous_74)
FN:505,(anonymous_75)
FN:518,(anonymous_76)
FN:529,(anonymous_77)
FN:529,(anonymous_78)
FN:532,(anonymous_80)
FN:532,(anonymous_81)
FN:547,(anonymous_82)
FN:553,(anonymous_83)
FN:556,(anonymous_84)
FN:558,(anonymous_85)
FN:562,(anonymous_86)
FN:568,(anonymous_87)
FN:578,(anonymous_88)
FN:586,(anonymous_89)
FN:592,(anonymous_90)
FN:599,(anonymous_91)
FN:600,(anonymous_92)
FN:607,(anonymous_93)
FN:608,(anonymous_94)
FN:612,(anonymous_95)
FN:621,(anonymous_96)
FN:632,(anonymous_97)
FN:640,(anonymous_98)
FN:655,(anonymous_99)
FN:655,(anonymous_100)
FN:685,(anonymous_104)
FN:701,(anonymous_105)
FN:721,(anonymous_106)
FN:723,(anonymous_107)
FN:724,(anonymous_108)
FN:735,(anonymous_109)
FN:741,(anonymous_110)
FN:746,(anonymous_111)
FN:763,(anonymous_112)
FN:781,(anonymous_113)
FN:856,(anonymous_114)
FN:871,(anonymous_115)
FN:881,(anonymous_116)
FN:895,(anonymous_117)
FN:961,(anonymous_118)
FN:977,(anonymous_119)
FN:989,(anonymous_120)
FN:995,(anonymous_121)
FN:1058,(anonymous_122)
FN:1073,(anonymous_123)
FN:1084,(anonymous_124)
FN:1085,(anonymous_125)
FN:1101,(anonymous_126)
FN:1115,(anonymous_127)
FN:1189,(anonymous_128)
FN:1194,(anonymous_129)
FN:1207,(anonymous_130)
FN:1220,(anonymous_131)
FN:1231,(anonymous_132)
FN:1243,(anonymous_133)
FN:1255,(anonymous_134)
FN:1265,(anonymous_135)
FN:1268,(anonymous_136)
FN:1274,(anonymous_137)
FN:1288,(anonymous_138)
FN:1332,(anonymous_139)
FN:1338,(anonymous_140)
FN:1358,(anonymous_141)
FNF:106
FNH:25
FNDA:0,(anonymous_23)
FNDA:17,(anonymous_24)
FNDA:5,(anonymous_25)
FNDA:0,(anonymous_26)
FNDA:5,(anonymous_27)
FNDA:6,(anonymous_28)
FNDA:6,loadData
FNDA:5,(anonymous_32)
FNDA:5,loadBookingsForDate
FNDA:4,(anonymous_36)
FNDA:0,(anonymous_37)
FNDA:5,(anonymous_38)
FNDA:5,loadBookingsForWeek
FNDA:4,(anonymous_42)
FNDA:1,(anonymous_43)
FNDA:5,(anonymous_44)
FNDA:187,(anonymous_45)
FNDA:0,(anonymous_46)
FNDA:0,(anonymous_47)
FNDA:0,(anonymous_48)
FNDA:0,(anonymous_49)
FNDA:0,(anonymous_50)
FNDA:10,(anonymous_51)
FNDA:2,(anonymous_52)
FNDA:0,(anonymous_53)
FNDA:0,(anonymous_54)
FNDA:10,(anonymous_55)
FNDA:17,getWeekStartDate
FNDA:0,formatTime
FNDA:17,getWeekDays
FNDA:0,formatDateHeader
FNDA:0,hasBookingAt
FNDA:0,(anonymous_63)
FNDA:0,getBookingInfo
FNDA:0,(anonymous_65)
FNDA:0,handlePrevWeek
FNDA:0,handleNextWeek
FNDA:0,handleCurrentWeek
FNDA:0,(anonymous_69)
FNDA:0,(anonymous_70)
FNDA:0,(anonymous_72)
FNDA:0,(anonymous_73)
FNDA:0,(anonymous_74)
FNDA:0,(anonymous_75)
FNDA:0,(anonymous_76)
FNDA:0,(anonymous_77)
FNDA:0,(anonymous_78)
FNDA:0,(anonymous_80)
FNDA:0,(anonymous_81)
FNDA:0,(anonymous_82)
FNDA:2,(anonymous_83)
FNDA:12,(anonymous_84)
FNDA:4,(anonymous_85)
FNDA:0,(anonymous_86)
FNDA:9,(anonymous_87)
FNDA:0,(anonymous_88)
FNDA:1,(anonymous_89)
FNDA:0,(anonymous_90)
FNDA:0,(anonymous_91)
FNDA:0,(anonymous_92)
FNDA:0,(anonymous_93)
FNDA:0,(anonymous_94)
FNDA:0,(anonymous_95)
FNDA:0,(anonymous_96)
FNDA:9,(anonymous_97)
FNDA:0,(anonymous_98)
FNDA:0,(anonymous_99)
FNDA:0,(anonymous_100)
FNDA:0,(anonymous_104)
FNDA:0,(anonymous_105)
FNDA:0,(anonymous_106)
FNDA:0,(anonymous_107)
FNDA:0,(anonymous_108)
FNDA:0,(anonymous_109)
FNDA:0,(anonymous_110)
FNDA:0,(anonymous_111)
FNDA:0,(anonymous_112)
FNDA:0,(anonymous_113)
FNDA:0,(anonymous_114)
FNDA:0,(anonymous_115)
FNDA:0,(anonymous_116)
FNDA:0,(anonymous_117)
FNDA:0,(anonymous_118)
FNDA:0,(anonymous_119)
FNDA:0,(anonymous_120)
FNDA:0,(anonymous_121)
FNDA:0,(anonymous_122)
FNDA:0,(anonymous_123)
FNDA:0,(anonymous_124)
FNDA:0,(anonymous_125)
FNDA:0,(anonymous_126)
FNDA:0,(anonymous_127)
FNDA:0,(anonymous_128)
FNDA:0,(anonymous_129)
FNDA:0,(anonymous_130)
FNDA:0,(anonymous_131)
FNDA:0,(anonymous_132)
FNDA:0,(anonymous_133)
FNDA:0,(anonymous_134)
FNDA:0,(anonymous_135)
FNDA:0,(anonymous_136)
FNDA:0,(anonymous_137)
FNDA:0,(anonymous_138)
FNDA:0,(anonymous_139)
FNDA:0,(anonymous_140)
FNDA:0,(anonymous_141)
DA:1,2
DA:2,2
DA:3,2
DA:4,2
DA:6,2
DA:9,2
DA:13,2
DA:15,2
DA:16,2
DA:17,2
DA:22,2
DA:38,2
DA:47,2
DA:48,0
DA:49,0
DA:51,0
DA:54,2
DA:56,17
DA:59,17
DA:60,17
DA:61,17
DA:62,17
DA:65,17
DA:66,17
DA:67,17
DA:68,17
DA:69,17
DA:70,17
DA:72,17
DA:75,17
DA:76,17
DA:77,17
DA:78,17
DA:79,17
DA:82,17
DA:83,17
DA:86,17
DA:89,17
DA:90,17
DA:99,17
DA:100,17
DA:103,17
DA:115,17
DA:116,17
DA:119,17
DA:120,5
DA:121,0
DA:124,5
DA:125,5
DA:129,17
DA:132,6
DA:135,6
DA:136,5
DA:139,10
DA:141,5
DA:143,1
DA:144,1
DA:145,1
DA:146,1
DA:150,6
DA:154,17
DA:157,5
DA:159,5
DA:160,5
DA:162,5
DA:164,4
DA:165,4
DA:168,0
DA:169,0
DA:173,5
DA:177,17
DA:180,5
DA:181,5
DA:183,5
DA:188,5
DA:190,5
DA:192,4
DA:193,1
DA:194,1
DA:195,1
DA:196,1
DA:199,4
DA:202,0
DA:203,0
DA:207,5
DA:211,17
DA:212,5
DA:213,5
DA:217,187
DA:220,17
DA:223,17
DA:224,0
DA:225,0
DA:226,0
DA:227,0
DA:228,0
DA:232,17
DA:233,0
DA:234,0
DA:235,0
DA:236,0
DA:237,0
DA:238,0
DA:239,0
DA:240,0
DA:241,0
DA:242,0
DA:252,0
DA:253,0
DA:258,17
DA:259,0
DA:260,0
DA:261,0
DA:262,0
DA:263,0
DA:264,0
DA:268,17
DA:270,0
DA:271,0
DA:272,0
DA:275,0
DA:276,0
DA:277,0
DA:278,0
DA:279,0
DA:280,0
DA:283,0
DA:287,17
DA:288,10
DA:290,2
DA:292,2
DA:307,17
DA:308,0
DA:320,22
DA:322,5
DA:323,0
DA:325,5
DA:326,5
DA:332,17
DA:333,17
DA:334,17
DA:335,17
DA:336,17
DA:341,0
DA:343,0
DA:346,0
DA:351,17
DA:352,17
DA:354,17
DA:355,119
DA:356,119
DA:359,17
DA:364,0
DA:365,0
DA:370,0
DA:371,0
DA:372,0
DA:374,0
DA:375,0
DA:377,0
DA:383,0
DA:384,0
DA:385,0
DA:387,0
DA:388,0
DA:390,0
DA:396,0
DA:397,0
DA:398,0
DA:403,0
DA:404,0
DA:405,0
DA:410,0
DA:414,17
DA:415,0
DA:418,0
DA:419,0
DA:420,0
DA:424,0
DA:425,0
DA:426,0
DA:430,0
DA:433,0
DA:441,0
DA:442,0
DA:443,0
DA:447,0
DA:449,0
DA:450,0
DA:451,0
DA:455,0
DA:466,0
DA:468,0
DA:471,0
DA:472,0
DA:473,0
DA:490,0
DA:493,0
DA:505,0
DA:509,0
DA:510,0
DA:512,0
DA:513,0
DA:518,17
DA:519,0
DA:520,0
DA:521,0
DA:522,0
DA:523,0
DA:524,0
DA:525,0
DA:529,17
DA:531,0
DA:532,0
DA:533,0
DA:534,0
DA:537,0
DA:538,0
DA:541,0
DA:542,0
DA:547,17
DA:548,0
DA:549,0
DA:553,17
DA:556,17
DA:558,4
DA:562,17
DA:563,0
DA:564,0
DA:568,17
DA:569,9
DA:572,9
DA:575,9
DA:576,9
DA:578,0
DA:579,0
DA:580,0
DA:581,0
DA:582,0
DA:586,9
DA:591,9
DA:592,0
DA:593,0
DA:598,9
DA:599,0
DA:600,0
DA:601,0
DA:606,9
DA:607,0
DA:608,0
DA:609,0
DA:612,0
DA:613,0
DA:619,9
DA:620,0
DA:621,0
DA:622,0
DA:628,9
DA:632,17
DA:633,9
DA:640,17
DA:641,0
DA:649,0
DA:650,0
DA:651,0
DA:655,17
DA:657,0
DA:658,0
DA:660,0
DA:662,0
DA:669,0
DA:671,0
DA:681,0
DA:682,0
DA:685,0
DA:688,0
DA:689,0
DA:701,0
DA:706,0
DA:707,0
DA:710,0
DA:711,0
DA:714,0
DA:715,0
DA:716,0
DA:721,17
DA:722,0
DA:723,0
DA:724,0
DA:726,0
DA:727,0
DA:735,0
DA:736,0
DA:739,0
DA:741,0
DA:746,0
DA:764,0
DA:765,0
DA:766,0
DA:781,17
DA:782,0
DA:783,0
DA:786,0
DA:788,0
DA:789,0
DA:790,0
DA:792,0
DA:794,0
DA:796,0
DA:797,0
DA:799,0
DA:800,0
DA:802,0
DA:803,0
DA:805,0
DA:806,0
DA:808,0
DA:809,0
DA:810,0
DA:811,0
DA:813,0
DA:815,0
DA:817,0
DA:818,0
DA:819,0
DA:820,0
DA:822,0
DA:824,0
DA:827,0
DA:830,0
DA:831,0
DA:832,0
DA:833,0
DA:834,0
DA:840,17
DA:841,10
DA:849,7
DA:850,7
DA:856,0
DA:866,0
DA:873,0
DA:881,0
DA:895,0
DA:961,0
DA:977,0
DA:989,0
DA:996,0
DA:997,0
DA:998,0
DA:1001,0
DA:1002,0
DA:1003,0
DA:1004,0
DA:1008,0
DA:1058,0
DA:1073,0
DA:1084,0
DA:1085,0
DA:1102,0
DA:1103,0
DA:1116,0
DA:1117,0
DA:1189,0
DA:1194,0
DA:1207,0
DA:1220,0
DA:1231,0
DA:1243,0
DA:1255,0
DA:1265,0
DA:1268,0
DA:1274,0
DA:1288,0
DA:1332,0
DA:1338,0
DA:1360,0
DA:1361,0
DA:1369,2
LF:378
LH:136
BRDA:48,0,0,0
BRDA:48,1,0,0
BRDA:48,1,1,0
BRDA:73,2,0,17
BRDA:73,2,1,17
BRDA:157,3,0,0
BRDA:196,4,0,1
BRDA:196,4,1,1
BRDA:234,5,0,0
BRDA:240,6,0,0
BRDA:240,6,1,0
BRDA:250,7,0,0
BRDA:250,7,1,0
BRDA:295,8,0,0
BRDA:295,8,1,2
BRDA:300,9,0,2
BRDA:300,9,1,0
BRDA:301,10,0,2
BRDA:301,10,1,2
BRDA:334,11,0,0
BRDA:334,11,1,17
BRDA:341,12,0,0
BRDA:372,13,0,0
BRDA:372,14,0,0
BRDA:372,14,1,0
BRDA:377,15,0,0
BRDA:377,15,1,0
BRDA:384,16,0,0
BRDA:384,16,1,0
BRDA:385,17,0,0
BRDA:385,18,0,0
BRDA:385,18,1,0
BRDA:390,19,0,0
BRDA:390,19,1,0
BRDA:490,20,0,0
BRDA:418,21,0,0
BRDA:418,22,0,0
BRDA:418,22,1,0
BRDA:418,22,2,0
BRDA:418,22,3,0
BRDA:418,22,4,0
BRDA:424,23,0,0
BRDA:438,24,0,0
BRDA:438,24,1,0
BRDA:441,25,0,0
BRDA:449,26,0,0
BRDA:461,27,0,0
BRDA:461,27,1,0
BRDA:466,28,0,0
BRDA:473,29,0,0
BRDA:473,29,1,0
BRDA:482,30,0,0
BRDA:482,30,1,0
BRDA:483,31,0,0
BRDA:483,31,1,0
BRDA:501,32,0,0
BRDA:501,32,1,0
BRDA:502,33,0,0
BRDA:502,33,1,0
BRDA:537,34,0,0
BRDA:537,35,0,0
BRDA:537,35,1,0
BRDA:575,36,0,9
BRDA:576,37,0,0
BRDA:576,37,1,9
BRDA:582,38,0,0
BRDA:582,38,1,0
BRDA:591,39,0,0
BRDA:598,40,0,0
BRDA:601,41,0,0
BRDA:601,41,1,0
BRDA:606,42,0,0
BRDA:609,43,0,0
BRDA:619,44,0,0
BRDA:622,45,0,0
BRDA:622,45,1,0
BRDA:622,45,2,0
BRDA:622,45,3,0
BRDA:642,46,0,0
BRDA:642,46,1,0
BRDA:643,47,0,0
BRDA:643,47,1,0
BRDA:644,48,0,0
BRDA:644,48,1,0
BRDA:645,49,0,0
BRDA:645,49,1,0
BRDA:646,50,0,0
BRDA:646,50,1,0
BRDA:647,51,0,0
BRDA:647,51,1,0
BRDA:662,52,0,0
BRDA:669,53,0,0
BRDA:677,54,0,0
BRDA:677,54,1,0
BRDA:688,55,0,0
BRDA:692,56,0,0
BRDA:692,56,1,0
BRDA:697,57,0,0
BRDA:697,57,1,0
BRDA:698,58,0,0
BRDA:698,58,1,0
BRDA:660,59,0,0
BRDA:722,60,0,0
BRDA:722,60,1,0
BRDA:726,61,0,0
BRDA:753,62,0,0
BRDA:753,62,1,0
BRDA:759,63,0,0
BRDA:759,63,1,0
BRDA:759,63,2,0
BRDA:782,64,0,0
BRDA:794,65,0,0
BRDA:794,65,1,0
BRDA:794,65,2,0
BRDA:794,65,3,0
BRDA:794,65,4,0
BRDA:794,65,5,0
BRDA:808,66,0,0
BRDA:808,66,1,0
BRDA:817,67,0,0
BRDA:817,67,1,0
BRDA:831,68,0,0
BRDA:833,69,0,0
BRDA:840,70,0,10
BRDA:849,71,0,7
BRDA:882,72,0,0
BRDA:882,72,1,0
BRDA:896,73,0,0
BRDA:896,73,1,0
BRDA:911,74,0,0
BRDA:911,74,1,0
BRDA:965,75,0,0
BRDA:965,75,1,0
BRDA:997,76,0,0
BRDA:997,76,1,0
BRDA:1001,77,0,0
BRDA:1001,78,0,0
BRDA:1001,78,1,0
BRDA:1003,79,0,0
BRDA:1003,80,0,0
BRDA:1003,80,1,0
BRDA:1003,80,2,0
BRDA:1035,81,0,0
BRDA:1035,81,1,0
BRDA:1039,82,0,0
BRDA:1039,82,1,0
BRDA:1081,83,0,0
BRDA:1081,83,1,0
BRDA:1094,84,0,0
BRDA:1094,84,1,0
BRDA:1161,85,0,0
BRDA:1161,85,1,0
BRDA:1170,86,0,0
BRDA:1170,86,1,0
BRDA:1174,87,0,0
BRDA:1174,87,1,0
BRDA:1262,88,0,0
BRDA:1262,88,1,0
BRDA:1268,89,0,0
BRDA:1268,89,1,0
BRDA:1268,90,0,0
BRDA:1268,90,1,0
BRDA:1268,91,0,0
BRDA:1268,91,1,0
BRDA:1273,92,0,0
BRDA:1273,92,1,0
BRDA:1274,93,0,0
BRDA:1274,93,1,0
BRDA:1274,94,0,0
BRDA:1274,94,1,0
BRDA:1274,95,0,0
BRDA:1274,95,1,0
BRDA:1300,96,0,0
BRDA:1300,96,1,0
BRDA:1308,97,0,0
BRDA:1308,97,1,0
BRDA:1308,97,2,0
BRDA:1326,98,0,0
BRDA:1326,98,1,0
BRDA:1353,99,0,0
BRDA:1353,99,1,0
BRDA:1361,100,0,0
BRF:182
BRH:13
end_of_record
TN:
SF:src/components/ConfirmModal.tsx
FN:14,(anonymous_3)
FN:26,(anonymous_4)
FN:41,(anonymous_5)
FNF:3
FNH:0
FNDA:0,(anonymous_3)
FNDA:0,(anonymous_4)
FNDA:0,(anonymous_5)
DA:1,0
DA:14,0
DA:15,0
DA:16,0
DA:17,0
DA:18,0
DA:19,0
DA:20,0
DA:21,0
DA:22,0
DA:24,0
DA:26,0
DA:27,0
DA:29,0
DA:31,0
DA:33,0
DA:37,0
DA:41,0
DA:68,0
LF:19
LH:0
BRDA:18,0,0,0
BRDA:18,0,1,0
BRDA:19,1,0,0
BRDA:19,1,1,0
BRDA:20,2,0,0
BRDA:20,2,1,0
BRDA:24,3,0,0
BRDA:27,4,0,0
BRDA:27,4,1,0
BRDA:27,4,2,0
BRF:10
BRH:0
end_of_record
TN:
SF:src/components/DraggableBookingCell.tsx
FN:44,(anonymous_8)
FN:51,(anonymous_9)
FN:79,(anonymous_10)
FN:82,(anonymous_11)
FN:99,(anonymous_12)
FN:100,(anonymous_13)
FN:101,(anonymous_14)
FN:118,(anonymous_15)
FN:143,(anonymous_16)
FN:161,(anonymous_17)
FN:179,(anonymous_18)
FNF:11
FNH:7
FNDA:4,(anonymous_8)
FNDA:7,(anonymous_9)
FNDA:14,(anonymous_10)
FNDA:0,(anonymous_11)
FNDA:0,(anonymous_12)
FNDA:0,(anonymous_13)
FNDA:14,(anonymous_14)
FNDA:2,(anonymous_15)
FNDA:2,(anonymous_16)
FNDA:1,(anonymous_17)
FNDA:0,(anonymous_18)
DA:1,3
DA:2,3
DA:7,3
DA:35,3
DA:44,3
DA:45,4
DA:46,0
DA:48,4
DA:51,3
DA:52,7
DA:53,7
DA:54,7
DA:55,7
DA:56,7
DA:57,7
DA:58,7
DA:59,7
DA:60,7
DA:61,7
DA:62,7
DA:64,7
DA:67,7
DA:68,7
DA:69,2
DA:70,2
DA:71,2
DA:75,7
DA:79,14
DA:83,0
DA:84,0
DA:86,0
DA:88,0
DA:91,0
DA:97,7
DA:99,0
DA:100,0
DA:101,14
DA:108,7
DA:111,7
DA:118,7
DA:119,2
DA:120,2
DA:121,2
DA:122,2
DA:123,0
DA:124,0
DA:129,7
DA:143,2
DA:162,1
DA:163,1
DA:180,0
DA:181,0
DA:209,3
LF:53
LH:41
BRDA:45,0,0,0
BRDA:45,1,0,4
BRDA:45,1,1,4
BRDA:68,2,0,2
BRDA:68,3,0,7
BRDA:68,3,1,2
BRDA:78,4,0,7
BRDA:78,4,1,5
BRDA:84,5,0,0
BRDA:84,6,0,0
BRDA:84,6,1,0
BRDA:99,7,0,0
BRDA:99,7,1,0
BRDA:111,8,0,4
BRDA:111,8,1,3
BRDA:111,9,0,7
BRDA:111,9,1,5
BRDA:112,10,0,0
BRDA:112,10,1,4
BRDA:113,11,0,0
BRDA:113,11,1,4
BRDA:113,12,0,4
BRDA:113,12,1,0
BRDA:114,13,0,0
BRDA:114,13,1,4
BRDA:114,14,0,4
BRDA:114,14,1,4
BRDA:119,15,0,2
BRDA:119,16,0,2
BRDA:119,16,1,1
BRDA:121,17,0,2
BRDA:121,17,1,0
BRDA:121,18,0,2
BRDA:121,18,1,2
BRDA:123,19,0,0
BRDA:123,20,0,0
BRDA:123,20,1,0
BRDA:133,21,0,1
BRDA:133,21,1,6
BRDA:135,22,0,2
BRDA:135,22,1,4
BRDA:140,23,0,2
BRDA:140,23,1,5
BRDA:141,24,0,0
BRDA:141,24,1,7
BRDA:143,25,0,1
BRDA:143,25,1,1
BRDA:143,26,0,2
BRDA:143,26,1,2
BRDA:145,27,0,2
BRDA:145,27,1,5
BRDA:148,28,0,7
BRDA:148,28,1,2
BRDA:149,29,0,4
BRDA:149,29,1,3
BRDA:149,30,0,7
BRDA:149,30,1,5
BRDA:150,31,0,7
BRDA:150,31,1,5
BRDA:152,32,0,5
BRDA:152,32,1,2
BRDA:157,33,0,2
BRDA:157,33,1,2
BRDA:157,33,2,2
BRDA:160,34,0,2
BRDA:160,34,1,0
BRDA:172,35,0,2
BRDA:172,35,1,2
BRDA:198,36,0,7
BRDA:198,36,1,0
BRDA:198,36,2,0
BRF:71
BRH:53
end_of_record
TN:
SF:src/components/EmergencyBookingButton.tsx
FN:13,(anonymous_21)
FN:19,(anonymous_22)
FN:96,(anonymous_25)
FN:117,(anonymous_26)
FNF:4
FNH:4
FNDA:18,(anonymous_21)
FNDA:6,(anonymous_22)
FNDA:5,(anonymous_25)
FNDA:1,(anonymous_26)
DA:1,3
DA:2,3
DA:3,3
DA:4,3
DA:5,3
DA:7,3
DA:13,18
DA:14,18
DA:15,18
DA:16,18
DA:17,18
DA:19,21
DA:20,3
DA:24,3
DA:25,3
DA:26,3
DA:29,3
DA:32,3
DA:35,3
DA:41,2
DA:43,1
DA:49,1
DA:50,1
DA:54,1
DA:64,1
DA:67,1
DA:75,1
DA:76,1
DA:79,1
DA:82,1
DA:89,3
DA:93,18
DA:96,5
DA:117,1
DA:149,3
LF:35
LH:35
BRDA:29,0,0,3
BRDA:29,0,1,0
BRDA:41,1,0,1
BRDA:59,2,0,1
BRDA:59,2,1,0
BRDA:106,3,0,18
BRDA:106,3,1,9
BRDA:112,4,0,9
BRDA:112,4,1,0
BRDA:129,5,0,3
BRDA:129,5,1,6
BRF:11
BRH:8
end_of_record
TN:
SF:src/components/GoogleCalendarSync.tsx
FN:18,(anonymous_21)
FN:24,(anonymous_22)
FN:25,(anonymous_23)
FN:43,(anonymous_26)
FN:64,(anonymous_29)
FN:65,(anonymous_30)
FN:81,(anonymous_31)
FN:89,(anonymous_34)
FN:90,(anonymous_35)
FNF:9
FNH:0
FNDA:0,(anonymous_21)
FNDA:0,(anonymous_22)
FNDA:0,(anonymous_23)
FNDA:0,(anonymous_26)
FNDA:0,(anonymous_29)
FNDA:0,(anonymous_30)
FNDA:0,(anonymous_31)
FNDA:0,(anonymous_34)
FNDA:0,(anonymous_35)
DA:1,2
DA:3,2
DA:4,2
DA:5,2
DA:6,2
DA:18,2
DA:19,0
DA:20,0
DA:21,0
DA:22,0
DA:24,0
DA:25,0
DA:27,0
DA:28,0
DA:30,0
DA:36,0
DA:40,0
DA:43,0
DA:45,0
DA:46,0
DA:49,0
DA:54,0
DA:56,0
DA:57,0
DA:58,0
DA:61,0
DA:64,0
DA:65,0
DA:67,0
DA:72,0
DA:74,0
DA:75,0
DA:77,0
DA:81,0
DA:83,0
DA:84,0
DA:86,0
DA:89,0
DA:90,0
DA:92,0
DA:97,0
DA:99,0
DA:100,0
DA:102,0
DA:106,0
DA:107,0
DA:110,0
DA:111,0
DA:119,0
DA:127,2
LF:50
LH:7
BRDA:54,0,0,0
BRDA:56,1,0,0
BRDA:56,2,0,0
BRDA:56,2,1,0
BRDA:72,3,0,0
BRDA:72,3,1,0
BRDA:72,4,0,0
BRDA:72,4,1,0
BRDA:97,5,0,0
BRDA:97,5,1,0
BRDA:97,6,0,0
BRDA:97,6,1,0
BRDA:106,7,0,0
BRDA:110,8,0,0
BRDA:110,9,0,0
BRDA:110,9,1,0
BRDA:114,10,0,0
BRDA:114,10,1,0
BRDA:114,11,0,0
BRDA:114,11,1,0
BRDA:114,12,0,0
BRDA:114,12,1,0
BRF:22
BRH:0
end_of_record
TN:
SF:src/components/MobileBookingView.tsx
FN:21,(anonymous_3)
FN:29,(anonymous_4)
FN:33,(anonymous_5)
FN:34,(anonymous_6)
FN:39,(anonymous_7)
FN:44,(anonymous_8)
FN:74,(anonymous_9)
FN:85,(anonymous_10)
FN:106,(anonymous_11)
FN:110,(anonymous_12)
FNF:10
FNH:0
FNDA:0,(anonymous_3)
FNDA:0,(anonymous_4)
FNDA:0,(anonymous_5)
FNDA:0,(anonymous_6)
FNDA:0,(anonymous_7)
FNDA:0,(anonymous_8)
FNDA:0,(anonymous_9)
FNDA:0,(anonymous_10)
FNDA:0,(anonymous_11)
FNDA:0,(anonymous_12)
DA:1,2
DA:21,2
DA:22,0
DA:23,0
DA:24,0
DA:25,0
DA:26,0
DA:29,0
DA:30,0
DA:33,0
DA:34,0
DA:39,0
DA:40,0
DA:44,0
DA:45,0
DA:46,0
DA:53,0
DA:74,0
DA:85,0
DA:106,0
DA:110,0
DA:136,2
LF:22
LH:3
BRDA:33,0,0,0
BRDA:33,0,1,0
BRDA:101,1,0,0
BRDA:101,1,1,0
BRDA:120,2,0,0
BRDA:120,2,1,0
BRF:6
BRH:0
end_of_record
TN:
SF:src/components/MobileBottomMenu.tsx
FN:10,(anonymous_3)
FN:21,(anonymous_4)
FN:36,(anonymous_5)
FN:75,(anonymous_6)
FNF:4
FNH:0
FNDA:0,(anonymous_3)
FNDA:0,(anonymous_4)
FNDA:0,(anonymous_5)
FNDA:0,(anonymous_6)
DA:1,2
DA:10,2
DA:11,0
DA:12,0
DA:13,0
DA:14,0
DA:16,0
DA:21,0
DA:36,0
DA:75,0
DA:92,2
LF:11
LH:3
BRDA:23,0,0,0
BRDA:23,0,1,0
BRDA:38,1,0,0
BRDA:38,1,1,0
BRDA:61,2,0,0
BRDA:61,2,1,0
BRDA:77,3,0,0
BRDA:77,3,1,0
BRF:8
BRH:0
end_of_record
TN:
SF:src/components/RecurringBookingForm.tsx
FN:18,(anonymous_9)
FN:30,(anonymous_10)
FN:49,(anonymous_11)
FN:99,(anonymous_12)
FN:105,(anonymous_13)
FN:107,(anonymous_14)
FN:138,(anonymous_15)
FN:149,(anonymous_16)
FN:160,(anonymous_17)
FN:178,(anonymous_18)
FN:182,(anonymous_19)
FN:208,(anonymous_20)
FN:219,(anonymous_21)
FN:236,(anonymous_22)
FN:245,(anonymous_23)
FNF:15
FNH:0
FNDA:0,(anonymous_9)
FNDA:0,(anonymous_10)
FNDA:0,(anonymous_11)
FNDA:0,(anonymous_12)
FNDA:0,(anonymous_13)
FNDA:0,(anonymous_14)
FNDA:0,(anonymous_15)
FNDA:0,(anonymous_16)
FNDA:0,(anonymous_17)
FNDA:0,(anonymous_18)
FNDA:0,(anonymous_19)
FNDA:0,(anonymous_20)
FNDA:0,(anonymous_21)
FNDA:0,(anonymous_22)
FNDA:0,(anonymous_23)
DA:1,0
DA:18,0
DA:19,0
DA:20,0
DA:21,0
DA:23,0
DA:24,0
DA:25,0
DA:26,0
DA:27,0
DA:30,0
DA:31,0
DA:33,0
DA:35,0
DA:36,0
DA:38,0
DA:39,0
DA:41,0
DA:42,0
DA:45,0
DA:49,0
DA:50,0
DA:51,0
DA:52,0
DA:56,0
DA:57,0
DA:60,0
DA:61,0
DA:63,0
DA:64,0
DA:66,0
DA:67,0
DA:71,0
DA:75,0
DA:79,0
DA:83,0
DA:84,0
DA:85,0
DA:86,0
DA:87,0
DA:89,0
DA:91,0
DA:92,0
DA:96,0
DA:99,0
DA:100,0
DA:101,0
DA:102,0
DA:105,0
DA:106,0
DA:107,0
DA:109,0
DA:114,0
DA:124,0
DA:138,0
DA:149,0
DA:160,0
DA:178,0
DA:182,0
DA:208,0
DA:219,0
DA:236,0
DA:245,0
DA:275,0
LF:64
LH:0
BRDA:33,0,0,0
BRDA:33,0,1,0
BRDA:33,0,2,0
BRDA:52,1,0,0
BRDA:52,1,1,0
BRDA:60,2,0,0
BRDA:60,2,1,0
BRDA:60,2,2,0
BRDA:61,3,0,0
BRDA:61,3,1,0
BRDA:64,4,0,0
BRDA:64,4,1,0
BRDA:66,5,0,0
BRDA:83,6,0,0
BRDA:83,6,1,0
BRDA:85,7,0,0
BRDA:85,7,1,0
BRDA:86,8,0,0
BRDA:86,8,1,0
BRDA:86,9,0,0
BRDA:86,9,1,0
BRDA:91,10,0,0
BRDA:106,11,0,0
BRDA:106,11,1,0
BRDA:140,12,0,0
BRDA:140,12,1,0
BRDA:151,13,0,0
BRDA:151,13,1,0
BRDA:162,14,0,0
BRDA:162,14,1,0
BRDA:172,15,0,0
BRDA:172,15,1,0
BRDA:184,16,0,0
BRDA:184,16,1,0
BRDA:224,17,0,0
BRDA:224,17,1,0
BRDA:224,18,0,0
BRDA:224,18,1,0
BRF:38
BRH:0
end_of_record
TN:
SF:src/components/ResponsiveBookingForm.tsx
FN:26,(anonymous_22)
FN:51,calculateEndTime
FN:102,(anonymous_24)
FN:104,(anonymous_25)
FN:108,(anonymous_26)
FN:117,(anonymous_27)
FN:120,(anonymous_28)
FN:132,(anonymous_29)
FN:160,(anonymous_30)
FN:196,(anonymous_31)
FN:200,(anonymous_32)
FN:205,(anonymous_33)
FN:206,(anonymous_34)
FN:214,(anonymous_35)
FN:221,(anonymous_36)
FN:227,(anonymous_37)
FN:232,(anonymous_38)
FN:248,(anonymous_39)
FN:261,(anonymous_40)
FN:291,(anonymous_43)
FN:295,(anonymous_44)
FN:318,(anonymous_45)
FN:359,(anonymous_46)
FN:392,(anonymous_47)
FN:392,(anonymous_48)
FN:435,(anonymous_49)
FN:458,(anonymous_50)
FN:475,(anonymous_51)
FN:482,(anonymous_52)
FN:489,(anonymous_53)
FN:502,(anonymous_54)
FN:506,(anonymous_55)
FN:506,(anonymous_56)
FN:578,(anonymous_57)
FNF:34
FNH:22
FNDA:23,(anonymous_22)
FNDA:16,calculateEndTime
FNDA:4,(anonymous_24)
FNDA:4,(anonymous_25)
FNDA:0,(anonymous_26)
FNDA:0,(anonymous_27)
FNDA:0,(anonymous_28)
FNDA:2,(anonymous_29)
FNDA:2,(anonymous_30)
FNDA:23,(anonymous_31)
FNDA:8,(anonymous_32)
FNDA:16,(anonymous_33)
FNDA:8,(anonymous_34)
FNDA:0,(anonymous_35)
FNDA:0,(anonymous_36)
FNDA:8,(anonymous_37)
FNDA:1,(anonymous_38)
FNDA:8,(anonymous_39)
FNDA:2,(anonymous_40)
FNDA:1,(anonymous_43)
FNDA:8,(anonymous_44)
FNDA:1,(anonymous_45)
FNDA:46,(anonymous_46)
FNDA:0,(anonymous_47)
FNDA:0,(anonymous_48)
FNDA:414,(anonymous_49)
FNDA:414,(anonymous_50)
FNDA:0,(anonymous_51)
FNDA:0,(anonymous_52)
FNDA:0,(anonymous_53)
FNDA:115,(anonymous_54)
FNDA:0,(anonymous_55)
FNDA:0,(anonymous_56)
FNDA:23,(anonymous_57)
DA:1,1
DA:3,1
DA:4,1
DA:26,1
DA:27,23
DA:28,23
DA:29,23
DA:30,23
DA:31,23
DA:32,23
DA:33,23
DA:36,23
DA:39,23
DA:52,16
DA:54,16
DA:55,16
DA:57,16
DA:58,16
DA:59,16
DA:63,16
DA:64,0
DA:65,0
DA:68,16
DA:72,23
DA:75,23
DA:78,23
DA:81,23
DA:82,23
DA:83,230
DA:84,460
DA:86,437
DA:87,437
DA:88,437
DA:93,23
DA:102,23
DA:103,4
DA:104,4
DA:107,4
DA:108,0
DA:109,0
DA:110,0
DA:111,0
DA:117,23
DA:118,0
DA:120,0
DA:126,0
DA:132,23
DA:133,2
DA:136,2
DA:137,0
DA:141,2
DA:142,0
DA:146,2
DA:147,0
DA:151,2
DA:152,1
DA:155,2
DA:156,2
DA:160,23
DA:161,2
DA:163,2
DA:165,1
DA:168,1
DA:186,1
DA:187,0
DA:190,1
DA:195,23
DA:196,23
DA:200,23
DA:201,8
DA:204,8
DA:205,16
DA:206,8
DA:208,8
DA:210,8
DA:213,8
DA:214,0
DA:221,0
DA:222,0
DA:227,23
DA:228,8
DA:232,23
DA:233,1
DA:234,1
DA:243,23
DA:244,23
DA:245,23
DA:248,23
DA:250,8
DA:251,0
DA:252,0
DA:253,0
DA:257,8
DA:258,0
DA:261,9
DA:262,1
DA:264,1
DA:265,1
DA:268,1
DA:276,1
DA:277,1
DA:278,1
DA:280,0
DA:281,0
DA:284,0
DA:286,1
DA:291,8
DA:292,1
DA:295,8
DA:298,23
DA:318,1
DA:359,46
DA:392,0
DA:435,414
DA:458,414
DA:475,0
DA:482,0
DA:489,0
DA:502,115
DA:506,0
DA:578,23
DA:642,1
LF:122
LH:94
BRDA:28,0,0,14
BRDA:28,0,1,9
BRDA:33,1,0,17
BRDA:33,1,1,6
BRDA:40,2,0,23
BRDA:40,2,1,16
BRDA:40,2,2,0
BRDA:40,3,0,16
BRDA:40,3,1,7
BRDA:40,4,0,23
BRDA:40,4,1,23
BRDA:40,5,0,0
BRDA:40,5,1,16
BRDA:40,6,0,16
BRDA:40,6,1,16
BRDA:41,7,0,23
BRDA:41,7,1,16
BRDA:42,8,0,23
BRDA:42,8,1,16
BRDA:43,9,0,23
BRDA:43,9,1,16
BRDA:44,10,0,23
BRDA:44,10,1,16
BRDA:44,10,2,0
BRDA:45,11,0,23
BRDA:45,11,1,19
BRDA:46,12,0,23
BRDA:46,12,1,23
BRDA:47,13,0,23
BRDA:47,13,1,21
BRDA:63,14,0,0
BRDA:63,15,0,16
BRDA:63,15,1,16
BRDA:63,15,2,0
BRDA:84,16,0,23
BRDA:84,17,0,460
BRDA:84,17,1,46
BRDA:107,18,0,0
BRDA:136,19,0,0
BRDA:141,20,0,0
BRDA:146,21,0,0
BRDA:151,22,0,1
BRDA:163,23,0,1
BRDA:186,24,0,0
BRDA:186,25,0,1
BRDA:186,25,1,0
BRDA:195,26,0,23
BRDA:195,26,1,0
BRDA:201,27,0,0
BRDA:208,28,0,8
BRDA:208,28,1,0
BRDA:213,29,0,0
BRDA:233,30,0,1
BRDA:237,31,0,1
BRDA:237,31,1,0
BRDA:250,32,0,0
BRDA:250,33,0,8
BRDA:250,33,1,8
BRDA:250,33,2,8
BRDA:250,33,3,8
BRDA:257,34,0,0
BRDA:265,35,0,0
BRDA:265,35,1,1
BRDA:265,36,0,1
BRDA:265,36,1,0
BRDA:276,37,0,1
BRDA:276,37,1,0
BRDA:278,38,0,1
BRDA:278,38,1,0
BRDA:301,39,0,6
BRDA:301,39,1,17
BRDA:305,40,0,23
BRDA:305,40,1,1
BRDA:314,41,0,1
BRDA:314,41,1,1
BRDA:322,42,0,1
BRDA:322,42,1,1
BRDA:331,43,0,23
BRDA:331,43,1,0
BRDA:354,44,0,0
BRDA:354,44,1,23
BRDA:356,45,0,0
BRDA:356,45,1,23
BRDA:365,46,0,23
BRDA:365,46,1,0
BRDA:387,47,0,23
BRDA:387,47,1,15
BRDA:387,47,2,0
BRDA:414,48,0,0
BRDA:414,48,1,23
BRDA:416,49,0,0
BRDA:416,49,1,23
BRDA:418,50,0,23
BRDA:418,50,1,0
BRDA:454,51,0,0
BRDA:454,51,1,23
BRDA:456,52,0,0
BRDA:456,52,1,23
BRDA:464,53,0,23
BRDA:464,53,1,0
BRDA:508,54,0,23
BRDA:508,54,1,92
BRDA:513,55,0,23
BRDA:513,55,1,92
BRDA:533,56,0,1
BRDA:533,56,1,22
BRDA:535,57,0,1
BRDA:535,57,1,22
BRDA:537,58,0,23
BRDA:537,58,1,1
BRDA:559,59,0,23
BRDA:559,59,1,23
BRDA:602,60,0,23
BRDA:602,60,1,6
BRDA:602,60,2,4
BRDA:614,61,0,23
BRDA:614,61,1,17
BRDA:614,61,2,2
BRDA:627,62,0,1
BRDA:627,62,1,22
BRDA:633,63,0,6
BRDA:633,63,1,17
BRF:122
BRH:89
end_of_record
TN:
SF:src/components/RoomDisplay.tsx
FN:6,(anonymous_21)
FN:16,(anonymous_22)
FN:17,(anonymous_23)
FN:20,(anonymous_24)
FN:24,(anonymous_25)
FN:25,(anonymous_26)
FN:31,(anonymous_27)
FN:34,(anonymous_28)
FN:42,(anonymous_29)
FN:43,(anonymous_30)
FN:63,(anonymous_33)
FN:66,(anonymous_34)
FN:86,(anonymous_37)
FN:92,(anonymous_38)
FN:103,(anonymous_39)
FN:106,(anonymous_40)
FNF:16
FNH:0
FNDA:0,(anonymous_21)
FNDA:0,(anonymous_22)
FNDA:0,(anonymous_23)
FNDA:0,(anonymous_24)
FNDA:0,(anonymous_25)
FNDA:0,(anonymous_26)
FNDA:0,(anonymous_27)
FNDA:0,(anonymous_28)
FNDA:0,(anonymous_29)
FNDA:0,(anonymous_30)
FNDA:0,(anonymous_33)
FNDA:0,(anonymous_34)
FNDA:0,(anonymous_37)
FNDA:0,(anonymous_38)
FNDA:0,(anonymous_39)
FNDA:0,(anonymous_40)
DA:1,1
DA:2,1
DA:3,1
DA:6,1
DA:7,0
DA:8,0
DA:9,0
DA:10,0
DA:11,0
DA:12,0
DA:13,0
DA:16,0
DA:17,0
DA:18,0
DA:20,0
DA:24,0
DA:25,0
DA:26,0
DA:29,0
DA:30,0
DA:31,0
DA:34,0
DA:36,0
DA:37,0
DA:38,0
DA:42,0
DA:43,0
DA:44,0
DA:46,0
DA:52,0
DA:53,0
DA:54,0
DA:57,0
DA:60,0
DA:63,0
DA:64,0
DA:66,0
DA:67,0
DA:68,0
DA:69,0
DA:71,0
DA:80,0
DA:81,0
DA:82,0
DA:85,0
DA:86,0
DA:87,0
DA:92,0
DA:93,0
DA:97,0
DA:98,0
DA:101,0
DA:102,0
DA:103,0
DA:106,0
DA:107,0
DA:108,0
DA:109,0
DA:112,0
DA:113,0
DA:124,0
DA:125,0
DA:129,0
DA:133,0
DA:134,0
DA:136,0
LF:66
LH:4
BRDA:26,0,0,0
BRDA:26,0,1,0
BRDA:37,1,0,0
BRDA:44,2,0,0
BRDA:52,3,0,0
BRDA:64,4,0,0
BRDA:80,5,0,0
BRDA:87,6,0,0
BRDA:87,6,1,0
BRDA:87,6,2,0
BRDA:93,7,0,0
BRDA:93,7,1,0
BRDA:93,7,2,0
BRDA:93,7,3,0
BRDA:93,7,4,0
BRDA:97,8,0,0
BRDA:97,8,1,0
BRDA:98,9,0,0
BRDA:98,9,1,0
BRDA:107,10,0,0
BRDA:107,10,1,0
BRDA:112,11,0,0
BRDA:115,12,0,0
BRDA:115,12,1,0
BRDA:125,13,0,0
BRDA:125,13,1,0
BRDA:129,14,0,0
BRDA:129,14,1,0
BRDA:133,15,0,0
BRDA:133,15,1,0
BRDA:134,16,0,0
BRDA:134,16,1,0
BRDA:142,17,0,0
BRDA:142,17,1,0
BRDA:145,18,0,0
BRDA:145,18,1,0
BRDA:149,19,0,0
BRDA:149,19,1,0
BRDA:153,20,0,0
BRDA:153,20,1,0
BRDA:156,21,0,0
BRDA:156,21,1,0
BRDA:157,22,0,0
BRDA:157,22,1,0
BRDA:159,23,0,0
BRDA:159,23,1,0
BRDA:164,24,0,0
BRDA:164,24,1,0
BRDA:166,25,0,0
BRDA:166,25,1,0
BRDA:167,26,0,0
BRDA:167,26,1,0
BRDA:169,27,0,0
BRDA:169,27,1,0
BRDA:171,28,0,0
BRDA:171,28,1,0
BRDA:172,29,0,0
BRDA:172,29,1,0
BRDA:173,30,0,0
BRDA:173,30,1,0
BRDA:182,31,0,0
BRDA:182,31,1,0
BRDA:184,32,0,0
BRDA:184,32,1,0
BRDA:185,33,0,0
BRDA:185,33,1,0
BRDA:191,34,0,0
BRDA:191,34,1,0
BRDA:192,35,0,0
BRDA:192,35,1,0
BRDA:194,36,0,0
BRDA:194,36,1,0
BRDA:195,37,0,0
BRDA:195,37,1,0
BRDA:199,38,0,0
BRDA:199,38,1,0
BRDA:204,39,0,0
BRDA:204,39,1,0
BRDA:205,40,0,0
BRDA:205,40,1,0
BRF:80
BRH:0
end_of_record
TN:
SF:src/components/SearchAndFilter.tsx
FN:17,(anonymous_9)
FN:20,(anonymous_10)
FN:36,(anonymous_11)
FN:41,(anonymous_12)
FN:42,(anonymous_13)
FN:44,(anonymous_14)
FN:52,(anonymous_15)
FN:53,(anonymous_16)
FN:55,(anonymous_17)
FN:63,(anonymous_18)
FN:64,(anonymous_19)
FN:68,(anonymous_20)
FN:69,(anonymous_21)
FN:73,(anonymous_22)
FN:102,(anonymous_23)
FN:125,(anonymous_24)
FN:131,(anonymous_25)
FN:146,(anonymous_26)
FN:149,(anonymous_27)
FN:171,(anonymous_28)
FNF:20
FNH:0
FNDA:0,(anonymous_9)
FNDA:0,(anonymous_10)
FNDA:0,(anonymous_11)
FNDA:0,(anonymous_12)
FNDA:0,(anonymous_13)
FNDA:0,(anonymous_14)
FNDA:0,(anonymous_15)
FNDA:0,(anonymous_16)
FNDA:0,(anonymous_17)
FNDA:0,(anonymous_18)
FNDA:0,(anonymous_19)
FNDA:0,(anonymous_20)
FNDA:0,(anonymous_21)
FNDA:0,(anonymous_22)
FNDA:0,(anonymous_23)
FNDA:0,(anonymous_24)
FNDA:0,(anonymous_25)
FNDA:0,(anonymous_26)
FNDA:0,(anonymous_27)
FNDA:0,(anonymous_28)
DA:1,0
DA:17,0
DA:19,0
DA:20,0
DA:24,0
DA:33,0
DA:36,0
DA:37,0
DA:41,0
DA:42,0
DA:43,0
DA:44,0
DA:47,0
DA:52,0
DA:53,0
DA:54,0
DA:55,0
DA:58,0
DA:63,0
DA:64,0
DA:68,0
DA:69,0
DA:73,0
DA:74,0
DA:83,0
DA:102,0
DA:125,0
DA:131,0
DA:146,0
DA:149,0
DA:171,0
DA:195,0
LF:32
LH:0
BRDA:43,0,0,0
BRDA:43,0,1,0
BRDA:54,1,0,0
BRDA:54,1,1,0
BRDA:109,2,0,0
BRDA:109,2,1,0
BRDA:109,2,2,0
BRDA:109,2,3,0
BRDA:111,3,0,0
BRDA:111,3,1,0
BRDA:118,4,0,0
BRDA:118,4,1,0
BRDA:151,5,0,0
BRDA:151,5,1,0
BRF:14
BRH:0
end_of_record
TN:
SF:src/components/ThemeToggle.tsx
FN:4,(anonymous_3)
FNF:1
FNH:1
FNDA:1,(anonymous_3)
DA:1,2
DA:2,2
DA:4,2
DA:5,1
DA:7,1
DA:50,2
LF:6
LH:6
BRDA:11,0,0,0
BRDA:11,0,1,1
BRDA:13,1,0,0
BRDA:13,1,1,1
BRF:4
BRH:2
end_of_record
TN:
SF:src/components/Toast.tsx
FN:12,(anonymous_8)
FN:15,(anonymous_9)
FN:16,(anonymous_10)
FN:21,(anonymous_11)
FN:24,(anonymous_12)
FN:37,(anonymous_13)
FN:79,(anonymous_14)
FNF:7
FNH:5
FNDA:1,(anonymous_8)
FNDA:1,(anonymous_9)
FNDA:0,(anonymous_10)
FNDA:1,(anonymous_11)
FNDA:1,(anonymous_12)
FNDA:1,(anonymous_13)
FNDA:0,(anonymous_14)
DA:1,2
DA:12,2
DA:13,1
DA:15,1
DA:16,1
DA:17,0
DA:18,0
DA:21,1
DA:24,1
DA:25,1
DA:27,0
DA:29,1
DA:31,0
DA:33,0
DA:37,1
DA:38,1
DA:40,0
DA:46,1
DA:52,0
DA:58,0
DA:66,1
DA:80,0
DA:81,0
DA:93,2
LF:24
LH:14
BRDA:12,0,0,1
BRDA:12,0,1,0
BRDA:25,1,0,0
BRDA:25,1,1,1
BRDA:25,1,2,0
BRDA:25,1,3,0
BRDA:38,2,0,0
BRDA:38,2,1,1
BRDA:38,2,2,0
BRDA:38,2,3,0
BRDA:69,3,0,1
BRDA:69,3,1,0
BRF:12
BRH:4
end_of_record
TN:
SF:src/contexts/ThemeContext.tsx
FN:10,(anonymous_8)
FN:15,(anonymous_9)
FN:21,(anonymous_10)
FN:32,(anonymous_11)
FN:34,(anonymous_12)
FN:42,(anonymous_13)
FN:45,(anonymous_14)
FN:46,(anonymous_15)
FN:56,(anonymous_16)
FNF:9
FNH:6
FNDA:6,(anonymous_8)
FNDA:6,(anonymous_9)
FNDA:6,(anonymous_10)
FNDA:6,(anonymous_11)
FNDA:0,(anonymous_12)
FNDA:6,(anonymous_13)
FNDA:0,(anonymous_14)
FNDA:0,(anonymous_15)
FNDA:1,(anonymous_16)
DA:1,2
DA:8,2
DA:10,6
DA:12,6
DA:15,6
DA:16,6
DA:17,6
DA:21,6
DA:22,6
DA:23,0
DA:25,6
DA:28,6
DA:32,6
DA:33,6
DA:34,6
DA:36,0
DA:37,0
DA:41,6
DA:42,6
DA:45,6
DA:46,0
DA:49,6
DA:56,2
DA:57,1
DA:58,1
DA:59,0
DA:61,1
LF:27
LH:22
BRDA:12,0,0,6
BRDA:12,0,1,6
BRDA:17,1,0,4
BRDA:17,1,1,2
BRDA:22,2,0,0
BRDA:22,2,1,6
BRDA:28,3,0,0
BRDA:28,3,1,6
BRDA:36,4,0,0
BRDA:58,5,0,0
BRF:10
BRH:6
end_of_record
TN:
SF:src/contexts/ToastContext.tsx
FN:16,(anonymous_10)
FN:19,(anonymous_11)
FN:21,(anonymous_12)
FN:24,(anonymous_13)
FN:25,(anonymous_14)
FN:25,(anonymous_15)
FN:32,(anonymous_16)
FN:37,(anonymous_17)
FN:45,(anonymous_18)
FNF:9
FNH:5
FNDA:7,(anonymous_10)
FNDA:1,(anonymous_11)
FNDA:1,(anonymous_12)
FNDA:0,(anonymous_13)
FNDA:0,(anonymous_14)
FNDA:0,(anonymous_15)
FNDA:1,(anonymous_16)
FNDA:0,(anonymous_17)
FNDA:18,(anonymous_18)
DA:1,2
DA:2,2
DA:14,2
DA:16,7
DA:17,7
DA:19,7
DA:20,1
DA:21,1
DA:24,7
DA:25,0
DA:28,7
DA:32,1
DA:37,0
DA:45,2
DA:46,18
DA:47,18
DA:48,0
DA:50,18
LF:18
LH:15
BRDA:47,0,0,0
BRF:1
BRH:0
end_of_record
TN:
SF:src/contexts/UserPreferencesContext.tsx
FN:51,(anonymous_8)
FN:59,(anonymous_9)
FN:60,(anonymous_10)
FN:64,(anonymous_11)
FN:78,(anonymous_12)
FNF:5
FNH:5
FNDA:14,(anonymous_8)
FNDA:4,(anonymous_9)
FNDA:4,(anonymous_10)
FNDA:1,(anonymous_11)
FNDA:11,(anonymous_12)
DA:1,3
DA:2,3
DA:24,3
DA:43,3
DA:51,14
DA:53,14
DA:59,14
DA:60,4
DA:64,14
DA:65,1
DA:68,14
DA:78,3
DA:79,11
DA:80,10
DA:81,2
DA:83,8
LF:16
LH:16
BRDA:80,0,0,2
BRF:1
BRH:1
end_of_record
TN:
SF:src/hooks/useGoogleCalendar.ts
FN:5,(anonymous_13)
FN:8,(anonymous_14)
FN:8,(anonymous_15)
FN:31,(anonymous_17)
FNF:4
FNH:0
FNDA:0,(anonymous_13)
FNDA:0,(anonymous_14)
FNDA:0,(anonymous_15)
FNDA:0,(anonymous_17)
DA:1,2
DA:2,2
DA:5,2
DA:6,0
DA:8,0
DA:13,0
DA:17,0
DA:18,0
DA:22,0
DA:30,0
DA:31,0
DA:41,0
DA:42,0
DA:43,0
DA:47,0
LF:15
LH:3
BRDA:31,0,0,0
BRDA:31,0,1,0
BRDA:31,1,0,0
BRDA:31,1,1,0
BRDA:31,2,0,0
BRDA:31,2,1,0
BRDA:32,3,0,0
BRDA:32,3,1,0
BRDA:34,4,0,0
BRDA:34,4,1,0
BRDA:35,5,0,0
BRDA:35,5,1,0
BRDA:35,5,2,0
BRDA:35,6,0,0
BRDA:35,6,1,0
BRDA:35,7,0,0
BRDA:35,7,1,0
BRDA:35,8,0,0
BRDA:35,8,1,0
BRDA:35,9,0,0
BRDA:35,9,1,0
BRDA:36,10,0,0
BRDA:36,10,1,0
BRDA:36,10,2,0
BRDA:36,11,0,0
BRDA:36,11,1,0
BRDA:36,12,0,0
BRDA:36,12,1,0
BRDA:36,13,0,0
BRDA:36,13,1,0
BRDA:36,14,0,0
BRDA:36,14,1,0
BRDA:37,15,0,0
BRDA:37,15,1,0
BRF:34
BRH:0
end_of_record
TN:
SF:src/hooks/useLocalStorage.ts
FN:9,useLocalStorage
FN:11,(anonymous_1)
FN:28,(anonymous_2)
FN:48,(anonymous_3)
FN:49,(anonymous_4)
FN:60,(anonymous_5)
FN:76,(anonymous_6)
FNF:7
FNH:6
FNDA:16,useLocalStorage
FNDA:13,(anonymous_1)
FNDA:3,(anonymous_2)
FNDA:13,(anonymous_3)
FNDA:0,(anonymous_4)
FNDA:3,(anonymous_5)
FNDA:13,(anonymous_6)
DA:1,3
DA:9,3
DA:11,16
DA:12,13
DA:14,13
DA:16,13
DA:19,1
DA:20,1
DA:25,16
DA:28,16
DA:29,3
DA:32,3
DA:35,3
DA:38,3
DA:41,3
DA:43,0
DA:48,16
DA:49,13
DA:50,0
DA:51,0
DA:52,0
DA:54,0
DA:60,13
DA:61,3
DA:62,3
DA:63,3
DA:64,3
DA:66,0
DA:72,13
DA:74,13
DA:76,13
DA:77,13
DA:78,13
DA:82,16
LF:34
LH:28
BRDA:16,0,0,2
BRDA:16,0,1,11
BRDA:32,1,0,1
BRDA:32,1,1,2
BRDA:50,2,0,0
BRDA:50,3,0,0
BRDA:50,3,1,0
BRDA:62,4,0,3
BRF:8
BRH:5
end_of_record
TN:
SF:src/lib/api.ts
FN:6,(anonymous_13)
FN:20,(anonymous_16)
FN:38,(anonymous_19)
FN:52,(anonymous_22)
FN:68,(anonymous_25)
FN:83,(anonymous_28)
FN:98,(anonymous_31)
FN:114,(anonymous_34)
FN:127,(anonymous_37)
FN:132,(anonymous_40)
FN:162,(anonymous_44)
FN:187,(anonymous_45)
FN:193,(anonymous_46)
FNF:13
FNH:7
FNDA:2,(anonymous_13)
FNDA:1,(anonymous_16)
FNDA:0,(anonymous_19)
FNDA:1,(anonymous_22)
FNDA:0,(anonymous_25)
FNDA:1,(anonymous_28)
FNDA:0,(anonymous_31)
FNDA:0,(anonymous_34)
FNDA:0,(anonymous_37)
FNDA:2,(anonymous_40)
FNDA:0,(anonymous_44)
FNDA:5,(anonymous_45)
FNDA:5,(anonymous_46)
DA:1,2
DA:5,2
DA:7,2
DA:12,2
DA:13,1
DA:14,1
DA:17,1
DA:21,1
DA:27,1
DA:28,0
DA:29,0
DA:32,1
DA:37,2
DA:39,0
DA:44,0
DA:45,0
DA:46,0
DA:49,0
DA:53,1
DA:60,1
DA:61,0
DA:62,0
DA:65,1
DA:69,0
DA:75,0
DA:76,0
DA:77,0
DA:80,0
DA:84,1
DA:90,1
DA:91,0
DA:92,0
DA:95,1
DA:99,0
DA:106,0
DA:107,0
DA:108,0
DA:111,0
DA:115,0
DA:120,0
DA:121,0
DA:122,0
DA:128,0
DA:135,2
DA:140,2
DA:141,0
DA:142,0
DA:145,2
DA:146,1
DA:150,1
DA:155,1
DA:156,0
DA:157,0
DA:161,2
DA:162,1
DA:163,0
DA:171,1
DA:173,1
DA:178,0
DA:180,0
DA:181,0
DA:187,2
DA:192,5
DA:195,5
DA:203,5
DA:204,1
DA:208,5
DA:210,5
DA:211,1
DA:212,1
DA:216,4
LF:71
LH:37
BRDA:7,0,0,2
BRDA:12,1,0,1
BRDA:17,2,0,1
BRDA:17,2,1,0
BRDA:21,3,0,1
BRDA:27,4,0,0
BRDA:32,5,0,1
BRDA:32,5,1,0
BRDA:39,6,0,0
BRDA:44,7,0,0
BRDA:49,8,0,0
BRDA:49,8,1,0
BRDA:53,9,0,1
BRDA:60,10,0,0
BRDA:65,11,0,1
BRDA:65,11,1,0
BRDA:69,12,0,0
BRDA:75,13,0,0
BRDA:80,14,0,0
BRDA:80,14,1,0
BRDA:84,15,0,1
BRDA:90,16,0,0
BRDA:99,17,0,0
BRDA:106,18,0,0
BRDA:115,19,0,0
BRDA:120,20,0,0
BRDA:140,21,0,0
BRDA:145,22,0,1
BRDA:145,23,0,2
BRDA:145,23,1,2
BRDA:155,24,0,0
BRDA:162,25,0,1
BRDA:162,25,1,0
BRDA:162,26,0,1
BRDA:162,26,1,1
BRDA:163,27,0,0
BRDA:163,27,1,0
BRDA:163,27,2,0
BRDA:163,27,3,0
BRDA:163,27,4,0
BRDA:163,27,5,0
BRDA:163,27,6,0
BRDA:171,28,0,1
BRDA:203,29,0,1
BRDA:210,30,0,1
BRDA:216,31,0,4
BRDA:216,31,1,3
BRF:47
BRH:19
end_of_record
TN:
SF:src/lib/googleCalendar.ts
FN:22,(anonymous_13)
FN:31,(anonymous_14)
FN:31,(anonymous_15)
FN:43,(anonymous_17)
FN:43,(anonymous_18)
FN:61,(anonymous_20)
FN:66,(anonymous_21)
FN:81,(anonymous_23)
FN:81,(anonymous_24)
FNF:9
FNH:0
FNDA:0,(anonymous_13)
FNDA:0,(anonymous_14)
FNDA:0,(anonymous_15)
FNDA:0,(anonymous_17)
FNDA:0,(anonymous_18)
FNDA:0,(anonymous_20)
FNDA:0,(anonymous_21)
FNDA:0,(anonymous_23)
FNDA:0,(anonymous_24)
DA:1,0
DA:2,0
DA:5,0
DA:6,0
DA:7,0
DA:8,0
DA:11,0
DA:18,0
DA:20,0
DA:23,0
DA:31,0
DA:33,0
DA:34,0
DA:35,0
DA:37,0
DA:38,0
DA:43,0
DA:45,0
DA:53,0
DA:55,0
DA:56,0
DA:66,0
DA:68,0
DA:73,0
DA:75,0
DA:76,0
DA:81,0
DA:83,0
DA:88,0
DA:89,0
LF:30
LH:0
BRDA:6,0,0,0
BRDA:6,0,1,0
BRDA:7,1,0,0
BRDA:7,1,1,0
BRDA:8,2,0,0
BRDA:8,2,1,0
BRDA:53,3,0,0
BRDA:53,3,1,0
BRF:8
BRH:0
end_of_record
TN:
SF:src/lib/googleCalendarApi.ts
FN:22,(anonymous_13)
FN:31,(anonymous_14)
FN:31,(anonymous_15)
FN:43,(anonymous_17)
FN:43,(anonymous_18)
FN:61,(anonymous_20)
FN:66,(anonymous_21)
FN:81,(anonymous_23)
FN:81,(anonymous_24)
FN:94,(anonymous_26)
FNF:10
FNH:0
FNDA:0,(anonymous_13)
FNDA:0,(anonymous_14)
FNDA:0,(anonymous_15)
FNDA:0,(anonymous_17)
FNDA:0,(anonymous_18)
FNDA:0,(anonymous_20)
FNDA:0,(anonymous_21)
FNDA:0,(anonymous_23)
FNDA:0,(anonymous_24)
FNDA:0,(anonymous_26)
DA:1,2
DA:2,2
DA:5,2
DA:6,2
DA:7,2
DA:8,2
DA:11,2
DA:18,2
DA:20,2
DA:23,0
DA:31,0
DA:33,0
DA:34,0
DA:35,0
DA:37,0
DA:38,0
DA:43,0
DA:45,0
DA:53,0
DA:55,0
DA:56,0
DA:66,0
DA:68,0
DA:73,0
DA:75,0
DA:76,0
DA:81,0
DA:83,0
DA:88,0
DA:89,0
DA:94,0
DA:96,0
DA:103,0
DA:105,0
DA:112,0
DA:114,0
DA:115,0
LF:37
LH:9
BRDA:6,0,0,2
BRDA:6,0,1,2
BRDA:7,1,0,2
BRDA:7,1,1,2
BRDA:8,2,0,2
BRDA:8,2,1,2
BRDA:53,3,0,0
BRDA:53,3,1,0
BRDA:103,4,0,0
BRF:9
BRH:6
end_of_record
TN:
SF:src/lib/initializeDatabase.ts
FN:12,(anonymous_13)
FN:49,(anonymous_16)
FN:91,(anonymous_17)
FN:100,(anonymous_20)
FNF:4
FNH:0
FNDA:0,(anonymous_13)
FNDA:0,(anonymous_16)
FNDA:0,(anonymous_17)
FNDA:0,(anonymous_20)
DA:1,0
DA:4,0
DA:12,0
DA:13,0
DA:16,0
DA:21,0
DA:22,0
DA:23,0
DA:27,0
DA:32,0
DA:33,0
DA:34,0
DA:38,0
DA:42,0
DA:43,0
DA:44,0
DA:48,0
DA:49,0
DA:53,0
DA:54,0
DA:55,0
DA:56,0
DA:60,0
DA:61,0
DA:63,0
DA:67,0
DA:69,0
DA:72,0
DA:73,0
DA:78,0
DA:79,0
DA:81,0
DA:87,0
DA:91,0
DA:93,0
DA:96,0
DA:100,0
DA:102,0
DA:124,0
DA:152,0
DA:153,0
LF:41
LH:0
BRDA:27,0,0,0
BRDA:27,0,1,0
BRDA:21,1,0,0
BRDA:21,2,0,0
BRDA:21,2,1,0
BRDA:32,3,0,0
BRDA:32,4,0,0
BRDA:32,4,1,0
BRDA:42,5,0,0
BRDA:49,6,0,0
BRDA:49,6,1,0
BRDA:49,7,0,0
BRDA:49,7,1,0
BRDA:49,8,0,0
BRDA:49,8,1,0
BRDA:53,9,0,0
BRDA:54,10,0,0
BRDA:60,11,0,0
BRDA:60,11,1,0
BRDA:69,12,0,0
BRDA:69,13,0,0
BRDA:69,13,1,0
BRDA:78,14,0,0
BRDA:78,14,1,0
BRF:24
BRH:0
end_of_record
TN:
SF:src/lib/supabase.ts
FN:18,(anonymous_0)
FN:20,(anonymous_1)
FN:29,(anonymous_2)
FNF:3
FNH:1
FNDA:1,(anonymous_0)
FNDA:0,(anonymous_1)
FNDA:0,(anonymous_2)
DA:1,2
DA:3,2
DA:4,2
DA:7,2
DA:8,2
DA:11,2
DA:18,4
DA:19,1
DA:20,1
DA:21,0
DA:22,0
DA:28,0
DA:30,0
DA:31,0
LF:14
LH:9
BRDA:21,0,0,0
BRF:1
BRH:0
end_of_record
TN:
SF:src/mocks/googleapis.ts
FN:2,(anonymous_0)
FN:3,OAuth2Client
FN:5,(anonymous_2)
FN:6,(anonymous_3)
FN:7,(anonymous_4)
FN:8,(anonymous_5)
FN:15,(anonymous_6)
FN:16,GoogleAuth
FN:18,(anonymous_8)
FN:19,(anonymous_9)
FN:25,(anonymous_10)
FN:27,(anonymous_11)
FN:28,(anonymous_12)
FN:29,(anonymous_13)
FN:30,(anonymous_14)
FNF:15
FNH:4
FNDA:2,(anonymous_0)
FNDA:2,OAuth2Client
FNDA:0,(anonymous_2)
FNDA:0,(anonymous_3)
FNDA:0,(anonymous_4)
FNDA:0,(anonymous_5)
FNDA:2,(anonymous_6)
FNDA:0,GoogleAuth
FNDA:0,(anonymous_8)
FNDA:0,(anonymous_9)
FNDA:2,(anonymous_10)
FNDA:0,(anonymous_11)
FNDA:0,(anonymous_12)
FNDA:0,(anonymous_13)
FNDA:0,(anonymous_14)
DA:2,2
DA:4,2
DA:6,0
DA:7,0
DA:8,0
DA:11,2
DA:13,2
DA:17,0
DA:18,0
DA:19,0
DA:22,2
DA:25,2
DA:27,0
DA:28,0
DA:29,0
DA:30,0
DA:35,2
LF:17
LH:7
BRF:0
BRH:0
end_of_record
TN:
SF:src/pages/DisplayRoom.tsx
FN:4,(anonymous_1)
FNF:1
FNH:0
FNDA:0,(anonymous_1)
DA:1,1
DA:2,1
DA:4,1
DA:5,0
DA:8,1
LF:5
LH:4
BRF:0
BRH:0
end_of_record
TN:
SF:src/scripts/setupDatabase.js
FN:8,setupDatabase
FNF:1
FNH:0
FNDA:0,setupDatabase
DA:1,0
DA:3,0
DA:4,0
DA:6,0
DA:9,0
DA:11,0
DA:13,0
DA:25,0
DA:26,0
DA:28,0
DA:32,0
DA:50,0
DA:51,0
DA:53,0
DA:57,0
DA:61,0
DA:62,0
DA:64,0
DA:66,0
DA:68,0
DA:75,0
DA:76,0
DA:80,0
DA:81,0
DA:83,0
DA:86,0
DA:90,0
DA:92,0
DA:97,0
LF:29
LH:0
BRDA:25,0,0,0
BRDA:25,0,1,0
BRDA:50,1,0,0
BRDA:50,1,1,0
BRDA:61,2,0,0
BRDA:61,2,1,0
BRDA:64,3,0,0
BRDA:64,3,1,0
BRDA:66,4,0,0
BRDA:66,4,1,0
BRDA:66,5,0,0
BRDA:66,5,1,0
BRDA:80,6,0,0
BRDA:80,6,1,0
BRF:14
BRH:0
end_of_record
TN:
SF:src/scripts/setupDatabase.ts
FN:3,setupDatabase
FNF:1
FNH:0
FNDA:0,setupDatabase
DA:1,0
DA:4,0
DA:8,0
DA:19,0
DA:22,0
DA:39,0
DA:42,0
DA:46,0
DA:48,0
DA:55,0
DA:56,0
DA:60,0
DA:61,0
DA:64,0
DA:67,0
DA:69,0
DA:74,0
LF:17
LH:0
BRDA:46,0,0,0
BRDA:46,1,0,0
BRDA:46,1,1,0
BRDA:55,2,0,0
BRDA:60,3,0,0
BRF:5
BRH:0
end_of_record
TN:
SF:src/scripts/testConnection.js
FN:8,testConnection
FNF:1
FNH:0
FNDA:0,testConnection
DA:1,0
DA:3,0
DA:4,0
DA:6,0
DA:9,0
DA:10,0
DA:11,0
DA:12,0
DA:14,0
DA:16,0
DA:17,0
DA:22,0
DA:23,0
DA:25,0
DA:26,0
DA:27,0
DA:28,0
DA:29,0
DA:30,0
DA:31,0
DA:32,0
DA:35,0
DA:36,0
DA:39,0
DA:40,0
DA:45,0
DA:46,0
DA:48,0
DA:49,0
DA:50,0
DA:51,0
DA:54,0
DA:55,0
DA:56,0
DA:60,0
DA:61,0
DA:64,0
DA:68,0
LF:38
LH:0
BRDA:22,0,0,0
BRDA:22,0,1,0
BRDA:25,1,0,0
BRDA:25,1,1,0
BRDA:25,2,0,0
BRDA:25,2,1,0
BRDA:29,3,0,0
BRDA:29,3,1,0
BRDA:29,4,0,0
BRDA:29,4,1,0
BRDA:45,5,0,0
BRDA:45,5,1,0
BRDA:48,6,0,0
BRDA:48,6,1,0
BRDA:48,7,0,0
BRDA:48,7,1,0
BRDA:50,8,0,0
BRDA:50,8,1,0
BRDA:50,9,0,0
BRDA:50,9,1,0
BRF:20
BRH:0
end_of_record
TN:
SF:src/utils/dateUtils.ts
FN:6,(anonymous_0)
FN:18,(anonymous_1)
FN:28,(anonymous_2)
FN:54,(anonymous_3)
FNF:4
FNH:4
FNDA:4,(anonymous_0)
FNDA:4,(anonymous_1)
FNDA:9,(anonymous_2)
FNDA:6,(anonymous_3)
DA:6,4
DA:7,4
DA:10,2
DA:18,4
DA:19,4
DA:28,4
DA:29,9
DA:30,9
DA:31,9
DA:34,9
DA:35,0
DA:36,0
DA:40,9
DA:41,2
DA:42,2
DA:45,9
DA:54,4
DA:55,6
DA:56,6
DA:57,6
DA:65,6
LF:21
LH:19
BRDA:7,0,0,2
BRDA:7,1,0,4
BRDA:7,1,1,3
BRDA:34,2,0,0
BRDA:40,3,0,2
BRDA:40,4,0,9
BRDA:40,4,1,7
BRDA:40,4,2,0
BRF:8
BRH:6
end_of_record
