TN:
SF:src/App.test.tsx
FN:5,(anonymous_1)
FNF:1
FNH:0
FNDA:0,(anonymous_1)
DA:1,0
DA:2,0
DA:3,0
DA:5,0
DA:6,0
DA:7,0
DA:8,0
LF:7
LH:0
BRF:0
BRH:0
end_of_record
TN:
SF:src/App.tsx
FN:13,(anonymous_9)
FN:13,(anonymous_10)
FN:14,(anonymous_11)
FN:14,(anonymous_12)
FN:15,(anonymous_13)
FN:15,(anonymous_14)
FN:18,(anonymous_15)
FN:26,(anonymous_16)
FN:30,(anonymous_17)
FN:31,(anonymous_18)
FN:35,(anonymous_19)
FN:49,App
FNF:12
FNH:0
FNDA:0,(anonymous_9)
FNDA:0,(anonymous_10)
FNDA:0,(anonymous_11)
FNDA:0,(anonymous_12)
FNDA:0,(anonymous_13)
FNDA:0,(anonymous_14)
FNDA:0,(anonymous_15)
FNDA:0,(anonymous_16)
FNDA:0,(anonymous_17)
FNDA:0,(anonymous_18)
FNDA:0,(anonymous_19)
FNDA:0,App
DA:1,0
DA:2,0
DA:3,0
DA:4,0
DA:5,0
DA:6,0
DA:7,0
DA:8,0
DA:9,0
DA:10,0
DA:13,0
DA:14,0
DA:15,0
DA:18,0
DA:26,0
DA:27,0
DA:28,0
DA:30,0
DA:31,0
DA:32,0
DA:35,0
DA:38,0
DA:50,0
DA:65,0
LF:24
LH:0
BRF:0
BRH:0
end_of_record
TN:
SF:src/main.tsx
FN:10,(anonymous_1)
FN:13,(anonymous_2)
FN:32,(anonymous_3)
FN:55,(anonymous_4)
FNF:4
FNH:0
FNDA:0,(anonymous_1)
FNDA:0,(anonymous_2)
FNDA:0,(anonymous_3)
FNDA:0,(anonymous_4)
DA:1,0
DA:2,0
DA:3,0
DA:4,0
DA:5,0
DA:8,0
DA:10,0
DA:12,0
DA:13,0
DA:14,0
DA:18,0
DA:20,0
DA:25,0
DA:32,0
DA:34,0
DA:37,0
DA:38,0
DA:40,0
DA:42,0
DA:57,0
LF:20
LH:0
BRDA:8,0,0,0
BRDA:14,1,0,0
BRDA:14,2,0,0
BRDA:14,2,1,0
BRDA:14,2,2,0
BRDA:40,3,0,0
BRDA:40,4,0,0
BRDA:40,4,1,0
BRF:8
BRH:0
end_of_record
TN:
SF:src/components/CalendarWidget.test.tsx
FN:5,(anonymous_1)
FN:8,(anonymous_2)
FN:12,(anonymous_3)
FN:17,(anonymous_4)
FN:23,(anonymous_5)
FN:30,(anonymous_6)
FN:37,(anonymous_7)
FNF:7
FNH:0
FNDA:0,(anonymous_1)
FNDA:0,(anonymous_2)
FNDA:0,(anonymous_3)
FNDA:0,(anonymous_4)
FNDA:0,(anonymous_5)
FNDA:0,(anonymous_6)
FNDA:0,(anonymous_7)
DA:1,0
DA:2,0
DA:3,0
DA:5,0
DA:6,0
DA:8,0
DA:9,0
DA:12,0
DA:13,0
DA:14,0
DA:17,0
DA:18,0
DA:19,0
DA:20,0
DA:23,0
DA:24,0
DA:25,0
DA:26,0
DA:27,0
DA:30,0
DA:31,0
DA:32,0
DA:33,0
DA:34,0
DA:37,0
DA:38,0
DA:39,0
DA:40,0
DA:41,0
LF:29
LH:0
BRF:0
BRH:0
end_of_record
TN:
SF:src/components/CalendarWidget.tsx
FN:10,(anonymous_9)
FN:14,(anonymous_10)
FN:18,(anonymous_11)
FN:22,(anonymous_12)
FN:26,(anonymous_13)
FN:32,(anonymous_14)
FN:76,(anonymous_15)
FN:80,(anonymous_16)
FN:89,(anonymous_17)
FN:103,(anonymous_18)
FN:118,(anonymous_19)
FN:137,(anonymous_20)
FN:147,(anonymous_21)
FN:150,(anonymous_22)
FNF:14
FNH:0
FNDA:0,(anonymous_9)
FNDA:0,(anonymous_10)
FNDA:0,(anonymous_11)
FNDA:0,(anonymous_12)
FNDA:0,(anonymous_13)
FNDA:0,(anonymous_14)
FNDA:0,(anonymous_15)
FNDA:0,(anonymous_16)
FNDA:0,(anonymous_17)
FNDA:0,(anonymous_18)
FNDA:0,(anonymous_19)
FNDA:0,(anonymous_20)
FNDA:0,(anonymous_21)
FNDA:0,(anonymous_22)
DA:1,0
DA:2,0
DA:3,0
DA:10,0
DA:11,0
DA:12,0
DA:14,0
DA:15,0
DA:18,0
DA:19,0
DA:22,0
DA:23,0
DA:26,0
DA:27,0
DA:28,0
DA:29,0
DA:32,0
DA:33,0
DA:76,0
DA:77,0
DA:78,0
DA:80,0
DA:89,0
DA:90,0
DA:91,0
DA:92,0
DA:93,0
DA:95,0
DA:96,0
DA:98,0
DA:103,0
DA:110,0
DA:111,0
DA:112,0
DA:117,0
DA:118,0
DA:128,0
DA:129,0
DA:130,0
DA:135,0
DA:137,0
DA:145,0
DA:147,0
DA:150,0
DA:165,0
DA:174,0
LF:46
LH:0
BRDA:110,0,0,0
BRDA:110,0,1,0
BRDA:111,1,0,0
BRDA:128,2,0,0
BRDA:128,2,1,0
BRDA:129,3,0,0
BRDA:153,4,0,0
BRDA:153,4,1,0
BRDA:154,5,0,0
BRDA:154,5,1,0
BRDA:155,6,0,0
BRDA:155,6,1,0
BRF:12
BRH:0
end_of_record
TN:
SF:src/components/ColorCodingLegend.test.tsx
FN:5,(anonymous_1)
FN:6,(anonymous_2)
FN:25,(anonymous_3)
FN:30,(anonymous_4)
FNF:4
FNH:0
FNDA:0,(anonymous_1)
FNDA:0,(anonymous_2)
FNDA:0,(anonymous_3)
FNDA:0,(anonymous_4)
DA:1,0
DA:2,0
DA:3,0
DA:5,0
DA:6,0
DA:7,0
DA:10,0
DA:11,0
DA:12,0
DA:13,0
DA:14,0
DA:17,0
DA:18,0
DA:19,0
DA:20,0
DA:21,0
DA:22,0
DA:25,0
DA:26,0
DA:27,0
DA:30,0
DA:31,0
DA:32,0
LF:23
LH:0
BRF:0
BRH:0
end_of_record
TN:
SF:src/components/ColorCodingLegend.tsx
FN:3,(anonymous_3)
FN:19,(anonymous_4)
FNF:2
FNH:0
FNDA:0,(anonymous_3)
FNDA:0,(anonymous_4)
DA:1,0
DA:3,0
DA:5,0
DA:13,0
DA:19,0
DA:30,0
LF:6
LH:0
BRF:0
BRH:0
end_of_record
TN:
SF:src/components/ConferenceRoomBooking.test.tsx
FN:13,(anonymous_16)
FN:27,(anonymous_17)
FN:35,(anonymous_18)
FN:49,(anonymous_19)
FN:57,(anonymous_20)
FN:62,(anonymous_21)
FN:66,(anonymous_24)
FN:71,(anonymous_25)
FN:82,(anonymous_26)
FN:89,(anonymous_29)
FN:98,(anonymous_30)
FN:102,(anonymous_33)
FN:107,(anonymous_34)
FN:119,(anonymous_35)
FN:137,(anonymous_38)
FN:142,(anonymous_39)
FNF:16
FNH:0
FNDA:0,(anonymous_16)
FNDA:0,(anonymous_17)
FNDA:0,(anonymous_18)
FNDA:0,(anonymous_19)
FNDA:0,(anonymous_20)
FNDA:0,(anonymous_21)
FNDA:0,(anonymous_24)
FNDA:0,(anonymous_25)
FNDA:0,(anonymous_26)
FNDA:0,(anonymous_29)
FNDA:0,(anonymous_30)
FNDA:0,(anonymous_33)
FNDA:0,(anonymous_34)
FNDA:0,(anonymous_35)
FNDA:0,(anonymous_38)
FNDA:0,(anonymous_39)
DA:1,0
DA:2,0
DA:3,0
DA:4,0
DA:5,0
DA:6,0
DA:7,0
DA:8,0
DA:9,0
DA:13,0
DA:27,0
DA:28,0
DA:33,0
DA:35,0
DA:36,0
DA:49,0
DA:50,0
DA:52,0
DA:53,0
DA:54,0
DA:57,0
DA:58,0
DA:59,0
DA:62,0
DA:63,0
DA:66,0
DA:67,0
DA:71,0
DA:72,0
DA:76,0
DA:77,0
DA:78,0
DA:79,0
DA:82,0
DA:84,0
DA:86,0
DA:89,0
DA:90,0
DA:94,0
DA:95,0
DA:98,0
DA:99,0
DA:102,0
DA:103,0
DA:107,0
DA:108,0
DA:112,0
DA:113,0
DA:116,0
DA:119,0
DA:121,0
DA:131,0
DA:132,0
DA:134,0
DA:137,0
DA:138,0
DA:142,0
DA:143,0
DA:147,0
DA:148,0
DA:151,0
LF:61
LH:0
BRF:0
BRH:0
end_of_record
TN:
SF:src/components/ConferenceRoomBooking.tsx
FN:47,(anonymous_23)
FN:54,(anonymous_24)
FN:119,(anonymous_25)
FN:120,(anonymous_26)
FN:125,(anonymous_27)
FN:129,(anonymous_28)
FN:130,loadData
FN:154,(anonymous_32)
FN:155,loadBookingsForDate
FN:162,(anonymous_36)
FN:164,(anonymous_37)
FN:177,(anonymous_38)
FN:178,loadBookingsForWeek
FN:190,(anonymous_42)
FN:192,(anonymous_43)
FN:211,(anonymous_44)
FN:217,(anonymous_45)
FN:223,(anonymous_46)
FN:232,(anonymous_47)
FN:233,(anonymous_48)
FN:258,(anonymous_49)
FN:268,(anonymous_50)
FN:287,(anonymous_51)
FN:288,(anonymous_52)
FN:290,(anonymous_53)
FN:307,(anonymous_54)
FN:320,(anonymous_55)
FN:331,getWeekStartDate
FN:340,formatTime
FN:350,getWeekDays
FN:363,formatDateHeader
FN:369,hasBookingAt
FN:371,(anonymous_63)
FN:382,getBookingInfo
FN:384,(anonymous_65)
FN:395,handlePrevWeek
FN:402,handleNextWeek
FN:409,handleCurrentWeek
FN:414,(anonymous_69)
FN:414,(anonymous_70)
FN:447,(anonymous_72)
FN:471,(anonymous_73)
FN:472,(anonymous_74)
FN:505,(anonymous_75)
FN:518,(anonymous_76)
FN:529,(anonymous_77)
FN:529,(anonymous_78)
FN:537,(anonymous_80)
FN:538,(anonymous_81)
FN:557,(anonymous_82)
FN:563,(anonymous_83)
FN:566,(anonymous_84)
FN:568,(anonymous_85)
FN:572,(anonymous_86)
FN:578,(anonymous_87)
FN:588,(anonymous_88)
FN:596,(anonymous_89)
FN:602,(anonymous_90)
FN:609,(anonymous_91)
FN:610,(anonymous_92)
FN:617,(anonymous_93)
FN:618,(anonymous_94)
FN:622,(anonymous_95)
FN:631,(anonymous_96)
FN:642,(anonymous_97)
FN:650,(anonymous_98)
FN:665,(anonymous_99)
FN:665,(anonymous_100)
FN:695,(anonymous_104)
FN:711,(anonymous_105)
FN:731,(anonymous_106)
FN:733,(anonymous_107)
FN:734,(anonymous_108)
FN:745,(anonymous_109)
FN:751,(anonymous_110)
FN:756,(anonymous_111)
FN:773,(anonymous_112)
FN:791,(anonymous_113)
FN:866,(anonymous_114)
FN:881,(anonymous_115)
FN:891,(anonymous_116)
FN:904,(anonymous_117)
FN:970,(anonymous_118)
FN:986,(anonymous_119)
FN:998,(anonymous_120)
FN:1004,(anonymous_121)
FN:1067,(anonymous_122)
FN:1082,(anonymous_123)
FN:1093,(anonymous_124)
FN:1094,(anonymous_125)
FN:1110,(anonymous_126)
FN:1124,(anonymous_127)
FN:1198,(anonymous_128)
FN:1203,(anonymous_129)
FN:1216,(anonymous_130)
FN:1229,(anonymous_131)
FN:1240,(anonymous_132)
FN:1252,(anonymous_133)
FN:1264,(anonymous_134)
FN:1274,(anonymous_135)
FN:1277,(anonymous_136)
FN:1283,(anonymous_137)
FN:1297,(anonymous_138)
FN:1341,(anonymous_139)
FN:1347,(anonymous_140)
FN:1367,(anonymous_141)
FNF:106
FNH:0
FNDA:0,(anonymous_23)
FNDA:0,(anonymous_24)
FNDA:0,(anonymous_25)
FNDA:0,(anonymous_26)
FNDA:0,(anonymous_27)
FNDA:0,(anonymous_28)
FNDA:0,loadData
FNDA:0,(anonymous_32)
FNDA:0,loadBookingsForDate
FNDA:0,(anonymous_36)
FNDA:0,(anonymous_37)
FNDA:0,(anonymous_38)
FNDA:0,loadBookingsForWeek
FNDA:0,(anonymous_42)
FNDA:0,(anonymous_43)
FNDA:0,(anonymous_44)
FNDA:0,(anonymous_45)
FNDA:0,(anonymous_46)
FNDA:0,(anonymous_47)
FNDA:0,(anonymous_48)
FNDA:0,(anonymous_49)
FNDA:0,(anonymous_50)
FNDA:0,(anonymous_51)
FNDA:0,(anonymous_52)
FNDA:0,(anonymous_53)
FNDA:0,(anonymous_54)
FNDA:0,(anonymous_55)
FNDA:0,getWeekStartDate
FNDA:0,formatTime
FNDA:0,getWeekDays
FNDA:0,formatDateHeader
FNDA:0,hasBookingAt
FNDA:0,(anonymous_63)
FNDA:0,getBookingInfo
FNDA:0,(anonymous_65)
FNDA:0,handlePrevWeek
FNDA:0,handleNextWeek
FNDA:0,handleCurrentWeek
FNDA:0,(anonymous_69)
FNDA:0,(anonymous_70)
FNDA:0,(anonymous_72)
FNDA:0,(anonymous_73)
FNDA:0,(anonymous_74)
FNDA:0,(anonymous_75)
FNDA:0,(anonymous_76)
FNDA:0,(anonymous_77)
FNDA:0,(anonymous_78)
FNDA:0,(anonymous_80)
FNDA:0,(anonymous_81)
FNDA:0,(anonymous_82)
FNDA:0,(anonymous_83)
FNDA:0,(anonymous_84)
FNDA:0,(anonymous_85)
FNDA:0,(anonymous_86)
FNDA:0,(anonymous_87)
FNDA:0,(anonymous_88)
FNDA:0,(anonymous_89)
FNDA:0,(anonymous_90)
FNDA:0,(anonymous_91)
FNDA:0,(anonymous_92)
FNDA:0,(anonymous_93)
FNDA:0,(anonymous_94)
FNDA:0,(anonymous_95)
FNDA:0,(anonymous_96)
FNDA:0,(anonymous_97)
FNDA:0,(anonymous_98)
FNDA:0,(anonymous_99)
FNDA:0,(anonymous_100)
FNDA:0,(anonymous_104)
FNDA:0,(anonymous_105)
FNDA:0,(anonymous_106)
FNDA:0,(anonymous_107)
FNDA:0,(anonymous_108)
FNDA:0,(anonymous_109)
FNDA:0,(anonymous_110)
FNDA:0,(anonymous_111)
FNDA:0,(anonymous_112)
FNDA:0,(anonymous_113)
FNDA:0,(anonymous_114)
FNDA:0,(anonymous_115)
FNDA:0,(anonymous_116)
FNDA:0,(anonymous_117)
FNDA:0,(anonymous_118)
FNDA:0,(anonymous_119)
FNDA:0,(anonymous_120)
FNDA:0,(anonymous_121)
FNDA:0,(anonymous_122)
FNDA:0,(anonymous_123)
FNDA:0,(anonymous_124)
FNDA:0,(anonymous_125)
FNDA:0,(anonymous_126)
FNDA:0,(anonymous_127)
FNDA:0,(anonymous_128)
FNDA:0,(anonymous_129)
FNDA:0,(anonymous_130)
FNDA:0,(anonymous_131)
FNDA:0,(anonymous_132)
FNDA:0,(anonymous_133)
FNDA:0,(anonymous_134)
FNDA:0,(anonymous_135)
FNDA:0,(anonymous_136)
FNDA:0,(anonymous_137)
FNDA:0,(anonymous_138)
FNDA:0,(anonymous_139)
FNDA:0,(anonymous_140)
FNDA:0,(anonymous_141)
DA:1,0
DA:2,0
DA:3,0
DA:4,0
DA:6,0
DA:9,0
DA:13,0
DA:15,0
DA:16,0
DA:17,0
DA:22,0
DA:38,0
DA:47,0
DA:48,0
DA:49,0
DA:51,0
DA:54,0
DA:56,0
DA:59,0
DA:60,0
DA:61,0
DA:62,0
DA:65,0
DA:66,0
DA:67,0
DA:68,0
DA:69,0
DA:70,0
DA:72,0
DA:75,0
DA:76,0
DA:77,0
DA:78,0
DA:79,0
DA:82,0
DA:83,0
DA:86,0
DA:89,0
DA:90,0
DA:99,0
DA:100,0
DA:103,0
DA:115,0
DA:116,0
DA:119,0
DA:120,0
DA:121,0
DA:124,0
DA:125,0
DA:129,0
DA:132,0
DA:135,0
DA:136,0
DA:139,0
DA:141,0
DA:143,0
DA:144,0
DA:145,0
DA:146,0
DA:150,0
DA:154,0
DA:157,0
DA:159,0
DA:160,0
DA:162,0
DA:164,0
DA:165,0
DA:168,0
DA:169,0
DA:173,0
DA:177,0
DA:180,0
DA:181,0
DA:183,0
DA:188,0
DA:190,0
DA:192,0
DA:193,0
DA:194,0
DA:195,0
DA:196,0
DA:199,0
DA:202,0
DA:203,0
DA:207,0
DA:211,0
DA:212,0
DA:213,0
DA:217,0
DA:220,0
DA:223,0
DA:224,0
DA:225,0
DA:226,0
DA:227,0
DA:228,0
DA:232,0
DA:233,0
DA:234,0
DA:235,0
DA:236,0
DA:237,0
DA:238,0
DA:239,0
DA:240,0
DA:241,0
DA:242,0
DA:252,0
DA:253,0
DA:258,0
DA:259,0
DA:260,0
DA:261,0
DA:262,0
DA:263,0
DA:264,0
DA:268,0
DA:270,0
DA:271,0
DA:272,0
DA:275,0
DA:276,0
DA:277,0
DA:278,0
DA:279,0
DA:280,0
DA:283,0
DA:287,0
DA:288,0
DA:290,0
DA:292,0
DA:307,0
DA:308,0
DA:320,0
DA:322,0
DA:323,0
DA:325,0
DA:326,0
DA:332,0
DA:333,0
DA:334,0
DA:335,0
DA:336,0
DA:341,0
DA:343,0
DA:346,0
DA:351,0
DA:352,0
DA:354,0
DA:355,0
DA:356,0
DA:359,0
DA:364,0
DA:365,0
DA:370,0
DA:371,0
DA:372,0
DA:374,0
DA:375,0
DA:377,0
DA:383,0
DA:384,0
DA:385,0
DA:387,0
DA:388,0
DA:390,0
DA:396,0
DA:397,0
DA:398,0
DA:403,0
DA:404,0
DA:405,0
DA:410,0
DA:414,0
DA:415,0
DA:418,0
DA:419,0
DA:420,0
DA:424,0
DA:425,0
DA:426,0
DA:430,0
DA:433,0
DA:441,0
DA:442,0
DA:443,0
DA:447,0
DA:449,0
DA:450,0
DA:451,0
DA:455,0
DA:466,0
DA:468,0
DA:471,0
DA:472,0
DA:473,0
DA:490,0
DA:493,0
DA:505,0
DA:509,0
DA:510,0
DA:512,0
DA:513,0
DA:518,0
DA:519,0
DA:520,0
DA:521,0
DA:522,0
DA:523,0
DA:524,0
DA:525,0
DA:529,0
DA:531,0
DA:534,0
DA:535,0
DA:536,0
DA:537,0
DA:538,0
DA:539,0
DA:543,0
DA:544,0
DA:547,0
DA:548,0
DA:551,0
DA:552,0
DA:557,0
DA:558,0
DA:559,0
DA:563,0
DA:566,0
DA:568,0
DA:572,0
DA:573,0
DA:574,0
DA:578,0
DA:579,0
DA:582,0
DA:585,0
DA:586,0
DA:588,0
DA:589,0
DA:590,0
DA:591,0
DA:592,0
DA:596,0
DA:601,0
DA:602,0
DA:603,0
DA:608,0
DA:609,0
DA:610,0
DA:611,0
DA:616,0
DA:617,0
DA:618,0
DA:619,0
DA:622,0
DA:623,0
DA:629,0
DA:630,0
DA:631,0
DA:632,0
DA:638,0
DA:642,0
DA:643,0
DA:650,0
DA:651,0
DA:659,0
DA:660,0
DA:661,0
DA:665,0
DA:667,0
DA:668,0
DA:670,0
DA:672,0
DA:679,0
DA:681,0
DA:691,0
DA:692,0
DA:695,0
DA:698,0
DA:699,0
DA:711,0
DA:716,0
DA:717,0
DA:720,0
DA:721,0
DA:724,0
DA:725,0
DA:726,0
DA:731,0
DA:732,0
DA:733,0
DA:734,0
DA:736,0
DA:737,0
DA:745,0
DA:746,0
DA:749,0
DA:751,0
DA:756,0
DA:774,0
DA:775,0
DA:776,0
DA:791,0
DA:792,0
DA:793,0
DA:796,0
DA:798,0
DA:799,0
DA:800,0
DA:802,0
DA:804,0
DA:806,0
DA:807,0
DA:809,0
DA:810,0
DA:812,0
DA:813,0
DA:815,0
DA:816,0
DA:818,0
DA:819,0
DA:820,0
DA:821,0
DA:823,0
DA:825,0
DA:827,0
DA:828,0
DA:829,0
DA:830,0
DA:832,0
DA:834,0
DA:837,0
DA:840,0
DA:841,0
DA:842,0
DA:843,0
DA:844,0
DA:850,0
DA:851,0
DA:859,0
DA:860,0
DA:866,0
DA:876,0
DA:883,0
DA:891,0
DA:904,0
DA:970,0
DA:986,0
DA:998,0
DA:1005,0
DA:1006,0
DA:1007,0
DA:1010,0
DA:1011,0
DA:1012,0
DA:1013,0
DA:1017,0
DA:1067,0
DA:1082,0
DA:1093,0
DA:1094,0
DA:1111,0
DA:1112,0
DA:1125,0
DA:1126,0
DA:1198,0
DA:1203,0
DA:1216,0
DA:1229,0
DA:1240,0
DA:1252,0
DA:1264,0
DA:1274,0
DA:1277,0
DA:1283,0
DA:1297,0
DA:1341,0
DA:1347,0
DA:1369,0
DA:1370,0
DA:1378,0
LF:383
LH:0
BRDA:48,0,0,0
BRDA:48,1,0,0
BRDA:48,1,1,0
BRDA:73,2,0,0
BRDA:73,2,1,0
BRDA:157,3,0,0
BRDA:196,4,0,0
BRDA:196,4,1,0
BRDA:234,5,0,0
BRDA:240,6,0,0
BRDA:240,6,1,0
BRDA:250,7,0,0
BRDA:250,7,1,0
BRDA:295,8,0,0
BRDA:295,8,1,0
BRDA:300,9,0,0
BRDA:300,9,1,0
BRDA:301,10,0,0
BRDA:301,10,1,0
BRDA:334,11,0,0
BRDA:334,11,1,0
BRDA:341,12,0,0
BRDA:372,13,0,0
BRDA:372,14,0,0
BRDA:372,14,1,0
BRDA:377,15,0,0
BRDA:377,15,1,0
BRDA:384,16,0,0
BRDA:384,16,1,0
BRDA:385,17,0,0
BRDA:385,18,0,0
BRDA:385,18,1,0
BRDA:390,19,0,0
BRDA:390,19,1,0
BRDA:490,20,0,0
BRDA:418,21,0,0
BRDA:418,22,0,0
BRDA:418,22,1,0
BRDA:418,22,2,0
BRDA:418,22,3,0
BRDA:418,22,4,0
BRDA:424,23,0,0
BRDA:438,24,0,0
BRDA:438,24,1,0
BRDA:441,25,0,0
BRDA:449,26,0,0
BRDA:461,27,0,0
BRDA:461,27,1,0
BRDA:466,28,0,0
BRDA:473,29,0,0
BRDA:473,29,1,0
BRDA:482,30,0,0
BRDA:482,30,1,0
BRDA:483,31,0,0
BRDA:483,31,1,0
BRDA:501,32,0,0
BRDA:501,32,1,0
BRDA:502,33,0,0
BRDA:502,33,1,0
BRDA:534,34,0,0
BRDA:547,35,0,0
BRDA:547,36,0,0
BRDA:547,36,1,0
BRDA:585,37,0,0
BRDA:586,38,0,0
BRDA:586,38,1,0
BRDA:592,39,0,0
BRDA:592,39,1,0
BRDA:601,40,0,0
BRDA:608,41,0,0
BRDA:611,42,0,0
BRDA:611,42,1,0
BRDA:616,43,0,0
BRDA:619,44,0,0
BRDA:629,45,0,0
BRDA:632,46,0,0
BRDA:632,46,1,0
BRDA:632,46,2,0
BRDA:632,46,3,0
BRDA:652,47,0,0
BRDA:652,47,1,0
BRDA:653,48,0,0
BRDA:653,48,1,0
BRDA:654,49,0,0
BRDA:654,49,1,0
BRDA:655,50,0,0
BRDA:655,50,1,0
BRDA:656,51,0,0
BRDA:656,51,1,0
BRDA:657,52,0,0
BRDA:657,52,1,0
BRDA:672,53,0,0
BRDA:679,54,0,0
BRDA:687,55,0,0
BRDA:687,55,1,0
BRDA:698,56,0,0
BRDA:702,57,0,0
BRDA:702,57,1,0
BRDA:707,58,0,0
BRDA:707,58,1,0
BRDA:708,59,0,0
BRDA:708,59,1,0
BRDA:670,60,0,0
BRDA:732,61,0,0
BRDA:732,61,1,0
BRDA:736,62,0,0
BRDA:763,63,0,0
BRDA:763,63,1,0
BRDA:769,64,0,0
BRDA:769,64,1,0
BRDA:769,64,2,0
BRDA:792,65,0,0
BRDA:804,66,0,0
BRDA:804,66,1,0
BRDA:804,66,2,0
BRDA:804,66,3,0
BRDA:804,66,4,0
BRDA:804,66,5,0
BRDA:818,67,0,0
BRDA:818,67,1,0
BRDA:827,68,0,0
BRDA:827,68,1,0
BRDA:841,69,0,0
BRDA:843,70,0,0
BRDA:850,71,0,0
BRDA:859,72,0,0
BRDA:892,73,0,0
BRDA:892,73,1,0
BRDA:905,74,0,0
BRDA:905,74,1,0
BRDA:920,75,0,0
BRDA:920,75,1,0
BRDA:974,76,0,0
BRDA:974,76,1,0
BRDA:1006,77,0,0
BRDA:1006,77,1,0
BRDA:1010,78,0,0
BRDA:1010,79,0,0
BRDA:1010,79,1,0
BRDA:1012,80,0,0
BRDA:1012,81,0,0
BRDA:1012,81,1,0
BRDA:1012,81,2,0
BRDA:1044,82,0,0
BRDA:1044,82,1,0
BRDA:1048,83,0,0
BRDA:1048,83,1,0
BRDA:1090,84,0,0
BRDA:1090,84,1,0
BRDA:1103,85,0,0
BRDA:1103,85,1,0
BRDA:1170,86,0,0
BRDA:1170,86,1,0
BRDA:1179,87,0,0
BRDA:1179,87,1,0
BRDA:1183,88,0,0
BRDA:1183,88,1,0
BRDA:1271,89,0,0
BRDA:1271,89,1,0
BRDA:1277,90,0,0
BRDA:1277,90,1,0
BRDA:1277,91,0,0
BRDA:1277,91,1,0
BRDA:1277,92,0,0
BRDA:1277,92,1,0
BRDA:1282,93,0,0
BRDA:1282,93,1,0
BRDA:1283,94,0,0
BRDA:1283,94,1,0
BRDA:1283,95,0,0
BRDA:1283,95,1,0
BRDA:1283,96,0,0
BRDA:1283,96,1,0
BRDA:1309,97,0,0
BRDA:1309,97,1,0
BRDA:1317,98,0,0
BRDA:1317,98,1,0
BRDA:1317,98,2,0
BRDA:1335,99,0,0
BRDA:1335,99,1,0
BRDA:1362,100,0,0
BRDA:1362,100,1,0
BRDA:1370,101,0,0
BRF:183
BRH:0
end_of_record
TN:
SF:src/components/ConfirmModal.tsx
FN:14,(anonymous_3)
FN:26,(anonymous_4)
FN:41,(anonymous_5)
FNF:3
FNH:0
FNDA:0,(anonymous_3)
FNDA:0,(anonymous_4)
FNDA:0,(anonymous_5)
DA:1,0
DA:14,0
DA:15,0
DA:16,0
DA:17,0
DA:18,0
DA:19,0
DA:20,0
DA:21,0
DA:22,0
DA:24,0
DA:26,0
DA:27,0
DA:29,0
DA:31,0
DA:33,0
DA:37,0
DA:41,0
DA:68,0
LF:19
LH:0
BRDA:18,0,0,0
BRDA:18,0,1,0
BRDA:19,1,0,0
BRDA:19,1,1,0
BRDA:20,2,0,0
BRDA:20,2,1,0
BRDA:24,3,0,0
BRDA:27,4,0,0
BRDA:27,4,1,0
BRDA:27,4,2,0
BRF:10
BRH:0
end_of_record
TN:
SF:src/components/DraggableBookingCell.test.tsx
FN:8,(anonymous_3)
FN:14,(anonymous_4)
FN:19,(anonymous_5)
FN:22,(anonymous_6)
FN:26,(anonymous_7)
FN:53,(anonymous_8)
FN:93,(anonymous_9)
FN:119,(anonymous_10)
FN:159,(anonymous_11)
FN:185,(anonymous_12)
FN:210,(anonymous_13)
FNF:11
FNH:0
FNDA:0,(anonymous_3)
FNDA:0,(anonymous_4)
FNDA:0,(anonymous_5)
FNDA:0,(anonymous_6)
FNDA:0,(anonymous_7)
FNDA:0,(anonymous_8)
FNDA:0,(anonymous_9)
FNDA:0,(anonymous_10)
FNDA:0,(anonymous_11)
FNDA:0,(anonymous_12)
FNDA:0,(anonymous_13)
DA:1,0
DA:2,0
DA:3,0
DA:4,0
DA:5,0
DA:8,0
DA:14,0
DA:15,0
DA:16,0
DA:17,0
DA:18,0
DA:19,0
DA:20,0
DA:22,0
DA:23,0
DA:26,0
DA:27,0
DA:46,0
DA:49,0
DA:50,0
DA:53,0
DA:54,0
DA:67,0
DA:86,0
DA:87,0
DA:90,0
DA:93,0
DA:94,0
DA:113,0
DA:116,0
DA:119,0
DA:120,0
DA:133,0
DA:152,0
DA:153,0
DA:156,0
DA:159,0
DA:160,0
DA:179,0
DA:182,0
DA:185,0
DA:186,0
DA:204,0
DA:205,0
DA:206,0
DA:207,0
DA:210,0
DA:211,0
DA:230,0
DA:231,0
DA:233,0
DA:236,0
DA:237,0
LF:53
LH:0
BRF:0
BRH:0
end_of_record
TN:
SF:src/components/DraggableBookingCell.tsx
FN:20,(anonymous_8)
FN:41,(anonymous_9)
FN:52,(anonymous_10)
FN:60,(anonymous_11)
FN:64,(anonymous_12)
FN:88,(anonymous_13)
FN:94,(anonymous_14)
FN:106,(anonymous_15)
FN:128,(anonymous_16)
FN:148,(anonymous_17)
FN:169,(anonymous_18)
FNF:11
FNH:0
FNDA:0,(anonymous_8)
FNDA:0,(anonymous_9)
FNDA:0,(anonymous_10)
FNDA:0,(anonymous_11)
FNDA:0,(anonymous_12)
FNDA:0,(anonymous_13)
FNDA:0,(anonymous_14)
FNDA:0,(anonymous_15)
FNDA:0,(anonymous_16)
FNDA:0,(anonymous_17)
FNDA:0,(anonymous_18)
DA:1,0
DA:2,0
DA:6,0
DA:11,0
DA:20,0
DA:21,0
DA:22,0
DA:24,0
DA:41,0
DA:42,0
DA:43,0
DA:46,0
DA:49,0
DA:52,0
DA:53,0
DA:54,0
DA:55,0
DA:56,0
DA:60,0
DA:65,0
DA:67,0
DA:70,0
DA:71,0
DA:72,0
DA:75,0
DA:76,0
DA:79,0
DA:82,0
DA:85,0
DA:88,0
DA:94,0
DA:95,0
DA:96,0
DA:97,0
DA:102,0
DA:104,0
DA:108,0
DA:109,0
DA:111,0
DA:129,0
DA:130,0
DA:149,0
DA:150,0
DA:170,0
DA:171,0
DA:185,0
LF:46
LH:0
BRDA:21,0,0,0
BRDA:21,1,0,0
BRDA:21,1,1,0
BRDA:53,2,0,0
BRDA:63,3,0,0
BRDA:63,3,1,0
BRDA:67,4,0,0
BRDA:70,5,0,0
BRDA:70,6,0,0
BRDA:70,6,1,0
BRDA:72,7,0,0
BRDA:72,7,1,0
BRDA:72,8,0,0
BRDA:72,8,1,0
BRDA:72,9,0,0
BRDA:72,9,1,0
BRDA:95,10,0,0
BRDA:102,11,0,0
BRDA:102,11,1,0
BRDA:109,12,0,0
BRDA:116,13,0,0
BRDA:116,13,1,0
BRDA:118,14,0,0
BRDA:118,14,1,0
BRDA:122,15,0,0
BRDA:122,15,1,0
BRDA:124,16,0,0
BRDA:124,16,1,0
BRDA:124,17,0,0
BRDA:124,17,1,0
BRDA:129,18,0,0
BRDA:129,19,0,0
BRDA:129,19,1,0
BRDA:134,20,0,0
BRDA:134,20,1,0
BRDA:137,21,0,0
BRDA:137,21,1,0
BRDA:145,22,0,0
BRDA:145,22,1,0
BRDA:161,23,0,0
BRDA:161,23,1,0
BRF:41
BRH:0
end_of_record
TN:
SF:src/components/EmergencyBookingButton.test.tsx
FN:9,(anonymous_14)
FN:16,(anonymous_15)
FN:20,(anonymous_16)
FN:24,(anonymous_17)
FN:28,(anonymous_18)
FN:50,(anonymous_19)
FN:54,(anonymous_20)
FN:62,(anonymous_21)
FN:73,(anonymous_22)
FN:86,(anonymous_23)
FN:109,(anonymous_26)
FN:121,(anonymous_27)
FN:134,(anonymous_30)
FN:146,(anonymous_31)
FN:159,(anonymous_34)
FNF:15
FNH:0
FNDA:0,(anonymous_14)
FNDA:0,(anonymous_15)
FNDA:0,(anonymous_16)
FNDA:0,(anonymous_17)
FNDA:0,(anonymous_18)
FNDA:0,(anonymous_19)
FNDA:0,(anonymous_20)
FNDA:0,(anonymous_21)
FNDA:0,(anonymous_22)
FNDA:0,(anonymous_23)
FNDA:0,(anonymous_26)
FNDA:0,(anonymous_27)
FNDA:0,(anonymous_30)
FNDA:0,(anonymous_31)
FNDA:0,(anonymous_34)
DA:1,0
DA:2,0
DA:3,0
DA:4,0
DA:5,0
DA:6,0
DA:9,0
DA:16,0
DA:20,0
DA:24,0
DA:25,0
DA:26,0
DA:28,0
DA:30,0
DA:33,0
DA:37,0
DA:45,0
DA:46,0
DA:47,0
DA:50,0
DA:51,0
DA:54,0
DA:55,0
DA:57,0
DA:58,0
DA:59,0
DA:62,0
DA:63,0
DA:65,0
DA:67,0
DA:68,0
DA:69,0
DA:70,0
DA:73,0
DA:74,0
DA:77,0
DA:80,0
DA:83,0
DA:86,0
DA:87,0
DA:90,0
DA:91,0
DA:100,0
DA:103,0
DA:106,0
DA:109,0
DA:110,0
DA:111,0
DA:112,0
DA:117,0
DA:121,0
DA:123,0
DA:125,0
DA:128,0
DA:131,0
DA:134,0
DA:135,0
DA:136,0
DA:137,0
DA:146,0
DA:148,0
DA:150,0
DA:153,0
DA:156,0
DA:159,0
DA:160,0
DA:161,0
LF:67
LH:0
BRF:0
BRH:0
end_of_record
TN:
SF:src/components/EmergencyBookingButton.tsx
FN:14,(anonymous_21)
FN:20,(anonymous_22)
FN:92,(anonymous_25)
FN:113,(anonymous_26)
FNF:4
FNH:0
FNDA:0,(anonymous_21)
FNDA:0,(anonymous_22)
FNDA:0,(anonymous_25)
FNDA:0,(anonymous_26)
DA:1,0
DA:2,0
DA:3,0
DA:4,0
DA:5,0
DA:7,0
DA:14,0
DA:15,0
DA:16,0
DA:17,0
DA:18,0
DA:20,0
DA:21,0
DA:25,0
DA:26,0
DA:27,0
DA:30,0
DA:33,0
DA:36,0
DA:42,0
DA:44,0
DA:48,0
DA:49,0
DA:53,0
DA:64,0
DA:67,0
DA:73,0
DA:74,0
DA:77,0
DA:80,0
DA:85,0
DA:89,0
DA:92,0
DA:113,0
DA:145,0
LF:35
LH:0
BRDA:42,0,0,0
BRDA:58,1,0,0
BRDA:58,1,1,0
BRDA:102,2,0,0
BRDA:102,2,1,0
BRDA:108,3,0,0
BRDA:108,3,1,0
BRDA:125,4,0,0
BRDA:125,4,1,0
BRF:9
BRH:0
end_of_record
TN:
SF:src/components/GoogleCalendarSync.tsx
FN:16,(anonymous_21)
FN:21,(anonymous_22)
FN:22,(anonymous_23)
FN:40,(anonymous_26)
FN:80,(anonymous_29)
FNF:5
FNH:0
FNDA:0,(anonymous_21)
FNDA:0,(anonymous_22)
FNDA:0,(anonymous_23)
FNDA:0,(anonymous_26)
FNDA:0,(anonymous_29)
DA:1,0
DA:2,0
DA:3,0
DA:4,0
DA:16,0
DA:17,0
DA:18,0
DA:19,0
DA:21,0
DA:22,0
DA:24,0
DA:25,0
DA:27,0
DA:33,0
DA:37,0
DA:40,0
DA:42,0
DA:43,0
DA:46,0
DA:51,0
DA:52,0
DA:53,0
DA:54,0
DA:55,0
DA:58,0
DA:59,0
DA:60,0
DA:61,0
DA:66,0
DA:71,0
DA:73,0
DA:74,0
DA:76,0
DA:80,0
DA:81,0
DA:82,0
DA:83,0
DA:87,0
DA:92,0
DA:94,0
DA:95,0
DA:97,0
DA:101,0
DA:102,0
DA:105,0
DA:136,0
LF:46
LH:0
BRDA:51,0,0,0
BRDA:58,1,0,0
BRDA:58,2,0,0
BRDA:58,2,1,0
BRDA:71,3,0,0
BRDA:71,3,1,0
BRDA:71,4,0,0
BRDA:71,4,1,0
BRDA:92,5,0,0
BRDA:92,5,1,0
BRDA:92,6,0,0
BRDA:92,6,1,0
BRDA:101,7,0,0
BRDA:108,8,0,0
BRDA:108,8,1,0
BRDA:108,9,0,0
BRDA:108,9,1,0
BRDA:108,10,0,0
BRDA:108,10,1,0
BRDA:109,11,0,0
BRDA:109,11,1,0
BRDA:109,12,0,0
BRDA:109,12,1,0
BRDA:109,13,0,0
BRDA:109,13,1,0
BRDA:121,14,0,0
BRDA:121,14,1,0
BRDA:129,15,0,0
BRDA:129,15,1,0
BRF:29
BRH:0
end_of_record
TN:
SF:src/components/MobileBookingView.tsx
FN:21,(anonymous_3)
FN:29,(anonymous_4)
FN:33,(anonymous_5)
FN:34,(anonymous_6)
FN:39,(anonymous_7)
FN:44,(anonymous_8)
FN:74,(anonymous_9)
FN:85,(anonymous_10)
FN:106,(anonymous_11)
FN:110,(anonymous_12)
FNF:10
FNH:0
FNDA:0,(anonymous_3)
FNDA:0,(anonymous_4)
FNDA:0,(anonymous_5)
FNDA:0,(anonymous_6)
FNDA:0,(anonymous_7)
FNDA:0,(anonymous_8)
FNDA:0,(anonymous_9)
FNDA:0,(anonymous_10)
FNDA:0,(anonymous_11)
FNDA:0,(anonymous_12)
DA:1,0
DA:21,0
DA:22,0
DA:23,0
DA:24,0
DA:25,0
DA:26,0
DA:29,0
DA:30,0
DA:33,0
DA:34,0
DA:39,0
DA:40,0
DA:44,0
DA:45,0
DA:46,0
DA:53,0
DA:74,0
DA:85,0
DA:106,0
DA:110,0
DA:136,0
LF:22
LH:0
BRDA:33,0,0,0
BRDA:33,0,1,0
BRDA:101,1,0,0
BRDA:101,1,1,0
BRDA:120,2,0,0
BRDA:120,2,1,0
BRF:6
BRH:0
end_of_record
TN:
SF:src/components/MobileBottomMenu.tsx
FN:10,(anonymous_3)
FN:21,(anonymous_4)
FN:36,(anonymous_5)
FN:75,(anonymous_6)
FNF:4
FNH:0
FNDA:0,(anonymous_3)
FNDA:0,(anonymous_4)
FNDA:0,(anonymous_5)
FNDA:0,(anonymous_6)
DA:1,0
DA:10,0
DA:11,0
DA:12,0
DA:13,0
DA:14,0
DA:16,0
DA:21,0
DA:36,0
DA:75,0
DA:92,0
LF:11
LH:0
BRDA:23,0,0,0
BRDA:23,0,1,0
BRDA:38,1,0,0
BRDA:38,1,1,0
BRDA:61,2,0,0
BRDA:61,2,1,0
BRDA:77,3,0,0
BRDA:77,3,1,0
BRF:8
BRH:0
end_of_record
TN:
SF:src/components/RecurringBookingForm.tsx
FN:18,(anonymous_9)
FN:30,(anonymous_10)
FN:49,(anonymous_11)
FN:99,(anonymous_12)
FN:105,(anonymous_13)
FN:107,(anonymous_14)
FN:138,(anonymous_15)
FN:149,(anonymous_16)
FN:160,(anonymous_17)
FN:178,(anonymous_18)
FN:182,(anonymous_19)
FN:208,(anonymous_20)
FN:219,(anonymous_21)
FN:236,(anonymous_22)
FN:245,(anonymous_23)
FNF:15
FNH:0
FNDA:0,(anonymous_9)
FNDA:0,(anonymous_10)
FNDA:0,(anonymous_11)
FNDA:0,(anonymous_12)
FNDA:0,(anonymous_13)
FNDA:0,(anonymous_14)
FNDA:0,(anonymous_15)
FNDA:0,(anonymous_16)
FNDA:0,(anonymous_17)
FNDA:0,(anonymous_18)
FNDA:0,(anonymous_19)
FNDA:0,(anonymous_20)
FNDA:0,(anonymous_21)
FNDA:0,(anonymous_22)
FNDA:0,(anonymous_23)
DA:1,0
DA:18,0
DA:19,0
DA:20,0
DA:21,0
DA:23,0
DA:24,0
DA:25,0
DA:26,0
DA:27,0
DA:30,0
DA:31,0
DA:33,0
DA:35,0
DA:36,0
DA:38,0
DA:39,0
DA:41,0
DA:42,0
DA:45,0
DA:49,0
DA:50,0
DA:51,0
DA:52,0
DA:56,0
DA:57,0
DA:60,0
DA:61,0
DA:63,0
DA:64,0
DA:66,0
DA:67,0
DA:71,0
DA:75,0
DA:79,0
DA:83,0
DA:84,0
DA:85,0
DA:86,0
DA:87,0
DA:89,0
DA:91,0
DA:92,0
DA:96,0
DA:99,0
DA:100,0
DA:101,0
DA:102,0
DA:105,0
DA:106,0
DA:107,0
DA:109,0
DA:114,0
DA:124,0
DA:138,0
DA:149,0
DA:160,0
DA:178,0
DA:182,0
DA:208,0
DA:219,0
DA:236,0
DA:245,0
DA:275,0
LF:64
LH:0
BRDA:33,0,0,0
BRDA:33,0,1,0
BRDA:33,0,2,0
BRDA:52,1,0,0
BRDA:52,1,1,0
BRDA:60,2,0,0
BRDA:60,2,1,0
BRDA:60,2,2,0
BRDA:61,3,0,0
BRDA:61,3,1,0
BRDA:64,4,0,0
BRDA:64,4,1,0
BRDA:66,5,0,0
BRDA:83,6,0,0
BRDA:83,6,1,0
BRDA:85,7,0,0
BRDA:85,7,1,0
BRDA:86,8,0,0
BRDA:86,8,1,0
BRDA:86,9,0,0
BRDA:86,9,1,0
BRDA:91,10,0,0
BRDA:106,11,0,0
BRDA:106,11,1,0
BRDA:140,12,0,0
BRDA:140,12,1,0
BRDA:151,13,0,0
BRDA:151,13,1,0
BRDA:162,14,0,0
BRDA:162,14,1,0
BRDA:172,15,0,0
BRDA:172,15,1,0
BRDA:184,16,0,0
BRDA:184,16,1,0
BRDA:224,17,0,0
BRDA:224,17,1,0
BRDA:224,18,0,0
BRDA:224,18,1,0
BRF:38
BRH:0
end_of_record
TN:
SF:src/components/ResponsiveBookingForm.test.tsx
FN:8,(anonymous_14)
FN:17,(anonymous_15)
FN:18,(anonymous_16)
FN:27,(anonymous_17)
FN:40,(anonymous_18)
FN:41,(anonymous_19)
FN:48,(anonymous_20)
FN:52,(anonymous_21)
FN:74,(anonymous_22)
FN:104,(anonymous_23)
FN:130,(anonymous_24)
FN:146,(anonymous_27)
FN:154,(anonymous_28)
FN:191,(anonymous_31)
FN:205,(anonymous_32)
FN:225,(anonymous_35)
FN:230,(anonymous_36)
FN:243,(anonymous_37)
FNF:18
FNH:0
FNDA:0,(anonymous_14)
FNDA:0,(anonymous_15)
FNDA:0,(anonymous_16)
FNDA:0,(anonymous_17)
FNDA:0,(anonymous_18)
FNDA:0,(anonymous_19)
FNDA:0,(anonymous_20)
FNDA:0,(anonymous_21)
FNDA:0,(anonymous_22)
FNDA:0,(anonymous_23)
FNDA:0,(anonymous_24)
FNDA:0,(anonymous_27)
FNDA:0,(anonymous_28)
FNDA:0,(anonymous_31)
FNDA:0,(anonymous_32)
FNDA:0,(anonymous_35)
FNDA:0,(anonymous_36)
FNDA:0,(anonymous_37)
DA:1,0
DA:2,0
DA:3,0
DA:4,0
DA:5,0
DA:8,0
DA:17,0
DA:18,0
DA:27,0
DA:30,0
DA:35,0
DA:36,0
DA:37,0
DA:38,0
DA:40,0
DA:41,0
DA:42,0
DA:44,0
DA:45,0
DA:48,0
DA:49,0
DA:52,0
DA:53,0
DA:63,0
DA:64,0
DA:65,0
DA:66,0
DA:69,0
DA:70,0
DA:71,0
DA:74,0
DA:75,0
DA:95,0
DA:98,0
DA:101,0
DA:104,0
DA:105,0
DA:125,0
DA:126,0
DA:127,0
DA:130,0
DA:131,0
DA:140,0
DA:143,0
DA:146,0
DA:147,0
DA:151,0
DA:154,0
DA:155,0
DA:175,0
DA:176,0
DA:179,0
DA:180,0
DA:183,0
DA:184,0
DA:187,0
DA:188,0
DA:191,0
DA:192,0
DA:205,0
DA:207,0
DA:209,0
DA:225,0
DA:226,0
DA:230,0
DA:231,0
DA:239,0
DA:240,0
DA:243,0
DA:244,0
DA:255,0
DA:256,0
LF:72
LH:0
BRF:0
BRH:0
end_of_record
TN:
SF:src/components/ResponsiveBookingForm.tsx
FN:26,(anonymous_22)
FN:39,(anonymous_23)
FN:81,(anonymous_24)
FN:82,(anonymous_25)
FN:89,(anonymous_26)
FN:109,(anonymous_27)
FN:111,(anonymous_28)
FN:115,(anonymous_29)
FN:124,(anonymous_30)
FN:127,(anonymous_31)
FN:139,(anonymous_32)
FN:167,(anonymous_33)
FN:203,(anonymous_34)
FN:207,(anonymous_35)
FN:212,(anonymous_36)
FN:213,(anonymous_37)
FN:221,(anonymous_38)
FN:228,(anonymous_39)
FN:234,(anonymous_40)
FN:239,(anonymous_41)
FN:250,(anonymous_42)
FN:251,(anonymous_43)
FN:262,(anonymous_44)
FN:295,(anonymous_47)
FN:318,(anonymous_48)
FN:359,(anonymous_49)
FN:392,(anonymous_50)
FN:392,(anonymous_51)
FN:435,(anonymous_52)
FN:458,(anonymous_53)
FN:475,(anonymous_54)
FN:482,(anonymous_55)
FN:489,(anonymous_56)
FN:502,(anonymous_57)
FN:506,(anonymous_58)
FN:506,(anonymous_59)
FN:578,(anonymous_60)
FNF:37
FNH:0
FNDA:0,(anonymous_22)
FNDA:0,(anonymous_23)
FNDA:0,(anonymous_24)
FNDA:0,(anonymous_25)
FNDA:0,(anonymous_26)
FNDA:0,(anonymous_27)
FNDA:0,(anonymous_28)
FNDA:0,(anonymous_29)
FNDA:0,(anonymous_30)
FNDA:0,(anonymous_31)
FNDA:0,(anonymous_32)
FNDA:0,(anonymous_33)
FNDA:0,(anonymous_34)
FNDA:0,(anonymous_35)
FNDA:0,(anonymous_36)
FNDA:0,(anonymous_37)
FNDA:0,(anonymous_38)
FNDA:0,(anonymous_39)
FNDA:0,(anonymous_40)
FNDA:0,(anonymous_41)
FNDA:0,(anonymous_42)
FNDA:0,(anonymous_43)
FNDA:0,(anonymous_44)
FNDA:0,(anonymous_47)
FNDA:0,(anonymous_48)
FNDA:0,(anonymous_49)
FNDA:0,(anonymous_50)
FNDA:0,(anonymous_51)
FNDA:0,(anonymous_52)
FNDA:0,(anonymous_53)
FNDA:0,(anonymous_54)
FNDA:0,(anonymous_55)
FNDA:0,(anonymous_56)
FNDA:0,(anonymous_57)
FNDA:0,(anonymous_58)
FNDA:0,(anonymous_59)
FNDA:0,(anonymous_60)
DA:1,0
DA:3,0
DA:4,0
DA:26,0
DA:27,0
DA:28,0
DA:29,0
DA:30,0
DA:31,0
DA:32,0
DA:33,0
DA:36,0
DA:39,0
DA:40,0
DA:42,0
DA:43,0
DA:45,0
DA:46,0
DA:47,0
DA:51,0
DA:52,0
DA:53,0
DA:56,0
DA:60,0
DA:72,0
DA:73,0
DA:74,0
DA:75,0
DA:78,0
DA:81,0
DA:82,0
DA:84,0
DA:89,0
DA:90,0
DA:91,0
DA:92,0
DA:93,0
DA:96,0
DA:100,0
DA:109,0
DA:110,0
DA:111,0
DA:114,0
DA:115,0
DA:116,0
DA:117,0
DA:118,0
DA:124,0
DA:125,0
DA:127,0
DA:133,0
DA:139,0
DA:140,0
DA:143,0
DA:144,0
DA:148,0
DA:149,0
DA:153,0
DA:154,0
DA:158,0
DA:159,0
DA:162,0
DA:163,0
DA:167,0
DA:168,0
DA:170,0
DA:172,0
DA:175,0
DA:193,0
DA:194,0
DA:197,0
DA:202,0
DA:203,0
DA:207,0
DA:208,0
DA:211,0
DA:212,0
DA:213,0
DA:215,0
DA:217,0
DA:220,0
DA:221,0
DA:228,0
DA:229,0
DA:234,0
DA:235,0
DA:239,0
DA:240,0
DA:241,0
DA:250,0
DA:251,0
DA:252,0
DA:253,0
DA:254,0
DA:255,0
DA:258,0
DA:259,0
DA:262,0
DA:263,0
DA:265,0
DA:266,0
DA:269,0
DA:277,0
DA:278,0
DA:280,0
DA:282,0
DA:283,0
DA:286,0
DA:288,0
DA:292,0
DA:295,0
DA:298,0
DA:318,0
DA:359,0
DA:392,0
DA:435,0
DA:458,0
DA:475,0
DA:482,0
DA:489,0
DA:502,0
DA:506,0
DA:578,0
DA:642,0
LF:124
LH:0
BRDA:28,0,0,0
BRDA:28,0,1,0
BRDA:33,1,0,0
BRDA:33,1,1,0
BRDA:51,2,0,0
BRDA:51,3,0,0
BRDA:51,3,1,0
BRDA:51,3,2,0
BRDA:61,4,0,0
BRDA:61,4,1,0
BRDA:61,4,2,0
BRDA:61,5,0,0
BRDA:61,5,1,0
BRDA:61,6,0,0
BRDA:61,6,1,0
BRDA:61,7,0,0
BRDA:61,7,1,0
BRDA:61,8,0,0
BRDA:61,8,1,0
BRDA:62,9,0,0
BRDA:62,9,1,0
BRDA:63,10,0,0
BRDA:63,10,1,0
BRDA:64,11,0,0
BRDA:64,11,1,0
BRDA:65,12,0,0
BRDA:65,12,1,0
BRDA:65,12,2,0
BRDA:66,13,0,0
BRDA:66,13,1,0
BRDA:67,14,0,0
BRDA:67,14,1,0
BRDA:68,15,0,0
BRDA:68,15,1,0
BRDA:114,16,0,0
BRDA:143,17,0,0
BRDA:148,18,0,0
BRDA:153,19,0,0
BRDA:158,20,0,0
BRDA:170,21,0,0
BRDA:193,22,0,0
BRDA:193,23,0,0
BRDA:193,23,1,0
BRDA:202,24,0,0
BRDA:202,24,1,0
BRDA:208,25,0,0
BRDA:215,26,0,0
BRDA:215,26,1,0
BRDA:220,27,0,0
BRDA:240,28,0,0
BRDA:244,29,0,0
BRDA:244,29,1,0
BRDA:252,30,0,0
BRDA:252,31,0,0
BRDA:252,31,1,0
BRDA:252,31,2,0
BRDA:252,31,3,0
BRDA:258,32,0,0
BRDA:266,33,0,0
BRDA:266,33,1,0
BRDA:266,34,0,0
BRDA:266,34,1,0
BRDA:277,35,0,0
BRDA:277,35,1,0
BRDA:301,36,0,0
BRDA:301,36,1,0
BRDA:305,37,0,0
BRDA:305,37,1,0
BRDA:314,38,0,0
BRDA:314,38,1,0
BRDA:322,39,0,0
BRDA:322,39,1,0
BRDA:331,40,0,0
BRDA:331,40,1,0
BRDA:354,41,0,0
BRDA:354,41,1,0
BRDA:356,42,0,0
BRDA:356,42,1,0
BRDA:365,43,0,0
BRDA:365,43,1,0
BRDA:387,44,0,0
BRDA:387,44,1,0
BRDA:387,44,2,0
BRDA:414,45,0,0
BRDA:414,45,1,0
BRDA:416,46,0,0
BRDA:416,46,1,0
BRDA:418,47,0,0
BRDA:418,47,1,0
BRDA:454,48,0,0
BRDA:454,48,1,0
BRDA:456,49,0,0
BRDA:456,49,1,0
BRDA:464,50,0,0
BRDA:464,50,1,0
BRDA:508,51,0,0
BRDA:508,51,1,0
BRDA:513,52,0,0
BRDA:513,52,1,0
BRDA:533,53,0,0
BRDA:533,53,1,0
BRDA:535,54,0,0
BRDA:535,54,1,0
BRDA:537,55,0,0
BRDA:537,55,1,0
BRDA:559,56,0,0
BRDA:559,56,1,0
BRDA:602,57,0,0
BRDA:602,57,1,0
BRDA:602,57,2,0
BRDA:614,58,0,0
BRDA:614,58,1,0
BRDA:614,58,2,0
BRDA:627,59,0,0
BRDA:627,59,1,0
BRDA:633,60,0,0
BRDA:633,60,1,0
BRF:117
BRH:0
end_of_record
TN:
SF:src/components/RoomDisplay.tsx
FN:24,(anonymous_21)
FN:40,(anonymous_22)
FN:46,(anonymous_23)
FN:52,(anonymous_24)
FN:53,(anonymous_25)
FN:56,(anonymous_26)
FN:60,(anonymous_27)
FN:61,(anonymous_28)
FN:69,(anonymous_29)
FN:76,(anonymous_30)
FN:84,(anonymous_31)
FN:120,(anonymous_34)
FN:121,(anonymous_35)
FN:161,(anonymous_38)
FN:167,(anonymous_39)
FN:200,(anonymous_40)
FN:206,(anonymous_41)
FN:213,(anonymous_42)
FN:233,(anonymous_43)
FN:246,(anonymous_44)
FN:259,(anonymous_45)
FN:279,(anonymous_46)
FN:285,(anonymous_47)
FN:415,(anonymous_50)
FN:449,(anonymous_53)
FN:451,(anonymous_54)
FN:457,(anonymous_55)
FN:459,(anonymous_56)
FN:468,(anonymous_57)
FN:472,(anonymous_58)
FN:473,(anonymous_59)
FN:480,(anonymous_60)
FN:481,(anonymous_61)
FN:485,(anonymous_62)
FN:487,(anonymous_63)
FN:499,(anonymous_64)
FN:520,(anonymous_65)
FNF:37
FNH:0
FNDA:0,(anonymous_21)
FNDA:0,(anonymous_22)
FNDA:0,(anonymous_23)
FNDA:0,(anonymous_24)
FNDA:0,(anonymous_25)
FNDA:0,(anonymous_26)
FNDA:0,(anonymous_27)
FNDA:0,(anonymous_28)
FNDA:0,(anonymous_29)
FNDA:0,(anonymous_30)
FNDA:0,(anonymous_31)
FNDA:0,(anonymous_34)
FNDA:0,(anonymous_35)
FNDA:0,(anonymous_38)
FNDA:0,(anonymous_39)
FNDA:0,(anonymous_40)
FNDA:0,(anonymous_41)
FNDA:0,(anonymous_42)
FNDA:0,(anonymous_43)
FNDA:0,(anonymous_44)
FNDA:0,(anonymous_45)
FNDA:0,(anonymous_46)
FNDA:0,(anonymous_47)
FNDA:0,(anonymous_50)
FNDA:0,(anonymous_53)
FNDA:0,(anonymous_54)
FNDA:0,(anonymous_55)
FNDA:0,(anonymous_56)
FNDA:0,(anonymous_57)
FNDA:0,(anonymous_58)
FNDA:0,(anonymous_59)
FNDA:0,(anonymous_60)
FNDA:0,(anonymous_61)
FNDA:0,(anonymous_62)
FNDA:0,(anonymous_63)
FNDA:0,(anonymous_64)
FNDA:0,(anonymous_65)
DA:1,0
DA:2,0
DA:3,0
DA:6,0
DA:17,0
DA:18,0
DA:21,0
DA:22,0
DA:24,0
DA:25,0
DA:26,0
DA:27,0
DA:28,0
DA:29,0
DA:30,0
DA:31,0
DA:32,0
DA:33,0
DA:34,0
DA:35,0
DA:36,0
DA:37,0
DA:40,0
DA:41,0
DA:46,0
DA:47,0
DA:52,0
DA:53,0
DA:54,0
DA:56,0
DA:60,0
DA:61,0
DA:62,0
DA:65,0
DA:66,0
DA:67,0
DA:69,0
DA:70,0
DA:71,0
DA:76,0
DA:77,0
DA:78,0
DA:79,0
DA:84,0
DA:85,0
DA:87,0
DA:88,0
DA:89,0
DA:90,0
DA:93,0
DA:94,0
DA:95,0
DA:96,0
DA:100,0
DA:109,0
DA:110,0
DA:111,0
DA:115,0
DA:116,0
DA:120,0
DA:121,0
DA:123,0
DA:126,0
DA:127,0
DA:128,0
DA:131,0
DA:132,0
DA:133,0
DA:134,0
DA:135,0
DA:136,0
DA:137,0
DA:138,0
DA:141,0
DA:144,0
DA:148,0
DA:149,0
DA:150,0
DA:151,0
DA:152,0
DA:155,0
DA:158,0
DA:159,0
DA:161,0
DA:162,0
DA:166,0
DA:167,0
DA:168,0
DA:174,0
DA:175,0
DA:176,0
DA:177,0
DA:178,0
DA:182,0
DA:184,0
DA:185,0
DA:186,0
DA:187,0
DA:189,0
DA:190,0
DA:191,0
DA:195,0
DA:196,0
DA:200,0
DA:201,0
DA:206,0
DA:207,0
DA:208,0
DA:213,0
DA:214,0
DA:215,0
DA:218,0
DA:222,0
DA:223,0
DA:225,0
DA:233,0
DA:235,0
DA:236,0
DA:238,0
DA:246,0
DA:248,0
DA:249,0
DA:251,0
DA:259,0
DA:261,0
DA:263,0
DA:269,0
DA:275,0
DA:276,0
DA:279,0
DA:280,0
DA:281,0
DA:282,0
DA:285,0
DA:286,0
DA:288,0
DA:289,0
DA:292,0
DA:293,0
DA:296,0
DA:297,0
DA:300,0
DA:301,0
DA:312,0
DA:314,0
DA:315,0
DA:317,0
DA:318,0
DA:321,0
DA:323,0
DA:326,0
DA:328,0
DA:329,0
DA:331,0
DA:332,0
DA:335,0
DA:336,0
DA:340,0
DA:341,0
DA:344,0
DA:348,0
DA:358,0
DA:360,0
DA:365,0
DA:366,0
DA:372,0
DA:374,0
DA:377,0
DA:379,0
DA:380,0
DA:383,0
DA:388,0
DA:397,0
DA:398,0
DA:401,0
DA:403,0
DA:404,0
DA:405,0
DA:408,0
DA:410,0
DA:415,0
DA:416,0
DA:419,0
DA:424,0
DA:427,0
DA:428,0
DA:437,0
DA:439,0
DA:440,0
DA:441,0
DA:444,0
DA:449,0
DA:451,0
DA:457,0
DA:458,0
DA:459,0
DA:460,0
DA:466,0
DA:468,0
DA:469,0
DA:472,0
DA:473,0
DA:474,0
DA:480,0
DA:481,0
DA:483,0
DA:485,0
DA:487,0
DA:488,0
DA:493,0
DA:494,0
DA:498,0
DA:499,0
DA:502,0
DA:503,0
DA:516,0
DA:517,0
DA:520,0
DA:522,0
DA:525,0
LF:220
LH:0
BRDA:78,0,0,0
BRDA:85,1,0,0
BRDA:94,2,0,0
BRDA:94,3,0,0
BRDA:94,3,1,0
BRDA:109,4,0,0
BRDA:133,5,0,0
BRDA:133,6,0,0
BRDA:133,6,1,0
BRDA:136,7,0,0
BRDA:136,7,1,0
BRDA:136,8,0,0
BRDA:136,8,1,0
BRDA:136,9,0,0
BRDA:136,9,1,0
BRDA:148,10,0,0
BRDA:159,11,0,0
BRDA:159,12,0,0
BRDA:159,12,1,0
BRDA:166,13,0,0
BRDA:168,14,0,0
BRDA:168,14,1,0
BRDA:174,15,0,0
BRDA:207,16,0,0
BRDA:252,17,0,0
BRDA:252,17,1,0
BRDA:252,17,2,0
BRDA:264,18,0,0
BRDA:264,18,1,0
BRDA:264,18,2,0
BRDA:264,18,3,0
BRDA:264,18,4,0
BRDA:275,19,0,0
BRDA:275,19,1,0
BRDA:276,20,0,0
BRDA:276,20,1,0
BRDA:280,21,0,0
BRDA:280,21,1,0
BRDA:286,22,0,0
BRDA:286,23,0,0
BRDA:286,23,1,0
BRDA:312,24,0,0
BRDA:312,24,1,0
BRDA:312,25,0,0
BRDA:312,25,1,0
BRDA:312,25,2,0
BRDA:326,26,0,0
BRDA:326,26,1,0
BRDA:326,27,0,0
BRDA:326,27,1,0
BRDA:328,28,0,0
BRDA:328,28,1,0
BRDA:329,29,0,0
BRDA:329,29,1,0
BRDA:365,30,0,0
BRDA:365,30,1,0
BRDA:377,31,0,0
BRDA:377,32,0,0
BRDA:377,32,1,0
BRDA:397,33,0,0
BRDA:401,34,0,0
BRDA:401,35,0,0
BRDA:401,35,1,0
BRDA:416,36,0,0
BRDA:416,37,0,0
BRDA:416,37,1,0
BRDA:416,37,2,0
BRDA:424,38,0,0
BRDA:437,39,0,0
BRDA:437,40,0,0
BRDA:437,40,1,0
BRDA:458,41,0,0
BRDA:458,42,0,0
BRDA:458,42,1,0
BRDA:483,43,0,0
BRDA:483,44,0,0
BRDA:483,44,1,0
BRDA:502,45,0,0
BRDA:505,46,0,0
BRDA:505,46,1,0
BRDA:509,47,0,0
BRDA:509,47,1,0
BRDA:522,48,0,0
BRDA:522,48,1,0
BRDA:527,49,0,0
BRDA:527,49,1,0
BRDA:533,50,0,0
BRDA:533,50,1,0
BRDA:540,51,0,0
BRDA:540,51,1,0
BRDA:564,52,0,0
BRDA:564,52,1,0
BRDA:589,53,0,0
BRDA:589,53,1,0
BRDA:591,54,0,0
BRDA:591,54,1,0
BRDA:595,55,0,0
BRDA:595,55,1,0
BRDA:602,56,0,0
BRDA:602,56,1,0
BRDA:607,57,0,0
BRDA:607,57,1,0
BRDA:608,58,0,0
BRDA:608,58,1,0
BRDA:618,59,0,0
BRDA:618,59,1,0
BRDA:623,60,0,0
BRDA:623,60,1,0
BRDA:640,61,0,0
BRDA:640,61,1,0
BRDA:645,62,0,0
BRDA:645,62,1,0
BRDA:648,63,0,0
BRDA:648,63,1,0
BRDA:655,64,0,0
BRDA:655,64,1,0
BRDA:672,65,0,0
BRDA:672,65,1,0
BRDA:674,66,0,0
BRDA:674,66,1,0
BRDA:675,67,0,0
BRDA:675,67,1,0
BRDA:680,68,0,0
BRDA:680,68,1,0
BRDA:689,69,0,0
BRDA:689,69,1,0
BRDA:691,70,0,0
BRDA:691,70,1,0
BRDA:703,71,0,0
BRDA:703,71,1,0
BRDA:708,72,0,0
BRDA:708,72,1,0
BRF:132
BRH:0
end_of_record
TN:
SF:src/components/SearchAndFilter.tsx
FN:17,(anonymous_9)
FN:20,(anonymous_10)
FN:36,(anonymous_11)
FN:41,(anonymous_12)
FN:42,(anonymous_13)
FN:44,(anonymous_14)
FN:52,(anonymous_15)
FN:53,(anonymous_16)
FN:55,(anonymous_17)
FN:63,(anonymous_18)
FN:64,(anonymous_19)
FN:68,(anonymous_20)
FN:69,(anonymous_21)
FN:73,(anonymous_22)
FN:102,(anonymous_23)
FN:125,(anonymous_24)
FN:131,(anonymous_25)
FN:146,(anonymous_26)
FN:149,(anonymous_27)
FN:171,(anonymous_28)
FNF:20
FNH:0
FNDA:0,(anonymous_9)
FNDA:0,(anonymous_10)
FNDA:0,(anonymous_11)
FNDA:0,(anonymous_12)
FNDA:0,(anonymous_13)
FNDA:0,(anonymous_14)
FNDA:0,(anonymous_15)
FNDA:0,(anonymous_16)
FNDA:0,(anonymous_17)
FNDA:0,(anonymous_18)
FNDA:0,(anonymous_19)
FNDA:0,(anonymous_20)
FNDA:0,(anonymous_21)
FNDA:0,(anonymous_22)
FNDA:0,(anonymous_23)
FNDA:0,(anonymous_24)
FNDA:0,(anonymous_25)
FNDA:0,(anonymous_26)
FNDA:0,(anonymous_27)
FNDA:0,(anonymous_28)
DA:1,0
DA:17,0
DA:19,0
DA:20,0
DA:24,0
DA:33,0
DA:36,0
DA:37,0
DA:41,0
DA:42,0
DA:43,0
DA:44,0
DA:47,0
DA:52,0
DA:53,0
DA:54,0
DA:55,0
DA:58,0
DA:63,0
DA:64,0
DA:68,0
DA:69,0
DA:73,0
DA:74,0
DA:83,0
DA:102,0
DA:125,0
DA:131,0
DA:146,0
DA:149,0
DA:171,0
DA:195,0
LF:32
LH:0
BRDA:43,0,0,0
BRDA:43,0,1,0
BRDA:54,1,0,0
BRDA:54,1,1,0
BRDA:109,2,0,0
BRDA:109,2,1,0
BRDA:109,2,2,0
BRDA:109,2,3,0
BRDA:111,3,0,0
BRDA:111,3,1,0
BRDA:118,4,0,0
BRDA:118,4,1,0
BRDA:151,5,0,0
BRDA:151,5,1,0
BRF:14
BRH:0
end_of_record
TN:
SF:src/components/ThemeToggle.tsx
FN:4,(anonymous_3)
FNF:1
FNH:0
FNDA:0,(anonymous_3)
DA:1,0
DA:2,0
DA:4,0
DA:5,0
DA:7,0
DA:50,0
LF:6
LH:0
BRDA:11,0,0,0
BRDA:11,0,1,0
BRDA:13,1,0,0
BRDA:13,1,1,0
BRF:4
BRH:0
end_of_record
TN:
SF:src/components/Toast.tsx
FN:12,(anonymous_8)
FN:15,(anonymous_9)
FN:16,(anonymous_10)
FN:21,(anonymous_11)
FN:24,(anonymous_12)
FN:37,(anonymous_13)
FN:79,(anonymous_14)
FNF:7
FNH:0
FNDA:0,(anonymous_8)
FNDA:0,(anonymous_9)
FNDA:0,(anonymous_10)
FNDA:0,(anonymous_11)
FNDA:0,(anonymous_12)
FNDA:0,(anonymous_13)
FNDA:0,(anonymous_14)
DA:1,0
DA:12,0
DA:13,0
DA:15,0
DA:16,0
DA:17,0
DA:18,0
DA:21,0
DA:24,0
DA:25,0
DA:27,0
DA:29,0
DA:31,0
DA:33,0
DA:37,0
DA:38,0
DA:40,0
DA:46,0
DA:52,0
DA:58,0
DA:66,0
DA:80,0
DA:81,0
DA:93,0
LF:24
LH:0
BRDA:12,0,0,0
BRDA:12,0,1,0
BRDA:25,1,0,0
BRDA:25,1,1,0
BRDA:25,1,2,0
BRDA:25,1,3,0
BRDA:38,2,0,0
BRDA:38,2,1,0
BRDA:38,2,2,0
BRDA:38,2,3,0
BRDA:69,3,0,0
BRDA:69,3,1,0
BRF:12
BRH:0
end_of_record
TN:
SF:src/contexts/ThemeContext.tsx
FN:10,(anonymous_8)
FN:15,(anonymous_9)
FN:21,(anonymous_10)
FN:36,(anonymous_11)
FN:38,(anonymous_12)
FN:46,(anonymous_13)
FN:49,(anonymous_14)
FN:50,(anonymous_15)
FN:60,(anonymous_16)
FNF:9
FNH:0
FNDA:0,(anonymous_8)
FNDA:0,(anonymous_9)
FNDA:0,(anonymous_10)
FNDA:0,(anonymous_11)
FNDA:0,(anonymous_12)
FNDA:0,(anonymous_13)
FNDA:0,(anonymous_14)
FNDA:0,(anonymous_15)
FNDA:0,(anonymous_16)
DA:1,0
DA:8,0
DA:10,0
DA:12,0
DA:15,0
DA:16,0
DA:17,0
DA:21,0
DA:23,0
DA:24,0
DA:25,0
DA:27,0
DA:28,0
DA:32,0
DA:36,0
DA:37,0
DA:38,0
DA:40,0
DA:41,0
DA:45,0
DA:46,0
DA:49,0
DA:50,0
DA:53,0
DA:60,0
DA:61,0
DA:62,0
DA:63,0
DA:65,0
LF:29
LH:0
BRDA:12,0,0,0
BRDA:12,0,1,0
BRDA:17,1,0,0
BRDA:17,1,1,0
BRDA:23,2,0,0
BRDA:23,2,1,0
BRDA:32,3,0,0
BRDA:32,3,1,0
BRDA:40,4,0,0
BRDA:62,5,0,0
BRF:10
BRH:0
end_of_record
TN:
SF:src/contexts/ToastContext.tsx
FN:16,(anonymous_10)
FN:19,(anonymous_11)
FN:21,(anonymous_12)
FN:24,(anonymous_13)
FN:25,(anonymous_14)
FN:25,(anonymous_15)
FN:32,(anonymous_16)
FN:37,(anonymous_17)
FN:45,(anonymous_18)
FNF:9
FNH:0
FNDA:0,(anonymous_10)
FNDA:0,(anonymous_11)
FNDA:0,(anonymous_12)
FNDA:0,(anonymous_13)
FNDA:0,(anonymous_14)
FNDA:0,(anonymous_15)
FNDA:0,(anonymous_16)
FNDA:0,(anonymous_17)
FNDA:0,(anonymous_18)
DA:1,0
DA:2,0
DA:14,0
DA:16,0
DA:17,0
DA:19,0
DA:20,0
DA:21,0
DA:24,0
DA:25,0
DA:28,0
DA:32,0
DA:37,0
DA:45,0
DA:46,0
DA:47,0
DA:48,0
DA:50,0
LF:18
LH:0
BRDA:47,0,0,0
BRF:1
BRH:0
end_of_record
TN:
SF:src/contexts/UserPreferencesContext.test.tsx
FN:7,(anonymous_3)
FN:8,(anonymous_4)
FN:15,(anonymous_5)
FN:26,(anonymous_6)
FN:33,(anonymous_7)
FN:48,(anonymous_8)
FN:49,(anonymous_9)
FN:61,(anonymous_10)
FN:77,(anonymous_11)
FN:100,(anonymous_12)
FN:105,(anonymous_13)
FNF:11
FNH:0
FNDA:0,(anonymous_3)
FNDA:0,(anonymous_4)
FNDA:0,(anonymous_5)
FNDA:0,(anonymous_6)
FNDA:0,(anonymous_7)
FNDA:0,(anonymous_8)
FNDA:0,(anonymous_9)
FNDA:0,(anonymous_10)
FNDA:0,(anonymous_11)
FNDA:0,(anonymous_12)
FNDA:0,(anonymous_13)
DA:1,0
DA:2,0
DA:3,0
DA:7,0
DA:9,0
DA:10,0
DA:15,0
DA:16,0
DA:18,0
DA:26,0
DA:33,0
DA:48,0
DA:49,0
DA:50,0
DA:56,0
DA:57,0
DA:58,0
DA:61,0
DA:62,0
DA:69,0
DA:70,0
DA:73,0
DA:74,0
DA:77,0
DA:78,0
DA:85,0
DA:86,0
DA:89,0
DA:90,0
DA:93,0
DA:96,0
DA:97,0
DA:100,0
DA:102,0
DA:103,0
DA:105,0
DA:106,0
DA:110,0
LF:38
LH:0
BRF:0
BRH:0
end_of_record
TN:
SF:src/contexts/UserPreferencesContext.tsx
FN:51,(anonymous_8)
FN:59,(anonymous_9)
FN:60,(anonymous_10)
FN:64,(anonymous_11)
FN:78,(anonymous_12)
FNF:5
FNH:0
FNDA:0,(anonymous_8)
FNDA:0,(anonymous_9)
FNDA:0,(anonymous_10)
FNDA:0,(anonymous_11)
FNDA:0,(anonymous_12)
DA:1,0
DA:2,0
DA:24,0
DA:43,0
DA:51,0
DA:53,0
DA:59,0
DA:60,0
DA:64,0
DA:65,0
DA:68,0
DA:78,0
DA:79,0
DA:80,0
DA:81,0
DA:83,0
LF:16
LH:0
BRDA:80,0,0,0
BRF:1
BRH:0
end_of_record
TN:
SF:src/hooks/useGoogleCalendar.ts
FN:20,(anonymous_13)
FN:23,(anonymous_14)
FN:23,(anonymous_15)
FNF:3
FNH:0
FNDA:0,(anonymous_13)
FNDA:0,(anonymous_14)
FNDA:0,(anonymous_15)
DA:1,0
DA:20,0
DA:21,0
DA:23,0
DA:24,0
DA:27,0
DA:30,0
DA:32,0
DA:33,0
DA:34,0
DA:38,0
LF:11
LH:0
BRF:0
BRH:0
end_of_record
TN:
SF:src/hooks/useLocalStorage.test.ts
FN:4,(anonymous_0)
FN:6,(anonymous_1)
FN:12,(anonymous_2)
FN:16,(anonymous_3)
FN:17,(anonymous_4)
FN:22,(anonymous_5)
FN:26,(anonymous_6)
FN:31,(anonymous_7)
FN:32,(anonymous_8)
FN:34,(anonymous_9)
FN:42,(anonymous_10)
FN:44,(anonymous_11)
FN:49,(anonymous_12)
FN:57,(anonymous_13)
FN:59,(anonymous_14)
FN:61,(anonymous_15)
FN:62,(anonymous_16)
FN:69,(anonymous_17)
FN:70,(anonymous_18)
FN:81,(anonymous_19)
FN:86,(anonymous_20)
FN:88,(anonymous_21)
FNF:22
FNH:0
FNDA:0,(anonymous_0)
FNDA:0,(anonymous_1)
FNDA:0,(anonymous_2)
FNDA:0,(anonymous_3)
FNDA:0,(anonymous_4)
FNDA:0,(anonymous_5)
FNDA:0,(anonymous_6)
FNDA:0,(anonymous_7)
FNDA:0,(anonymous_8)
FNDA:0,(anonymous_9)
FNDA:0,(anonymous_10)
FNDA:0,(anonymous_11)
FNDA:0,(anonymous_12)
FNDA:0,(anonymous_13)
FNDA:0,(anonymous_14)
FNDA:0,(anonymous_15)
FNDA:0,(anonymous_16)
FNDA:0,(anonymous_17)
FNDA:0,(anonymous_18)
FNDA:0,(anonymous_19)
FNDA:0,(anonymous_20)
FNDA:0,(anonymous_21)
DA:1,0
DA:2,0
DA:4,0
DA:6,0
DA:7,0
DA:8,0
DA:9,0
DA:12,0
DA:13,0
DA:16,0
DA:17,0
DA:19,0
DA:22,0
DA:24,0
DA:26,0
DA:28,0
DA:31,0
DA:32,0
DA:34,0
DA:35,0
DA:38,0
DA:39,0
DA:42,0
DA:43,0
DA:44,0
DA:46,0
DA:48,0
DA:49,0
DA:50,0
DA:53,0
DA:54,0
DA:57,0
DA:58,0
DA:59,0
DA:61,0
DA:62,0
DA:65,0
DA:66,0
DA:69,0
DA:70,0
DA:72,0
DA:73,0
DA:75,0
DA:77,0
DA:78,0
DA:81,0
DA:83,0
DA:86,0
DA:88,0
DA:90,0
DA:91,0
LF:51
LH:0
BRDA:39,0,0,0
BRDA:39,0,1,0
BRDA:54,1,0,0
BRDA:54,1,1,0
BRDA:66,2,0,0
BRDA:66,2,1,0
BRF:6
BRH:0
end_of_record
TN:
SF:src/hooks/useLocalStorage.ts
FN:9,useLocalStorage
FN:11,(anonymous_1)
FN:28,(anonymous_2)
FN:48,(anonymous_3)
FN:49,(anonymous_4)
FN:60,(anonymous_5)
FN:76,(anonymous_6)
FNF:7
FNH:0
FNDA:0,useLocalStorage
FNDA:0,(anonymous_1)
FNDA:0,(anonymous_2)
FNDA:0,(anonymous_3)
FNDA:0,(anonymous_4)
FNDA:0,(anonymous_5)
FNDA:0,(anonymous_6)
DA:1,0
DA:9,0
DA:11,0
DA:12,0
DA:14,0
DA:16,0
DA:19,0
DA:20,0
DA:25,0
DA:28,0
DA:29,0
DA:32,0
DA:35,0
DA:38,0
DA:41,0
DA:43,0
DA:48,0
DA:49,0
DA:50,0
DA:51,0
DA:52,0
DA:54,0
DA:60,0
DA:61,0
DA:62,0
DA:63,0
DA:64,0
DA:66,0
DA:72,0
DA:74,0
DA:76,0
DA:77,0
DA:78,0
DA:82,0
LF:34
LH:0
BRDA:16,0,0,0
BRDA:16,0,1,0
BRDA:32,1,0,0
BRDA:32,1,1,0
BRDA:50,2,0,0
BRDA:50,3,0,0
BRDA:50,3,1,0
BRDA:62,4,0,0
BRF:8
BRH:0
end_of_record
TN:
SF:src/lib/api.test.ts
FN:9,(anonymous_15)
FN:11,(anonymous_16)
FN:67,(anonymous_17)
FN:68,(anonymous_18)
FN:72,(anonymous_19)
FN:73,(anonymous_20)
FN:96,(anonymous_23)
FN:113,(anonymous_26)
FN:138,(anonymous_29)
FN:139,(anonymous_30)
FN:159,(anonymous_33)
FN:181,(anonymous_36)
FN:215,(anonymous_39)
FN:251,(anonymous_42)
FN:272,(anonymous_45)
FN:303,(anonymous_48)
FN:334,(anonymous_51)
FN:351,(anonymous_54)
FN:375,(anonymous_55)
FN:376,(anonymous_56)
FN:402,(anonymous_59)
FNF:21
FNH:0
FNDA:0,(anonymous_15)
FNDA:0,(anonymous_16)
FNDA:0,(anonymous_17)
FNDA:0,(anonymous_18)
FNDA:0,(anonymous_19)
FNDA:0,(anonymous_20)
FNDA:0,(anonymous_23)
FNDA:0,(anonymous_26)
FNDA:0,(anonymous_29)
FNDA:0,(anonymous_30)
FNDA:0,(anonymous_33)
FNDA:0,(anonymous_36)
FNDA:0,(anonymous_39)
FNDA:0,(anonymous_42)
FNDA:0,(anonymous_45)
FNDA:0,(anonymous_48)
FNDA:0,(anonymous_51)
FNDA:0,(anonymous_54)
FNDA:0,(anonymous_55)
FNDA:0,(anonymous_56)
FNDA:0,(anonymous_59)
DA:6,0
DA:9,0
DA:11,0
DA:35,0
DA:38,0
DA:44,0
DA:67,0
DA:68,0
DA:69,0
DA:72,0
DA:73,0
DA:75,0
DA:76,0
DA:81,0
DA:87,0
DA:90,0
DA:91,0
DA:92,0
DA:93,0
DA:96,0
DA:98,0
DA:99,0
DA:104,0
DA:110,0
DA:113,0
DA:114,0
DA:116,0
DA:117,0
DA:118,0
DA:123,0
DA:129,0
DA:131,0
DA:132,0
DA:133,0
DA:134,0
DA:138,0
DA:139,0
DA:140,0
DA:141,0
DA:146,0
DA:151,0
DA:153,0
DA:154,0
DA:155,0
DA:156,0
DA:159,0
DA:160,0
DA:161,0
DA:162,0
DA:167,0
DA:173,0
DA:175,0
DA:176,0
DA:177,0
DA:178,0
DA:181,0
DA:182,0
DA:192,0
DA:194,0
DA:195,0
DA:196,0
DA:201,0
DA:207,0
DA:209,0
DA:210,0
DA:211,0
DA:212,0
DA:215,0
DA:216,0
DA:217,0
DA:222,0
DA:228,0
DA:229,0
DA:230,0
DA:231,0
DA:236,0
DA:243,0
DA:245,0
DA:246,0
DA:247,0
DA:248,0
DA:251,0
DA:252,0
DA:254,0
DA:255,0
DA:260,0
DA:265,0
DA:267,0
DA:268,0
DA:269,0
DA:272,0
DA:273,0
DA:274,0
DA:275,0
DA:276,0
DA:279,0
DA:280,0
DA:281,0
DA:282,0
DA:287,0
DA:294,0
DA:296,0
DA:297,0
DA:298,0
DA:299,0
DA:300,0
DA:303,0
DA:304,0
DA:305,0
DA:306,0
DA:307,0
DA:308,0
DA:310,0
DA:311,0
DA:312,0
DA:313,0
DA:314,0
DA:319,0
DA:327,0
DA:329,0
DA:330,0
DA:331,0
DA:334,0
DA:336,0
DA:337,0
DA:343,0
DA:344,0
DA:345,0
DA:346,0
DA:351,0
DA:352,0
DA:353,0
DA:358,0
DA:367,0
DA:369,0
DA:370,0
DA:371,0
DA:375,0
DA:376,0
DA:377,0
DA:378,0
DA:379,0
DA:380,0
DA:382,0
DA:383,0
DA:384,0
DA:385,0
DA:390,0
DA:397,0
DA:399,0
DA:402,0
DA:403,0
DA:404,0
DA:405,0
DA:406,0
DA:408,0
DA:409,0
DA:410,0
DA:411,0
DA:416,0
DA:423,0
LF:161
LH:0
BRDA:352,0,0,0
BRDA:352,0,1,0
BRF:2
BRH:0
end_of_record
TN:
SF:src/lib/api.ts
FN:6,(anonymous_13)
FN:24,(anonymous_16)
FN:53,(anonymous_19)
FN:71,(anonymous_22)
FN:99,(anonymous_25)
FN:122,(anonymous_28)
FN:152,(anonymous_31)
FN:186,(anonymous_34)
FN:210,(anonymous_37)
FN:223,(anonymous_40)
FN:259,(anonymous_44)
FN:290,(anonymous_45)
FN:296,(anonymous_46)
FNF:13
FNH:8
FNDA:2,(anonymous_13)
FNDA:4,(anonymous_16)
FNDA:0,(anonymous_19)
FNDA:0,(anonymous_22)
FNDA:0,(anonymous_25)
FNDA:3,(anonymous_28)
FNDA:0,(anonymous_31)
FNDA:0,(anonymous_34)
FNDA:4,(anonymous_37)
FNDA:2,(anonymous_40)
FNDA:4,(anonymous_44)
FNDA:1,(anonymous_45)
FNDA:1,(anonymous_46)
DA:1,1
DA:5,1
DA:8,2
DA:13,2
DA:14,1
DA:17,1
DA:19,1
DA:20,1
DA:25,4
DA:26,2
DA:30,2
DA:36,2
DA:37,0
DA:38,0
DA:40,0
DA:43,2
DA:45,0
DA:46,0
DA:52,1
DA:55,0
DA:60,0
DA:61,0
DA:64,0
DA:66,0
DA:67,0
DA:72,0
DA:73,0
DA:76,0
DA:77,0
DA:81,0
DA:88,0
DA:89,0
DA:92,0
DA:94,0
DA:95,0
DA:100,0
DA:101,0
DA:105,0
DA:111,0
DA:112,0
DA:115,0
DA:117,0
DA:118,0
DA:123,3
DA:124,1
DA:127,2
DA:128,1
DA:132,1
DA:138,1
DA:139,0
DA:140,0
DA:142,0
DA:145,1
DA:147,0
DA:148,0
DA:153,0
DA:154,0
DA:157,0
DA:158,0
DA:162,0
DA:169,0
DA:170,0
DA:171,0
DA:173,0
DA:174,0
DA:176,0
DA:179,0
DA:181,0
DA:182,0
DA:187,0
DA:188,0
DA:192,0
DA:197,0
DA:198,0
DA:199,0
DA:201,0
DA:204,0
DA:205,0
DA:211,4
DA:212,2
DA:215,2
DA:216,1
DA:219,1
DA:224,2
DA:225,0
DA:228,2
DA:229,0
DA:234,2
DA:239,2
DA:240,0
DA:243,2
DA:244,0
DA:248,2
DA:253,2
DA:254,0
DA:258,6
DA:259,3
DA:261,4
DA:262,1
DA:265,3
DA:266,3
DA:267,3
DA:268,3
DA:273,3
DA:276,3
DA:277,1
DA:281,1
DA:283,0
DA:284,0
DA:290,1
DA:295,1
DA:299,1
DA:308,0
DA:309,0
DA:312,0
DA:314,0
DA:315,0
DA:318,0
DA:320,1
DA:321,1
LF:120
LH:50
BRDA:13,0,0,1
BRDA:17,1,0,1
BRDA:17,1,1,0
BRDA:25,2,0,2
BRDA:25,3,0,4
BRDA:25,3,1,3
BRDA:36,4,0,0
BRDA:37,5,0,0
BRDA:43,6,0,2
BRDA:43,6,1,1
BRDA:60,7,0,0
BRDA:64,8,0,0
BRDA:64,8,1,0
BRDA:72,9,0,0
BRDA:72,10,0,0
BRDA:72,10,1,0
BRDA:76,11,0,0
BRDA:88,12,0,0
BRDA:92,13,0,0
BRDA:92,13,1,0
BRDA:100,14,0,0
BRDA:111,15,0,0
BRDA:115,16,0,0
BRDA:115,16,1,0
BRDA:123,17,0,1
BRDA:123,18,0,3
BRDA:123,18,1,3
BRDA:123,18,2,3
BRDA:123,18,3,2
BRDA:123,18,4,2
BRDA:127,19,0,1
BRDA:138,20,0,0
BRDA:139,21,0,0
BRDA:153,22,0,0
BRDA:153,23,0,0
BRDA:153,23,1,0
BRDA:157,24,0,0
BRDA:157,25,0,0
BRDA:157,25,1,0
BRDA:157,25,2,0
BRDA:169,26,0,0
BRDA:170,27,0,0
BRDA:173,28,0,0
BRDA:187,29,0,0
BRDA:187,30,0,0
BRDA:187,30,1,0
BRDA:197,31,0,0
BRDA:198,32,0,0
BRDA:211,33,0,2
BRDA:211,34,0,4
BRDA:211,34,1,3
BRDA:211,34,2,2
BRDA:211,34,3,2
BRDA:215,35,0,1
BRDA:224,36,0,0
BRDA:224,37,0,2
BRDA:224,37,1,2
BRDA:224,37,2,2
BRDA:228,38,0,0
BRDA:239,39,0,0
BRDA:243,40,0,0
BRDA:243,41,0,2
BRDA:243,41,1,2
BRDA:253,42,0,0
BRDA:259,43,0,0
BRDA:259,43,1,3
BRDA:259,44,0,3
BRDA:259,44,1,3
BRDA:261,45,0,1
BRDA:273,46,0,3
BRDA:273,46,1,3
BRDA:276,47,0,1
BRDA:308,48,0,0
BRDA:314,49,0,0
BRDA:318,50,0,0
BRDA:318,50,1,0
BRF:76
BRH:32
end_of_record
TN:
SF:src/lib/googleCalendar.ts
FN:22,(anonymous_13)
FN:31,(anonymous_14)
FN:31,(anonymous_15)
FN:43,(anonymous_17)
FN:43,(anonymous_18)
FN:61,(anonymous_20)
FN:66,(anonymous_21)
FN:81,(anonymous_23)
FN:81,(anonymous_24)
FNF:9
FNH:0
FNDA:0,(anonymous_13)
FNDA:0,(anonymous_14)
FNDA:0,(anonymous_15)
FNDA:0,(anonymous_17)
FNDA:0,(anonymous_18)
FNDA:0,(anonymous_20)
FNDA:0,(anonymous_21)
FNDA:0,(anonymous_23)
FNDA:0,(anonymous_24)
DA:1,0
DA:2,0
DA:5,0
DA:6,0
DA:7,0
DA:8,0
DA:11,0
DA:18,0
DA:20,0
DA:23,0
DA:31,0
DA:33,0
DA:34,0
DA:35,0
DA:37,0
DA:38,0
DA:43,0
DA:45,0
DA:53,0
DA:55,0
DA:56,0
DA:66,0
DA:68,0
DA:73,0
DA:75,0
DA:76,0
DA:81,0
DA:83,0
DA:87,0
DA:89,0
DA:90,0
LF:31
LH:0
BRDA:6,0,0,0
BRDA:6,0,1,0
BRDA:7,1,0,0
BRDA:7,1,1,0
BRDA:8,2,0,0
BRDA:8,2,1,0
BRDA:53,3,0,0
BRDA:53,3,1,0
BRF:8
BRH:0
end_of_record
TN:
SF:src/lib/googleCalendarApi.ts
FN:8,(anonymous_15)
FN:14,(anonymous_16)
FN:14,(anonymous_17)
FN:24,(anonymous_19)
FN:24,(anonymous_20)
FN:30,(anonymous_22)
FN:35,(anonymous_23)
FN:45,(anonymous_25)
FN:45,(anonymous_26)
FN:51,(anonymous_28)
FNF:10
FNH:0
FNDA:0,(anonymous_15)
FNDA:0,(anonymous_16)
FNDA:0,(anonymous_17)
FNDA:0,(anonymous_19)
FNDA:0,(anonymous_20)
FNDA:0,(anonymous_22)
FNDA:0,(anonymous_23)
FNDA:0,(anonymous_25)
FNDA:0,(anonymous_26)
FNDA:0,(anonymous_28)
DA:1,0
DA:6,0
DA:9,0
DA:10,0
DA:14,0
DA:15,0
DA:16,0
DA:24,0
DA:25,0
DA:26,0
DA:35,0
DA:36,0
DA:37,0
DA:45,0
DA:46,0
DA:47,0
DA:51,0
DA:53,0
DA:60,0
DA:61,0
DA:63,0
DA:70,0
DA:72,0
DA:73,0
LF:24
LH:0
BRDA:60,0,0,0
BRF:1
BRH:0
end_of_record
TN:
SF:src/lib/initializeDatabase.ts
FN:12,(anonymous_13)
FN:49,(anonymous_16)
FN:91,(anonymous_17)
FN:100,(anonymous_20)
FNF:4
FNH:0
FNDA:0,(anonymous_13)
FNDA:0,(anonymous_16)
FNDA:0,(anonymous_17)
FNDA:0,(anonymous_20)
DA:1,0
DA:4,0
DA:12,0
DA:13,0
DA:16,0
DA:21,0
DA:22,0
DA:23,0
DA:27,0
DA:32,0
DA:33,0
DA:34,0
DA:38,0
DA:42,0
DA:43,0
DA:44,0
DA:48,0
DA:49,0
DA:53,0
DA:54,0
DA:55,0
DA:56,0
DA:60,0
DA:61,0
DA:63,0
DA:67,0
DA:69,0
DA:72,0
DA:73,0
DA:78,0
DA:79,0
DA:81,0
DA:87,0
DA:91,0
DA:93,0
DA:96,0
DA:100,0
DA:102,0
DA:124,0
DA:152,0
DA:153,0
LF:41
LH:0
BRDA:27,0,0,0
BRDA:27,0,1,0
BRDA:21,1,0,0
BRDA:21,2,0,0
BRDA:21,2,1,0
BRDA:32,3,0,0
BRDA:32,4,0,0
BRDA:32,4,1,0
BRDA:42,5,0,0
BRDA:49,6,0,0
BRDA:49,6,1,0
BRDA:49,7,0,0
BRDA:49,7,1,0
BRDA:49,8,0,0
BRDA:49,8,1,0
BRDA:53,9,0,0
BRDA:54,10,0,0
BRDA:60,11,0,0
BRDA:60,11,1,0
BRDA:69,12,0,0
BRDA:69,13,0,0
BRDA:69,13,1,0
BRDA:78,14,0,0
BRDA:78,14,1,0
BRF:24
BRH:0
end_of_record
TN:
SF:src/lib/supabase.ts
FN:26,(anonymous_13)
FN:38,(anonymous_14)
FN:38,(anonymous_15)
FN:39,(anonymous_17)
FN:57,(anonymous_18)
FNF:5
FNH:0
FNDA:0,(anonymous_13)
FNDA:0,(anonymous_14)
FNDA:0,(anonymous_15)
FNDA:0,(anonymous_17)
FNDA:0,(anonymous_18)
DA:1,0
DA:4,0
DA:5,0
DA:8,0
DA:9,0
DA:12,0
DA:26,0
DA:27,0
DA:28,0
DA:29,0
DA:31,0
DA:38,0
DA:39,0
DA:41,0
DA:42,0
DA:50,0
DA:56,0
DA:58,0
DA:64,0
LF:19
LH:0
BRDA:4,0,0,0
BRDA:4,0,1,0
BRDA:5,1,0,0
BRDA:5,1,1,0
BRDA:28,2,0,0
BRDA:28,2,1,0
BRDA:28,3,0,0
BRDA:28,3,1,0
BRDA:28,4,0,0
BRDA:28,4,1,0
BRDA:29,5,0,0
BRDA:29,5,1,0
BRDA:29,6,0,0
BRDA:29,6,1,0
BRDA:34,7,0,0
BRDA:34,7,1,0
BRDA:35,8,0,0
BRDA:35,8,1,0
BRDA:35,9,0,0
BRDA:35,9,1,0
BRDA:39,10,0,0
BRDA:41,11,0,0
BRDA:41,11,1,0
BRF:23
BRH:0
end_of_record
TN:
SF:src/mocks/googleapis.ts
FN:2,(anonymous_0)
FN:3,OAuth2Client
FN:5,(anonymous_2)
FN:6,(anonymous_3)
FN:7,(anonymous_4)
FN:8,(anonymous_5)
FN:15,(anonymous_6)
FN:16,GoogleAuth
FN:18,(anonymous_8)
FN:19,(anonymous_9)
FN:25,(anonymous_10)
FN:27,(anonymous_11)
FN:28,(anonymous_12)
FN:29,(anonymous_13)
FN:30,(anonymous_14)
FNF:15
FNH:0
FNDA:0,(anonymous_0)
FNDA:0,OAuth2Client
FNDA:0,(anonymous_2)
FNDA:0,(anonymous_3)
FNDA:0,(anonymous_4)
FNDA:0,(anonymous_5)
FNDA:0,(anonymous_6)
FNDA:0,GoogleAuth
FNDA:0,(anonymous_8)
FNDA:0,(anonymous_9)
FNDA:0,(anonymous_10)
FNDA:0,(anonymous_11)
FNDA:0,(anonymous_12)
FNDA:0,(anonymous_13)
FNDA:0,(anonymous_14)
DA:2,0
DA:4,0
DA:6,0
DA:7,0
DA:8,0
DA:11,0
DA:13,0
DA:17,0
DA:18,0
DA:19,0
DA:22,0
DA:25,0
DA:27,0
DA:28,0
DA:29,0
DA:30,0
DA:35,0
LF:17
LH:0
BRF:0
BRH:0
end_of_record
TN:
SF:src/pages/DisplayRoom.tsx
FN:4,(anonymous_1)
FNF:1
FNH:0
FNDA:0,(anonymous_1)
DA:1,0
DA:2,0
DA:4,0
DA:5,0
DA:8,0
LF:5
LH:0
BRF:0
BRH:0
end_of_record
TN:
SF:src/scripts/setupDatabase.ts
FN:3,setupDatabase
FNF:1
FNH:0
FNDA:0,setupDatabase
DA:1,0
DA:4,0
DA:8,0
DA:19,0
DA:22,0
DA:39,0
DA:42,0
DA:46,0
DA:48,0
DA:55,0
DA:56,0
DA:60,0
DA:61,0
DA:64,0
DA:67,0
DA:69,0
DA:74,0
LF:17
LH:0
BRDA:46,0,0,0
BRDA:46,1,0,0
BRDA:46,1,1,0
BRDA:55,2,0,0
BRDA:60,3,0,0
BRF:5
BRH:0
end_of_record
TN:
SF:src/scripts/testDataIntegrity.ts
FN:7,testDataIntegrity
FN:33,(anonymous_16)
FN:36,(anonymous_17)
FN:182,(anonymous_18)
FNF:4
FNH:0
FNDA:0,testDataIntegrity
FNDA:0,(anonymous_16)
FNDA:0,(anonymous_17)
FNDA:0,(anonymous_18)
DA:1,0
DA:7,0
DA:8,0
DA:12,0
DA:14,0
DA:18,0
DA:19,0
DA:20,0
DA:23,0
DA:27,0
DA:28,0
DA:29,0
DA:33,0
DA:36,0
DA:38,0
DA:39,0
DA:40,0
DA:41,0
DA:44,0
DA:47,0
DA:49,0
DA:55,0
DA:56,0
DA:57,0
DA:61,0
DA:62,0
DA:64,0
DA:65,0
DA:66,0
DA:67,0
DA:69,0
DA:73,0
DA:74,0
DA:75,0
DA:76,0
DA:79,0
DA:82,0
DA:84,0
DA:87,0
DA:89,0
DA:90,0
DA:91,0
DA:92,0
DA:94,0
DA:98,0
DA:99,0
DA:100,0
DA:101,0
DA:102,0
DA:105,0
DA:106,0
DA:112,0
DA:113,0
DA:114,0
DA:115,0
DA:118,0
DA:121,0
DA:123,0
DA:125,0
DA:127,0
DA:128,0
DA:136,0
DA:137,0
DA:145,0
DA:146,0
DA:154,0
DA:155,0
DA:163,0
DA:164,0
DA:165,0
DA:166,0
DA:169,0
DA:171,0
DA:172,0
DA:175,0
DA:176,0
DA:181,0
DA:182,0
DA:183,0
DA:184,0
LF:80
LH:0
BRDA:18,0,0,0
BRDA:27,1,0,0
BRDA:38,2,0,0
BRDA:55,3,0,0
BRDA:66,4,0,0
BRDA:66,4,1,0
BRDA:73,5,0,0
BRDA:91,6,0,0
BRDA:105,7,0,0
BRDA:105,8,0,0
BRDA:105,8,1,0
BRDA:112,9,0,0
BRDA:127,10,0,0
BRDA:136,11,0,0
BRDA:136,12,0,0
BRDA:136,12,1,0
BRDA:145,13,0,0
BRDA:154,14,0,0
BRDA:154,15,0,0
BRDA:154,15,1,0
BRDA:163,16,0,0
BRDA:181,17,0,0
BRDA:183,18,0,0
BRDA:183,18,1,0
BRDA:184,19,0,0
BRDA:184,19,1,0
BRF:26
BRH:0
end_of_record
TN:
SF:src/scripts/testDatabaseConnection.ts
FN:6,testDatabaseConnection
FN:79,(anonymous_16)
FNF:2
FNH:0
FNDA:0,testDatabaseConnection
FNDA:0,(anonymous_16)
DA:1,0
DA:6,0
DA:7,0
DA:11,0
DA:13,0
DA:15,0
DA:16,0
DA:17,0
DA:20,0
DA:23,0
DA:26,0
DA:31,0
DA:32,0
DA:33,0
DA:36,0
DA:39,0
DA:44,0
DA:45,0
DA:46,0
DA:49,0
DA:52,0
DA:54,0
DA:60,0
DA:61,0
DA:62,0
DA:65,0
DA:66,0
DA:68,0
DA:69,0
DA:72,0
DA:73,0
DA:78,0
DA:79,0
DA:80,0
DA:81,0
LF:35
LH:0
BRDA:15,0,0,0
BRDA:31,1,0,0
BRDA:44,2,0,0
BRDA:60,3,0,0
BRDA:78,4,0,0
BRDA:80,5,0,0
BRDA:80,5,1,0
BRDA:81,6,0,0
BRDA:81,6,1,0
BRF:9
BRH:0
end_of_record
TN:
SF:src/utils/dateUtils.test.ts
FN:3,(anonymous_0)
FN:4,(anonymous_1)
FN:5,(anonymous_2)
FN:10,(anonymous_3)
FN:16,(anonymous_4)
FN:17,(anonymous_5)
FN:22,(anonymous_6)
FN:28,(anonymous_7)
FN:29,(anonymous_8)
FN:34,(anonymous_9)
FN:39,(anonymous_10)
FN:45,(anonymous_11)
FN:46,(anonymous_12)
FN:52,(anonymous_13)
FN:56,(anonymous_14)
FN:62,(anonymous_15)
FN:68,(anonymous_16)
FN:73,(anonymous_17)
FNF:18
FNH:0
FNDA:0,(anonymous_0)
FNDA:0,(anonymous_1)
FNDA:0,(anonymous_2)
FNDA:0,(anonymous_3)
FNDA:0,(anonymous_4)
FNDA:0,(anonymous_5)
FNDA:0,(anonymous_6)
FNDA:0,(anonymous_7)
FNDA:0,(anonymous_8)
FNDA:0,(anonymous_9)
FNDA:0,(anonymous_10)
FNDA:0,(anonymous_11)
FNDA:0,(anonymous_12)
FNDA:0,(anonymous_13)
FNDA:0,(anonymous_14)
FNDA:0,(anonymous_15)
FNDA:0,(anonymous_16)
FNDA:0,(anonymous_17)
DA:1,0
DA:3,0
DA:4,0
DA:5,0
DA:6,0
DA:7,0
DA:10,0
DA:11,0
DA:12,0
DA:16,0
DA:17,0
DA:18,0
DA:19,0
DA:22,0
DA:23,0
DA:24,0
DA:28,0
DA:29,0
DA:30,0
DA:31,0
DA:34,0
DA:35,0
DA:36,0
DA:39,0
DA:40,0
DA:41,0
DA:45,0
DA:46,0
DA:48,0
DA:49,0
DA:52,0
DA:53,0
DA:56,0
DA:57,0
DA:58,0
DA:59,0
DA:62,0
DA:63,0
DA:64,0
DA:65,0
DA:68,0
DA:69,0
DA:70,0
DA:73,0
DA:74,0
DA:75,0
LF:46
LH:0
BRF:0
BRH:0
end_of_record
TN:
SF:src/utils/dateUtils.ts
FN:6,(anonymous_0)
FN:18,(anonymous_1)
FN:28,(anonymous_2)
FN:54,(anonymous_3)
FNF:4
FNH:0
FNDA:0,(anonymous_0)
FNDA:0,(anonymous_1)
FNDA:0,(anonymous_2)
FNDA:0,(anonymous_3)
DA:6,0
DA:7,0
DA:10,0
DA:18,0
DA:19,0
DA:28,0
DA:29,0
DA:30,0
DA:31,0
DA:34,0
DA:35,0
DA:36,0
DA:40,0
DA:41,0
DA:42,0
DA:45,0
DA:54,0
DA:55,0
DA:56,0
DA:57,0
DA:65,0
LF:21
LH:0
BRDA:7,0,0,0
BRDA:7,1,0,0
BRDA:7,1,1,0
BRDA:34,2,0,0
BRDA:40,3,0,0
BRDA:40,4,0,0
BRDA:40,4,1,0
BRDA:40,4,2,0
BRF:8
BRH:0
end_of_record
